<?xml version="1.0" encoding="UTF-8"?>
<testsuite xmlns:xsi="http://www.w3.org/2001/XMLSchema-instance" xsi:noNamespaceSchemaLocation="https://maven.apache.org/surefire/maven-surefire-plugin/xsd/surefire-test-report.xsd" name="TestSuite" time="225.641" tests="12" errors="0" skipped="0" failures="6">
  <properties>
    <property name="sun.desktop" value="windows"/>
    <property name="awt.toolkit" value="sun.awt.windows.WToolkit"/>
    <property name="java.specification.version" value="11"/>
    <property name="testSuite" value="testng"/>
    <property name="sun.cpu.isalist" value="amd64"/>
    <property name="sun.jnu.encoding" value="Cp1252"/>
    <property name="java.class.path" value="C:\Users\aakashgaur\eclipse-workspace\Exit_Assginment\target\test-classes;C:\Users\aakashgaur\eclipse-workspace\Exit_Assginment\target\classes;C:\Users\aakashgaur\.m2\repository\junit\junit\4.11\junit-4.11.jar;C:\Users\aakashgaur\.m2\repository\org\hamcrest\hamcrest-core\1.3\hamcrest-core-1.3.jar;C:\Users\aakashgaur\.m2\repository\org\testng\testng\7.4.0\testng-7.4.0.jar;C:\Users\aakashgaur\.m2\repository\com\beust\jcommander\1.78\jcommander-1.78.jar;C:\Users\aakashgaur\.m2\repository\org\webjars\jquery\3.5.1\jquery-3.5.1.jar;C:\Users\aakashgaur\.m2\repository\io\cucumber\cucumber-testng\7.9.0\cucumber-testng-7.9.0.jar;C:\Users\aakashgaur\.m2\repository\org\apiguardian\apiguardian-api\1.1.2\apiguardian-api-1.1.2.jar;C:\Users\aakashgaur\.m2\repository\io\cucumber\cucumber-core\7.9.0\cucumber-core-7.9.0.jar;C:\Users\aakashgaur\.m2\repository\io\cucumber\cucumber-gherkin\7.9.0\cucumber-gherkin-7.9.0.jar;C:\Users\aakashgaur\.m2\repository\io\cucumber\cucumber-gherkin-messages\7.9.0\cucumber-gherkin-messages-7.9.0.jar;C:\Users\aakashgaur\.m2\repository\io\cucumber\gherkin\24.1.0\gherkin-24.1.0.jar;C:\Users\aakashgaur\.m2\repository\io\cucumber\messages\19.1.4\messages-19.1.4.jar;C:\Users\aakashgaur\.m2\repository\io\cucumber\tag-expressions\4.1.0\tag-expressions-4.1.0.jar;C:\Users\aakashgaur\.m2\repository\io\cucumber\cucumber-expressions\16.0.0\cucumber-expressions-16.0.0.jar;C:\Users\aakashgaur\.m2\repository\io\cucumber\datatable\7.9.0\datatable-7.9.0.jar;C:\Users\aakashgaur\.m2\repository\io\cucumber\cucumber-plugin\7.9.0\cucumber-plugin-7.9.0.jar;C:\Users\aakashgaur\.m2\repository\io\cucumber\docstring\7.9.0\docstring-7.9.0.jar;C:\Users\aakashgaur\.m2\repository\io\cucumber\html-formatter\20.1.0\html-formatter-20.1.0.jar;C:\Users\aakashgaur\.m2\repository\io\cucumber\ci-environment\9.1.0\ci-environment-9.1.0.jar;C:\Users\aakashgaur\.m2\repository\io\cucumber\cucumber-java\7.11.1\cucumber-java-7.11.1.jar;C:\Users\aakashgaur\.m2\repository\io\cucumber\cucumber-jvm-deps\1.0.6\cucumber-jvm-deps-1.0.6.jar;C:\Users\aakashgaur\.m2\repository\net\masterthought\cucumber-reporting\5.7.4\cucumber-reporting-5.7.4.jar;C:\Users\aakashgaur\.m2\repository\com\fasterxml\jackson\core\jackson-databind\2.13.2.2\jackson-databind-2.13.2.2.jar;C:\Users\aakashgaur\.m2\repository\com\fasterxml\jackson\core\jackson-annotations\2.13.2\jackson-annotations-2.13.2.jar;C:\Users\aakashgaur\.m2\repository\com\fasterxml\jackson\core\jackson-core\2.13.2\jackson-core-2.13.2.jar;C:\Users\aakashgaur\.m2\repository\com\fasterxml\jackson\datatype\jackson-datatype-jsr310\2.13.2\jackson-datatype-jsr310-2.13.2.jar;C:\Users\aakashgaur\.m2\repository\org\apache\velocity\velocity-engine-core\2.3\velocity-engine-core-2.3.jar;C:\Users\aakashgaur\.m2\repository\org\slf4j\slf4j-api\1.7.30\slf4j-api-1.7.30.jar;C:\Users\aakashgaur\.m2\repository\org\apache\commons\commons-collections4\4.4\commons-collections4-4.4.jar;C:\Users\aakashgaur\.m2\repository\joda-time\joda-time\2.10.14\joda-time-2.10.14.jar;C:\Users\aakashgaur\.m2\repository\org\apache\commons\commons-lang3\3.12.0\commons-lang3-3.12.0.jar;C:\Users\aakashgaur\.m2\repository\commons-io\commons-io\2.7\commons-io-2.7.jar;C:\Users\aakashgaur\.m2\repository\org\codehaus\plexus\plexus-utils\3.4.2\plexus-utils-3.4.2.jar;C:\Users\aakashgaur\.m2\repository\org\jsoup\jsoup\1.15.3\jsoup-1.15.3.jar;C:\Users\aakashgaur\.m2\repository\com\google\guava\guava\31.1-jre\guava-31.1-jre.jar;C:\Users\aakashgaur\.m2\repository\com\google\guava\failureaccess\1.0.1\failureaccess-1.0.1.jar;C:\Users\aakashgaur\.m2\repository\com\google\guava\listenablefuture\9999.0-empty-to-avoid-conflict-with-guava\listenablefuture-9999.0-empty-to-avoid-conflict-with-guava.jar;C:\Users\aakashgaur\.m2\repository\com\google\code\findbugs\jsr305\3.0.2\jsr305-3.0.2.jar;C:\Users\aakashgaur\.m2\repository\org\checkerframework\checker-qual\3.12.0\checker-qual-3.12.0.jar;C:\Users\aakashgaur\.m2\repository\com\google\errorprone\error_prone_annotations\2.11.0\error_prone_annotations-2.11.0.jar;C:\Users\aakashgaur\.m2\repository\com\google\j2objc\j2objc-annotations\1.3\j2objc-annotations-1.3.jar;C:\Users\aakashgaur\.m2\repository\com\googlecode\owasp-java-html-sanitizer\owasp-java-html-sanitizer\20211018.2\owasp-java-html-sanitizer-20211018.2.jar;C:\Users\aakashgaur\.m2\repository\commons-configuration\commons-configuration\1.10\commons-configuration-1.10.jar;C:\Users\aakashgaur\.m2\repository\commons-lang\commons-lang\2.6\commons-lang-2.6.jar;C:\Users\aakashgaur\.m2\repository\commons-logging\commons-logging\1.1.1\commons-logging-1.1.1.jar;C:\Users\aakashgaur\.m2\repository\org\apache\logging\log4j\log4j-core\2.19.0\log4j-core-2.19.0.jar;C:\Users\aakashgaur\.m2\repository\org\apache\logging\log4j\log4j-api\2.19.0\log4j-api-2.19.0.jar;C:\Users\aakashgaur\.m2\repository\io\cucumber\cucumber-html\0.2.7\cucumber-html-0.2.7.jar;C:\Users\aakashgaur\.m2\repository\io\appium\java-client\6.1.0\java-client-6.1.0.jar;C:\Users\aakashgaur\.m2\repository\org\seleniumhq\selenium\selenium-java\3.12.0\selenium-java-3.12.0.jar;C:\Users\aakashgaur\.m2\repository\org\seleniumhq\selenium\selenium-chrome-driver\3.12.0\selenium-chrome-driver-3.12.0.jar;C:\Users\aakashgaur\.m2\repository\org\seleniumhq\selenium\selenium-edge-driver\3.12.0\selenium-edge-driver-3.12.0.jar;C:\Users\aakashgaur\.m2\repository\org\seleniumhq\selenium\selenium-firefox-driver\3.12.0\selenium-firefox-driver-3.12.0.jar;C:\Users\aakashgaur\.m2\repository\org\seleniumhq\selenium\selenium-ie-driver\3.12.0\selenium-ie-driver-3.12.0.jar;C:\Users\aakashgaur\.m2\repository\org\seleniumhq\selenium\selenium-opera-driver\3.12.0\selenium-opera-driver-3.12.0.jar;C:\Users\aakashgaur\.m2\repository\org\seleniumhq\selenium\selenium-remote-driver\3.12.0\selenium-remote-driver-3.12.0.jar;C:\Users\aakashgaur\.m2\repository\org\seleniumhq\selenium\selenium-safari-driver\3.12.0\selenium-safari-driver-3.12.0.jar;C:\Users\aakashgaur\.m2\repository\net\bytebuddy\byte-buddy\1.8.3\byte-buddy-1.8.3.jar;C:\Users\aakashgaur\.m2\repository\org\apache\commons\commons-exec\1.3\commons-exec-1.3.jar;C:\Users\aakashgaur\.m2\repository\commons-codec\commons-codec\1.10\commons-codec-1.10.jar;C:\Users\aakashgaur\.m2\repository\org\apache\httpcomponents\httpcore\4.4.6\httpcore-4.4.6.jar;C:\Users\aakashgaur\.m2\repository\com\squareup\okhttp3\okhttp\3.9.1\okhttp-3.9.1.jar;C:\Users\aakashgaur\.m2\repository\com\squareup\okio\okio\1.13.0\okio-1.13.0.jar;C:\Users\aakashgaur\.m2\repository\org\seleniumhq\selenium\selenium-support\3.12.0\selenium-support-3.12.0.jar;C:\Users\aakashgaur\.m2\repository\org\seleniumhq\selenium\selenium-api\3.12.0\selenium-api-3.12.0.jar;C:\Users\aakashgaur\.m2\repository\com\google\code\gson\gson\2.8.4\gson-2.8.4.jar;C:\Users\aakashgaur\.m2\repository\org\apache\httpcomponents\httpclient\4.5.5\httpclient-4.5.5.jar;C:\Users\aakashgaur\.m2\repository\cglib\cglib\3.2.6\cglib-3.2.6.jar;C:\Users\aakashgaur\.m2\repository\org\ow2\asm\asm\6.0\asm-6.0.jar;C:\Users\aakashgaur\.m2\repository\org\apache\ant\ant\1.9.6\ant-1.9.6.jar;C:\Users\aakashgaur\.m2\repository\org\apache\ant\ant-launcher\1.9.6\ant-launcher-1.9.6.jar;C:\Users\aakashgaur\.m2\repository\commons-validator\commons-validator\1.6\commons-validator-1.6.jar;C:\Users\aakashgaur\.m2\repository\commons-beanutils\commons-beanutils\1.9.2\commons-beanutils-1.9.2.jar;C:\Users\aakashgaur\.m2\repository\commons-digester\commons-digester\1.8.1\commons-digester-1.8.1.jar;C:\Users\aakashgaur\.m2\repository\commons-collections\commons-collections\3.2.2\commons-collections-3.2.2.jar;C:\Users\aakashgaur\.m2\repository\org\springframework\spring-context\5.0.5.RELEASE\spring-context-5.0.5.RELEASE.jar;C:\Users\aakashgaur\.m2\repository\org\springframework\spring-aop\5.0.5.RELEASE\spring-aop-5.0.5.RELEASE.jar;C:\Users\aakashgaur\.m2\repository\org\springframework\spring-beans\5.0.5.RELEASE\spring-beans-5.0.5.RELEASE.jar;C:\Users\aakashgaur\.m2\repository\org\springframework\spring-core\5.0.5.RELEASE\spring-core-5.0.5.RELEASE.jar;C:\Users\aakashgaur\.m2\repository\org\springframework\spring-jcl\5.0.5.RELEASE\spring-jcl-5.0.5.RELEASE.jar;C:\Users\aakashgaur\.m2\repository\org\springframework\spring-expression\5.0.5.RELEASE\spring-expression-5.0.5.RELEASE.jar;C:\Users\aakashgaur\.m2\repository\org\aspectj\aspectjweaver\1.9.1\aspectjweaver-1.9.1.jar;C:\Users\aakashgaur\.m2\repository\org\openpnp\opencv\3.2.0-1\opencv-3.2.0-1.jar;C:\Users\aakashgaur\.m2\repository\tech\grasshopper\extentreports-cucumber7-adapter\1.7.0\extentreports-cucumber7-adapter-1.7.0.jar;C:\Users\aakashgaur\.m2\repository\com\aventstack\extentreports\5.0.9\extentreports-5.0.9.jar;C:\Users\aakashgaur\.m2\repository\io\reactivex\rxjava3\rxjava\3.0.4\rxjava-3.0.4.jar;C:\Users\aakashgaur\.m2\repository\org\reactivestreams\reactive-streams\1.0.3\reactive-streams-1.0.3.jar;C:\Users\aakashgaur\.m2\repository\org\freemarker\freemarker\2.3.30\freemarker-2.3.30.jar;C:\Users\aakashgaur\.m2\repository\org\projectlombok\lombok\1.18.12\lombok-1.18.12.jar;C:\Users\aakashgaur\.m2\repository\tech\grasshopper\extent-pdf-report\2.7.0\extent-pdf-report-2.7.0.jar;C:\Users\aakashgaur\.m2\repository\tech\grasshopper\cucumber-pdf-report\2.10.0\cucumber-pdf-report-2.10.0.jar;C:\Users\aakashgaur\.m2\repository\org\apache\pdfbox\pdfbox\2.0.26\pdfbox-2.0.26.jar;C:\Users\aakashgaur\.m2\repository\org\apache\pdfbox\fontbox\2.0.26\fontbox-2.0.26.jar;C:\Users\aakashgaur\.m2\repository\org\knowm\xchart\xchart\3.8.0\xchart-3.8.0.jar;C:\Users\aakashgaur\.m2\repository\de\erichseifert\vectorgraphics2d\VectorGraphics2D\0.13\VectorGraphics2D-0.13.jar;C:\Users\aakashgaur\.m2\repository\de\rototor\pdfbox\graphics2d\0.30\graphics2d-0.30.jar;C:\Users\aakashgaur\.m2\repository\com\madgag\animated-gif-lib\1.4\animated-gif-lib-1.4.jar;C:\Users\aakashgaur\.m2\repository\org\yaml\snakeyaml\1.28\snakeyaml-1.28.jar;C:\Users\aakashgaur\.m2\repository\tech\grasshopper\table-layout\1.5.1\table-layout-1.5.1.jar;C:\Users\aakashgaur\.m2\repository\tech\grasshopper\rest-assured-cucumber-pdf-report\1.4.1\rest-assured-cucumber-pdf-report-1.4.1.jar;C:\Users\aakashgaur\.m2\repository\com\aventstack\klov-reporter\5.0.9\klov-reporter-5.0.9.jar;C:\Users\aakashgaur\.m2\repository\org\mongodb\mongodb-driver\3.6.4\mongodb-driver-3.6.4.jar;C:\Users\aakashgaur\.m2\repository\org\mongodb\mongodb-driver-core\3.6.4\mongodb-driver-core-3.6.4.jar;C:\Users\aakashgaur\.m2\repository\org\mongodb\bson\3.6.4\bson-3.6.4.jar;C:\Users\aakashgaur\.m2\repository\org\apache\httpcomponents\httpmime\4.5.13\httpmime-4.5.13.jar;C:\Users\aakashgaur\.m2\repository\tech\grasshopper\htmlextentreporter\1.0.1\htmlextentreporter-1.0.1.jar;C:\Users\aakashgaur\.m2\repository\org\apache\poi\poi-ooxml\5.2.3\poi-ooxml-5.2.3.jar;C:\Users\aakashgaur\.m2\repository\org\apache\poi\poi\5.2.3\poi-5.2.3.jar;C:\Users\aakashgaur\.m2\repository\org\apache\commons\commons-math3\3.6.1\commons-math3-3.6.1.jar;C:\Users\aakashgaur\.m2\repository\com\zaxxer\SparseBitSet\1.2\SparseBitSet-1.2.jar;C:\Users\aakashgaur\.m2\repository\org\apache\poi\poi-ooxml-lite\5.2.3\poi-ooxml-lite-5.2.3.jar;C:\Users\aakashgaur\.m2\repository\org\apache\xmlbeans\xmlbeans\5.1.1\xmlbeans-5.1.1.jar;C:\Users\aakashgaur\.m2\repository\org\apache\commons\commons-compress\1.21\commons-compress-1.21.jar;C:\Users\aakashgaur\.m2\repository\com\github\virtuald\curvesapi\1.07\curvesapi-1.07.jar;"/>
    <property name="java.vm.vendor" value="Oracle Corporation"/>
    <property name="sun.arch.data.model" value="64"/>
    <property name="user.variant" value=""/>
    <property name="java.vendor.url" value="http://java.oracle.com/"/>
    <property name="user.timezone" value="Asia/Calcutta"/>
    <property name="java.vm.specification.version" value="11"/>
    <property name="os.name" value="Windows 10"/>
    <property name="sun.java.launcher" value="SUN_STANDARD"/>
    <property name="user.country" value="IN"/>
    <property name="sun.boot.library.path" value="C:\Program Files\RedHat\java-11-openjdk-11.0.5-2\bin"/>
    <property name="sun.java.command" value="C:\Users\AAKASH~1\AppData\Local\Temp\surefire16521146291240742767\surefirebooter1269329032862079403.jar C:\Users\aakashgaur\AppData\Local\Temp\surefire16521146291240742767 2023-02-02T14-48-18_607-jvmRun1 surefire8830998043206121185tmp surefire_010127245815170993429tmp"/>
    <property name="jdk.debug" value="release"/>
    <property name="surefire.test.class.path" value="C:\Users\aakashgaur\eclipse-workspace\Exit_Assginment\target\test-classes;C:\Users\aakashgaur\eclipse-workspace\Exit_Assginment\target\classes;C:\Users\aakashgaur\.m2\repository\junit\junit\4.11\junit-4.11.jar;C:\Users\aakashgaur\.m2\repository\org\hamcrest\hamcrest-core\1.3\hamcrest-core-1.3.jar;C:\Users\aakashgaur\.m2\repository\org\testng\testng\7.4.0\testng-7.4.0.jar;C:\Users\aakashgaur\.m2\repository\com\beust\jcommander\1.78\jcommander-1.78.jar;C:\Users\aakashgaur\.m2\repository\org\webjars\jquery\3.5.1\jquery-3.5.1.jar;C:\Users\aakashgaur\.m2\repository\io\cucumber\cucumber-testng\7.9.0\cucumber-testng-7.9.0.jar;C:\Users\aakashgaur\.m2\repository\org\apiguardian\apiguardian-api\1.1.2\apiguardian-api-1.1.2.jar;C:\Users\aakashgaur\.m2\repository\io\cucumber\cucumber-core\7.9.0\cucumber-core-7.9.0.jar;C:\Users\aakashgaur\.m2\repository\io\cucumber\cucumber-gherkin\7.9.0\cucumber-gherkin-7.9.0.jar;C:\Users\aakashgaur\.m2\repository\io\cucumber\cucumber-gherkin-messages\7.9.0\cucumber-gherkin-messages-7.9.0.jar;C:\Users\aakashgaur\.m2\repository\io\cucumber\gherkin\24.1.0\gherkin-24.1.0.jar;C:\Users\aakashgaur\.m2\repository\io\cucumber\messages\19.1.4\messages-19.1.4.jar;C:\Users\aakashgaur\.m2\repository\io\cucumber\tag-expressions\4.1.0\tag-expressions-4.1.0.jar;C:\Users\aakashgaur\.m2\repository\io\cucumber\cucumber-expressions\16.0.0\cucumber-expressions-16.0.0.jar;C:\Users\aakashgaur\.m2\repository\io\cucumber\datatable\7.9.0\datatable-7.9.0.jar;C:\Users\aakashgaur\.m2\repository\io\cucumber\cucumber-plugin\7.9.0\cucumber-plugin-7.9.0.jar;C:\Users\aakashgaur\.m2\repository\io\cucumber\docstring\7.9.0\docstring-7.9.0.jar;C:\Users\aakashgaur\.m2\repository\io\cucumber\html-formatter\20.1.0\html-formatter-20.1.0.jar;C:\Users\aakashgaur\.m2\repository\io\cucumber\ci-environment\9.1.0\ci-environment-9.1.0.jar;C:\Users\aakashgaur\.m2\repository\io\cucumber\cucumber-java\7.11.1\cucumber-java-7.11.1.jar;C:\Users\aakashgaur\.m2\repository\io\cucumber\cucumber-jvm-deps\1.0.6\cucumber-jvm-deps-1.0.6.jar;C:\Users\aakashgaur\.m2\repository\net\masterthought\cucumber-reporting\5.7.4\cucumber-reporting-5.7.4.jar;C:\Users\aakashgaur\.m2\repository\com\fasterxml\jackson\core\jackson-databind\2.13.2.2\jackson-databind-2.13.2.2.jar;C:\Users\aakashgaur\.m2\repository\com\fasterxml\jackson\core\jackson-annotations\2.13.2\jackson-annotations-2.13.2.jar;C:\Users\aakashgaur\.m2\repository\com\fasterxml\jackson\core\jackson-core\2.13.2\jackson-core-2.13.2.jar;C:\Users\aakashgaur\.m2\repository\com\fasterxml\jackson\datatype\jackson-datatype-jsr310\2.13.2\jackson-datatype-jsr310-2.13.2.jar;C:\Users\aakashgaur\.m2\repository\org\apache\velocity\velocity-engine-core\2.3\velocity-engine-core-2.3.jar;C:\Users\aakashgaur\.m2\repository\org\slf4j\slf4j-api\1.7.30\slf4j-api-1.7.30.jar;C:\Users\aakashgaur\.m2\repository\org\apache\commons\commons-collections4\4.4\commons-collections4-4.4.jar;C:\Users\aakashgaur\.m2\repository\joda-time\joda-time\2.10.14\joda-time-2.10.14.jar;C:\Users\aakashgaur\.m2\repository\org\apache\commons\commons-lang3\3.12.0\commons-lang3-3.12.0.jar;C:\Users\aakashgaur\.m2\repository\commons-io\commons-io\2.7\commons-io-2.7.jar;C:\Users\aakashgaur\.m2\repository\org\codehaus\plexus\plexus-utils\3.4.2\plexus-utils-3.4.2.jar;C:\Users\aakashgaur\.m2\repository\org\jsoup\jsoup\1.15.3\jsoup-1.15.3.jar;C:\Users\aakashgaur\.m2\repository\com\google\guava\guava\31.1-jre\guava-31.1-jre.jar;C:\Users\aakashgaur\.m2\repository\com\google\guava\failureaccess\1.0.1\failureaccess-1.0.1.jar;C:\Users\aakashgaur\.m2\repository\com\google\guava\listenablefuture\9999.0-empty-to-avoid-conflict-with-guava\listenablefuture-9999.0-empty-to-avoid-conflict-with-guava.jar;C:\Users\aakashgaur\.m2\repository\com\google\code\findbugs\jsr305\3.0.2\jsr305-3.0.2.jar;C:\Users\aakashgaur\.m2\repository\org\checkerframework\checker-qual\3.12.0\checker-qual-3.12.0.jar;C:\Users\aakashgaur\.m2\repository\com\google\errorprone\error_prone_annotations\2.11.0\error_prone_annotations-2.11.0.jar;C:\Users\aakashgaur\.m2\repository\com\google\j2objc\j2objc-annotations\1.3\j2objc-annotations-1.3.jar;C:\Users\aakashgaur\.m2\repository\com\googlecode\owasp-java-html-sanitizer\owasp-java-html-sanitizer\20211018.2\owasp-java-html-sanitizer-20211018.2.jar;C:\Users\aakashgaur\.m2\repository\commons-configuration\commons-configuration\1.10\commons-configuration-1.10.jar;C:\Users\aakashgaur\.m2\repository\commons-lang\commons-lang\2.6\commons-lang-2.6.jar;C:\Users\aakashgaur\.m2\repository\commons-logging\commons-logging\1.1.1\commons-logging-1.1.1.jar;C:\Users\aakashgaur\.m2\repository\org\apache\logging\log4j\log4j-core\2.19.0\log4j-core-2.19.0.jar;C:\Users\aakashgaur\.m2\repository\org\apache\logging\log4j\log4j-api\2.19.0\log4j-api-2.19.0.jar;C:\Users\aakashgaur\.m2\repository\io\cucumber\cucumber-html\0.2.7\cucumber-html-0.2.7.jar;C:\Users\aakashgaur\.m2\repository\io\appium\java-client\6.1.0\java-client-6.1.0.jar;C:\Users\aakashgaur\.m2\repository\org\seleniumhq\selenium\selenium-java\3.12.0\selenium-java-3.12.0.jar;C:\Users\aakashgaur\.m2\repository\org\seleniumhq\selenium\selenium-chrome-driver\3.12.0\selenium-chrome-driver-3.12.0.jar;C:\Users\aakashgaur\.m2\repository\org\seleniumhq\selenium\selenium-edge-driver\3.12.0\selenium-edge-driver-3.12.0.jar;C:\Users\aakashgaur\.m2\repository\org\seleniumhq\selenium\selenium-firefox-driver\3.12.0\selenium-firefox-driver-3.12.0.jar;C:\Users\aakashgaur\.m2\repository\org\seleniumhq\selenium\selenium-ie-driver\3.12.0\selenium-ie-driver-3.12.0.jar;C:\Users\aakashgaur\.m2\repository\org\seleniumhq\selenium\selenium-opera-driver\3.12.0\selenium-opera-driver-3.12.0.jar;C:\Users\aakashgaur\.m2\repository\org\seleniumhq\selenium\selenium-remote-driver\3.12.0\selenium-remote-driver-3.12.0.jar;C:\Users\aakashgaur\.m2\repository\org\seleniumhq\selenium\selenium-safari-driver\3.12.0\selenium-safari-driver-3.12.0.jar;C:\Users\aakashgaur\.m2\repository\net\bytebuddy\byte-buddy\1.8.3\byte-buddy-1.8.3.jar;C:\Users\aakashgaur\.m2\repository\org\apache\commons\commons-exec\1.3\commons-exec-1.3.jar;C:\Users\aakashgaur\.m2\repository\commons-codec\commons-codec\1.10\commons-codec-1.10.jar;C:\Users\aakashgaur\.m2\repository\org\apache\httpcomponents\httpcore\4.4.6\httpcore-4.4.6.jar;C:\Users\aakashgaur\.m2\repository\com\squareup\okhttp3\okhttp\3.9.1\okhttp-3.9.1.jar;C:\Users\aakashgaur\.m2\repository\com\squareup\okio\okio\1.13.0\okio-1.13.0.jar;C:\Users\aakashgaur\.m2\repository\org\seleniumhq\selenium\selenium-support\3.12.0\selenium-support-3.12.0.jar;C:\Users\aakashgaur\.m2\repository\org\seleniumhq\selenium\selenium-api\3.12.0\selenium-api-3.12.0.jar;C:\Users\aakashgaur\.m2\repository\com\google\code\gson\gson\2.8.4\gson-2.8.4.jar;C:\Users\aakashgaur\.m2\repository\org\apache\httpcomponents\httpclient\4.5.5\httpclient-4.5.5.jar;C:\Users\aakashgaur\.m2\repository\cglib\cglib\3.2.6\cglib-3.2.6.jar;C:\Users\aakashgaur\.m2\repository\org\ow2\asm\asm\6.0\asm-6.0.jar;C:\Users\aakashgaur\.m2\repository\org\apache\ant\ant\1.9.6\ant-1.9.6.jar;C:\Users\aakashgaur\.m2\repository\org\apache\ant\ant-launcher\1.9.6\ant-launcher-1.9.6.jar;C:\Users\aakashgaur\.m2\repository\commons-validator\commons-validator\1.6\commons-validator-1.6.jar;C:\Users\aakashgaur\.m2\repository\commons-beanutils\commons-beanutils\1.9.2\commons-beanutils-1.9.2.jar;C:\Users\aakashgaur\.m2\repository\commons-digester\commons-digester\1.8.1\commons-digester-1.8.1.jar;C:\Users\aakashgaur\.m2\repository\commons-collections\commons-collections\3.2.2\commons-collections-3.2.2.jar;C:\Users\aakashgaur\.m2\repository\org\springframework\spring-context\5.0.5.RELEASE\spring-context-5.0.5.RELEASE.jar;C:\Users\aakashgaur\.m2\repository\org\springframework\spring-aop\5.0.5.RELEASE\spring-aop-5.0.5.RELEASE.jar;C:\Users\aakashgaur\.m2\repository\org\springframework\spring-beans\5.0.5.RELEASE\spring-beans-5.0.5.RELEASE.jar;C:\Users\aakashgaur\.m2\repository\org\springframework\spring-core\5.0.5.RELEASE\spring-core-5.0.5.RELEASE.jar;C:\Users\aakashgaur\.m2\repository\org\springframework\spring-jcl\5.0.5.RELEASE\spring-jcl-5.0.5.RELEASE.jar;C:\Users\aakashgaur\.m2\repository\org\springframework\spring-expression\5.0.5.RELEASE\spring-expression-5.0.5.RELEASE.jar;C:\Users\aakashgaur\.m2\repository\org\aspectj\aspectjweaver\1.9.1\aspectjweaver-1.9.1.jar;C:\Users\aakashgaur\.m2\repository\org\openpnp\opencv\3.2.0-1\opencv-3.2.0-1.jar;C:\Users\aakashgaur\.m2\repository\tech\grasshopper\extentreports-cucumber7-adapter\1.7.0\extentreports-cucumber7-adapter-1.7.0.jar;C:\Users\aakashgaur\.m2\repository\com\aventstack\extentreports\5.0.9\extentreports-5.0.9.jar;C:\Users\aakashgaur\.m2\repository\io\reactivex\rxjava3\rxjava\3.0.4\rxjava-3.0.4.jar;C:\Users\aakashgaur\.m2\repository\org\reactivestreams\reactive-streams\1.0.3\reactive-streams-1.0.3.jar;C:\Users\aakashgaur\.m2\repository\org\freemarker\freemarker\2.3.30\freemarker-2.3.30.jar;C:\Users\aakashgaur\.m2\repository\org\projectlombok\lombok\1.18.12\lombok-1.18.12.jar;C:\Users\aakashgaur\.m2\repository\tech\grasshopper\extent-pdf-report\2.7.0\extent-pdf-report-2.7.0.jar;C:\Users\aakashgaur\.m2\repository\tech\grasshopper\cucumber-pdf-report\2.10.0\cucumber-pdf-report-2.10.0.jar;C:\Users\aakashgaur\.m2\repository\org\apache\pdfbox\pdfbox\2.0.26\pdfbox-2.0.26.jar;C:\Users\aakashgaur\.m2\repository\org\apache\pdfbox\fontbox\2.0.26\fontbox-2.0.26.jar;C:\Users\aakashgaur\.m2\repository\org\knowm\xchart\xchart\3.8.0\xchart-3.8.0.jar;C:\Users\aakashgaur\.m2\repository\de\erichseifert\vectorgraphics2d\VectorGraphics2D\0.13\VectorGraphics2D-0.13.jar;C:\Users\aakashgaur\.m2\repository\de\rototor\pdfbox\graphics2d\0.30\graphics2d-0.30.jar;C:\Users\aakashgaur\.m2\repository\com\madgag\animated-gif-lib\1.4\animated-gif-lib-1.4.jar;C:\Users\aakashgaur\.m2\repository\org\yaml\snakeyaml\1.28\snakeyaml-1.28.jar;C:\Users\aakashgaur\.m2\repository\tech\grasshopper\table-layout\1.5.1\table-layout-1.5.1.jar;C:\Users\aakashgaur\.m2\repository\tech\grasshopper\rest-assured-cucumber-pdf-report\1.4.1\rest-assured-cucumber-pdf-report-1.4.1.jar;C:\Users\aakashgaur\.m2\repository\com\aventstack\klov-reporter\5.0.9\klov-reporter-5.0.9.jar;C:\Users\aakashgaur\.m2\repository\org\mongodb\mongodb-driver\3.6.4\mongodb-driver-3.6.4.jar;C:\Users\aakashgaur\.m2\repository\org\mongodb\mongodb-driver-core\3.6.4\mongodb-driver-core-3.6.4.jar;C:\Users\aakashgaur\.m2\repository\org\mongodb\bson\3.6.4\bson-3.6.4.jar;C:\Users\aakashgaur\.m2\repository\org\apache\httpcomponents\httpmime\4.5.13\httpmime-4.5.13.jar;C:\Users\aakashgaur\.m2\repository\tech\grasshopper\htmlextentreporter\1.0.1\htmlextentreporter-1.0.1.jar;C:\Users\aakashgaur\.m2\repository\org\apache\poi\poi-ooxml\5.2.3\poi-ooxml-5.2.3.jar;C:\Users\aakashgaur\.m2\repository\org\apache\poi\poi\5.2.3\poi-5.2.3.jar;C:\Users\aakashgaur\.m2\repository\org\apache\commons\commons-math3\3.6.1\commons-math3-3.6.1.jar;C:\Users\aakashgaur\.m2\repository\com\zaxxer\SparseBitSet\1.2\SparseBitSet-1.2.jar;C:\Users\aakashgaur\.m2\repository\org\apache\poi\poi-ooxml-lite\5.2.3\poi-ooxml-lite-5.2.3.jar;C:\Users\aakashgaur\.m2\repository\org\apache\xmlbeans\xmlbeans\5.1.1\xmlbeans-5.1.1.jar;C:\Users\aakashgaur\.m2\repository\org\apache\commons\commons-compress\1.21\commons-compress-1.21.jar;C:\Users\aakashgaur\.m2\repository\com\github\virtuald\curvesapi\1.07\curvesapi-1.07.jar;"/>
    <property name="sun.cpu.endian" value="little"/>
    <property name="user.home" value="C:\Users\aakashgaur"/>
    <property name="user.language" value="en"/>
    <property name="java.specification.vendor" value="Oracle Corporation"/>
    <property name="java.version.date" value="2019-10-15"/>
    <property name="java.home" value="C:\Program Files\RedHat\java-11-openjdk-11.0.5-2"/>
    <property name="file.separator" value="\"/>
    <property name="basedir" value="C:\Users\aakashgaur\eclipse-workspace\Exit_Assginment"/>
    <property name="java.vm.compressedOopsMode" value="Zero based"/>
    <property name="line.separator" value="&#10;"/>
    <property name="java.specification.name" value="Java Platform API Specification"/>
    <property name="java.vm.specification.vendor" value="Oracle Corporation"/>
    <property name="java.awt.graphicsenv" value="sun.awt.Win32GraphicsEnvironment"/>
    <property name="surefire.real.class.path" value="C:\Users\AAKASH~1\AppData\Local\Temp\surefire16521146291240742767\surefirebooter1269329032862079403.jar"/>
    <property name="user.script" value=""/>
    <property name="sun.management.compiler" value="HotSpot 64-Bit Tiered Compilers"/>
    <property name="java.runtime.version" value="11.0.5+10-LTS"/>
    <property name="user.name" value="aakashgaur"/>
    <property name="path.separator" value=";"/>
    <property name="os.version" value="10.0"/>
    <property name="java.runtime.name" value="OpenJDK Runtime Environment"/>
    <property name="file.encoding" value="Cp1252"/>
    <property name="java.vm.name" value="OpenJDK 64-Bit Server VM"/>
    <property name="java.vendor.version" value="18.9"/>
    <property name="localRepository" value="C:\Users\aakashgaur\.m2\repository"/>
    <property name="java.vendor.url.bug" value="http://bugreport.java.com/bugreport/"/>
    <property name="java.io.tmpdir" value="C:\Users\AAKASH~1\AppData\Local\Temp\"/>
    <property name="java.version" value="11.0.5"/>
    <property name="user.dir" value="C:\Users\aakashgaur\eclipse-workspace\Exit_Assginment"/>
    <property name="os.arch" value="amd64"/>
    <property name="java.vm.specification.name" value="Java Virtual Machine Specification"/>
    <property name="java.awt.printerjob" value="sun.awt.windows.WPrinterJob"/>
    <property name="sun.os.patch.level" value=""/>
    <property name="java.library.path" value="C:\Program Files\RedHat\java-11-openjdk-11.0.5-2\bin;C:\WINDOWS\Sun\Java\bin;C:\WINDOWS\system32;C:\WINDOWS;C:\Windows\system32;C:\Windows;C:\Windows\System32\Wbem;C:\Windows\System32\WindowsPowerShell\v1.0\;C:\Windows\System32\OpenSSH\;C:\Program Files\TortoiseSVN\bin;C:\Program Files\dotnet\;C:\Program Files\Microsoft SQL Server\130\Tools\Binn\;C:\Program Files\Microsoft SQL Server\Client SDK\ODBC\170\Tools\Binn\;%JAVA_HOME%\bin;C:\Program Files\Git\cmd;C:\Program Files\nodejs\;C:\Program Files (x86)\Microsoft SQL Server\150\DTS\Binn\;C:\Program Files\Azure Data Studio\bin;C:\Program Files (x86)\Microsoft SQL Server\140\Tools\Binn\;C:\Program Files\Microsoft SQL Server\140\Tools\Binn\;C:\Program Files (x86)\Microsoft SQL Server\140\DTS\Binn\;C:\Program Files\Microsoft SQL Server\140\DTS\Binn\;C:\Program Files\Microsoft SQL Server\Client SDK\ODBC\130\Tools\Binn\;C:\Program Files\RedHat\java-11-openjdk-11.0.5-2\bin;C:\Program Files\apache-maven-3.8.2-bin\apache-maven-3.8.2\bin;C:\Program Files (x86)\Microsoft SQL Server\150\Tools\Binn\;C:\Program Files\Microsoft SQL Server\150\Tools\Binn\;C:\Program Files\Microsoft SQL Server\150\DTS\Binn\;C:\WINDOWS\system32;C:\WINDOWS;C:\WINDOWS\System32\Wbem;C:\WINDOWS\System32\WindowsPowerShell\v1.0\;C:\WINDOWS\System32\OpenSSH\;C:\Users\aakashgaur\AppData\Local\Programs\Python\Python310\Scripts\;C:\Users\aakashgaur\AppData\Local\Programs\Python\Python310\;C:\Users\aakashgaur\AppData\Local\Microsoft\WindowsApps;C:\Users\aakashgaur\.dotnet\tools;C:\Users\aakashgaur\AppData\Roaming\npm;C:\Users\aakashgaur\AppData\Local\Programs\Microsoft VS Code\bin;C:\Program Files\JetBrains\PyCharm Community Edition 2022.1.1\bin;C:\Users\aakashgaur\AppData\Local\Android\Sdk\platform-tools;."/>
    <property name="java.vendor" value="Oracle Corporation"/>
    <property name="java.vm.info" value="mixed mode"/>
    <property name="java.vm.version" value="11.0.5+10-LTS"/>
    <property name="sun.io.unicode.encoding" value="UnicodeLittle"/>
    <property name="java.class.version" value="55.0"/>
  </properties>
  <testcase name="runScenario" classname="com.apidemo.runner.Run" time="36.605"/>
  <testcase name="runScenario" classname="com.apidemo.runner.Run" time="25.784"/>
  <testcase name="runScenario" classname="com.apidemo.runner.Run" time="18.541"/>
  <testcase name="runScenario" classname="com.apidemo.runner.Run" time="17.987"/>
  <testcase name="runScenario" classname="com.apidemo.runner.Run" time="8.562">
    <failure message="Failed to instantiate class com.apidemo.stepdefinition.WhenStepDefinition" type="io.cucumber.core.exception.CucumberException">io.cucumber.core.exception.CucumberException: Failed to instantiate class com.apidemo.stepdefinition.WhenStepDefinition
Caused by: java.lang.reflect.InvocationTargetException
Caused by: org.openqa.selenium.NoSuchSessionException: 
Session ID is null. Using WebDriver after calling quit()?
Build info: version: '3.12.0', revision: '7c6e0b3', time: '2018-05-08T14:04:26.12Z'
System info: host: 'IN-B1BN2J3', ip: '192.168.0.101', os.name: 'Windows 10', os.arch: 'amd64', os.version: '10.0', java.version: '11.0.5'
Driver info: driver.version: AndroidDriver
</failure>
    <system-out><![CDATA[
@ThemeScreenTest
Scenario: Testing the functionality of Light Theme # src/test/java/com/apidemo/feature/ThemeScreenFeature.feature:8
&amp#27;[35m[HTTP]&amp#27;[39m &amp#27;[37m-->&amp#27;[39m &amp#27;[37mPOST&amp#27;[39m &amp#27;[37m/wd/hub/session&amp#27;[39m
&amp#27;[35m[HTTP]&amp#27;[39m &amp#27;[90m{"desiredCapabilities":{"app":"C:\\Users\\aakashgaur\\eclipse-workspace\\Exit_Assginment\\resources\\App\\API Demos_4.0_apkcombo.com.apk","appActivity":"com.hmh.api.ApiDemos","appPackage":"com.hmh.api","isHeadless":true,"appium-version":"1.15.1","avdArgs":"-no-window","platformVersion":"8.1","platformName":"Android","deviceName":"Android"},"capabilities":{"alwaysMatch":{"appium:app":"C:\\Users\\aakashgaur\\eclipse-workspace\\Exit_Assginment\\resources\\App\\API Demos_4.0_apkcombo.com.apk","appium:appActivity":"com.hmh.api.ApiDemos","appium:appPackage":"com.hmh.api","appium-version":"1.15.1","appium:avdArgs":"-no-window","appium:deviceName":"Android","isHeadless":true,"platformName":"android","appium:platformVersion":"8.1"},"firstMatch":[{}]}}&amp#27;[39m
[debug] &amp#27;[35m[W3C]&amp#27;[39m Calling AppiumDriver.createSession() with args: [{"app":"C:\\Users\\aakashgaur\\eclipse-workspace\\Exit_Assginment\\resources\\App\\API Demos_4.0_apkcombo.com.apk","appActivity":"com.hmh.api.ApiDemos","appPackage":"com.hmh.api","isHeadless":true,"appium-version":"1.15.1","avdArgs":"-no-window","platformVersion":"8.1","platformName":"Android","deviceName":"Android"},null,{"alwaysMatch":{"appium:app":"C:\\Users\\aakashgaur\\eclipse-workspace\\Exit_Assginment\\resources\\App\\API Demos_4.0_apkcombo.com.apk","appium:appActivity":"com.hmh.api.ApiDemos","appium:appPackage":"com.hmh.api","appium-version":"1.15.1","appium:avdArgs":"-no-window","appium:deviceName":"Android","isHeadless":true,"platformName":"android","appium:platformVersion":"8.1"},"firstMatch":[{}]}]
[debug] &amp#27;[35m[BaseDriver]&amp#27;[39m Event 'newSessionRequested' logged at 1675329611924 (14:50:11 GMT+0530 (India Standard Time))
&amp#27;[35m[BaseDriver]&amp#27;[39m The following capabilities are not standard capabilities and should have an extension prefix:
&amp#27;[35m[BaseDriver]&amp#27;[39m   appium-version
&amp#27;[35m[BaseDriver]&amp#27;[39m   isHeadless
&amp#27;[35m[Appium]&amp#27;[39m 
&amp#27;[35m[Appium]&amp#27;[39m ======================================================================
&amp#27;[35m[Appium]&amp#27;[39m   DEPRECATION WARNING:
&amp#27;[35m[Appium]&amp#27;[39m 
&amp#27;[35m[Appium]&amp#27;[39m   The 'automationName' capability was not provided in the desired 
&amp#27;[35m[Appium]&amp#27;[39m   capabilities for this Android session
&amp#27;[35m[Appium]&amp#27;[39m 
&amp#27;[35m[Appium]&amp#27;[39m   Setting 'automationName=UiAutomator2' by default and using the 
&amp#27;[35m[Appium]&amp#27;[39m   UiAutomator2 Driver
&amp#27;[35m[Appium]&amp#27;[39m 
&amp#27;[35m[Appium]&amp#27;[39m   The next major version of Appium (2.x) will **require** the 
&amp#27;[35m[Appium]&amp#27;[39m   'automationName' capability to be set for all sessions on all 
&amp#27;[35m[Appium]&amp#27;[39m   platforms
&amp#27;[35m[Appium]&amp#27;[39m 
&amp#27;[35m[Appium]&amp#27;[39m   In previous versions (Appium <= 1.13.x), the default was 
&amp#27;[35m[Appium]&amp#27;[39m   'automationName=UiAutomator1'
&amp#27;[35m[Appium]&amp#27;[39m 
&amp#27;[35m[Appium]&amp#27;[39m   If you wish to use that automation instead of UiAutomator2, please 
&amp#27;[35m[Appium]&amp#27;[39m   add 'automationName=UiAutomator1' to your desired capabilities
&amp#27;[35m[Appium]&amp#27;[39m 
&amp#27;[35m[Appium]&amp#27;[39m   For more information about drivers, please visit 
&amp#27;[35m[Appium]&amp#27;[39m   http://appium.io/docs/en/about-appium/intro/ and explore the 
&amp#27;[35m[Appium]&amp#27;[39m   'Drivers' menu
&amp#27;[35m[Appium]&amp#27;[39m 
&amp#27;[35m[Appium]&amp#27;[39m ======================================================================
&amp#27;[35m[Appium]&amp#27;[39m 
&amp#27;[35m[Appium]&amp#27;[39m Appium v1.22.3 creating new AndroidUiautomator2Driver (v1.70.1) session
[debug] &amp#27;[35m[BaseDriver]&amp#27;[39m W3C capabilities and MJSONWP desired capabilities were provided
[debug] &amp#27;[35m[BaseDriver]&amp#27;[39m Creating session with W3C capabilities: {
[debug] &amp#27;[35m[BaseDriver]&amp#27;[39m   "alwaysMatch": {
[debug] &amp#27;[35m[BaseDriver]&amp#27;[39m     "appium:appium-version": "1.15.1",
[debug] &amp#27;[35m[BaseDriver]&amp#27;[39m     "appium:isHeadless": true,
[debug] &amp#27;[35m[BaseDriver]&amp#27;[39m     "platformName": "android",
[debug] &amp#27;[35m[BaseDriver]&amp#27;[39m     "appium:app": "C:\\Users\\aakashgaur\\eclipse-workspace\\Exit_Assginment\\resources\\App\\API Demos_4.0_apkcombo.com.apk",
[debug] &amp#27;[35m[BaseDriver]&amp#27;[39m     "appium:appActivity": "com.hmh.api.ApiDemos",
[debug] &amp#27;[35m[BaseDriver]&amp#27;[39m     "appium:appPackage": "com.hmh.api",
[debug] &amp#27;[35m[BaseDriver]&amp#27;[39m     "appium:avdArgs": "-no-window",
[debug] &amp#27;[35m[BaseDriver]&amp#27;[39m     "appium:deviceName": "Android",
[debug] &amp#27;[35m[BaseDriver]&amp#27;[39m     "appium:platformVersion": "8.1"
[debug] &amp#27;[35m[BaseDriver]&amp#27;[39m   },
[debug] &amp#27;[35m[BaseDriver]&amp#27;[39m   "firstMatch": [
[debug] &amp#27;[35m[BaseDriver]&amp#27;[39m     {}
[debug] &amp#27;[35m[BaseDriver]&amp#27;[39m   ]
[debug] &amp#27;[35m[BaseDriver]&amp#27;[39m }
&amp#27;[35m[BaseDriver]&amp#27;[39m The following capabilities were provided, but are not recognized by Appium:
&amp#27;[35m[BaseDriver]&amp#27;[39m   appium-version
&amp#27;[35m[BaseDriver]&amp#27;[39m Session created with session id: fe357405-3059-4a04-94a4-e0f2298f104c
&amp#27;[35m[BaseDriver]&amp#27;[39m Using local app 'C:\Users\aakashgaur\eclipse-workspace\Exit_Assginment\resources\App\API Demos_4.0_apkcombo.com.apk'
[debug] &amp#27;[35m[UiAutomator2]&amp#27;[39m Checking whether app is actually present
&amp#27;[35m[ADB]&amp#27;[39m Using 'adb.exe' from 'C:\Users\aakashgaur\AppData\Local\Android\Sdk\platform-tools\adb.exe'
[debug] &amp#27;[35m[ADB]&amp#27;[39m Running 'C:\Users\aakashgaur\AppData\Local\Android\Sdk\platform-tools\adb.exe -P 5037 start-server'
&amp#27;[35m[AndroidDriver]&amp#27;[39m Retrieving device list
[debug] &amp#27;[35m[ADB]&amp#27;[39m Trying to find a connected android device
[debug] &amp#27;[35m[ADB]&amp#27;[39m Getting connected devices
[debug] &amp#27;[35m[ADB]&amp#27;[39m Connected devices: [{"udid":"emulator-5554","state":"device"}]
&amp#27;[35m[AndroidDriver]&amp#27;[39m Looking for a device with Android '8.1.0'
[debug] &amp#27;[35m[ADB]&amp#27;[39m Setting device id to emulator-5554
&amp#27;[35m[ADB]&amp#27;[39m Getting device platform version
[debug] &amp#27;[35m[ADB]&amp#27;[39m Running 'C:\Users\aakashgaur\AppData\Local\Android\Sdk\platform-tools\adb.exe -P 5037 -s emulator-5554 shell getprop ro.build.version.release'
[debug] &amp#27;[35m[ADB]&amp#27;[39m Current device property 'ro.build.version.release': 8.1.0
&amp#27;[35m[AndroidDriver]&amp#27;[39m Using device: emulator-5554
&amp#27;[35m[ADB]&amp#27;[39m Using 'adb.exe' from 'C:\Users\aakashgaur\AppData\Local\Android\Sdk\platform-tools\adb.exe'
[debug] &amp#27;[35m[ADB]&amp#27;[39m Running 'C:\Users\aakashgaur\AppData\Local\Android\Sdk\platform-tools\adb.exe -P 5037 start-server'
[debug] &amp#27;[35m[ADB]&amp#27;[39m Setting device id to emulator-5554
[debug] &amp#27;[35m[ADB]&amp#27;[39m Running 'C:\Users\aakashgaur\AppData\Local\Android\Sdk\platform-tools\adb.exe -P 5037 -s emulator-5554 shell getprop ro.build.version.sdk'
[debug] &amp#27;[35m[Instrumentation]&amp#27;[39m .
[debug] &amp#27;[35m[ADB]&amp#27;[39m Current device property 'ro.build.version.sdk': 27
[debug] &amp#27;[35m[ADB]&amp#27;[39m Device API level: 27
[debug] &amp#27;[35m[ADB]&amp#27;[39m Running 'C:\Users\aakashgaur\AppData\Local\Android\Sdk\platform-tools\adb.exe -P 5037 -s emulator-5554 wait-for-device'
[debug] &amp#27;[35m[Instrumentation]&amp#27;[39m Time: 12.155
[debug] &amp#27;[35m[Instrumentation]&amp#27;[39m 
[debug] &amp#27;[35m[Instrumentation]&amp#27;[39m OK (1 test)
[debug] &amp#27;[35m[ADB]&amp#27;[39m Running 'C:\Users\aakashgaur\AppData\Local\Android\Sdk\platform-tools\adb.exe -P 5037 -s emulator-5554 shell echo ping'
[debug] &amp#27;[35m[Instrumentation]&amp#27;[39m The process has exited with code 0
[debug] &amp#27;[35m[AndroidDriver]&amp#27;[39m Pushing settings apk to device...
[debug] &amp#27;[35m[ADB]&amp#27;[39m Getting install status for io.appium.settings
[debug] &amp#27;[35m[ADB]&amp#27;[39m Running 'C:\Users\aakashgaur\AppData\Local\Android\Sdk\platform-tools\adb.exe -P 5037 -s emulator-5554 shell dumpsys package io.appium.settings'
[debug] &amp#27;[35m[ADB]&amp#27;[39m 'io.appium.settings' is installed
[debug] &amp#27;[35m[ADB]&amp#27;[39m Getting package info for 'io.appium.settings'
[debug] &amp#27;[35m[ADB]&amp#27;[39m Running 'C:\Users\aakashgaur\AppData\Local\Android\Sdk\platform-tools\adb.exe -P 5037 -s emulator-5554 shell dumpsys package io.appium.settings'
[debug] &amp#27;[35m[ADB]&amp#27;[39m The version name of the installed 'io.appium.settings' is greater or equal to the application version name ('3.4.0' >= '3.4.0')
[debug] &amp#27;[35m[ADB]&amp#27;[39m There is no need to install/upgrade 'C:\Users\aakashgaur\AppData\Roaming\npm\node_modules\appium\node_modules\io.appium.settings\apks\settings_apk-debug.apk'
[debug] &amp#27;[35m[ADB]&amp#27;[39m Getting IDs of all 'io.appium.settings' processes
[debug] &amp#27;[35m[ADB]&amp#27;[39m Running 'C:\Users\aakashgaur\AppData\Local\Android\Sdk\platform-tools\adb.exe -P 5037 -s emulator-5554 shell 'pgrep --help; echo $?''
[debug] &amp#27;[35m[ADB]&amp#27;[39m Running 'C:\Users\aakashgaur\AppData\Local\Android\Sdk\platform-tools\adb.exe -P 5037 -s emulator-5554 shell pgrep -f \(\[\[:blank:\]\]\|\^\)io\.appium\.settings\(\[\[:blank:\]\]\|\$\)'
[debug] &amp#27;[35m[AndroidDriver]&amp#27;[39m io.appium.settings is already running. There is no need to reset its permissions.
[debug] &amp#27;[35m[Logcat]&amp#27;[39m Starting logs capture with command: C:\\Users\\aakashgaur\\AppData\\Local\\Android\\Sdk\\platform-tools\\adb.exe -P 5037 -s emulator-5554 logcat -v threadtime
[debug] &amp#27;[35m[UiAutomator2]&amp#27;[39m Forwarding UiAutomator2 Server port 6790 to local port 8200
[debug] &amp#27;[35m[ADB]&amp#27;[39m Forwarding system: 8200 to device: 6790
[debug] &amp#27;[35m[ADB]&amp#27;[39m Running 'C:\Users\aakashgaur\AppData\Local\Android\Sdk\platform-tools\adb.exe -P 5037 -s emulator-5554 forward tcp:8200 tcp:6790'
[debug] &amp#27;[35m[ADB]&amp#27;[39m Getting install status for io.appium.uiautomator2.server
[debug] &amp#27;[35m[ADB]&amp#27;[39m Running 'C:\Users\aakashgaur\AppData\Local\Android\Sdk\platform-tools\adb.exe -P 5037 -s emulator-5554 shell dumpsys package io.appium.uiautomator2.server'
[debug] &amp#27;[35m[ADB]&amp#27;[39m 'io.appium.uiautomator2.server' is installed
[debug] &amp#27;[35m[ADB]&amp#27;[39m Getting package info for 'io.appium.uiautomator2.server'
[debug] &amp#27;[35m[ADB]&amp#27;[39m Running 'C:\Users\aakashgaur\AppData\Local\Android\Sdk\platform-tools\adb.exe -P 5037 -s emulator-5554 shell dumpsys package io.appium.uiautomator2.server'
[debug] &amp#27;[35m[ADB]&amp#27;[39m The version name of the installed 'io.appium.uiautomator2.server' is greater or equal to the application version name ('4.27.0' >= '4.27.0')
[debug] &amp#27;[35m[UiAutomator2]&amp#27;[39m io.appium.uiautomator2.server installation state: sameVersionInstalled
[debug] &amp#27;[35m[ADB]&amp#27;[39m Checking app cert for C:\Users\aakashgaur\AppData\Roaming\npm\node_modules\appium\node_modules\appium-uiautomator2-server\apks\appium-uiautomator2-server-v4.27.0.apk
[debug] &amp#27;[35m[ADB]&amp#27;[39m Using the previously cached signature entry for 'appium-uiautomator2-server-v4.27.0.apk'
[debug] &amp#27;[35m[ADB]&amp#27;[39m sha256 hash did match for 'appium-uiautomator2-server-v4.27.0.apk'
[debug] &amp#27;[35m[ADB]&amp#27;[39m Getting install status for io.appium.uiautomator2.server.test
[debug] &amp#27;[35m[ADB]&amp#27;[39m Running 'C:\Users\aakashgaur\AppData\Local\Android\Sdk\platform-tools\adb.exe -P 5037 -s emulator-5554 shell dumpsys package io.appium.uiautomator2.server.test'
[debug] &amp#27;[35m[ADB]&amp#27;[39m 'io.appium.uiautomator2.server.test' is not installed
[debug] &amp#27;[35m[ADB]&amp#27;[39m Checking app cert for C:\Users\aakashgaur\AppData\Roaming\npm\node_modules\appium\node_modules\appium-uiautomator2-server\apks\appium-uiautomator2-server-debug-androidTest.apk
[debug] &amp#27;[35m[ADB]&amp#27;[39m Using the previously cached signature entry for 'appium-uiautomator2-server-debug-androidTest.apk'
[debug] &amp#27;[35m[ADB]&amp#27;[39m sha256 hash did match for 'appium-uiautomator2-server-debug-androidTest.apk'
&amp#27;[35m[UiAutomator2]&amp#27;[39m Server packages are going to be (re)installed
[debug] &amp#27;[35m[ADB]&amp#27;[39m Running 'C:\Users\aakashgaur\AppData\Local\Android\Sdk\platform-tools\adb.exe -P 5037 -s emulator-5554 features'
&amp#27;[35m[ADB]&amp#27;[39m The application at 'C:\Users\aakashgaur\AppData\Roaming\npm\node_modules\appium\node_modules\appium-uiautomator2-server\apks\appium-uiautomator2-server-v4.27.0.apk' will not be cached, because the device under test has confirmed the support of streamed installs
[debug] &amp#27;[35m[ADB]&amp#27;[39m Running 'C:\Users\aakashgaur\AppData\Local\Android\Sdk\platform-tools\adb.exe -P 5037 -s emulator-5554 install -r C:\Users\aakashgaur\AppData\Roaming\npm\node_modules\appium\node_modules\appium-uiautomator2-server\apks\appium-uiautomator2-server-v4.27.0.apk'
[debug] &amp#27;[35m[UiAutomator2]&amp#27;[39m Deleting UiAutomator2 session
[debug] &amp#27;[35m[UiAutomator2]&amp#27;[39m Deleting UiAutomator2 server session
[debug] &amp#27;[35m[WD Proxy]&amp#27;[39m Matched '/' to command name 'deleteSession'
&amp#27;[35m[UiAutomator2]&amp#27;[39m Did not get confirmation UiAutomator2 deleteSession worked; Error was: UnknownError: An unknown server-side error occurred while processing the command. Original error: Trying to proxy a session command without session id
[debug] &amp#27;[35m[ADB]&amp#27;[39m Running 'C:\Users\aakashgaur\AppData\Local\Android\Sdk\platform-tools\adb.exe -P 5037 -s emulator-5554 shell am force-stop com.hmh.api'
&amp#27;[35m[UiAutomator2]&amp#27;[39m Unable to force stop app: Error executing adbExec. Original error: 'Command 'C:\\Users\\aakashgaur\\AppData\\Local\\Android\\Sdk\\platform-tools\\adb.exe -P 5037 -s emulator-5554 shell am force-stop com.hmh.api' exited with code 20'; Command output: cmd: Can't find service: activity
&amp#27;[35m[UiAutomator2]&amp#27;[39m 
[debug] &amp#27;[35m[Logcat]&amp#27;[39m Stopping logcat capture
[debug] &amp#27;[35m[ADB]&amp#27;[39m Removing forwarded port socket connection: 8200 
[debug] &amp#27;[35m[ADB]&amp#27;[39m Running 'C:\Users\aakashgaur\AppData\Local\Android\Sdk\platform-tools\adb.exe -P 5037 -s emulator-5554 forward --remove tcp:8200'
[debug] &amp#27;[35m[BaseDriver]&amp#27;[39m Event 'newSessionStarted' logged at 1675329620321 (14:50:20 GMT+0530 (India Standard Time))
[debug] &amp#27;[35m[W3C]&amp#27;[39m Encountered internal error running command: Error executing adbExec. Original error: 'Command 'C:\\Users\\aakashgaur\\AppData\\Local\\Android\\Sdk\\platform-tools\\adb.exe -P 5037 -s emulator-5554 install -r C:\\Users\\aakashgaur\\AppData\\Roaming\\npm\\node_modules\\appium\\node_modules\\appium-uiautomator2-server\\apks\\appium-uiautomator2-server-v4.27.0.apk' exited with code 1'; Command output: adb: failed to install C:\Users\aakashgaur\AppData\Roaming\npm\node_modules\appium\node_modules\appium-uiautomator2-server\apks\appium-uiautomator2-server-v4.27.0.apk: cmd: Can't find service: package
[debug] &amp#27;[35m[W3C]&amp#27;[39m 
[debug] &amp#27;[35m[W3C]&amp#27;[39m Error: Command 'C:\\Users\\aakashgaur\\AppData\\Local\\Android\\Sdk\\platform-tools\\adb.exe -P 5037 -s emulator-5554 install -r C:\\Users\\aakashgaur\\AppData\\Roaming\\npm\\node_modules\\appium\\node_modules\\appium-uiautomator2-server\\apks\\appium-uiautomator2-server-v4.27.0.apk' exited with code 1
[debug] &amp#27;[35m[W3C]&amp#27;[39m     at ChildProcess.<anonymous> (C:\Users\aakashgaur\AppData\Roaming\npm\node_modules\appium\node_modules\teen_process\lib\exec.js:113:19)
[debug] &amp#27;[35m[W3C]&amp#27;[39m     at ChildProcess.emit (events.js:315:20)
[debug] &amp#27;[35m[W3C]&amp#27;[39m     at maybeClose (internal/child_process.js:1048:16)
[debug] &amp#27;[35m[W3C]&amp#27;[39m     at Process.ChildProcess._handle.onexit (internal/child_process.js:288:5)
&amp#27;[35m[HTTP]&amp#27;[39m &amp#27;[37m<-- POST /wd/hub/session &amp#27;[39m&amp#27;[31m500&amp#27;[39m &amp#27;[90m8465 ms - 1791&amp#27;[39m
&amp#27;[35m[HTTP]&amp#27;[39m &amp#27;[90m&amp#27;[39m
  When User Tap on Views                           # com.apidemo.stepdefinition.WhenStepDefinition.user_Tap_on_views()
      io.cucumber.core.exception.CucumberException: Failed to instantiate class com.apidemo.stepdefinition.WhenStepDefinition
	at io.cucumber.core.backend.DefaultObjectFactory.cacheNewInstance(DefaultObjectFactory.java:67)
	at io.cucumber.core.backend.DefaultObjectFactory.getInstance(DefaultObjectFactory.java:45)
	at io.cucumber.java.AbstractGlueDefinition.invokeMethod(AbstractGlueDefinition.java:47)
	at io.cucumber.java.JavaStepDefinition.execute(JavaStepDefinition.java:29)
	at io.cucumber.core.runner.CoreStepDefinition.execute(CoreStepDefinition.java:66)
	at io.cucumber.core.runner.PickleStepDefinitionMatch.runStep(PickleStepDefinitionMatch.java:63)
	at io.cucumber.core.runner.ExecutionMode$1.execute(ExecutionMode.java:10)
	at io.cucumber.core.runner.TestStep.executeStep(TestStep.java:85)
	at io.cucumber.core.runner.TestStep.run(TestStep.java:57)
	at io.cucumber.core.runner.PickleStepTestStep.run(PickleStepTestStep.java:51)
	at io.cucumber.core.runner.TestCase.run(TestCase.java:84)
	at io.cucumber.core.runner.Runner.runPickle(Runner.java:75)
	at io.cucumber.testng.TestNGCucumberRunner.lambda$runScenario$1(TestNGCucumberRunner.java:132)
	at io.cucumber.core.runtime.CucumberExecutionContext.lambda$runTestCase$5(CucumberExecutionContext.java:129)
	at io.cucumber.core.runtime.RethrowingThrowableCollector.executeAndThrow(RethrowingThrowableCollector.java:23)
	at io.cucumber.core.runtime.CucumberExecutionContext.runTestCase(CucumberExecutionContext.java:129)
	at io.cucumber.testng.TestNGCucumberRunner.runScenario(TestNGCucumberRunner.java:129)
	at io.cucumber.testng.AbstractTestNGCucumberTests.runScenario(AbstractTestNGCucumberTests.java:35)
	at java.base/jdk.internal.reflect.NativeMethodAccessorImpl.invoke0(Native Method)
	at java.base/jdk.internal.reflect.NativeMethodAccessorImpl.invoke(NativeMethodAccessorImpl.java:62)
	at java.base/jdk.internal.reflect.DelegatingMethodAccessorImpl.invoke(DelegatingMethodAccessorImpl.java:43)
	at java.base/java.lang.reflect.Method.invoke(Method.java:566)
	at org.testng.internal.MethodInvocationHelper.invokeMethod(MethodInvocationHelper.java:133)
	at org.testng.internal.TestInvoker.invokeMethod(TestInvoker.java:598)
	at org.testng.internal.TestInvoker.invokeTestMethod(TestInvoker.java:173)
	at org.testng.internal.MethodRunner.runInSequence(MethodRunner.java:46)
	at org.testng.internal.TestInvoker$MethodInvocationAgent.invoke(TestInvoker.java:824)
	at org.testng.internal.TestInvoker.invokeTestMethods(TestInvoker.java:146)
	at org.testng.internal.TestMethodWorker.invokeTestMethods(TestMethodWorker.java:146)
	at org.testng.internal.TestMethodWorker.run(TestMethodWorker.java:128)
	at java.base/java.util.ArrayList.forEach(ArrayList.java:1540)
	at org.testng.TestRunner.privateRun(TestRunner.java:794)
	at org.testng.TestRunner.run(TestRunner.java:596)
	at org.testng.SuiteRunner.runTest(SuiteRunner.java:377)
	at org.testng.SuiteRunner.runSequentially(SuiteRunner.java:371)
	at org.testng.SuiteRunner.privateRun(SuiteRunner.java:332)
	at org.testng.SuiteRunner.run(SuiteRunner.java:276)
	at org.testng.SuiteRunnerWorker.runSuite(SuiteRunnerWorker.java:53)
	at org.testng.SuiteRunnerWorker.run(SuiteRunnerWorker.java:96)
	at org.testng.TestNG.runSuitesSequentially(TestNG.java:1212)
	at org.testng.TestNG.runSuitesLocally(TestNG.java:1134)
	at org.testng.TestNG.runSuites(TestNG.java:1063)
	at org.testng.TestNG.run(TestNG.java:1031)
	at org.apache.maven.surefire.testng.TestNGExecutor.run(TestNGExecutor.java:283)
	at org.apache.maven.surefire.testng.TestNGXmlTestSuite.execute(TestNGXmlTestSuite.java:75)
	at org.apache.maven.surefire.testng.TestNGProvider.invoke(TestNGProvider.java:120)
	at org.apache.maven.surefire.booter.ForkedBooter.invokeProviderInSameClassLoader(ForkedBooter.java:384)
	at org.apache.maven.surefire.booter.ForkedBooter.runSuitesInProcess(ForkedBooter.java:345)
	at org.apache.maven.surefire.booter.ForkedBooter.execute(ForkedBooter.java:126)
	at org.apache.maven.surefire.booter.ForkedBooter.main(ForkedBooter.java:418)
Caused by: java.lang.reflect.InvocationTargetException
	at java.base/jdk.internal.reflect.NativeConstructorAccessorImpl.newInstance0(Native Method)
	at java.base/jdk.internal.reflect.NativeConstructorAccessorImpl.newInstance(NativeConstructorAccessorImpl.java:62)
	at java.base/jdk.internal.reflect.DelegatingConstructorAccessorImpl.newInstance(DelegatingConstructorAccessorImpl.java:45)
	at java.base/java.lang.reflect.Constructor.newInstance(Constructor.java:490)
	at io.cucumber.core.backend.DefaultObjectFactory.cacheNewInstance(DefaultObjectFactory.java:53)
	... 49 more
Caused by: org.openqa.selenium.NoSuchSessionException: Session ID is null. Using WebDriver after calling quit()?
Build info: version: '3.12.0', revision: '7c6e0b3', time: '2018-05-08T14:04:26.12Z'
System info: host: 'IN-B1BN2J3', ip: '192.168.0.101', os.name: 'Windows 10', os.arch: 'amd64', os.version: '10.0', java.version: '11.0.5'
Driver info: driver.version: AndroidDriver
	at org.openqa.selenium.remote.HttpCommandExecutor.execute(HttpCommandExecutor.java:125)
	at io.appium.java_client.remote.AppiumCommandExecutor.execute(AppiumCommandExecutor.java:231)
	at org.openqa.selenium.remote.RemoteWebDriver.execute(RemoteWebDriver.java:543)
	at io.appium.java_client.DefaultGenericMobileDriver.execute(DefaultGenericMobileDriver.java:46)
	at io.appium.java_client.AppiumDriver.execute(AppiumDriver.java:1)
	at io.appium.java_client.android.AndroidDriver.execute(AndroidDriver.java:1)
	at io.appium.java_client.HasSessionDetails.getSessionDetails(HasSessionDetails.java:39)
	at io.appium.java_client.HasSessionDetails.getSessionDetail(HasSessionDetails.java:56)
	at io.appium.java_client.HasSessionDetails.getPlatformName(HasSessionDetails.java:65)
	at io.appium.java_client.pagefactory.AppiumFieldDecorator.<init>(AppiumFieldDecorator.java:96)
	at io.appium.java_client.pagefactory.AppiumFieldDecorator.<init>(AppiumFieldDecorator.java:144)
	at com.apidemo.screens.HomeScreen.<init>(HomeScreen.java:15)
	at com.apidemo.stepdefinition.WhenStepDefinition.<init>(WhenStepDefinition.java:24)
	... 54 more

  And Tap on Controls                              # com.apidemo.stepdefinition.WhenStepDefinition.Tap_on_controls()
  When User Tap on Light Theme                     # com.apidemo.stepdefinition.ThemeScreenStepDefinition.user_Tap_on_light_theme()
  Then Light Theme is Visible                      # com.apidemo.stepdefinition.ThemeScreenStepDefinition.light_theme_is_visible()
      org.openqa.selenium.NoSuchSessionException: Session ID is null. Using WebDriver after calling quit()?
Build info: version: '3.12.0', revision: '7c6e0b3', time: '2018-05-08T14:04:26.12Z'
System info: host: 'IN-B1BN2J3', ip: '192.168.0.101', os.name: 'Windows 10', os.arch: 'amd64', os.version: '10.0', java.version: '11.0.5'
Driver info: driver.version: RemoteWebDriver
	at org.openqa.selenium.remote.HttpCommandExecutor.execute(HttpCommandExecutor.java:125)
	at io.appium.java_client.remote.AppiumCommandExecutor.execute(AppiumCommandExecutor.java:231)
	at org.openqa.selenium.remote.RemoteWebDriver.execute(RemoteWebDriver.java:543)
	at io.appium.java_client.DefaultGenericMobileDriver.execute(DefaultGenericMobileDriver.java:46)
	at io.appium.java_client.AppiumDriver.execute(AppiumDriver.java:1)
	at io.appium.java_client.android.AndroidDriver.execute(AndroidDriver.java:1)
	at org.openqa.selenium.remote.RemoteWebDriver.getScreenshotAs(RemoteWebDriver.java:289)
	at com.apidemo.utils.ScreenShots.takeScreenShot(ScreenShots.java:22)
	at com.apidemo.stepdefinition.HookFile.closeservice(HookFile.java:34)

]]></system-out>
    <system-err><![CDATA[org.openqa.selenium.WebDriverException: It is impossible to create a new session because 'createSession' which takes HttpClient, InputStream and long was not found or it is not accessible
Build info: version: '3.12.0', revision: '7c6e0b3', time: '2018-05-08T14:04:26.12Z'
System info: host: 'IN-B1BN2J3', ip: '192.168.0.101', os.name: 'Windows 10', os.arch: 'amd64', os.version: '10.0', java.version: '11.0.5'
Driver info: driver.version: AndroidDriver
	at io.appium.java_client.remote.AppiumCommandExecutor$1.createSession(AppiumCommandExecutor.java:195)
	at io.appium.java_client.remote.AppiumCommandExecutor.createSession(AppiumCommandExecutor.java:209)
	at io.appium.java_client.remote.AppiumCommandExecutor.execute(AppiumCommandExecutor.java:231)
	at org.openqa.selenium.remote.RemoteWebDriver.execute(RemoteWebDriver.java:543)
	at io.appium.java_client.DefaultGenericMobileDriver.execute(DefaultGenericMobileDriver.java:42)
	at io.appium.java_client.AppiumDriver.execute(AppiumDriver.java:1)
	at io.appium.java_client.android.AndroidDriver.execute(AndroidDriver.java:1)
	at org.openqa.selenium.remote.RemoteWebDriver.startSession(RemoteWebDriver.java:207)
	at org.openqa.selenium.remote.RemoteWebDriver.<init>(RemoteWebDriver.java:130)
	at io.appium.java_client.DefaultGenericMobileDriver.<init>(DefaultGenericMobileDriver.java:38)
	at io.appium.java_client.AppiumDriver.<init>(AppiumDriver.java:84)
	at io.appium.java_client.AppiumDriver.<init>(AppiumDriver.java:94)
	at io.appium.java_client.android.AndroidDriver.<init>(AndroidDriver.java:93)
	at com.apidemo.base.TestBase.launchAndIntallApp(TestBase.java:68)
	at com.apidemo.stepdefinition.HookFile.startAppium(HookFile.java:27)
	at java.base/jdk.internal.reflect.NativeMethodAccessorImpl.invoke0(Native Method)
	at java.base/jdk.internal.reflect.NativeMethodAccessorImpl.invoke(NativeMethodAccessorImpl.java:62)
	at java.base/jdk.internal.reflect.DelegatingMethodAccessorImpl.invoke(DelegatingMethodAccessorImpl.java:43)
	at java.base/java.lang.reflect.Method.invoke(Method.java:566)
	at io.cucumber.java.Invoker.doInvoke(Invoker.java:66)
	at io.cucumber.java.Invoker.invoke(Invoker.java:24)
	at io.cucumber.java.AbstractGlueDefinition.invokeMethod(AbstractGlueDefinition.java:47)
	at io.cucumber.java.JavaHookDefinition.execute(JavaHookDefinition.java:64)
	at io.cucumber.core.runner.CoreHookDefinition.execute(CoreHookDefinition.java:46)
	at io.cucumber.core.runner.HookDefinitionMatch.runStep(HookDefinitionMatch.java:21)
	at io.cucumber.core.runner.ExecutionMode$1.execute(ExecutionMode.java:10)
	at io.cucumber.core.runner.TestStep.executeStep(TestStep.java:85)
	at io.cucumber.core.runner.TestStep.run(TestStep.java:57)
	at io.cucumber.core.runner.TestCase.run(TestCase.java:78)
	at io.cucumber.core.runner.Runner.runPickle(Runner.java:75)
	at io.cucumber.testng.TestNGCucumberRunner.lambda$runScenario$1(TestNGCucumberRunner.java:132)
	at io.cucumber.core.runtime.CucumberExecutionContext.lambda$runTestCase$5(CucumberExecutionContext.java:129)
	at io.cucumber.core.runtime.RethrowingThrowableCollector.executeAndThrow(RethrowingThrowableCollector.java:23)
	at io.cucumber.core.runtime.CucumberExecutionContext.runTestCase(CucumberExecutionContext.java:129)
	at io.cucumber.testng.TestNGCucumberRunner.runScenario(TestNGCucumberRunner.java:129)
	at io.cucumber.testng.AbstractTestNGCucumberTests.runScenario(AbstractTestNGCucumberTests.java:35)
	at java.base/jdk.internal.reflect.NativeMethodAccessorImpl.invoke0(Native Method)
	at java.base/jdk.internal.reflect.NativeMethodAccessorImpl.invoke(NativeMethodAccessorImpl.java:62)
	at java.base/jdk.internal.reflect.DelegatingMethodAccessorImpl.invoke(DelegatingMethodAccessorImpl.java:43)
	at java.base/java.lang.reflect.Method.invoke(Method.java:566)
	at org.testng.internal.MethodInvocationHelper.invokeMethod(MethodInvocationHelper.java:133)
	at org.testng.internal.TestInvoker.invokeMethod(TestInvoker.java:598)
	at org.testng.internal.TestInvoker.invokeTestMethod(TestInvoker.java:173)
	at org.testng.internal.MethodRunner.runInSequence(MethodRunner.java:46)
	at org.testng.internal.TestInvoker$MethodInvocationAgent.invoke(TestInvoker.java:824)
	at org.testng.internal.TestInvoker.invokeTestMethods(TestInvoker.java:146)
	at org.testng.internal.TestMethodWorker.invokeTestMethods(TestMethodWorker.java:146)
	at org.testng.internal.TestMethodWorker.run(TestMethodWorker.java:128)
	at java.base/java.util.ArrayList.forEach(ArrayList.java:1540)
	at org.testng.TestRunner.privateRun(TestRunner.java:794)
	at org.testng.TestRunner.run(TestRunner.java:596)
	at org.testng.SuiteRunner.runTest(SuiteRunner.java:377)
	at org.testng.SuiteRunner.runSequentially(SuiteRunner.java:371)
	at org.testng.SuiteRunner.privateRun(SuiteRunner.java:332)
	at org.testng.SuiteRunner.run(SuiteRunner.java:276)
	at org.testng.SuiteRunnerWorker.runSuite(SuiteRunnerWorker.java:53)
	at org.testng.SuiteRunnerWorker.run(SuiteRunnerWorker.java:96)
	at org.testng.TestNG.runSuitesSequentially(TestNG.java:1212)
	at org.testng.TestNG.runSuitesLocally(TestNG.java:1134)
	at org.testng.TestNG.runSuites(TestNG.java:1063)
	at org.testng.TestNG.run(TestNG.java:1031)
	at org.apache.maven.surefire.testng.TestNGExecutor.run(TestNGExecutor.java:283)
	at org.apache.maven.surefire.testng.TestNGXmlTestSuite.execute(TestNGXmlTestSuite.java:75)
	at org.apache.maven.surefire.testng.TestNGProvider.invoke(TestNGProvider.java:120)
	at org.apache.maven.surefire.booter.ForkedBooter.invokeProviderInSameClassLoader(ForkedBooter.java:384)
	at org.apache.maven.surefire.booter.ForkedBooter.runSuitesInProcess(ForkedBooter.java:345)
	at org.apache.maven.surefire.booter.ForkedBooter.execute(ForkedBooter.java:126)
	at org.apache.maven.surefire.booter.ForkedBooter.main(ForkedBooter.java:418)
Caused by: java.lang.reflect.InvocationTargetException
	at java.base/jdk.internal.reflect.NativeMethodAccessorImpl.invoke0(Native Method)
	at java.base/jdk.internal.reflect.NativeMethodAccessorImpl.invoke(NativeMethodAccessorImpl.java:62)
	at java.base/jdk.internal.reflect.DelegatingMethodAccessorImpl.invoke(DelegatingMethodAccessorImpl.java:43)
	at java.base/java.lang.reflect.Method.invoke(Method.java:566)
	at io.appium.java_client.remote.AppiumCommandExecutor$1.createSession(AppiumCommandExecutor.java:185)
	... 67 more
Caused by: org.openqa.selenium.WebDriverException: An unknown server-side error occurred while processing the command. Original error: Error executing adbExec. Original error: 'Command 'C:\\Users\\aakashgaur\\AppData\\Local\\Android\\Sdk\\platform-tools\\adb.exe -P 5037 -s emulator-5554 install -r C:\\Users\\aakashgaur\\AppData\\Roaming\\npm\\node_modules\\appium\\node_modules\\appium-uiautomator2-server\\apks\\appium-uiautomator2-server-v4.27.0.apk' exited with code 1'; Command output: adb: failed to install C:\Users\aakashgaur\AppData\Roaming\npm\node_modules\appium\node_modules\appium-uiautomator2-server\apks\appium-uiautomator2-server-v4.27.0.apk: cmd: Can't find service: package

Build info: version: '3.12.0', revision: '7c6e0b3', time: '2018-05-08T14:04:26.12Z'
System info: host: 'IN-B1BN2J3', ip: '192.168.0.101', os.name: 'Windows 10', os.arch: 'amd64', os.version: '10.0', java.version: '11.0.5'
Driver info: driver.version: AndroidDriver
remote stacktrace: UnknownError: An unknown server-side error occurred while processing the command. Original error: Error executing adbExec. Original error: 'Command 'C:\\Users\\aakashgaur\\AppData\\Local\\Android\\Sdk\\platform-tools\\adb.exe -P 5037 -s emulator-5554 install -r C:\\Users\\aakashgaur\\AppData\\Roaming\\npm\\node_modules\\appium\\node_modules\\appium-uiautomator2-server\\apks\\appium-uiautomator2-server-v4.27.0.apk' exited with code 1'; Command output: adb: failed to install C:\Users\aakashgaur\AppData\Roaming\npm\node_modules\appium\node_modules\appium-uiautomator2-server\apks\appium-uiautomator2-server-v4.27.0.apk: cmd: Can't find service: package

    at getResponseForW3CError (C:\Users\aakashgaur\AppData\Roaming\npm\node_modules\appium\node_modules\appium-base-driver\lib\protocol\errors.js:804:9)
    at asyncHandler (C:\Users\aakashgaur\AppData\Roaming\npm\node_modules\appium\node_modules\appium-base-driver\lib\protocol\protocol.js:380:37)
	at java.base/jdk.internal.reflect.NativeConstructorAccessorImpl.newInstance0(Native Method)
	at java.base/jdk.internal.reflect.NativeConstructorAccessorImpl.newInstance(NativeConstructorAccessorImpl.java:62)
	at java.base/jdk.internal.reflect.DelegatingConstructorAccessorImpl.newInstance(DelegatingConstructorAccessorImpl.java:45)
	at java.base/java.lang.reflect.Constructor.newInstance(Constructor.java:490)
	at org.openqa.selenium.remote.W3CHandshakeResponse.lambda$new$0(W3CHandshakeResponse.java:57)
	at org.openqa.selenium.remote.W3CHandshakeResponse.lambda$getResponseFunction$2(W3CHandshakeResponse.java:104)
	at org.openqa.selenium.remote.ProtocolHandshake.lambda$createSession$0(ProtocolHandshake.java:123)
	at java.base/java.util.stream.ReferencePipeline$3$1.accept(ReferencePipeline.java:195)
	at java.base/java.util.Spliterators$ArraySpliterator.tryAdvance(Spliterators.java:958)
	at java.base/java.util.stream.ReferencePipeline.forEachWithCancel(ReferencePipeline.java:127)
	at java.base/java.util.stream.AbstractPipeline.copyIntoWithCancel(AbstractPipeline.java:502)
	at java.base/java.util.stream.AbstractPipeline.copyInto(AbstractPipeline.java:488)
	at java.base/java.util.stream.AbstractPipeline.wrapAndCopyInto(AbstractPipeline.java:474)
	at java.base/java.util.stream.FindOps$FindOp.evaluateSequential(FindOps.java:150)
	at java.base/java.util.stream.AbstractPipeline.evaluate(AbstractPipeline.java:234)
	at java.base/java.util.stream.ReferencePipeline.findFirst(ReferencePipeline.java:543)
	at org.openqa.selenium.remote.ProtocolHandshake.createSession(ProtocolHandshake.java:126)
	... 72 more
]]></system-err>
  </testcase>
  <testcase name="runScenario" classname="com.apidemo.runner.Run" time="1.373">
    <failure message="Failed to instantiate class com.apidemo.stepdefinition.WhenStepDefinition" type="io.cucumber.core.exception.CucumberException">io.cucumber.core.exception.CucumberException: Failed to instantiate class com.apidemo.stepdefinition.WhenStepDefinition
Caused by: java.lang.reflect.InvocationTargetException
Caused by: org.openqa.selenium.NoSuchSessionException: 
Session ID is null. Using WebDriver after calling quit()?
Build info: version: '3.12.0', revision: '7c6e0b3', time: '2018-05-08T14:04:26.12Z'
System info: host: 'IN-B1BN2J3', ip: '192.168.0.101', os.name: 'Windows 10', os.arch: 'amd64', os.version: '10.0', java.version: '11.0.5'
Driver info: driver.version: AndroidDriver
</failure>
    <system-out><![CDATA[
@ThemeScreenTest
Scenario: Testing the functionality of Dark Theme # src/test/java/com/apidemo/feature/ThemeScreenFeature.feature:12
&amp#27;[35m[HTTP]&amp#27;[39m &amp#27;[37m-->&amp#27;[39m &amp#27;[37mPOST&amp#27;[39m &amp#27;[37m/wd/hub/session&amp#27;[39m
&amp#27;[35m[HTTP]&amp#27;[39m &amp#27;[90m{"desiredCapabilities":{"app":"C:\\Users\\aakashgaur\\eclipse-workspace\\Exit_Assginment\\resources\\App\\API Demos_4.0_apkcombo.com.apk","appActivity":"com.hmh.api.ApiDemos","appPackage":"com.hmh.api","isHeadless":true,"appium-version":"1.15.1","avdArgs":"-no-window","platformVersion":"8.1","platformName":"Android","deviceName":"Android"},"capabilities":{"alwaysMatch":{"appium:app":"C:\\Users\\aakashgaur\\eclipse-workspace\\Exit_Assginment\\resources\\App\\API Demos_4.0_apkcombo.com.apk","appium:appActivity":"com.hmh.api.ApiDemos","appium:appPackage":"com.hmh.api","appium-version":"1.15.1","appium:avdArgs":"-no-window","appium:deviceName":"Android","isHeadless":true,"platformName":"android","appium:platformVersion":"8.1"},"firstMatch":[{}]}}&amp#27;[39m
[debug] &amp#27;[35m[W3C]&amp#27;[39m Calling AppiumDriver.createSession() with args: [{"app":"C:\\Users\\aakashgaur\\eclipse-workspace\\Exit_Assginment\\resources\\App\\API Demos_4.0_apkcombo.com.apk","appActivity":"com.hmh.api.ApiDemos","appPackage":"com.hmh.api","isHeadless":true,"appium-version":"1.15.1","avdArgs":"-no-window","platformVersion":"8.1","platformName":"Android","deviceName":"Android"},null,{"alwaysMatch":{"appium:app":"C:\\Users\\aakashgaur\\eclipse-workspace\\Exit_Assginment\\resources\\App\\API Demos_4.0_apkcombo.com.apk","appium:appActivity":"com.hmh.api.ApiDemos","appium:appPackage":"com.hmh.api","appium-version":"1.15.1","appium:avdArgs":"-no-window","appium:deviceName":"Android","isHeadless":true,"platformName":"android","appium:platformVersion":"8.1"},"firstMatch":[{}]}]
[debug] &amp#27;[35m[BaseDriver]&amp#27;[39m Event 'newSessionRequested' logged at 1675329620509 (14:50:20 GMT+0530 (India Standard Time))
&amp#27;[35m[BaseDriver]&amp#27;[39m The following capabilities are not standard capabilities and should have an extension prefix:
&amp#27;[35m[BaseDriver]&amp#27;[39m   appium-version
&amp#27;[35m[BaseDriver]&amp#27;[39m   isHeadless
&amp#27;[35m[Appium]&amp#27;[39m 
&amp#27;[35m[Appium]&amp#27;[39m ======================================================================
&amp#27;[35m[Appium]&amp#27;[39m   DEPRECATION WARNING:
&amp#27;[35m[Appium]&amp#27;[39m 
&amp#27;[35m[Appium]&amp#27;[39m   The 'automationName' capability was not provided in the desired 
&amp#27;[35m[Appium]&amp#27;[39m   capabilities for this Android session
&amp#27;[35m[Appium]&amp#27;[39m 
&amp#27;[35m[Appium]&amp#27;[39m   Setting 'automationName=UiAutomator2' by default and using the 
&amp#27;[35m[Appium]&amp#27;[39m   UiAutomator2 Driver
&amp#27;[35m[Appium]&amp#27;[39m 
&amp#27;[35m[Appium]&amp#27;[39m   The next major version of Appium (2.x) will **require** the 
&amp#27;[35m[Appium]&amp#27;[39m   'automationName' capability to be set for all sessions on all 
&amp#27;[35m[Appium]&amp#27;[39m   platforms
&amp#27;[35m[Appium]&amp#27;[39m 
&amp#27;[35m[Appium]&amp#27;[39m   In previous versions (Appium <= 1.13.x), the default was 
&amp#27;[35m[Appium]&amp#27;[39m   'automationName=UiAutomator1'
&amp#27;[35m[Appium]&amp#27;[39m 
&amp#27;[35m[Appium]&amp#27;[39m   If you wish to use that automation instead of UiAutomator2, please 
&amp#27;[35m[Appium]&amp#27;[39m   add 'automationName=UiAutomator1' to your desired capabilities
&amp#27;[35m[Appium]&amp#27;[39m 
&amp#27;[35m[Appium]&amp#27;[39m   For more information about drivers, please visit 
&amp#27;[35m[Appium]&amp#27;[39m   http://appium.io/docs/en/about-appium/intro/ and explore the 
&amp#27;[35m[Appium]&amp#27;[39m   'Drivers' menu
&amp#27;[35m[Appium]&amp#27;[39m 
&amp#27;[35m[Appium]&amp#27;[39m ======================================================================
&amp#27;[35m[Appium]&amp#27;[39m 
&amp#27;[35m[Appium]&amp#27;[39m Appium v1.22.3 creating new AndroidUiautomator2Driver (v1.70.1) session
[debug] &amp#27;[35m[BaseDriver]&amp#27;[39m W3C capabilities and MJSONWP desired capabilities were provided
[debug] &amp#27;[35m[BaseDriver]&amp#27;[39m Creating session with W3C capabilities: {
[debug] &amp#27;[35m[BaseDriver]&amp#27;[39m   "alwaysMatch": {
[debug] &amp#27;[35m[BaseDriver]&amp#27;[39m     "appium:appium-version": "1.15.1",
[debug] &amp#27;[35m[BaseDriver]&amp#27;[39m     "appium:isHeadless": true,
[debug] &amp#27;[35m[BaseDriver]&amp#27;[39m     "platformName": "android",
[debug] &amp#27;[35m[BaseDriver]&amp#27;[39m     "appium:app": "C:\\Users\\aakashgaur\\eclipse-workspace\\Exit_Assginment\\resources\\App\\API Demos_4.0_apkcombo.com.apk",
[debug] &amp#27;[35m[BaseDriver]&amp#27;[39m     "appium:appActivity": "com.hmh.api.ApiDemos",
[debug] &amp#27;[35m[BaseDriver]&amp#27;[39m     "appium:appPackage": "com.hmh.api",
[debug] &amp#27;[35m[BaseDriver]&amp#27;[39m     "appium:avdArgs": "-no-window",
[debug] &amp#27;[35m[BaseDriver]&amp#27;[39m     "appium:deviceName": "Android",
[debug] &amp#27;[35m[BaseDriver]&amp#27;[39m     "appium:platformVersion": "8.1"
[debug] &amp#27;[35m[BaseDriver]&amp#27;[39m   },
[debug] &amp#27;[35m[BaseDriver]&amp#27;[39m   "firstMatch": [
[debug] &amp#27;[35m[BaseDriver]&amp#27;[39m     {}
[debug] &amp#27;[35m[BaseDriver]&amp#27;[39m   ]
[debug] &amp#27;[35m[BaseDriver]&amp#27;[39m }
&amp#27;[35m[BaseDriver]&amp#27;[39m The following capabilities were provided, but are not recognized by Appium:
&amp#27;[35m[BaseDriver]&amp#27;[39m   appium-version
&amp#27;[35m[BaseDriver]&amp#27;[39m Session created with session id: 5c894341-b78b-4f0f-b404-1fd33e56007c
&amp#27;[35m[BaseDriver]&amp#27;[39m Using local app 'C:\Users\aakashgaur\eclipse-workspace\Exit_Assginment\resources\App\API Demos_4.0_apkcombo.com.apk'
[debug] &amp#27;[35m[UiAutomator2]&amp#27;[39m Checking whether app is actually present
&amp#27;[35m[ADB]&amp#27;[39m Using 'adb.exe' from 'C:\Users\aakashgaur\AppData\Local\Android\Sdk\platform-tools\adb.exe'
[debug] &amp#27;[35m[ADB]&amp#27;[39m Running 'C:\Users\aakashgaur\AppData\Local\Android\Sdk\platform-tools\adb.exe -P 5037 start-server'
&amp#27;[35m[AndroidDriver]&amp#27;[39m Retrieving device list
[debug] &amp#27;[35m[ADB]&amp#27;[39m Trying to find a connected android device
[debug] &amp#27;[35m[ADB]&amp#27;[39m Getting connected devices
[debug] &amp#27;[35m[ADB]&amp#27;[39m Connected devices: [{"udid":"emulator-5554","state":"device"}]
&amp#27;[35m[AndroidDriver]&amp#27;[39m Looking for a device with Android '8.1.0'
[debug] &amp#27;[35m[ADB]&amp#27;[39m Setting device id to emulator-5554
&amp#27;[35m[ADB]&amp#27;[39m Getting device platform version
[debug] &amp#27;[35m[ADB]&amp#27;[39m Running 'C:\Users\aakashgaur\AppData\Local\Android\Sdk\platform-tools\adb.exe -P 5037 -s emulator-5554 shell getprop ro.build.version.release'
[debug] &amp#27;[35m[ADB]&amp#27;[39m Current device property 'ro.build.version.release': 8.1.0
&amp#27;[35m[AndroidDriver]&amp#27;[39m Using device: emulator-5554
&amp#27;[35m[ADB]&amp#27;[39m Using 'adb.exe' from 'C:\Users\aakashgaur\AppData\Local\Android\Sdk\platform-tools\adb.exe'
[debug] &amp#27;[35m[ADB]&amp#27;[39m Running 'C:\Users\aakashgaur\AppData\Local\Android\Sdk\platform-tools\adb.exe -P 5037 start-server'
[debug] &amp#27;[35m[ADB]&amp#27;[39m Setting device id to emulator-5554
[debug] &amp#27;[35m[ADB]&amp#27;[39m Running 'C:\Users\aakashgaur\AppData\Local\Android\Sdk\platform-tools\adb.exe -P 5037 -s emulator-5554 shell getprop ro.build.version.sdk'
[debug] &amp#27;[35m[ADB]&amp#27;[39m Current device property 'ro.build.version.sdk': 27
[debug] &amp#27;[35m[ADB]&amp#27;[39m Device API level: 27
[debug] &amp#27;[35m[ADB]&amp#27;[39m Running 'C:\Users\aakashgaur\AppData\Local\Android\Sdk\platform-tools\adb.exe -P 5037 -s emulator-5554 wait-for-device'
[debug] &amp#27;[35m[ADB]&amp#27;[39m Running 'C:\Users\aakashgaur\AppData\Local\Android\Sdk\platform-tools\adb.exe -P 5037 -s emulator-5554 shell echo ping'
[debug] &amp#27;[35m[AndroidDriver]&amp#27;[39m Pushing settings apk to device...
[debug] &amp#27;[35m[ADB]&amp#27;[39m Getting install status for io.appium.settings
[debug] &amp#27;[35m[ADB]&amp#27;[39m Running 'C:\Users\aakashgaur\AppData\Local\Android\Sdk\platform-tools\adb.exe -P 5037 -s emulator-5554 shell dumpsys package io.appium.settings'
[debug] &amp#27;[35m[ADB]&amp#27;[39m 'io.appium.settings' is not installed
[debug] &amp#27;[35m[ADB]&amp#27;[39m App 'C:\Users\aakashgaur\AppData\Roaming\npm\node_modules\appium\node_modules\io.appium.settings\apks\settings_apk-debug.apk' is not installed
[debug] &amp#27;[35m[ADB]&amp#27;[39m Installing 'C:\Users\aakashgaur\AppData\Roaming\npm\node_modules\appium\node_modules\io.appium.settings\apks\settings_apk-debug.apk'
[debug] &amp#27;[35m[ADB]&amp#27;[39m Running 'C:\Users\aakashgaur\AppData\Local\Android\Sdk\platform-tools\adb.exe -P 5037 -s emulator-5554 features'
&amp#27;[35m[ADB]&amp#27;[39m The application at 'C:\Users\aakashgaur\AppData\Roaming\npm\node_modules\appium\node_modules\io.appium.settings\apks\settings_apk-debug.apk' will not be cached, because the device under test has confirmed the support of streamed installs
[debug] &amp#27;[35m[ADB]&amp#27;[39m Running 'C:\Users\aakashgaur\AppData\Local\Android\Sdk\platform-tools\adb.exe -P 5037 -s emulator-5554 install -g C:\Users\aakashgaur\AppData\Roaming\npm\node_modules\appium\node_modules\io.appium.settings\apks\settings_apk-debug.apk'
[debug] &amp#27;[35m[ADB]&amp#27;[39m Getting install status for io.appium.settings
[debug] &amp#27;[35m[ADB]&amp#27;[39m Running 'C:\Users\aakashgaur\AppData\Local\Android\Sdk\platform-tools\adb.exe -P 5037 -s emulator-5554 shell dumpsys package io.appium.settings'
[debug] &amp#27;[35m[ADB]&amp#27;[39m 'io.appium.settings' is not installed
[debug] &amp#27;[35m[ADB]&amp#27;[39m App 'C:\Users\aakashgaur\AppData\Roaming\npm\node_modules\appium\node_modules\io.appium.settings\apks\settings_apk-debug.apk' is not installed
[debug] &amp#27;[35m[ADB]&amp#27;[39m Installing 'C:\Users\aakashgaur\AppData\Roaming\npm\node_modules\appium\node_modules\io.appium.settings\apks\settings_apk-debug.apk'
&amp#27;[35m[ADB]&amp#27;[39m The application at 'C:\Users\aakashgaur\AppData\Roaming\npm\node_modules\appium\node_modules\io.appium.settings\apks\settings_apk-debug.apk' will not be cached, because the device under test has confirmed the support of streamed installs
[debug] &amp#27;[35m[ADB]&amp#27;[39m Running 'C:\Users\aakashgaur\AppData\Local\Android\Sdk\platform-tools\adb.exe -P 5037 -s emulator-5554 install -g C:\Users\aakashgaur\AppData\Roaming\npm\node_modules\appium\node_modules\io.appium.settings\apks\settings_apk-debug.apk'
[debug] &amp#27;[35m[UiAutomator2]&amp#27;[39m Deleting UiAutomator2 session
[debug] &amp#27;[35m[ADB]&amp#27;[39m Running 'C:\Users\aakashgaur\AppData\Local\Android\Sdk\platform-tools\adb.exe -P 5037 -s emulator-5554 shell am force-stop com.hmh.api'
&amp#27;[35m[UiAutomator2]&amp#27;[39m Unable to force stop app: Error executing adbExec. Original error: 'Command 'C:\\Users\\aakashgaur\\AppData\\Local\\Android\\Sdk\\platform-tools\\adb.exe -P 5037 -s emulator-5554 shell am force-stop com.hmh.api' exited with code 20'; Command output: cmd: Can't find service: activity
&amp#27;[35m[UiAutomator2]&amp#27;[39m 
[debug] &amp#27;[35m[BaseDriver]&amp#27;[39m Event 'newSessionStarted' logged at 1675329621539 (14:50:21 GMT+0530 (India Standard Time))
[debug] &amp#27;[35m[W3C]&amp#27;[39m Encountered internal error running command: Error executing adbExec. Original error: 'Command 'C:\\Users\\aakashgaur\\AppData\\Local\\Android\\Sdk\\platform-tools\\adb.exe -P 5037 -s emulator-5554 install -g C:\\Users\\aakashgaur\\AppData\\Roaming\\npm\\node_modules\\appium\\node_modules\\io.appium.settings\\apks\\settings_apk-debug.apk' exited with code 1'; Command output: adb: failed to install C:\Users\aakashgaur\AppData\Roaming\npm\node_modules\appium\node_modules\io.appium.settings\apks\settings_apk-debug.apk: cmd: Can't find service: package
[debug] &amp#27;[35m[W3C]&amp#27;[39m 
[debug] &amp#27;[35m[W3C]&amp#27;[39m Error: Command 'C:\\Users\\aakashgaur\\AppData\\Local\\Android\\Sdk\\platform-tools\\adb.exe -P 5037 -s emulator-5554 install -g C:\\Users\\aakashgaur\\AppData\\Roaming\\npm\\node_modules\\appium\\node_modules\\io.appium.settings\\apks\\settings_apk-debug.apk' exited with code 1
[debug] &amp#27;[35m[W3C]&amp#27;[39m     at ChildProcess.<anonymous> (C:\Users\aakashgaur\AppData\Roaming\npm\node_modules\appium\node_modules\teen_process\lib\exec.js:113:19)
[debug] &amp#27;[35m[W3C]&amp#27;[39m     at ChildProcess.emit (events.js:315:20)
[debug] &amp#27;[35m[W3C]&amp#27;[39m     at maybeClose (internal/child_process.js:1048:16)
[debug] &amp#27;[35m[W3C]&amp#27;[39m     at Process.ChildProcess._handle.onexit (internal/child_process.js:288:5)
&amp#27;[35m[HTTP]&amp#27;[39m &amp#27;[37m<-- POST /wd/hub/session &amp#27;[39m&amp#27;[31m500&amp#27;[39m &amp#27;[90m1033 ms - 1695&amp#27;[39m
&amp#27;[35m[HTTP]&amp#27;[39m &amp#27;[90m&amp#27;[39m
  When User Tap on Views                          # com.apidemo.stepdefinition.WhenStepDefinition.user_Tap_on_views()
      io.cucumber.core.exception.CucumberException: Failed to instantiate class com.apidemo.stepdefinition.WhenStepDefinition
	at io.cucumber.core.backend.DefaultObjectFactory.cacheNewInstance(DefaultObjectFactory.java:67)
	at io.cucumber.core.backend.DefaultObjectFactory.getInstance(DefaultObjectFactory.java:45)
	at io.cucumber.java.AbstractGlueDefinition.invokeMethod(AbstractGlueDefinition.java:47)
	at io.cucumber.java.JavaStepDefinition.execute(JavaStepDefinition.java:29)
	at io.cucumber.core.runner.CoreStepDefinition.execute(CoreStepDefinition.java:66)
	at io.cucumber.core.runner.PickleStepDefinitionMatch.runStep(PickleStepDefinitionMatch.java:63)
	at io.cucumber.core.runner.ExecutionMode$1.execute(ExecutionMode.java:10)
	at io.cucumber.core.runner.TestStep.executeStep(TestStep.java:85)
	at io.cucumber.core.runner.TestStep.run(TestStep.java:57)
	at io.cucumber.core.runner.PickleStepTestStep.run(PickleStepTestStep.java:51)
	at io.cucumber.core.runner.TestCase.run(TestCase.java:84)
	at io.cucumber.core.runner.Runner.runPickle(Runner.java:75)
	at io.cucumber.testng.TestNGCucumberRunner.lambda$runScenario$1(TestNGCucumberRunner.java:132)
	at io.cucumber.core.runtime.CucumberExecutionContext.lambda$runTestCase$5(CucumberExecutionContext.java:129)
	at io.cucumber.core.runtime.RethrowingThrowableCollector.executeAndThrow(RethrowingThrowableCollector.java:23)
	at io.cucumber.core.runtime.CucumberExecutionContext.runTestCase(CucumberExecutionContext.java:129)
	at io.cucumber.testng.TestNGCucumberRunner.runScenario(TestNGCucumberRunner.java:129)
	at io.cucumber.testng.AbstractTestNGCucumberTests.runScenario(AbstractTestNGCucumberTests.java:35)
	at java.base/jdk.internal.reflect.NativeMethodAccessorImpl.invoke0(Native Method)
	at java.base/jdk.internal.reflect.NativeMethodAccessorImpl.invoke(NativeMethodAccessorImpl.java:62)
	at java.base/jdk.internal.reflect.DelegatingMethodAccessorImpl.invoke(DelegatingMethodAccessorImpl.java:43)
	at java.base/java.lang.reflect.Method.invoke(Method.java:566)
	at org.testng.internal.MethodInvocationHelper.invokeMethod(MethodInvocationHelper.java:133)
	at org.testng.internal.TestInvoker.invokeMethod(TestInvoker.java:598)
	at org.testng.internal.TestInvoker.invokeTestMethod(TestInvoker.java:173)
	at org.testng.internal.MethodRunner.runInSequence(MethodRunner.java:46)
	at org.testng.internal.TestInvoker$MethodInvocationAgent.invoke(TestInvoker.java:824)
	at org.testng.internal.TestInvoker.invokeTestMethods(TestInvoker.java:146)
	at org.testng.internal.TestMethodWorker.invokeTestMethods(TestMethodWorker.java:146)
	at org.testng.internal.TestMethodWorker.run(TestMethodWorker.java:128)
	at java.base/java.util.ArrayList.forEach(ArrayList.java:1540)
	at org.testng.TestRunner.privateRun(TestRunner.java:794)
	at org.testng.TestRunner.run(TestRunner.java:596)
	at org.testng.SuiteRunner.runTest(SuiteRunner.java:377)
	at org.testng.SuiteRunner.runSequentially(SuiteRunner.java:371)
	at org.testng.SuiteRunner.privateRun(SuiteRunner.java:332)
	at org.testng.SuiteRunner.run(SuiteRunner.java:276)
	at org.testng.SuiteRunnerWorker.runSuite(SuiteRunnerWorker.java:53)
	at org.testng.SuiteRunnerWorker.run(SuiteRunnerWorker.java:96)
	at org.testng.TestNG.runSuitesSequentially(TestNG.java:1212)
	at org.testng.TestNG.runSuitesLocally(TestNG.java:1134)
	at org.testng.TestNG.runSuites(TestNG.java:1063)
	at org.testng.TestNG.run(TestNG.java:1031)
	at org.apache.maven.surefire.testng.TestNGExecutor.run(TestNGExecutor.java:283)
	at org.apache.maven.surefire.testng.TestNGXmlTestSuite.execute(TestNGXmlTestSuite.java:75)
	at org.apache.maven.surefire.testng.TestNGProvider.invoke(TestNGProvider.java:120)
	at org.apache.maven.surefire.booter.ForkedBooter.invokeProviderInSameClassLoader(ForkedBooter.java:384)
	at org.apache.maven.surefire.booter.ForkedBooter.runSuitesInProcess(ForkedBooter.java:345)
	at org.apache.maven.surefire.booter.ForkedBooter.execute(ForkedBooter.java:126)
	at org.apache.maven.surefire.booter.ForkedBooter.main(ForkedBooter.java:418)
Caused by: java.lang.reflect.InvocationTargetException
	at java.base/jdk.internal.reflect.NativeConstructorAccessorImpl.newInstance0(Native Method)
	at java.base/jdk.internal.reflect.NativeConstructorAccessorImpl.newInstance(NativeConstructorAccessorImpl.java:62)
	at java.base/jdk.internal.reflect.DelegatingConstructorAccessorImpl.newInstance(DelegatingConstructorAccessorImpl.java:45)
	at java.base/java.lang.reflect.Constructor.newInstance(Constructor.java:490)
	at io.cucumber.core.backend.DefaultObjectFactory.cacheNewInstance(DefaultObjectFactory.java:53)
	... 49 more
Caused by: org.openqa.selenium.NoSuchSessionException: Session ID is null. Using WebDriver after calling quit()?
Build info: version: '3.12.0', revision: '7c6e0b3', time: '2018-05-08T14:04:26.12Z'
System info: host: 'IN-B1BN2J3', ip: '192.168.0.101', os.name: 'Windows 10', os.arch: 'amd64', os.version: '10.0', java.version: '11.0.5'
Driver info: driver.version: AndroidDriver
	at org.openqa.selenium.remote.HttpCommandExecutor.execute(HttpCommandExecutor.java:125)
	at io.appium.java_client.remote.AppiumCommandExecutor.execute(AppiumCommandExecutor.java:231)
	at org.openqa.selenium.remote.RemoteWebDriver.execute(RemoteWebDriver.java:543)
	at io.appium.java_client.DefaultGenericMobileDriver.execute(DefaultGenericMobileDriver.java:46)
	at io.appium.java_client.AppiumDriver.execute(AppiumDriver.java:1)
	at io.appium.java_client.android.AndroidDriver.execute(AndroidDriver.java:1)
	at io.appium.java_client.HasSessionDetails.getSessionDetails(HasSessionDetails.java:39)
	at io.appium.java_client.HasSessionDetails.getSessionDetail(HasSessionDetails.java:56)
	at io.appium.java_client.HasSessionDetails.getPlatformName(HasSessionDetails.java:65)
	at io.appium.java_client.pagefactory.AppiumFieldDecorator.<init>(AppiumFieldDecorator.java:96)
	at io.appium.java_client.pagefactory.AppiumFieldDecorator.<init>(AppiumFieldDecorator.java:144)
	at com.apidemo.screens.HomeScreen.<init>(HomeScreen.java:15)
	at com.apidemo.stepdefinition.WhenStepDefinition.<init>(WhenStepDefinition.java:24)
	... 54 more

  And Tap on Controls                             # com.apidemo.stepdefinition.WhenStepDefinition.Tap_on_controls()
  When User Tap on Dark Theme                     # com.apidemo.stepdefinition.ThemeScreenStepDefinition.user_Tap_on_dark_theme()
  Then Dark Theme is Visible                      # com.apidemo.stepdefinition.ThemeScreenStepDefinition.dark_theme_is_visible()
      org.openqa.selenium.NoSuchSessionException: Session ID is null. Using WebDriver after calling quit()?
Build info: version: '3.12.0', revision: '7c6e0b3', time: '2018-05-08T14:04:26.12Z'
System info: host: 'IN-B1BN2J3', ip: '192.168.0.101', os.name: 'Windows 10', os.arch: 'amd64', os.version: '10.0', java.version: '11.0.5'
Driver info: driver.version: RemoteWebDriver
	at org.openqa.selenium.remote.HttpCommandExecutor.execute(HttpCommandExecutor.java:125)
	at io.appium.java_client.remote.AppiumCommandExecutor.execute(AppiumCommandExecutor.java:231)
	at org.openqa.selenium.remote.RemoteWebDriver.execute(RemoteWebDriver.java:543)
	at io.appium.java_client.DefaultGenericMobileDriver.execute(DefaultGenericMobileDriver.java:46)
	at io.appium.java_client.AppiumDriver.execute(AppiumDriver.java:1)
	at io.appium.java_client.android.AndroidDriver.execute(AndroidDriver.java:1)
	at org.openqa.selenium.remote.RemoteWebDriver.getScreenshotAs(RemoteWebDriver.java:289)
	at com.apidemo.utils.ScreenShots.takeScreenShot(ScreenShots.java:22)
	at com.apidemo.stepdefinition.HookFile.closeservice(HookFile.java:34)

]]></system-out>
    <system-err><![CDATA[org.openqa.selenium.WebDriverException: It is impossible to create a new session because 'createSession' which takes HttpClient, InputStream and long was not found or it is not accessible
Build info: version: '3.12.0', revision: '7c6e0b3', time: '2018-05-08T14:04:26.12Z'
System info: host: 'IN-B1BN2J3', ip: '192.168.0.101', os.name: 'Windows 10', os.arch: 'amd64', os.version: '10.0', java.version: '11.0.5'
Driver info: driver.version: AndroidDriver
	at io.appium.java_client.remote.AppiumCommandExecutor$1.createSession(AppiumCommandExecutor.java:195)
	at io.appium.java_client.remote.AppiumCommandExecutor.createSession(AppiumCommandExecutor.java:209)
	at io.appium.java_client.remote.AppiumCommandExecutor.execute(AppiumCommandExecutor.java:231)
	at org.openqa.selenium.remote.RemoteWebDriver.execute(RemoteWebDriver.java:543)
	at io.appium.java_client.DefaultGenericMobileDriver.execute(DefaultGenericMobileDriver.java:42)
	at io.appium.java_client.AppiumDriver.execute(AppiumDriver.java:1)
	at io.appium.java_client.android.AndroidDriver.execute(AndroidDriver.java:1)
	at org.openqa.selenium.remote.RemoteWebDriver.startSession(RemoteWebDriver.java:207)
	at org.openqa.selenium.remote.RemoteWebDriver.<init>(RemoteWebDriver.java:130)
	at io.appium.java_client.DefaultGenericMobileDriver.<init>(DefaultGenericMobileDriver.java:38)
	at io.appium.java_client.AppiumDriver.<init>(AppiumDriver.java:84)
	at io.appium.java_client.AppiumDriver.<init>(AppiumDriver.java:94)
	at io.appium.java_client.android.AndroidDriver.<init>(AndroidDriver.java:93)
	at com.apidemo.base.TestBase.launchAndIntallApp(TestBase.java:68)
	at com.apidemo.stepdefinition.HookFile.startAppium(HookFile.java:27)
	at java.base/jdk.internal.reflect.NativeMethodAccessorImpl.invoke0(Native Method)
	at java.base/jdk.internal.reflect.NativeMethodAccessorImpl.invoke(NativeMethodAccessorImpl.java:62)
	at java.base/jdk.internal.reflect.DelegatingMethodAccessorImpl.invoke(DelegatingMethodAccessorImpl.java:43)
	at java.base/java.lang.reflect.Method.invoke(Method.java:566)
	at io.cucumber.java.Invoker.doInvoke(Invoker.java:66)
	at io.cucumber.java.Invoker.invoke(Invoker.java:24)
	at io.cucumber.java.AbstractGlueDefinition.invokeMethod(AbstractGlueDefinition.java:47)
	at io.cucumber.java.JavaHookDefinition.execute(JavaHookDefinition.java:64)
	at io.cucumber.core.runner.CoreHookDefinition.execute(CoreHookDefinition.java:46)
	at io.cucumber.core.runner.HookDefinitionMatch.runStep(HookDefinitionMatch.java:21)
	at io.cucumber.core.runner.ExecutionMode$1.execute(ExecutionMode.java:10)
	at io.cucumber.core.runner.TestStep.executeStep(TestStep.java:85)
	at io.cucumber.core.runner.TestStep.run(TestStep.java:57)
	at io.cucumber.core.runner.TestCase.run(TestCase.java:78)
	at io.cucumber.core.runner.Runner.runPickle(Runner.java:75)
	at io.cucumber.testng.TestNGCucumberRunner.lambda$runScenario$1(TestNGCucumberRunner.java:132)
	at io.cucumber.core.runtime.CucumberExecutionContext.lambda$runTestCase$5(CucumberExecutionContext.java:129)
	at io.cucumber.core.runtime.RethrowingThrowableCollector.executeAndThrow(RethrowingThrowableCollector.java:23)
	at io.cucumber.core.runtime.CucumberExecutionContext.runTestCase(CucumberExecutionContext.java:129)
	at io.cucumber.testng.TestNGCucumberRunner.runScenario(TestNGCucumberRunner.java:129)
	at io.cucumber.testng.AbstractTestNGCucumberTests.runScenario(AbstractTestNGCucumberTests.java:35)
	at java.base/jdk.internal.reflect.NativeMethodAccessorImpl.invoke0(Native Method)
	at java.base/jdk.internal.reflect.NativeMethodAccessorImpl.invoke(NativeMethodAccessorImpl.java:62)
	at java.base/jdk.internal.reflect.DelegatingMethodAccessorImpl.invoke(DelegatingMethodAccessorImpl.java:43)
	at java.base/java.lang.reflect.Method.invoke(Method.java:566)
	at org.testng.internal.MethodInvocationHelper.invokeMethod(MethodInvocationHelper.java:133)
	at org.testng.internal.TestInvoker.invokeMethod(TestInvoker.java:598)
	at org.testng.internal.TestInvoker.invokeTestMethod(TestInvoker.java:173)
	at org.testng.internal.MethodRunner.runInSequence(MethodRunner.java:46)
	at org.testng.internal.TestInvoker$MethodInvocationAgent.invoke(TestInvoker.java:824)
	at org.testng.internal.TestInvoker.invokeTestMethods(TestInvoker.java:146)
	at org.testng.internal.TestMethodWorker.invokeTestMethods(TestMethodWorker.java:146)
	at org.testng.internal.TestMethodWorker.run(TestMethodWorker.java:128)
	at java.base/java.util.ArrayList.forEach(ArrayList.java:1540)
	at org.testng.TestRunner.privateRun(TestRunner.java:794)
	at org.testng.TestRunner.run(TestRunner.java:596)
	at org.testng.SuiteRunner.runTest(SuiteRunner.java:377)
	at org.testng.SuiteRunner.runSequentially(SuiteRunner.java:371)
	at org.testng.SuiteRunner.privateRun(SuiteRunner.java:332)
	at org.testng.SuiteRunner.run(SuiteRunner.java:276)
	at org.testng.SuiteRunnerWorker.runSuite(SuiteRunnerWorker.java:53)
	at org.testng.SuiteRunnerWorker.run(SuiteRunnerWorker.java:96)
	at org.testng.TestNG.runSuitesSequentially(TestNG.java:1212)
	at org.testng.TestNG.runSuitesLocally(TestNG.java:1134)
	at org.testng.TestNG.runSuites(TestNG.java:1063)
	at org.testng.TestNG.run(TestNG.java:1031)
	at org.apache.maven.surefire.testng.TestNGExecutor.run(TestNGExecutor.java:283)
	at org.apache.maven.surefire.testng.TestNGXmlTestSuite.execute(TestNGXmlTestSuite.java:75)
	at org.apache.maven.surefire.testng.TestNGProvider.invoke(TestNGProvider.java:120)
	at org.apache.maven.surefire.booter.ForkedBooter.invokeProviderInSameClassLoader(ForkedBooter.java:384)
	at org.apache.maven.surefire.booter.ForkedBooter.runSuitesInProcess(ForkedBooter.java:345)
	at org.apache.maven.surefire.booter.ForkedBooter.execute(ForkedBooter.java:126)
	at org.apache.maven.surefire.booter.ForkedBooter.main(ForkedBooter.java:418)
Caused by: java.lang.reflect.InvocationTargetException
	at java.base/jdk.internal.reflect.NativeMethodAccessorImpl.invoke0(Native Method)
	at java.base/jdk.internal.reflect.NativeMethodAccessorImpl.invoke(NativeMethodAccessorImpl.java:62)
	at java.base/jdk.internal.reflect.DelegatingMethodAccessorImpl.invoke(DelegatingMethodAccessorImpl.java:43)
	at java.base/java.lang.reflect.Method.invoke(Method.java:566)
	at io.appium.java_client.remote.AppiumCommandExecutor$1.createSession(AppiumCommandExecutor.java:185)
	... 67 more
Caused by: org.openqa.selenium.WebDriverException: An unknown server-side error occurred while processing the command. Original error: Error executing adbExec. Original error: 'Command 'C:\\Users\\aakashgaur\\AppData\\Local\\Android\\Sdk\\platform-tools\\adb.exe -P 5037 -s emulator-5554 install -g C:\\Users\\aakashgaur\\AppData\\Roaming\\npm\\node_modules\\appium\\node_modules\\io.appium.settings\\apks\\settings_apk-debug.apk' exited with code 1'; Command output: adb: failed to install C:\Users\aakashgaur\AppData\Roaming\npm\node_modules\appium\node_modules\io.appium.settings\apks\settings_apk-debug.apk: cmd: Can't find service: package

Build info: version: '3.12.0', revision: '7c6e0b3', time: '2018-05-08T14:04:26.12Z'
System info: host: 'IN-B1BN2J3', ip: '192.168.0.101', os.name: 'Windows 10', os.arch: 'amd64', os.version: '10.0', java.version: '11.0.5'
Driver info: driver.version: AndroidDriver
remote stacktrace: UnknownError: An unknown server-side error occurred while processing the command. Original error: Error executing adbExec. Original error: 'Command 'C:\\Users\\aakashgaur\\AppData\\Local\\Android\\Sdk\\platform-tools\\adb.exe -P 5037 -s emulator-5554 install -g C:\\Users\\aakashgaur\\AppData\\Roaming\\npm\\node_modules\\appium\\node_modules\\io.appium.settings\\apks\\settings_apk-debug.apk' exited with code 1'; Command output: adb: failed to install C:\Users\aakashgaur\AppData\Roaming\npm\node_modules\appium\node_modules\io.appium.settings\apks\settings_apk-debug.apk: cmd: Can't find service: package

    at getResponseForW3CError (C:\Users\aakashgaur\AppData\Roaming\npm\node_modules\appium\node_modules\appium-base-driver\lib\protocol\errors.js:804:9)
    at asyncHandler (C:\Users\aakashgaur\AppData\Roaming\npm\node_modules\appium\node_modules\appium-base-driver\lib\protocol\protocol.js:380:37)
	at java.base/jdk.internal.reflect.NativeConstructorAccessorImpl.newInstance0(Native Method)
	at java.base/jdk.internal.reflect.NativeConstructorAccessorImpl.newInstance(NativeConstructorAccessorImpl.java:62)
	at java.base/jdk.internal.reflect.DelegatingConstructorAccessorImpl.newInstance(DelegatingConstructorAccessorImpl.java:45)
	at java.base/java.lang.reflect.Constructor.newInstance(Constructor.java:490)
	at org.openqa.selenium.remote.W3CHandshakeResponse.lambda$new$0(W3CHandshakeResponse.java:57)
	at org.openqa.selenium.remote.W3CHandshakeResponse.lambda$getResponseFunction$2(W3CHandshakeResponse.java:104)
	at org.openqa.selenium.remote.ProtocolHandshake.lambda$createSession$0(ProtocolHandshake.java:123)
	at java.base/java.util.stream.ReferencePipeline$3$1.accept(ReferencePipeline.java:195)
	at java.base/java.util.Spliterators$ArraySpliterator.tryAdvance(Spliterators.java:958)
	at java.base/java.util.stream.ReferencePipeline.forEachWithCancel(ReferencePipeline.java:127)
	at java.base/java.util.stream.AbstractPipeline.copyIntoWithCancel(AbstractPipeline.java:502)
	at java.base/java.util.stream.AbstractPipeline.copyInto(AbstractPipeline.java:488)
	at java.base/java.util.stream.AbstractPipeline.wrapAndCopyInto(AbstractPipeline.java:474)
	at java.base/java.util.stream.FindOps$FindOp.evaluateSequential(FindOps.java:150)
	at java.base/java.util.stream.AbstractPipeline.evaluate(AbstractPipeline.java:234)
	at java.base/java.util.stream.ReferencePipeline.findFirst(ReferencePipeline.java:543)
	at org.openqa.selenium.remote.ProtocolHandshake.createSession(ProtocolHandshake.java:126)
	... 72 more
]]></system-err>
  </testcase>
  <testcase name="runScenario" classname="com.apidemo.runner.Run" time="1.221">
    <failure message="Failed to instantiate class com.apidemo.stepdefinition.WhenStepDefinition" type="io.cucumber.core.exception.CucumberException">io.cucumber.core.exception.CucumberException: Failed to instantiate class com.apidemo.stepdefinition.WhenStepDefinition
Caused by: java.lang.reflect.InvocationTargetException
Caused by: org.openqa.selenium.NoSuchSessionException: 
Session ID is null. Using WebDriver after calling quit()?
Build info: version: '3.12.0', revision: '7c6e0b3', time: '2018-05-08T14:04:26.12Z'
System info: host: 'IN-B1BN2J3', ip: '192.168.0.101', os.name: 'Windows 10', os.arch: 'amd64', os.version: '10.0', java.version: '11.0.5'
Driver info: driver.version: AndroidDriver
</failure>
    <system-out><![CDATA[
@ThemeScreenTest
Scenario: Testing the functionality of Holo Light Theme # src/test/java/com/apidemo/feature/ThemeScreenFeature.feature:16
&amp#27;[35m[HTTP]&amp#27;[39m &amp#27;[37m-->&amp#27;[39m &amp#27;[37mPOST&amp#27;[39m &amp#27;[37m/wd/hub/session&amp#27;[39m
&amp#27;[35m[HTTP]&amp#27;[39m &amp#27;[90m{"desiredCapabilities":{"app":"C:\\Users\\aakashgaur\\eclipse-workspace\\Exit_Assginment\\resources\\App\\API Demos_4.0_apkcombo.com.apk","appActivity":"com.hmh.api.ApiDemos","appPackage":"com.hmh.api","isHeadless":true,"appium-version":"1.15.1","avdArgs":"-no-window","platformVersion":"8.1","platformName":"Android","deviceName":"Android"},"capabilities":{"alwaysMatch":{"appium:app":"C:\\Users\\aakashgaur\\eclipse-workspace\\Exit_Assginment\\resources\\App\\API Demos_4.0_apkcombo.com.apk","appium:appActivity":"com.hmh.api.ApiDemos","appium:appPackage":"com.hmh.api","appium-version":"1.15.1","appium:avdArgs":"-no-window","appium:deviceName":"Android","isHeadless":true,"platformName":"android","appium:platformVersion":"8.1"},"firstMatch":[{}]}}&amp#27;[39m
[debug] &amp#27;[35m[W3C]&amp#27;[39m Calling AppiumDriver.createSession() with args: [{"app":"C:\\Users\\aakashgaur\\eclipse-workspace\\Exit_Assginment\\resources\\App\\API Demos_4.0_apkcombo.com.apk","appActivity":"com.hmh.api.ApiDemos","appPackage":"com.hmh.api","isHeadless":true,"appium-version":"1.15.1","avdArgs":"-no-window","platformVersion":"8.1","platformName":"Android","deviceName":"Android"},null,{"alwaysMatch":{"appium:app":"C:\\Users\\aakashgaur\\eclipse-workspace\\Exit_Assginment\\resources\\App\\API Demos_4.0_apkcombo.com.apk","appium:appActivity":"com.hmh.api.ApiDemos","appium:appPackage":"com.hmh.api","appium-version":"1.15.1","appium:avdArgs":"-no-window","appium:deviceName":"Android","isHeadless":true,"platformName":"android","appium:platformVersion":"8.1"},"firstMatch":[{}]}]
[debug] &amp#27;[35m[BaseDriver]&amp#27;[39m Event 'newSessionRequested' logged at 1675329621706 (14:50:21 GMT+0530 (India Standard Time))
&amp#27;[35m[BaseDriver]&amp#27;[39m The following capabilities are not standard capabilities and should have an extension prefix:
&amp#27;[35m[BaseDriver]&amp#27;[39m   appium-version
&amp#27;[35m[BaseDriver]&amp#27;[39m   isHeadless
&amp#27;[35m[Appium]&amp#27;[39m 
&amp#27;[35m[Appium]&amp#27;[39m ======================================================================
&amp#27;[35m[Appium]&amp#27;[39m   DEPRECATION WARNING:
&amp#27;[35m[Appium]&amp#27;[39m 
&amp#27;[35m[Appium]&amp#27;[39m   The 'automationName' capability was not provided in the desired 
&amp#27;[35m[Appium]&amp#27;[39m   capabilities for this Android session
&amp#27;[35m[Appium]&amp#27;[39m 
&amp#27;[35m[Appium]&amp#27;[39m   Setting 'automationName=UiAutomator2' by default and using the 
&amp#27;[35m[Appium]&amp#27;[39m   UiAutomator2 Driver
&amp#27;[35m[Appium]&amp#27;[39m 
&amp#27;[35m[Appium]&amp#27;[39m   The next major version of Appium (2.x) will **require** the 
&amp#27;[35m[Appium]&amp#27;[39m   'automationName' capability to be set for all sessions on all 
&amp#27;[35m[Appium]&amp#27;[39m   platforms
&amp#27;[35m[Appium]&amp#27;[39m 
&amp#27;[35m[Appium]&amp#27;[39m   In previous versions (Appium <= 1.13.x), the default was 
&amp#27;[35m[Appium]&amp#27;[39m   'automationName=UiAutomator1'
&amp#27;[35m[Appium]&amp#27;[39m 
&amp#27;[35m[Appium]&amp#27;[39m   If you wish to use that automation instead of UiAutomator2, please 
&amp#27;[35m[Appium]&amp#27;[39m   add 'automationName=UiAutomator1' to your desired capabilities
&amp#27;[35m[Appium]&amp#27;[39m 
&amp#27;[35m[Appium]&amp#27;[39m   For more information about drivers, please visit 
&amp#27;[35m[Appium]&amp#27;[39m   http://appium.io/docs/en/about-appium/intro/ and explore the 
&amp#27;[35m[Appium]&amp#27;[39m   'Drivers' menu
&amp#27;[35m[Appium]&amp#27;[39m 
&amp#27;[35m[Appium]&amp#27;[39m ======================================================================
&amp#27;[35m[Appium]&amp#27;[39m 
&amp#27;[35m[Appium]&amp#27;[39m Appium v1.22.3 creating new AndroidUiautomator2Driver (v1.70.1) session
[debug] &amp#27;[35m[BaseDriver]&amp#27;[39m W3C capabilities and MJSONWP desired capabilities were provided
[debug] &amp#27;[35m[BaseDriver]&amp#27;[39m Creating session with W3C capabilities: {
[debug] &amp#27;[35m[BaseDriver]&amp#27;[39m   "alwaysMatch": {
[debug] &amp#27;[35m[BaseDriver]&amp#27;[39m     "appium:appium-version": "1.15.1",
[debug] &amp#27;[35m[BaseDriver]&amp#27;[39m     "appium:isHeadless": true,
[debug] &amp#27;[35m[BaseDriver]&amp#27;[39m     "platformName": "android",
[debug] &amp#27;[35m[BaseDriver]&amp#27;[39m     "appium:app": "C:\\Users\\aakashgaur\\eclipse-workspace\\Exit_Assginment\\resources\\App\\API Demos_4.0_apkcombo.com.apk",
[debug] &amp#27;[35m[BaseDriver]&amp#27;[39m     "appium:appActivity": "com.hmh.api.ApiDemos",
[debug] &amp#27;[35m[BaseDriver]&amp#27;[39m     "appium:appPackage": "com.hmh.api",
[debug] &amp#27;[35m[BaseDriver]&amp#27;[39m     "appium:avdArgs": "-no-window",
[debug] &amp#27;[35m[BaseDriver]&amp#27;[39m     "appium:deviceName": "Android",
[debug] &amp#27;[35m[BaseDriver]&amp#27;[39m     "appium:platformVersion": "8.1"
[debug] &amp#27;[35m[BaseDriver]&amp#27;[39m   },
[debug] &amp#27;[35m[BaseDriver]&amp#27;[39m   "firstMatch": [
[debug] &amp#27;[35m[BaseDriver]&amp#27;[39m     {}
[debug] &amp#27;[35m[BaseDriver]&amp#27;[39m   ]
[debug] &amp#27;[35m[BaseDriver]&amp#27;[39m }
&amp#27;[35m[BaseDriver]&amp#27;[39m The following capabilities were provided, but are not recognized by Appium:
&amp#27;[35m[BaseDriver]&amp#27;[39m   appium-version
&amp#27;[35m[BaseDriver]&amp#27;[39m Session created with session id: b8fe50ed-e7d3-4cbd-99bb-a785b020d36e
&amp#27;[35m[BaseDriver]&amp#27;[39m Using local app 'C:\Users\aakashgaur\eclipse-workspace\Exit_Assginment\resources\App\API Demos_4.0_apkcombo.com.apk'
[debug] &amp#27;[35m[UiAutomator2]&amp#27;[39m Checking whether app is actually present
&amp#27;[35m[ADB]&amp#27;[39m Using 'adb.exe' from 'C:\Users\aakashgaur\AppData\Local\Android\Sdk\platform-tools\adb.exe'
[debug] &amp#27;[35m[ADB]&amp#27;[39m Running 'C:\Users\aakashgaur\AppData\Local\Android\Sdk\platform-tools\adb.exe -P 5037 start-server'
&amp#27;[35m[AndroidDriver]&amp#27;[39m Retrieving device list
[debug] &amp#27;[35m[ADB]&amp#27;[39m Trying to find a connected android device
[debug] &amp#27;[35m[ADB]&amp#27;[39m Getting connected devices
[debug] &amp#27;[35m[ADB]&amp#27;[39m Connected devices: [{"udid":"emulator-5554","state":"device"}]
&amp#27;[35m[AndroidDriver]&amp#27;[39m Looking for a device with Android '8.1.0'
[debug] &amp#27;[35m[ADB]&amp#27;[39m Setting device id to emulator-5554
&amp#27;[35m[ADB]&amp#27;[39m Getting device platform version
[debug] &amp#27;[35m[ADB]&amp#27;[39m Running 'C:\Users\aakashgaur\AppData\Local\Android\Sdk\platform-tools\adb.exe -P 5037 -s emulator-5554 shell getprop ro.build.version.release'
[debug] &amp#27;[35m[ADB]&amp#27;[39m Current device property 'ro.build.version.release': 8.1.0
&amp#27;[35m[AndroidDriver]&amp#27;[39m Using device: emulator-5554
&amp#27;[35m[ADB]&amp#27;[39m Using 'adb.exe' from 'C:\Users\aakashgaur\AppData\Local\Android\Sdk\platform-tools\adb.exe'
[debug] &amp#27;[35m[ADB]&amp#27;[39m Running 'C:\Users\aakashgaur\AppData\Local\Android\Sdk\platform-tools\adb.exe -P 5037 start-server'
[debug] &amp#27;[35m[ADB]&amp#27;[39m Setting device id to emulator-5554
[debug] &amp#27;[35m[ADB]&amp#27;[39m Running 'C:\Users\aakashgaur\AppData\Local\Android\Sdk\platform-tools\adb.exe -P 5037 -s emulator-5554 shell getprop ro.build.version.sdk'
[debug] &amp#27;[35m[ADB]&amp#27;[39m Current device property 'ro.build.version.sdk': 27
[debug] &amp#27;[35m[ADB]&amp#27;[39m Device API level: 27
[debug] &amp#27;[35m[ADB]&amp#27;[39m Running 'C:\Users\aakashgaur\AppData\Local\Android\Sdk\platform-tools\adb.exe -P 5037 -s emulator-5554 wait-for-device'
[debug] &amp#27;[35m[ADB]&amp#27;[39m Running 'C:\Users\aakashgaur\AppData\Local\Android\Sdk\platform-tools\adb.exe -P 5037 -s emulator-5554 shell echo ping'
[debug] &amp#27;[35m[AndroidDriver]&amp#27;[39m Pushing settings apk to device...
[debug] &amp#27;[35m[ADB]&amp#27;[39m Getting install status for io.appium.settings
[debug] &amp#27;[35m[ADB]&amp#27;[39m Running 'C:\Users\aakashgaur\AppData\Local\Android\Sdk\platform-tools\adb.exe -P 5037 -s emulator-5554 shell dumpsys package io.appium.settings'
[debug] &amp#27;[35m[ADB]&amp#27;[39m 'io.appium.settings' is not installed
[debug] &amp#27;[35m[ADB]&amp#27;[39m App 'C:\Users\aakashgaur\AppData\Roaming\npm\node_modules\appium\node_modules\io.appium.settings\apks\settings_apk-debug.apk' is not installed
[debug] &amp#27;[35m[ADB]&amp#27;[39m Installing 'C:\Users\aakashgaur\AppData\Roaming\npm\node_modules\appium\node_modules\io.appium.settings\apks\settings_apk-debug.apk'
[debug] &amp#27;[35m[ADB]&amp#27;[39m Running 'C:\Users\aakashgaur\AppData\Local\Android\Sdk\platform-tools\adb.exe -P 5037 -s emulator-5554 features'
&amp#27;[35m[ADB]&amp#27;[39m The application at 'C:\Users\aakashgaur\AppData\Roaming\npm\node_modules\appium\node_modules\io.appium.settings\apks\settings_apk-debug.apk' will not be cached, because the device under test has confirmed the support of streamed installs
[debug] &amp#27;[35m[ADB]&amp#27;[39m Running 'C:\Users\aakashgaur\AppData\Local\Android\Sdk\platform-tools\adb.exe -P 5037 -s emulator-5554 install -g C:\Users\aakashgaur\AppData\Roaming\npm\node_modules\appium\node_modules\io.appium.settings\apks\settings_apk-debug.apk'
[debug] &amp#27;[35m[ADB]&amp#27;[39m Getting install status for io.appium.settings
[debug] &amp#27;[35m[ADB]&amp#27;[39m Running 'C:\Users\aakashgaur\AppData\Local\Android\Sdk\platform-tools\adb.exe -P 5037 -s emulator-5554 shell dumpsys package io.appium.settings'
[debug] &amp#27;[35m[ADB]&amp#27;[39m 'io.appium.settings' is not installed
[debug] &amp#27;[35m[ADB]&amp#27;[39m App 'C:\Users\aakashgaur\AppData\Roaming\npm\node_modules\appium\node_modules\io.appium.settings\apks\settings_apk-debug.apk' is not installed
[debug] &amp#27;[35m[ADB]&amp#27;[39m Installing 'C:\Users\aakashgaur\AppData\Roaming\npm\node_modules\appium\node_modules\io.appium.settings\apks\settings_apk-debug.apk'
&amp#27;[35m[ADB]&amp#27;[39m The application at 'C:\Users\aakashgaur\AppData\Roaming\npm\node_modules\appium\node_modules\io.appium.settings\apks\settings_apk-debug.apk' will not be cached, because the device under test has confirmed the support of streamed installs
[debug] &amp#27;[35m[ADB]&amp#27;[39m Running 'C:\Users\aakashgaur\AppData\Local\Android\Sdk\platform-tools\adb.exe -P 5037 -s emulator-5554 install -g C:\Users\aakashgaur\AppData\Roaming\npm\node_modules\appium\node_modules\io.appium.settings\apks\settings_apk-debug.apk'
[debug] &amp#27;[35m[UiAutomator2]&amp#27;[39m Deleting UiAutomator2 session
[debug] &amp#27;[35m[ADB]&amp#27;[39m Running 'C:\Users\aakashgaur\AppData\Local\Android\Sdk\platform-tools\adb.exe -P 5037 -s emulator-5554 shell am force-stop com.hmh.api'
&amp#27;[35m[UiAutomator2]&amp#27;[39m Unable to force stop app: Error executing adbExec. Original error: 'Command 'C:\\Users\\aakashgaur\\AppData\\Local\\Android\\Sdk\\platform-tools\\adb.exe -P 5037 -s emulator-5554 shell am force-stop com.hmh.api' exited with code 20'; Command output: cmd: Can't find service: activity
&amp#27;[35m[UiAutomator2]&amp#27;[39m 
[debug] &amp#27;[35m[BaseDriver]&amp#27;[39m Event 'newSessionStarted' logged at 1675329622846 (14:50:22 GMT+0530 (India Standard Time))
[debug] &amp#27;[35m[W3C]&amp#27;[39m Encountered internal error running command: Error executing adbExec. Original error: 'Command 'C:\\Users\\aakashgaur\\AppData\\Local\\Android\\Sdk\\platform-tools\\adb.exe -P 5037 -s emulator-5554 install -g C:\\Users\\aakashgaur\\AppData\\Roaming\\npm\\node_modules\\appium\\node_modules\\io.appium.settings\\apks\\settings_apk-debug.apk' exited with code 1'; Command output: adb: failed to install C:\Users\aakashgaur\AppData\Roaming\npm\node_modules\appium\node_modules\io.appium.settings\apks\settings_apk-debug.apk: cmd: Can't find service: package
[debug] &amp#27;[35m[W3C]&amp#27;[39m 
[debug] &amp#27;[35m[W3C]&amp#27;[39m Error: Command 'C:\\Users\\aakashgaur\\AppData\\Local\\Android\\Sdk\\platform-tools\\adb.exe -P 5037 -s emulator-5554 install -g C:\\Users\\aakashgaur\\AppData\\Roaming\\npm\\node_modules\\appium\\node_modules\\io.appium.settings\\apks\\settings_apk-debug.apk' exited with code 1
[debug] &amp#27;[35m[W3C]&amp#27;[39m     at ChildProcess.<anonymous> (C:\Users\aakashgaur\AppData\Roaming\npm\node_modules\appium\node_modules\teen_process\lib\exec.js:113:19)
[debug] &amp#27;[35m[W3C]&amp#27;[39m     at ChildProcess.emit (events.js:315:20)
[debug] &amp#27;[35m[W3C]&amp#27;[39m     at maybeClose (internal/child_process.js:1048:16)
[debug] &amp#27;[35m[W3C]&amp#27;[39m     at Process.ChildProcess._handle.onexit (internal/child_process.js:288:5)
&amp#27;[35m[HTTP]&amp#27;[39m &amp#27;[37m<-- POST /wd/hub/session &amp#27;[39m&amp#27;[31m500&amp#27;[39m &amp#27;[90m1142 ms - 1695&amp#27;[39m
&amp#27;[35m[HTTP]&amp#27;[39m &amp#27;[90m&amp#27;[39m
  When User Tap on Views                                # com.apidemo.stepdefinition.WhenStepDefinition.user_Tap_on_views()
      io.cucumber.core.exception.CucumberException: Failed to instantiate class com.apidemo.stepdefinition.WhenStepDefinition
	at io.cucumber.core.backend.DefaultObjectFactory.cacheNewInstance(DefaultObjectFactory.java:67)
	at io.cucumber.core.backend.DefaultObjectFactory.getInstance(DefaultObjectFactory.java:45)
	at io.cucumber.java.AbstractGlueDefinition.invokeMethod(AbstractGlueDefinition.java:47)
	at io.cucumber.java.JavaStepDefinition.execute(JavaStepDefinition.java:29)
	at io.cucumber.core.runner.CoreStepDefinition.execute(CoreStepDefinition.java:66)
	at io.cucumber.core.runner.PickleStepDefinitionMatch.runStep(PickleStepDefinitionMatch.java:63)
	at io.cucumber.core.runner.ExecutionMode$1.execute(ExecutionMode.java:10)
	at io.cucumber.core.runner.TestStep.executeStep(TestStep.java:85)
	at io.cucumber.core.runner.TestStep.run(TestStep.java:57)
	at io.cucumber.core.runner.PickleStepTestStep.run(PickleStepTestStep.java:51)
	at io.cucumber.core.runner.TestCase.run(TestCase.java:84)
	at io.cucumber.core.runner.Runner.runPickle(Runner.java:75)
	at io.cucumber.testng.TestNGCucumberRunner.lambda$runScenario$1(TestNGCucumberRunner.java:132)
	at io.cucumber.core.runtime.CucumberExecutionContext.lambda$runTestCase$5(CucumberExecutionContext.java:129)
	at io.cucumber.core.runtime.RethrowingThrowableCollector.executeAndThrow(RethrowingThrowableCollector.java:23)
	at io.cucumber.core.runtime.CucumberExecutionContext.runTestCase(CucumberExecutionContext.java:129)
	at io.cucumber.testng.TestNGCucumberRunner.runScenario(TestNGCucumberRunner.java:129)
	at io.cucumber.testng.AbstractTestNGCucumberTests.runScenario(AbstractTestNGCucumberTests.java:35)
	at java.base/jdk.internal.reflect.NativeMethodAccessorImpl.invoke0(Native Method)
	at java.base/jdk.internal.reflect.NativeMethodAccessorImpl.invoke(NativeMethodAccessorImpl.java:62)
	at java.base/jdk.internal.reflect.DelegatingMethodAccessorImpl.invoke(DelegatingMethodAccessorImpl.java:43)
	at java.base/java.lang.reflect.Method.invoke(Method.java:566)
	at org.testng.internal.MethodInvocationHelper.invokeMethod(MethodInvocationHelper.java:133)
	at org.testng.internal.TestInvoker.invokeMethod(TestInvoker.java:598)
	at org.testng.internal.TestInvoker.invokeTestMethod(TestInvoker.java:173)
	at org.testng.internal.MethodRunner.runInSequence(MethodRunner.java:46)
	at org.testng.internal.TestInvoker$MethodInvocationAgent.invoke(TestInvoker.java:824)
	at org.testng.internal.TestInvoker.invokeTestMethods(TestInvoker.java:146)
	at org.testng.internal.TestMethodWorker.invokeTestMethods(TestMethodWorker.java:146)
	at org.testng.internal.TestMethodWorker.run(TestMethodWorker.java:128)
	at java.base/java.util.ArrayList.forEach(ArrayList.java:1540)
	at org.testng.TestRunner.privateRun(TestRunner.java:794)
	at org.testng.TestRunner.run(TestRunner.java:596)
	at org.testng.SuiteRunner.runTest(SuiteRunner.java:377)
	at org.testng.SuiteRunner.runSequentially(SuiteRunner.java:371)
	at org.testng.SuiteRunner.privateRun(SuiteRunner.java:332)
	at org.testng.SuiteRunner.run(SuiteRunner.java:276)
	at org.testng.SuiteRunnerWorker.runSuite(SuiteRunnerWorker.java:53)
	at org.testng.SuiteRunnerWorker.run(SuiteRunnerWorker.java:96)
	at org.testng.TestNG.runSuitesSequentially(TestNG.java:1212)
	at org.testng.TestNG.runSuitesLocally(TestNG.java:1134)
	at org.testng.TestNG.runSuites(TestNG.java:1063)
	at org.testng.TestNG.run(TestNG.java:1031)
	at org.apache.maven.surefire.testng.TestNGExecutor.run(TestNGExecutor.java:283)
	at org.apache.maven.surefire.testng.TestNGXmlTestSuite.execute(TestNGXmlTestSuite.java:75)
	at org.apache.maven.surefire.testng.TestNGProvider.invoke(TestNGProvider.java:120)
	at org.apache.maven.surefire.booter.ForkedBooter.invokeProviderInSameClassLoader(ForkedBooter.java:384)
	at org.apache.maven.surefire.booter.ForkedBooter.runSuitesInProcess(ForkedBooter.java:345)
	at org.apache.maven.surefire.booter.ForkedBooter.execute(ForkedBooter.java:126)
	at org.apache.maven.surefire.booter.ForkedBooter.main(ForkedBooter.java:418)
Caused by: java.lang.reflect.InvocationTargetException
	at java.base/jdk.internal.reflect.NativeConstructorAccessorImpl.newInstance0(Native Method)
	at java.base/jdk.internal.reflect.NativeConstructorAccessorImpl.newInstance(NativeConstructorAccessorImpl.java:62)
	at java.base/jdk.internal.reflect.DelegatingConstructorAccessorImpl.newInstance(DelegatingConstructorAccessorImpl.java:45)
	at java.base/java.lang.reflect.Constructor.newInstance(Constructor.java:490)
	at io.cucumber.core.backend.DefaultObjectFactory.cacheNewInstance(DefaultObjectFactory.java:53)
	... 49 more
Caused by: org.openqa.selenium.NoSuchSessionException: Session ID is null. Using WebDriver after calling quit()?
Build info: version: '3.12.0', revision: '7c6e0b3', time: '2018-05-08T14:04:26.12Z'
System info: host: 'IN-B1BN2J3', ip: '192.168.0.101', os.name: 'Windows 10', os.arch: 'amd64', os.version: '10.0', java.version: '11.0.5'
Driver info: driver.version: AndroidDriver
	at org.openqa.selenium.remote.HttpCommandExecutor.execute(HttpCommandExecutor.java:125)
	at io.appium.java_client.remote.AppiumCommandExecutor.execute(AppiumCommandExecutor.java:231)
	at org.openqa.selenium.remote.RemoteWebDriver.execute(RemoteWebDriver.java:543)
	at io.appium.java_client.DefaultGenericMobileDriver.execute(DefaultGenericMobileDriver.java:46)
	at io.appium.java_client.AppiumDriver.execute(AppiumDriver.java:1)
	at io.appium.java_client.android.AndroidDriver.execute(AndroidDriver.java:1)
	at io.appium.java_client.HasSessionDetails.getSessionDetails(HasSessionDetails.java:39)
	at io.appium.java_client.HasSessionDetails.getSessionDetail(HasSessionDetails.java:56)
	at io.appium.java_client.HasSessionDetails.getPlatformName(HasSessionDetails.java:65)
	at io.appium.java_client.pagefactory.AppiumFieldDecorator.<init>(AppiumFieldDecorator.java:96)
	at io.appium.java_client.pagefactory.AppiumFieldDecorator.<init>(AppiumFieldDecorator.java:144)
	at com.apidemo.screens.HomeScreen.<init>(HomeScreen.java:15)
	at com.apidemo.stepdefinition.WhenStepDefinition.<init>(WhenStepDefinition.java:24)
	... 54 more

  And Tap on Controls                                   # com.apidemo.stepdefinition.WhenStepDefinition.Tap_on_controls()
  When User Tap on Holo Light Theme                     # com.apidemo.stepdefinition.ThemeScreenStepDefinition.user_Tap_on_holo_light_theme()
  Then Holo Light Theme is Visible                      # com.apidemo.stepdefinition.ThemeScreenStepDefinition.holo_theme_is_visible()
      org.openqa.selenium.NoSuchSessionException: Session ID is null. Using WebDriver after calling quit()?
Build info: version: '3.12.0', revision: '7c6e0b3', time: '2018-05-08T14:04:26.12Z'
System info: host: 'IN-B1BN2J3', ip: '192.168.0.101', os.name: 'Windows 10', os.arch: 'amd64', os.version: '10.0', java.version: '11.0.5'
Driver info: driver.version: RemoteWebDriver
	at org.openqa.selenium.remote.HttpCommandExecutor.execute(HttpCommandExecutor.java:125)
	at io.appium.java_client.remote.AppiumCommandExecutor.execute(AppiumCommandExecutor.java:231)
	at org.openqa.selenium.remote.RemoteWebDriver.execute(RemoteWebDriver.java:543)
	at io.appium.java_client.DefaultGenericMobileDriver.execute(DefaultGenericMobileDriver.java:46)
	at io.appium.java_client.AppiumDriver.execute(AppiumDriver.java:1)
	at io.appium.java_client.android.AndroidDriver.execute(AndroidDriver.java:1)
	at org.openqa.selenium.remote.RemoteWebDriver.getScreenshotAs(RemoteWebDriver.java:289)
	at com.apidemo.utils.ScreenShots.takeScreenShot(ScreenShots.java:22)
	at com.apidemo.stepdefinition.HookFile.closeservice(HookFile.java:34)

]]></system-out>
    <system-err><![CDATA[org.openqa.selenium.WebDriverException: It is impossible to create a new session because 'createSession' which takes HttpClient, InputStream and long was not found or it is not accessible
Build info: version: '3.12.0', revision: '7c6e0b3', time: '2018-05-08T14:04:26.12Z'
System info: host: 'IN-B1BN2J3', ip: '192.168.0.101', os.name: 'Windows 10', os.arch: 'amd64', os.version: '10.0', java.version: '11.0.5'
Driver info: driver.version: AndroidDriver
	at io.appium.java_client.remote.AppiumCommandExecutor$1.createSession(AppiumCommandExecutor.java:195)
	at io.appium.java_client.remote.AppiumCommandExecutor.createSession(AppiumCommandExecutor.java:209)
	at io.appium.java_client.remote.AppiumCommandExecutor.execute(AppiumCommandExecutor.java:231)
	at org.openqa.selenium.remote.RemoteWebDriver.execute(RemoteWebDriver.java:543)
	at io.appium.java_client.DefaultGenericMobileDriver.execute(DefaultGenericMobileDriver.java:42)
	at io.appium.java_client.AppiumDriver.execute(AppiumDriver.java:1)
	at io.appium.java_client.android.AndroidDriver.execute(AndroidDriver.java:1)
	at org.openqa.selenium.remote.RemoteWebDriver.startSession(RemoteWebDriver.java:207)
	at org.openqa.selenium.remote.RemoteWebDriver.<init>(RemoteWebDriver.java:130)
	at io.appium.java_client.DefaultGenericMobileDriver.<init>(DefaultGenericMobileDriver.java:38)
	at io.appium.java_client.AppiumDriver.<init>(AppiumDriver.java:84)
	at io.appium.java_client.AppiumDriver.<init>(AppiumDriver.java:94)
	at io.appium.java_client.android.AndroidDriver.<init>(AndroidDriver.java:93)
	at com.apidemo.base.TestBase.launchAndIntallApp(TestBase.java:68)
	at com.apidemo.stepdefinition.HookFile.startAppium(HookFile.java:27)
	at java.base/jdk.internal.reflect.NativeMethodAccessorImpl.invoke0(Native Method)
	at java.base/jdk.internal.reflect.NativeMethodAccessorImpl.invoke(NativeMethodAccessorImpl.java:62)
	at java.base/jdk.internal.reflect.DelegatingMethodAccessorImpl.invoke(DelegatingMethodAccessorImpl.java:43)
	at java.base/java.lang.reflect.Method.invoke(Method.java:566)
	at io.cucumber.java.Invoker.doInvoke(Invoker.java:66)
	at io.cucumber.java.Invoker.invoke(Invoker.java:24)
	at io.cucumber.java.AbstractGlueDefinition.invokeMethod(AbstractGlueDefinition.java:47)
	at io.cucumber.java.JavaHookDefinition.execute(JavaHookDefinition.java:64)
	at io.cucumber.core.runner.CoreHookDefinition.execute(CoreHookDefinition.java:46)
	at io.cucumber.core.runner.HookDefinitionMatch.runStep(HookDefinitionMatch.java:21)
	at io.cucumber.core.runner.ExecutionMode$1.execute(ExecutionMode.java:10)
	at io.cucumber.core.runner.TestStep.executeStep(TestStep.java:85)
	at io.cucumber.core.runner.TestStep.run(TestStep.java:57)
	at io.cucumber.core.runner.TestCase.run(TestCase.java:78)
	at io.cucumber.core.runner.Runner.runPickle(Runner.java:75)
	at io.cucumber.testng.TestNGCucumberRunner.lambda$runScenario$1(TestNGCucumberRunner.java:132)
	at io.cucumber.core.runtime.CucumberExecutionContext.lambda$runTestCase$5(CucumberExecutionContext.java:129)
	at io.cucumber.core.runtime.RethrowingThrowableCollector.executeAndThrow(RethrowingThrowableCollector.java:23)
	at io.cucumber.core.runtime.CucumberExecutionContext.runTestCase(CucumberExecutionContext.java:129)
	at io.cucumber.testng.TestNGCucumberRunner.runScenario(TestNGCucumberRunner.java:129)
	at io.cucumber.testng.AbstractTestNGCucumberTests.runScenario(AbstractTestNGCucumberTests.java:35)
	at java.base/jdk.internal.reflect.NativeMethodAccessorImpl.invoke0(Native Method)
	at java.base/jdk.internal.reflect.NativeMethodAccessorImpl.invoke(NativeMethodAccessorImpl.java:62)
	at java.base/jdk.internal.reflect.DelegatingMethodAccessorImpl.invoke(DelegatingMethodAccessorImpl.java:43)
	at java.base/java.lang.reflect.Method.invoke(Method.java:566)
	at org.testng.internal.MethodInvocationHelper.invokeMethod(MethodInvocationHelper.java:133)
	at org.testng.internal.TestInvoker.invokeMethod(TestInvoker.java:598)
	at org.testng.internal.TestInvoker.invokeTestMethod(TestInvoker.java:173)
	at org.testng.internal.MethodRunner.runInSequence(MethodRunner.java:46)
	at org.testng.internal.TestInvoker$MethodInvocationAgent.invoke(TestInvoker.java:824)
	at org.testng.internal.TestInvoker.invokeTestMethods(TestInvoker.java:146)
	at org.testng.internal.TestMethodWorker.invokeTestMethods(TestMethodWorker.java:146)
	at org.testng.internal.TestMethodWorker.run(TestMethodWorker.java:128)
	at java.base/java.util.ArrayList.forEach(ArrayList.java:1540)
	at org.testng.TestRunner.privateRun(TestRunner.java:794)
	at org.testng.TestRunner.run(TestRunner.java:596)
	at org.testng.SuiteRunner.runTest(SuiteRunner.java:377)
	at org.testng.SuiteRunner.runSequentially(SuiteRunner.java:371)
	at org.testng.SuiteRunner.privateRun(SuiteRunner.java:332)
	at org.testng.SuiteRunner.run(SuiteRunner.java:276)
	at org.testng.SuiteRunnerWorker.runSuite(SuiteRunnerWorker.java:53)
	at org.testng.SuiteRunnerWorker.run(SuiteRunnerWorker.java:96)
	at org.testng.TestNG.runSuitesSequentially(TestNG.java:1212)
	at org.testng.TestNG.runSuitesLocally(TestNG.java:1134)
	at org.testng.TestNG.runSuites(TestNG.java:1063)
	at org.testng.TestNG.run(TestNG.java:1031)
	at org.apache.maven.surefire.testng.TestNGExecutor.run(TestNGExecutor.java:283)
	at org.apache.maven.surefire.testng.TestNGXmlTestSuite.execute(TestNGXmlTestSuite.java:75)
	at org.apache.maven.surefire.testng.TestNGProvider.invoke(TestNGProvider.java:120)
	at org.apache.maven.surefire.booter.ForkedBooter.invokeProviderInSameClassLoader(ForkedBooter.java:384)
	at org.apache.maven.surefire.booter.ForkedBooter.runSuitesInProcess(ForkedBooter.java:345)
	at org.apache.maven.surefire.booter.ForkedBooter.execute(ForkedBooter.java:126)
	at org.apache.maven.surefire.booter.ForkedBooter.main(ForkedBooter.java:418)
Caused by: java.lang.reflect.InvocationTargetException
	at java.base/jdk.internal.reflect.NativeMethodAccessorImpl.invoke0(Native Method)
	at java.base/jdk.internal.reflect.NativeMethodAccessorImpl.invoke(NativeMethodAccessorImpl.java:62)
	at java.base/jdk.internal.reflect.DelegatingMethodAccessorImpl.invoke(DelegatingMethodAccessorImpl.java:43)
	at java.base/java.lang.reflect.Method.invoke(Method.java:566)
	at io.appium.java_client.remote.AppiumCommandExecutor$1.createSession(AppiumCommandExecutor.java:185)
	... 67 more
Caused by: org.openqa.selenium.WebDriverException: An unknown server-side error occurred while processing the command. Original error: Error executing adbExec. Original error: 'Command 'C:\\Users\\aakashgaur\\AppData\\Local\\Android\\Sdk\\platform-tools\\adb.exe -P 5037 -s emulator-5554 install -g C:\\Users\\aakashgaur\\AppData\\Roaming\\npm\\node_modules\\appium\\node_modules\\io.appium.settings\\apks\\settings_apk-debug.apk' exited with code 1'; Command output: adb: failed to install C:\Users\aakashgaur\AppData\Roaming\npm\node_modules\appium\node_modules\io.appium.settings\apks\settings_apk-debug.apk: cmd: Can't find service: package

Build info: version: '3.12.0', revision: '7c6e0b3', time: '2018-05-08T14:04:26.12Z'
System info: host: 'IN-B1BN2J3', ip: '192.168.0.101', os.name: 'Windows 10', os.arch: 'amd64', os.version: '10.0', java.version: '11.0.5'
Driver info: driver.version: AndroidDriver
remote stacktrace: UnknownError: An unknown server-side error occurred while processing the command. Original error: Error executing adbExec. Original error: 'Command 'C:\\Users\\aakashgaur\\AppData\\Local\\Android\\Sdk\\platform-tools\\adb.exe -P 5037 -s emulator-5554 install -g C:\\Users\\aakashgaur\\AppData\\Roaming\\npm\\node_modules\\appium\\node_modules\\io.appium.settings\\apks\\settings_apk-debug.apk' exited with code 1'; Command output: adb: failed to install C:\Users\aakashgaur\AppData\Roaming\npm\node_modules\appium\node_modules\io.appium.settings\apks\settings_apk-debug.apk: cmd: Can't find service: package

    at getResponseForW3CError (C:\Users\aakashgaur\AppData\Roaming\npm\node_modules\appium\node_modules\appium-base-driver\lib\protocol\errors.js:804:9)
    at asyncHandler (C:\Users\aakashgaur\AppData\Roaming\npm\node_modules\appium\node_modules\appium-base-driver\lib\protocol\protocol.js:380:37)
	at java.base/jdk.internal.reflect.NativeConstructorAccessorImpl.newInstance0(Native Method)
	at java.base/jdk.internal.reflect.NativeConstructorAccessorImpl.newInstance(NativeConstructorAccessorImpl.java:62)
	at java.base/jdk.internal.reflect.DelegatingConstructorAccessorImpl.newInstance(DelegatingConstructorAccessorImpl.java:45)
	at java.base/java.lang.reflect.Constructor.newInstance(Constructor.java:490)
	at org.openqa.selenium.remote.W3CHandshakeResponse.lambda$new$0(W3CHandshakeResponse.java:57)
	at org.openqa.selenium.remote.W3CHandshakeResponse.lambda$getResponseFunction$2(W3CHandshakeResponse.java:104)
	at org.openqa.selenium.remote.ProtocolHandshake.lambda$createSession$0(ProtocolHandshake.java:123)
	at java.base/java.util.stream.ReferencePipeline$3$1.accept(ReferencePipeline.java:195)
	at java.base/java.util.Spliterators$ArraySpliterator.tryAdvance(Spliterators.java:958)
	at java.base/java.util.stream.ReferencePipeline.forEachWithCancel(ReferencePipeline.java:127)
	at java.base/java.util.stream.AbstractPipeline.copyIntoWithCancel(AbstractPipeline.java:502)
	at java.base/java.util.stream.AbstractPipeline.copyInto(AbstractPipeline.java:488)
	at java.base/java.util.stream.AbstractPipeline.wrapAndCopyInto(AbstractPipeline.java:474)
	at java.base/java.util.stream.FindOps$FindOp.evaluateSequential(FindOps.java:150)
	at java.base/java.util.stream.AbstractPipeline.evaluate(AbstractPipeline.java:234)
	at java.base/java.util.stream.ReferencePipeline.findFirst(ReferencePipeline.java:543)
	at org.openqa.selenium.remote.ProtocolHandshake.createSession(ProtocolHandshake.java:126)
	... 72 more
]]></system-err>
  </testcase>
  <testcase name="runScenario" classname="com.apidemo.runner.Run" time="9.201">
    <failure message="Failed to instantiate class com.apidemo.stepdefinition.WhenStepDefinition" type="io.cucumber.core.exception.CucumberException">io.cucumber.core.exception.CucumberException: Failed to instantiate class com.apidemo.stepdefinition.WhenStepDefinition
Caused by: java.lang.reflect.InvocationTargetException
Caused by: org.openqa.selenium.NoSuchSessionException: 
Session ID is null. Using WebDriver after calling quit()?
Build info: version: '3.12.0', revision: '7c6e0b3', time: '2018-05-08T14:04:26.12Z'
System info: host: 'IN-B1BN2J3', ip: '192.168.0.101', os.name: 'Windows 10', os.arch: 'amd64', os.version: '10.0', java.version: '11.0.5'
Driver info: driver.version: AndroidDriver
</failure>
    <system-out><![CDATA[
@ThemeScreenTest
Scenario: Testing the functionality of Holo Dark Theme # src/test/java/com/apidemo/feature/ThemeScreenFeature.feature:20
&amp#27;[35m[HTTP]&amp#27;[39m &amp#27;[37m-->&amp#27;[39m &amp#27;[37mPOST&amp#27;[39m &amp#27;[37m/wd/hub/session&amp#27;[39m
&amp#27;[35m[HTTP]&amp#27;[39m &amp#27;[90m{"desiredCapabilities":{"app":"C:\\Users\\aakashgaur\\eclipse-workspace\\Exit_Assginment\\resources\\App\\API Demos_4.0_apkcombo.com.apk","appActivity":"com.hmh.api.ApiDemos","appPackage":"com.hmh.api","isHeadless":true,"appium-version":"1.15.1","avdArgs":"-no-window","platformVersion":"8.1","platformName":"Android","deviceName":"Android"},"capabilities":{"alwaysMatch":{"appium:app":"C:\\Users\\aakashgaur\\eclipse-workspace\\Exit_Assginment\\resources\\App\\API Demos_4.0_apkcombo.com.apk","appium:appActivity":"com.hmh.api.ApiDemos","appium:appPackage":"com.hmh.api","appium-version":"1.15.1","appium:avdArgs":"-no-window","appium:deviceName":"Android","isHeadless":true,"platformName":"android","appium:platformVersion":"8.1"},"firstMatch":[{}]}}&amp#27;[39m
[debug] &amp#27;[35m[W3C]&amp#27;[39m Calling AppiumDriver.createSession() with args: [{"app":"C:\\Users\\aakashgaur\\eclipse-workspace\\Exit_Assginment\\resources\\App\\API Demos_4.0_apkcombo.com.apk","appActivity":"com.hmh.api.ApiDemos","appPackage":"com.hmh.api","isHeadless":true,"appium-version":"1.15.1","avdArgs":"-no-window","platformVersion":"8.1","platformName":"Android","deviceName":"Android"},null,{"alwaysMatch":{"appium:app":"C:\\Users\\aakashgaur\\eclipse-workspace\\Exit_Assginment\\resources\\App\\API Demos_4.0_apkcombo.com.apk","appium:appActivity":"com.hmh.api.ApiDemos","appium:appPackage":"com.hmh.api","appium-version":"1.15.1","appium:avdArgs":"-no-window","appium:deviceName":"Android","isHeadless":true,"platformName":"android","appium:platformVersion":"8.1"},"firstMatch":[{}]}]
[debug] &amp#27;[35m[BaseDriver]&amp#27;[39m Event 'newSessionRequested' logged at 1675329623041 (14:50:23 GMT+0530 (India Standard Time))
&amp#27;[35m[BaseDriver]&amp#27;[39m The following capabilities are not standard capabilities and should have an extension prefix:
&amp#27;[35m[BaseDriver]&amp#27;[39m   appium-version
&amp#27;[35m[BaseDriver]&amp#27;[39m   isHeadless
&amp#27;[35m[Appium]&amp#27;[39m 
&amp#27;[35m[Appium]&amp#27;[39m ======================================================================
&amp#27;[35m[Appium]&amp#27;[39m   DEPRECATION WARNING:
&amp#27;[35m[Appium]&amp#27;[39m 
&amp#27;[35m[Appium]&amp#27;[39m   The 'automationName' capability was not provided in the desired 
&amp#27;[35m[Appium]&amp#27;[39m   capabilities for this Android session
&amp#27;[35m[Appium]&amp#27;[39m 
&amp#27;[35m[Appium]&amp#27;[39m   Setting 'automationName=UiAutomator2' by default and using the 
&amp#27;[35m[Appium]&amp#27;[39m   UiAutomator2 Driver
&amp#27;[35m[Appium]&amp#27;[39m 
&amp#27;[35m[Appium]&amp#27;[39m   The next major version of Appium (2.x) will **require** the 
&amp#27;[35m[Appium]&amp#27;[39m   'automationName' capability to be set for all sessions on all 
&amp#27;[35m[Appium]&amp#27;[39m   platforms
&amp#27;[35m[Appium]&amp#27;[39m 
&amp#27;[35m[Appium]&amp#27;[39m   In previous versions (Appium <= 1.13.x), the default was 
&amp#27;[35m[Appium]&amp#27;[39m   'automationName=UiAutomator1'
&amp#27;[35m[Appium]&amp#27;[39m 
&amp#27;[35m[Appium]&amp#27;[39m   If you wish to use that automation instead of UiAutomator2, please 
&amp#27;[35m[Appium]&amp#27;[39m   add 'automationName=UiAutomator1' to your desired capabilities
&amp#27;[35m[Appium]&amp#27;[39m 
&amp#27;[35m[Appium]&amp#27;[39m   For more information about drivers, please visit 
&amp#27;[35m[Appium]&amp#27;[39m   http://appium.io/docs/en/about-appium/intro/ and explore the 
&amp#27;[35m[Appium]&amp#27;[39m   'Drivers' menu
&amp#27;[35m[Appium]&amp#27;[39m 
&amp#27;[35m[Appium]&amp#27;[39m ======================================================================
&amp#27;[35m[Appium]&amp#27;[39m 
&amp#27;[35m[Appium]&amp#27;[39m Appium v1.22.3 creating new AndroidUiautomator2Driver (v1.70.1) session
[debug] &amp#27;[35m[BaseDriver]&amp#27;[39m W3C capabilities and MJSONWP desired capabilities were provided
[debug] &amp#27;[35m[BaseDriver]&amp#27;[39m Creating session with W3C capabilities: {
[debug] &amp#27;[35m[BaseDriver]&amp#27;[39m   "alwaysMatch": {
[debug] &amp#27;[35m[BaseDriver]&amp#27;[39m     "appium:appium-version": "1.15.1",
[debug] &amp#27;[35m[BaseDriver]&amp#27;[39m     "appium:isHeadless": true,
[debug] &amp#27;[35m[BaseDriver]&amp#27;[39m     "platformName": "android",
[debug] &amp#27;[35m[BaseDriver]&amp#27;[39m     "appium:app": "C:\\Users\\aakashgaur\\eclipse-workspace\\Exit_Assginment\\resources\\App\\API Demos_4.0_apkcombo.com.apk",
[debug] &amp#27;[35m[BaseDriver]&amp#27;[39m     "appium:appActivity": "com.hmh.api.ApiDemos",
[debug] &amp#27;[35m[BaseDriver]&amp#27;[39m     "appium:appPackage": "com.hmh.api",
[debug] &amp#27;[35m[BaseDriver]&amp#27;[39m     "appium:avdArgs": "-no-window",
[debug] &amp#27;[35m[BaseDriver]&amp#27;[39m     "appium:deviceName": "Android",
[debug] &amp#27;[35m[BaseDriver]&amp#27;[39m     "appium:platformVersion": "8.1"
[debug] &amp#27;[35m[BaseDriver]&amp#27;[39m   },
[debug] &amp#27;[35m[BaseDriver]&amp#27;[39m   "firstMatch": [
[debug] &amp#27;[35m[BaseDriver]&amp#27;[39m     {}
[debug] &amp#27;[35m[BaseDriver]&amp#27;[39m   ]
[debug] &amp#27;[35m[BaseDriver]&amp#27;[39m }
&amp#27;[35m[BaseDriver]&amp#27;[39m The following capabilities were provided, but are not recognized by Appium:
&amp#27;[35m[BaseDriver]&amp#27;[39m   appium-version
&amp#27;[35m[BaseDriver]&amp#27;[39m Session created with session id: 33c956b1-9b10-4184-9a66-21c40b9d1a6c
&amp#27;[35m[BaseDriver]&amp#27;[39m Using local app 'C:\Users\aakashgaur\eclipse-workspace\Exit_Assginment\resources\App\API Demos_4.0_apkcombo.com.apk'
[debug] &amp#27;[35m[UiAutomator2]&amp#27;[39m Checking whether app is actually present
&amp#27;[35m[ADB]&amp#27;[39m Using 'adb.exe' from 'C:\Users\aakashgaur\AppData\Local\Android\Sdk\platform-tools\adb.exe'
[debug] &amp#27;[35m[ADB]&amp#27;[39m Running 'C:\Users\aakashgaur\AppData\Local\Android\Sdk\platform-tools\adb.exe -P 5037 start-server'
&amp#27;[35m[AndroidDriver]&amp#27;[39m Retrieving device list
[debug] &amp#27;[35m[ADB]&amp#27;[39m Trying to find a connected android device
[debug] &amp#27;[35m[ADB]&amp#27;[39m Getting connected devices
[debug] &amp#27;[35m[ADB]&amp#27;[39m Connected devices: [{"udid":"emulator-5554","state":"device"}]
&amp#27;[35m[AndroidDriver]&amp#27;[39m Looking for a device with Android '8.1.0'
[debug] &amp#27;[35m[ADB]&amp#27;[39m Setting device id to emulator-5554
&amp#27;[35m[ADB]&amp#27;[39m Getting device platform version
[debug] &amp#27;[35m[ADB]&amp#27;[39m Running 'C:\Users\aakashgaur\AppData\Local\Android\Sdk\platform-tools\adb.exe -P 5037 -s emulator-5554 shell getprop ro.build.version.release'
[debug] &amp#27;[35m[ADB]&amp#27;[39m Current device property 'ro.build.version.release': 8.1.0
&amp#27;[35m[AndroidDriver]&amp#27;[39m Using device: emulator-5554
&amp#27;[35m[ADB]&amp#27;[39m Using 'adb.exe' from 'C:\Users\aakashgaur\AppData\Local\Android\Sdk\platform-tools\adb.exe'
[debug] &amp#27;[35m[ADB]&amp#27;[39m Running 'C:\Users\aakashgaur\AppData\Local\Android\Sdk\platform-tools\adb.exe -P 5037 start-server'
[debug] &amp#27;[35m[ADB]&amp#27;[39m Setting device id to emulator-5554
[debug] &amp#27;[35m[ADB]&amp#27;[39m Running 'C:\Users\aakashgaur\AppData\Local\Android\Sdk\platform-tools\adb.exe -P 5037 -s emulator-5554 shell getprop ro.build.version.sdk'
[debug] &amp#27;[35m[ADB]&amp#27;[39m Current device property 'ro.build.version.sdk': 27
[debug] &amp#27;[35m[ADB]&amp#27;[39m Device API level: 27
[debug] &amp#27;[35m[ADB]&amp#27;[39m Running 'C:\Users\aakashgaur\AppData\Local\Android\Sdk\platform-tools\adb.exe -P 5037 -s emulator-5554 wait-for-device'
[debug] &amp#27;[35m[ADB]&amp#27;[39m Running 'C:\Users\aakashgaur\AppData\Local\Android\Sdk\platform-tools\adb.exe -P 5037 -s emulator-5554 shell echo ping'
[debug] &amp#27;[35m[AndroidDriver]&amp#27;[39m Pushing settings apk to device...
[debug] &amp#27;[35m[ADB]&amp#27;[39m Getting install status for io.appium.settings
[debug] &amp#27;[35m[ADB]&amp#27;[39m Running 'C:\Users\aakashgaur\AppData\Local\Android\Sdk\platform-tools\adb.exe -P 5037 -s emulator-5554 shell dumpsys package io.appium.settings'
[debug] &amp#27;[35m[ADB]&amp#27;[39m 'io.appium.settings' is not installed
[debug] &amp#27;[35m[ADB]&amp#27;[39m App 'C:\Users\aakashgaur\AppData\Roaming\npm\node_modules\appium\node_modules\io.appium.settings\apks\settings_apk-debug.apk' is not installed
[debug] &amp#27;[35m[ADB]&amp#27;[39m Installing 'C:\Users\aakashgaur\AppData\Roaming\npm\node_modules\appium\node_modules\io.appium.settings\apks\settings_apk-debug.apk'
[debug] &amp#27;[35m[ADB]&amp#27;[39m Running 'C:\Users\aakashgaur\AppData\Local\Android\Sdk\platform-tools\adb.exe -P 5037 -s emulator-5554 features'
&amp#27;[35m[ADB]&amp#27;[39m The application at 'C:\Users\aakashgaur\AppData\Roaming\npm\node_modules\appium\node_modules\io.appium.settings\apks\settings_apk-debug.apk' will not be cached, because the device under test has confirmed the support of streamed installs
[debug] &amp#27;[35m[ADB]&amp#27;[39m Running 'C:\Users\aakashgaur\AppData\Local\Android\Sdk\platform-tools\adb.exe -P 5037 -s emulator-5554 install -g C:\Users\aakashgaur\AppData\Roaming\npm\node_modules\appium\node_modules\io.appium.settings\apks\settings_apk-debug.apk'
[debug] &amp#27;[35m[ADB]&amp#27;[39m Getting install status for io.appium.settings
[debug] &amp#27;[35m[ADB]&amp#27;[39m Running 'C:\Users\aakashgaur\AppData\Local\Android\Sdk\platform-tools\adb.exe -P 5037 -s emulator-5554 shell dumpsys package io.appium.settings'
[debug] &amp#27;[35m[ADB]&amp#27;[39m 'io.appium.settings' is installed
[debug] &amp#27;[35m[ADB]&amp#27;[39m Getting package info for 'io.appium.settings'
[debug] &amp#27;[35m[ADB]&amp#27;[39m Running 'C:\Users\aakashgaur\AppData\Local\Android\Sdk\platform-tools\adb.exe -P 5037 -s emulator-5554 shell dumpsys package io.appium.settings'
[debug] &amp#27;[35m[ADB]&amp#27;[39m The version name of the installed 'io.appium.settings' is greater or equal to the application version name ('3.4.0' >= '3.4.0')
[debug] &amp#27;[35m[ADB]&amp#27;[39m There is no need to install/upgrade 'C:\Users\aakashgaur\AppData\Roaming\npm\node_modules\appium\node_modules\io.appium.settings\apks\settings_apk-debug.apk'
[debug] &amp#27;[35m[ADB]&amp#27;[39m Getting IDs of all 'io.appium.settings' processes
[debug] &amp#27;[35m[ADB]&amp#27;[39m Running 'C:\Users\aakashgaur\AppData\Local\Android\Sdk\platform-tools\adb.exe -P 5037 -s emulator-5554 shell 'pgrep --help; echo $?''
[debug] &amp#27;[35m[ADB]&amp#27;[39m Running 'C:\Users\aakashgaur\AppData\Local\Android\Sdk\platform-tools\adb.exe -P 5037 -s emulator-5554 shell pgrep -f \(\[\[:blank:\]\]\|\^\)io\.appium\.settings\(\[\[:blank:\]\]\|\$\)'
[debug] &amp#27;[35m[ADB]&amp#27;[39m Getting IDs of all 'io.appium.settings' processes
[debug] &amp#27;[35m[ADB]&amp#27;[39m Running 'C:\Users\aakashgaur\AppData\Local\Android\Sdk\platform-tools\adb.exe -P 5037 -s emulator-5554 shell pgrep -f \(\[\[:blank:\]\]\|\^\)io\.appium\.settings\(\[\[:blank:\]\]\|\$\)'
[debug] &amp#27;[35m[ADB]&amp#27;[39m Starting Appium Settings app
[debug] &amp#27;[35m[ADB]&amp#27;[39m Running 'C:\Users\aakashgaur\AppData\Local\Android\Sdk\platform-tools\adb.exe -P 5037 -s emulator-5554 shell am start -n io.appium.settings/.Settings -a android.intent.action.MAIN -c android.intent.category.LAUNCHER'
[debug] &amp#27;[35m[ADB]&amp#27;[39m Getting IDs of all 'io.appium.settings' processes
[debug] &amp#27;[35m[ADB]&amp#27;[39m Running 'C:\Users\aakashgaur\AppData\Local\Android\Sdk\platform-tools\adb.exe -P 5037 -s emulator-5554 shell pgrep -f \(\[\[:blank:\]\]\|\^\)io\.appium\.settings\(\[\[:blank:\]\]\|\$\)'
[debug] &amp#27;[35m[ADB]&amp#27;[39m Getting IDs of all 'io.appium.settings' processes
[debug] &amp#27;[35m[ADB]&amp#27;[39m Running 'C:\Users\aakashgaur\AppData\Local\Android\Sdk\platform-tools\adb.exe -P 5037 -s emulator-5554 shell pgrep -f \(\[\[:blank:\]\]\|\^\)io\.appium\.settings\(\[\[:blank:\]\]\|\$\)'
[debug] &amp#27;[35m[ADB]&amp#27;[39m Getting IDs of all 'io.appium.settings' processes
[debug] &amp#27;[35m[ADB]&amp#27;[39m Running 'C:\Users\aakashgaur\AppData\Local\Android\Sdk\platform-tools\adb.exe -P 5037 -s emulator-5554 shell pgrep -f \(\[\[:blank:\]\]\|\^\)io\.appium\.settings\(\[\[:blank:\]\]\|\$\)'
[debug] &amp#27;[35m[ADB]&amp#27;[39m Getting IDs of all 'io.appium.settings' processes
[debug] &amp#27;[35m[ADB]&amp#27;[39m Running 'C:\Users\aakashgaur\AppData\Local\Android\Sdk\platform-tools\adb.exe -P 5037 -s emulator-5554 shell pgrep -f \(\[\[:blank:\]\]\|\^\)io\.appium\.settings\(\[\[:blank:\]\]\|\$\)'
[debug] &amp#27;[35m[ADB]&amp#27;[39m Getting IDs of all 'io.appium.settings' processes
[debug] &amp#27;[35m[ADB]&amp#27;[39m Running 'C:\Users\aakashgaur\AppData\Local\Android\Sdk\platform-tools\adb.exe -P 5037 -s emulator-5554 shell pgrep -f \(\[\[:blank:\]\]\|\^\)io\.appium\.settings\(\[\[:blank:\]\]\|\$\)'
[debug] &amp#27;[35m[ADB]&amp#27;[39m Getting IDs of all 'io.appium.settings' processes
[debug] &amp#27;[35m[ADB]&amp#27;[39m Running 'C:\Users\aakashgaur\AppData\Local\Android\Sdk\platform-tools\adb.exe -P 5037 -s emulator-5554 shell pgrep -f \(\[\[:blank:\]\]\|\^\)io\.appium\.settings\(\[\[:blank:\]\]\|\$\)'
[debug] &amp#27;[35m[ADB]&amp#27;[39m Getting IDs of all 'io.appium.settings' processes
[debug] &amp#27;[35m[ADB]&amp#27;[39m Running 'C:\Users\aakashgaur\AppData\Local\Android\Sdk\platform-tools\adb.exe -P 5037 -s emulator-5554 shell pgrep -f \(\[\[:blank:\]\]\|\^\)io\.appium\.settings\(\[\[:blank:\]\]\|\$\)'
[debug] &amp#27;[35m[ADB]&amp#27;[39m Getting IDs of all 'io.appium.settings' processes
[debug] &amp#27;[35m[ADB]&amp#27;[39m Running 'C:\Users\aakashgaur\AppData\Local\Android\Sdk\platform-tools\adb.exe -P 5037 -s emulator-5554 shell pgrep -f \(\[\[:blank:\]\]\|\^\)io\.appium\.settings\(\[\[:blank:\]\]\|\$\)'
[debug] &amp#27;[35m[ADB]&amp#27;[39m Getting IDs of all 'io.appium.settings' processes
[debug] &amp#27;[35m[ADB]&amp#27;[39m Running 'C:\Users\aakashgaur\AppData\Local\Android\Sdk\platform-tools\adb.exe -P 5037 -s emulator-5554 shell pgrep -f \(\[\[:blank:\]\]\|\^\)io\.appium\.settings\(\[\[:blank:\]\]\|\$\)'
[debug] &amp#27;[35m[ADB]&amp#27;[39m Getting IDs of all 'io.appium.settings' processes
[debug] &amp#27;[35m[ADB]&amp#27;[39m Running 'C:\Users\aakashgaur\AppData\Local\Android\Sdk\platform-tools\adb.exe -P 5037 -s emulator-5554 shell pgrep -f \(\[\[:blank:\]\]\|\^\)io\.appium\.settings\(\[\[:blank:\]\]\|\$\)'
[debug] &amp#27;[35m[AndroidDriver]&amp#27;[39m Error: Appium Settings app is not running after 5000ms
[debug] &amp#27;[35m[AndroidDriver]&amp#27;[39m     at ADB.requireRunningSettingsApp (C:\Users\aakashgaur\AppData\Roaming\npm\node_modules\appium\node_modules\appium-adb\lib\tools\settings-client-commands.js:72:11)
[debug] &amp#27;[35m[AndroidDriver]&amp#27;[39m     at Object.pushSettingsApp (C:\Users\aakashgaur\AppData\Roaming\npm\node_modules\appium\node_modules\appium-android-driver\lib\android-helpers.js:593:5)
[debug] &amp#27;[35m[AndroidDriver]&amp#27;[39m     at Object.initDevice (C:\Users\aakashgaur\AppData\Roaming\npm\node_modules\appium\node_modules\appium-android-driver\lib\android-helpers.js:765:5)
[debug] &amp#27;[35m[AndroidDriver]&amp#27;[39m     at AndroidUiautomator2Driver.startUiAutomator2Session (C:\Users\aakashgaur\AppData\Roaming\npm\node_modules\appium\node_modules\appium-uiautomator2-driver\lib\driver.js:379:23)
[debug] &amp#27;[35m[AndroidDriver]&amp#27;[39m     at AndroidUiautomator2Driver.createSession (C:\Users\aakashgaur\AppData\Roaming\npm\node_modules\appium\node_modules\appium-uiautomator2-driver\lib\driver.js:229:7)
[debug] &amp#27;[35m[AndroidDriver]&amp#27;[39m     at AppiumDriver.createSession (C:\Users\aakashgaur\AppData\Roaming\npm\node_modules\appium\lib\appium.js:387:35)
[debug] &amp#27;[35m[UiAutomator2]&amp#27;[39m Deleting UiAutomator2 session
[debug] &amp#27;[35m[ADB]&amp#27;[39m Running 'C:\Users\aakashgaur\AppData\Local\Android\Sdk\platform-tools\adb.exe -P 5037 -s emulator-5554 shell am force-stop com.hmh.api'
[debug] &amp#27;[35m[BaseDriver]&amp#27;[39m Event 'newSessionStarted' logged at 1675329630901 (14:50:30 GMT+0530 (India Standard Time))
[debug] &amp#27;[35m[W3C]&amp#27;[39m Encountered internal error running command: Error: Appium Settings app is not running after 5000ms
[debug] &amp#27;[35m[W3C]&amp#27;[39m     at ADB.requireRunningSettingsApp (C:\Users\aakashgaur\AppData\Roaming\npm\node_modules\appium\node_modules\appium-adb\lib\tools\settings-client-commands.js:72:11)
[debug] &amp#27;[35m[W3C]&amp#27;[39m     at Object.pushSettingsApp (C:\Users\aakashgaur\AppData\Roaming\npm\node_modules\appium\node_modules\appium-android-driver\lib\android-helpers.js:593:5)
[debug] &amp#27;[35m[W3C]&amp#27;[39m     at Object.initDevice (C:\Users\aakashgaur\AppData\Roaming\npm\node_modules\appium\node_modules\appium-android-driver\lib\android-helpers.js:765:5)
[debug] &amp#27;[35m[W3C]&amp#27;[39m     at AndroidUiautomator2Driver.startUiAutomator2Session (C:\Users\aakashgaur\AppData\Roaming\npm\node_modules\appium\node_modules\appium-uiautomator2-driver\lib\driver.js:379:23)
[debug] &amp#27;[35m[W3C]&amp#27;[39m     at AndroidUiautomator2Driver.createSession (C:\Users\aakashgaur\AppData\Roaming\npm\node_modules\appium\node_modules\appium-uiautomator2-driver\lib\driver.js:229:7)
[debug] &amp#27;[35m[W3C]&amp#27;[39m     at AppiumDriver.createSession (C:\Users\aakashgaur\AppData\Roaming\npm\node_modules\appium\lib\appium.js:387:35)
&amp#27;[35m[HTTP]&amp#27;[39m &amp#27;[37m<-- POST /wd/hub/session &amp#27;[39m&amp#27;[31m500&amp#27;[39m &amp#27;[90m7864 ms - 665&amp#27;[39m
&amp#27;[35m[HTTP]&amp#27;[39m &amp#27;[90m&amp#27;[39m
  When User Tap on Views                               # com.apidemo.stepdefinition.WhenStepDefinition.user_Tap_on_views()
      io.cucumber.core.exception.CucumberException: Failed to instantiate class com.apidemo.stepdefinition.WhenStepDefinition
	at io.cucumber.core.backend.DefaultObjectFactory.cacheNewInstance(DefaultObjectFactory.java:67)
	at io.cucumber.core.backend.DefaultObjectFactory.getInstance(DefaultObjectFactory.java:45)
	at io.cucumber.java.AbstractGlueDefinition.invokeMethod(AbstractGlueDefinition.java:47)
	at io.cucumber.java.JavaStepDefinition.execute(JavaStepDefinition.java:29)
	at io.cucumber.core.runner.CoreStepDefinition.execute(CoreStepDefinition.java:66)
	at io.cucumber.core.runner.PickleStepDefinitionMatch.runStep(PickleStepDefinitionMatch.java:63)
	at io.cucumber.core.runner.ExecutionMode$1.execute(ExecutionMode.java:10)
	at io.cucumber.core.runner.TestStep.executeStep(TestStep.java:85)
	at io.cucumber.core.runner.TestStep.run(TestStep.java:57)
	at io.cucumber.core.runner.PickleStepTestStep.run(PickleStepTestStep.java:51)
	at io.cucumber.core.runner.TestCase.run(TestCase.java:84)
	at io.cucumber.core.runner.Runner.runPickle(Runner.java:75)
	at io.cucumber.testng.TestNGCucumberRunner.lambda$runScenario$1(TestNGCucumberRunner.java:132)
	at io.cucumber.core.runtime.CucumberExecutionContext.lambda$runTestCase$5(CucumberExecutionContext.java:129)
	at io.cucumber.core.runtime.RethrowingThrowableCollector.executeAndThrow(RethrowingThrowableCollector.java:23)
	at io.cucumber.core.runtime.CucumberExecutionContext.runTestCase(CucumberExecutionContext.java:129)
	at io.cucumber.testng.TestNGCucumberRunner.runScenario(TestNGCucumberRunner.java:129)
	at io.cucumber.testng.AbstractTestNGCucumberTests.runScenario(AbstractTestNGCucumberTests.java:35)
	at java.base/jdk.internal.reflect.NativeMethodAccessorImpl.invoke0(Native Method)
	at java.base/jdk.internal.reflect.NativeMethodAccessorImpl.invoke(NativeMethodAccessorImpl.java:62)
	at java.base/jdk.internal.reflect.DelegatingMethodAccessorImpl.invoke(DelegatingMethodAccessorImpl.java:43)
	at java.base/java.lang.reflect.Method.invoke(Method.java:566)
	at org.testng.internal.MethodInvocationHelper.invokeMethod(MethodInvocationHelper.java:133)
	at org.testng.internal.TestInvoker.invokeMethod(TestInvoker.java:598)
	at org.testng.internal.TestInvoker.invokeTestMethod(TestInvoker.java:173)
	at org.testng.internal.MethodRunner.runInSequence(MethodRunner.java:46)
	at org.testng.internal.TestInvoker$MethodInvocationAgent.invoke(TestInvoker.java:824)
	at org.testng.internal.TestInvoker.invokeTestMethods(TestInvoker.java:146)
	at org.testng.internal.TestMethodWorker.invokeTestMethods(TestMethodWorker.java:146)
	at org.testng.internal.TestMethodWorker.run(TestMethodWorker.java:128)
	at java.base/java.util.ArrayList.forEach(ArrayList.java:1540)
	at org.testng.TestRunner.privateRun(TestRunner.java:794)
	at org.testng.TestRunner.run(TestRunner.java:596)
	at org.testng.SuiteRunner.runTest(SuiteRunner.java:377)
	at org.testng.SuiteRunner.runSequentially(SuiteRunner.java:371)
	at org.testng.SuiteRunner.privateRun(SuiteRunner.java:332)
	at org.testng.SuiteRunner.run(SuiteRunner.java:276)
	at org.testng.SuiteRunnerWorker.runSuite(SuiteRunnerWorker.java:53)
	at org.testng.SuiteRunnerWorker.run(SuiteRunnerWorker.java:96)
	at org.testng.TestNG.runSuitesSequentially(TestNG.java:1212)
	at org.testng.TestNG.runSuitesLocally(TestNG.java:1134)
	at org.testng.TestNG.runSuites(TestNG.java:1063)
	at org.testng.TestNG.run(TestNG.java:1031)
	at org.apache.maven.surefire.testng.TestNGExecutor.run(TestNGExecutor.java:283)
	at org.apache.maven.surefire.testng.TestNGXmlTestSuite.execute(TestNGXmlTestSuite.java:75)
	at org.apache.maven.surefire.testng.TestNGProvider.invoke(TestNGProvider.java:120)
	at org.apache.maven.surefire.booter.ForkedBooter.invokeProviderInSameClassLoader(ForkedBooter.java:384)
	at org.apache.maven.surefire.booter.ForkedBooter.runSuitesInProcess(ForkedBooter.java:345)
	at org.apache.maven.surefire.booter.ForkedBooter.execute(ForkedBooter.java:126)
	at org.apache.maven.surefire.booter.ForkedBooter.main(ForkedBooter.java:418)
Caused by: java.lang.reflect.InvocationTargetException
	at java.base/jdk.internal.reflect.NativeConstructorAccessorImpl.newInstance0(Native Method)
	at java.base/jdk.internal.reflect.NativeConstructorAccessorImpl.newInstance(NativeConstructorAccessorImpl.java:62)
	at java.base/jdk.internal.reflect.DelegatingConstructorAccessorImpl.newInstance(DelegatingConstructorAccessorImpl.java:45)
	at java.base/java.lang.reflect.Constructor.newInstance(Constructor.java:490)
	at io.cucumber.core.backend.DefaultObjectFactory.cacheNewInstance(DefaultObjectFactory.java:53)
	... 49 more
Caused by: org.openqa.selenium.NoSuchSessionException: Session ID is null. Using WebDriver after calling quit()?
Build info: version: '3.12.0', revision: '7c6e0b3', time: '2018-05-08T14:04:26.12Z'
System info: host: 'IN-B1BN2J3', ip: '192.168.0.101', os.name: 'Windows 10', os.arch: 'amd64', os.version: '10.0', java.version: '11.0.5'
Driver info: driver.version: AndroidDriver
	at org.openqa.selenium.remote.HttpCommandExecutor.execute(HttpCommandExecutor.java:125)
	at io.appium.java_client.remote.AppiumCommandExecutor.execute(AppiumCommandExecutor.java:231)
	at org.openqa.selenium.remote.RemoteWebDriver.execute(RemoteWebDriver.java:543)
	at io.appium.java_client.DefaultGenericMobileDriver.execute(DefaultGenericMobileDriver.java:46)
	at io.appium.java_client.AppiumDriver.execute(AppiumDriver.java:1)
	at io.appium.java_client.android.AndroidDriver.execute(AndroidDriver.java:1)
	at io.appium.java_client.HasSessionDetails.getSessionDetails(HasSessionDetails.java:39)
	at io.appium.java_client.HasSessionDetails.getSessionDetail(HasSessionDetails.java:56)
	at io.appium.java_client.HasSessionDetails.getPlatformName(HasSessionDetails.java:65)
	at io.appium.java_client.pagefactory.AppiumFieldDecorator.<init>(AppiumFieldDecorator.java:96)
	at io.appium.java_client.pagefactory.AppiumFieldDecorator.<init>(AppiumFieldDecorator.java:144)
	at com.apidemo.screens.HomeScreen.<init>(HomeScreen.java:15)
	at com.apidemo.stepdefinition.WhenStepDefinition.<init>(WhenStepDefinition.java:24)
	... 54 more

  And Tap on Controls                                  # com.apidemo.stepdefinition.WhenStepDefinition.Tap_on_controls()
  When User Tap on Holo Dark  Theme                    # com.apidemo.stepdefinition.ThemeScreenStepDefinition.user_Tap_on_holo_dark_theme()
  Then Holo Dark Theme is Visible                      # com.apidemo.stepdefinition.ThemeScreenStepDefinition.holo_dark_theme_is_visible()
      org.openqa.selenium.NoSuchSessionException: Session ID is null. Using WebDriver after calling quit()?
Build info: version: '3.12.0', revision: '7c6e0b3', time: '2018-05-08T14:04:26.12Z'
System info: host: 'IN-B1BN2J3', ip: '192.168.0.101', os.name: 'Windows 10', os.arch: 'amd64', os.version: '10.0', java.version: '11.0.5'
Driver info: driver.version: RemoteWebDriver
	at org.openqa.selenium.remote.HttpCommandExecutor.execute(HttpCommandExecutor.java:125)
	at io.appium.java_client.remote.AppiumCommandExecutor.execute(AppiumCommandExecutor.java:231)
	at org.openqa.selenium.remote.RemoteWebDriver.execute(RemoteWebDriver.java:543)
	at io.appium.java_client.DefaultGenericMobileDriver.execute(DefaultGenericMobileDriver.java:46)
	at io.appium.java_client.AppiumDriver.execute(AppiumDriver.java:1)
	at io.appium.java_client.android.AndroidDriver.execute(AndroidDriver.java:1)
	at org.openqa.selenium.remote.RemoteWebDriver.getScreenshotAs(RemoteWebDriver.java:289)
	at com.apidemo.utils.ScreenShots.takeScreenShot(ScreenShots.java:22)
	at com.apidemo.stepdefinition.HookFile.closeservice(HookFile.java:34)

]]></system-out>
    <system-err><![CDATA[org.openqa.selenium.WebDriverException: It is impossible to create a new session because 'createSession' which takes HttpClient, InputStream and long was not found or it is not accessible
Build info: version: '3.12.0', revision: '7c6e0b3', time: '2018-05-08T14:04:26.12Z'
System info: host: 'IN-B1BN2J3', ip: '192.168.0.101', os.name: 'Windows 10', os.arch: 'amd64', os.version: '10.0', java.version: '11.0.5'
Driver info: driver.version: AndroidDriver
	at io.appium.java_client.remote.AppiumCommandExecutor$1.createSession(AppiumCommandExecutor.java:195)
	at io.appium.java_client.remote.AppiumCommandExecutor.createSession(AppiumCommandExecutor.java:209)
	at io.appium.java_client.remote.AppiumCommandExecutor.execute(AppiumCommandExecutor.java:231)
	at org.openqa.selenium.remote.RemoteWebDriver.execute(RemoteWebDriver.java:543)
	at io.appium.java_client.DefaultGenericMobileDriver.execute(DefaultGenericMobileDriver.java:42)
	at io.appium.java_client.AppiumDriver.execute(AppiumDriver.java:1)
	at io.appium.java_client.android.AndroidDriver.execute(AndroidDriver.java:1)
	at org.openqa.selenium.remote.RemoteWebDriver.startSession(RemoteWebDriver.java:207)
	at org.openqa.selenium.remote.RemoteWebDriver.<init>(RemoteWebDriver.java:130)
	at io.appium.java_client.DefaultGenericMobileDriver.<init>(DefaultGenericMobileDriver.java:38)
	at io.appium.java_client.AppiumDriver.<init>(AppiumDriver.java:84)
	at io.appium.java_client.AppiumDriver.<init>(AppiumDriver.java:94)
	at io.appium.java_client.android.AndroidDriver.<init>(AndroidDriver.java:93)
	at com.apidemo.base.TestBase.launchAndIntallApp(TestBase.java:68)
	at com.apidemo.stepdefinition.HookFile.startAppium(HookFile.java:27)
	at java.base/jdk.internal.reflect.NativeMethodAccessorImpl.invoke0(Native Method)
	at java.base/jdk.internal.reflect.NativeMethodAccessorImpl.invoke(NativeMethodAccessorImpl.java:62)
	at java.base/jdk.internal.reflect.DelegatingMethodAccessorImpl.invoke(DelegatingMethodAccessorImpl.java:43)
	at java.base/java.lang.reflect.Method.invoke(Method.java:566)
	at io.cucumber.java.Invoker.doInvoke(Invoker.java:66)
	at io.cucumber.java.Invoker.invoke(Invoker.java:24)
	at io.cucumber.java.AbstractGlueDefinition.invokeMethod(AbstractGlueDefinition.java:47)
	at io.cucumber.java.JavaHookDefinition.execute(JavaHookDefinition.java:64)
	at io.cucumber.core.runner.CoreHookDefinition.execute(CoreHookDefinition.java:46)
	at io.cucumber.core.runner.HookDefinitionMatch.runStep(HookDefinitionMatch.java:21)
	at io.cucumber.core.runner.ExecutionMode$1.execute(ExecutionMode.java:10)
	at io.cucumber.core.runner.TestStep.executeStep(TestStep.java:85)
	at io.cucumber.core.runner.TestStep.run(TestStep.java:57)
	at io.cucumber.core.runner.TestCase.run(TestCase.java:78)
	at io.cucumber.core.runner.Runner.runPickle(Runner.java:75)
	at io.cucumber.testng.TestNGCucumberRunner.lambda$runScenario$1(TestNGCucumberRunner.java:132)
	at io.cucumber.core.runtime.CucumberExecutionContext.lambda$runTestCase$5(CucumberExecutionContext.java:129)
	at io.cucumber.core.runtime.RethrowingThrowableCollector.executeAndThrow(RethrowingThrowableCollector.java:23)
	at io.cucumber.core.runtime.CucumberExecutionContext.runTestCase(CucumberExecutionContext.java:129)
	at io.cucumber.testng.TestNGCucumberRunner.runScenario(TestNGCucumberRunner.java:129)
	at io.cucumber.testng.AbstractTestNGCucumberTests.runScenario(AbstractTestNGCucumberTests.java:35)
	at java.base/jdk.internal.reflect.NativeMethodAccessorImpl.invoke0(Native Method)
	at java.base/jdk.internal.reflect.NativeMethodAccessorImpl.invoke(NativeMethodAccessorImpl.java:62)
	at java.base/jdk.internal.reflect.DelegatingMethodAccessorImpl.invoke(DelegatingMethodAccessorImpl.java:43)
	at java.base/java.lang.reflect.Method.invoke(Method.java:566)
	at org.testng.internal.MethodInvocationHelper.invokeMethod(MethodInvocationHelper.java:133)
	at org.testng.internal.TestInvoker.invokeMethod(TestInvoker.java:598)
	at org.testng.internal.TestInvoker.invokeTestMethod(TestInvoker.java:173)
	at org.testng.internal.MethodRunner.runInSequence(MethodRunner.java:46)
	at org.testng.internal.TestInvoker$MethodInvocationAgent.invoke(TestInvoker.java:824)
	at org.testng.internal.TestInvoker.invokeTestMethods(TestInvoker.java:146)
	at org.testng.internal.TestMethodWorker.invokeTestMethods(TestMethodWorker.java:146)
	at org.testng.internal.TestMethodWorker.run(TestMethodWorker.java:128)
	at java.base/java.util.ArrayList.forEach(ArrayList.java:1540)
	at org.testng.TestRunner.privateRun(TestRunner.java:794)
	at org.testng.TestRunner.run(TestRunner.java:596)
	at org.testng.SuiteRunner.runTest(SuiteRunner.java:377)
	at org.testng.SuiteRunner.runSequentially(SuiteRunner.java:371)
	at org.testng.SuiteRunner.privateRun(SuiteRunner.java:332)
	at org.testng.SuiteRunner.run(SuiteRunner.java:276)
	at org.testng.SuiteRunnerWorker.runSuite(SuiteRunnerWorker.java:53)
	at org.testng.SuiteRunnerWorker.run(SuiteRunnerWorker.java:96)
	at org.testng.TestNG.runSuitesSequentially(TestNG.java:1212)
	at org.testng.TestNG.runSuitesLocally(TestNG.java:1134)
	at org.testng.TestNG.runSuites(TestNG.java:1063)
	at org.testng.TestNG.run(TestNG.java:1031)
	at org.apache.maven.surefire.testng.TestNGExecutor.run(TestNGExecutor.java:283)
	at org.apache.maven.surefire.testng.TestNGXmlTestSuite.execute(TestNGXmlTestSuite.java:75)
	at org.apache.maven.surefire.testng.TestNGProvider.invoke(TestNGProvider.java:120)
	at org.apache.maven.surefire.booter.ForkedBooter.invokeProviderInSameClassLoader(ForkedBooter.java:384)
	at org.apache.maven.surefire.booter.ForkedBooter.runSuitesInProcess(ForkedBooter.java:345)
	at org.apache.maven.surefire.booter.ForkedBooter.execute(ForkedBooter.java:126)
	at org.apache.maven.surefire.booter.ForkedBooter.main(ForkedBooter.java:418)
Caused by: java.lang.reflect.InvocationTargetException
	at java.base/jdk.internal.reflect.NativeMethodAccessorImpl.invoke0(Native Method)
	at java.base/jdk.internal.reflect.NativeMethodAccessorImpl.invoke(NativeMethodAccessorImpl.java:62)
	at java.base/jdk.internal.reflect.DelegatingMethodAccessorImpl.invoke(DelegatingMethodAccessorImpl.java:43)
	at java.base/java.lang.reflect.Method.invoke(Method.java:566)
	at io.appium.java_client.remote.AppiumCommandExecutor$1.createSession(AppiumCommandExecutor.java:185)
	... 67 more
Caused by: org.openqa.selenium.WebDriverException: An unknown server-side error occurred while processing the command. Original error: Appium Settings app is not running after 5000ms
Build info: version: '3.12.0', revision: '7c6e0b3', time: '2018-05-08T14:04:26.12Z'
System info: host: 'IN-B1BN2J3', ip: '192.168.0.101', os.name: 'Windows 10', os.arch: 'amd64', os.version: '10.0', java.version: '11.0.5'
Driver info: driver.version: AndroidDriver
remote stacktrace: UnknownError: An unknown server-side error occurred while processing the command. Original error: Appium Settings app is not running after 5000ms
    at getResponseForW3CError (C:\Users\aakashgaur\AppData\Roaming\npm\node_modules\appium\node_modules\appium-base-driver\lib\protocol\errors.js:804:9)
    at asyncHandler (C:\Users\aakashgaur\AppData\Roaming\npm\node_modules\appium\node_modules\appium-base-driver\lib\protocol\protocol.js:380:37)
	at java.base/jdk.internal.reflect.NativeConstructorAccessorImpl.newInstance0(Native Method)
	at java.base/jdk.internal.reflect.NativeConstructorAccessorImpl.newInstance(NativeConstructorAccessorImpl.java:62)
	at java.base/jdk.internal.reflect.DelegatingConstructorAccessorImpl.newInstance(DelegatingConstructorAccessorImpl.java:45)
	at java.base/java.lang.reflect.Constructor.newInstance(Constructor.java:490)
	at org.openqa.selenium.remote.W3CHandshakeResponse.lambda$new$0(W3CHandshakeResponse.java:57)
	at org.openqa.selenium.remote.W3CHandshakeResponse.lambda$getResponseFunction$2(W3CHandshakeResponse.java:104)
	at org.openqa.selenium.remote.ProtocolHandshake.lambda$createSession$0(ProtocolHandshake.java:123)
	at java.base/java.util.stream.ReferencePipeline$3$1.accept(ReferencePipeline.java:195)
	at java.base/java.util.Spliterators$ArraySpliterator.tryAdvance(Spliterators.java:958)
	at java.base/java.util.stream.ReferencePipeline.forEachWithCancel(ReferencePipeline.java:127)
	at java.base/java.util.stream.AbstractPipeline.copyIntoWithCancel(AbstractPipeline.java:502)
	at java.base/java.util.stream.AbstractPipeline.copyInto(AbstractPipeline.java:488)
	at java.base/java.util.stream.AbstractPipeline.wrapAndCopyInto(AbstractPipeline.java:474)
	at java.base/java.util.stream.FindOps$FindOp.evaluateSequential(FindOps.java:150)
	at java.base/java.util.stream.AbstractPipeline.evaluate(AbstractPipeline.java:234)
	at java.base/java.util.stream.ReferencePipeline.findFirst(ReferencePipeline.java:543)
	at org.openqa.selenium.remote.ProtocolHandshake.createSession(ProtocolHandshake.java:126)
	... 72 more
]]></system-err>
  </testcase>
  <testcase name="runScenario" classname="com.apidemo.runner.Run" time="30.602">
    <failure message="The element &apos;By.xpath: /hierarchy/android.widget.FrameLayout/android.view.ViewGroup/android.widget.FrameLayout[2]/android.widget.ListView/android.widget.TextView[5]&apos; does not exist in DOM anymore&#10;For documentation on this error, please visit: http://seleniumhq.org/exceptions/stale_element_reference.html&#10;Build info: version: &apos;3.12.0&apos;, revision: &apos;7c6e0b3&apos;, time: &apos;2018-05-08T14:04:26.12Z&apos;&#10;System info: host: &apos;IN-B1BN2J3&apos;, ip: &apos;192.168.0.101&apos;, os.name: &apos;Windows 10&apos;, os.arch: &apos;amd64&apos;, os.version: &apos;10.0&apos;, java.version: &apos;11.0.5&apos;&#10;Driver info: io.appium.java_client.android.AndroidDriver&#10;Capabilities {app: C:\Users\aakashgaur\eclipse..., appActivity: com.hmh.api.ApiDemos, appPackage: com.hmh.api, appium-version: 1.15.1, avdArgs: -no-window, databaseEnabled: false, desired: {app: C:\Users\aakashgaur\eclipse..., appActivity: com.hmh.api.ApiDemos, appPackage: com.hmh.api, appium-version: 1.15.1, avdArgs: -no-window, deviceName: Android, isHeadless: true, platformName: android, platformVersion: 8.1}, deviceApiLevel: 27, deviceManufacturer: Google, deviceModel: Android SDK built for x86, deviceName: emulator-5554, deviceScreenDensity: 440, deviceScreenSize: 1080x2340, deviceUDID: emulator-5554, isHeadless: true, javascriptEnabled: true, locationContextEnabled: false, networkConnectionEnabled: true, pixelRatio: 2.75, platform: LINUX, platformName: Android, platformVersion: 8.1.0, statBarHeight: 66, takesScreenshot: true, viewportRect: {height: 2142, left: 0, top: 66, width: 1080}, warnings: {}, webStorageEnabled: false}&#10;Session ID: 835c4fb4-cece-4e61-9263-e8802dc31146" type="org.openqa.selenium.StaleElementReferenceException">org.openqa.selenium.StaleElementReferenceException: 
The element 'By.xpath: /hierarchy/android.widget.FrameLayout/android.view.ViewGroup/android.widget.FrameLayout[2]/android.widget.ListView/android.widget.TextView[5]' does not exist in DOM anymore
For documentation on this error, please visit: http://seleniumhq.org/exceptions/stale_element_reference.html
Build info: version: '3.12.0', revision: '7c6e0b3', time: '2018-05-08T14:04:26.12Z'
System info: host: 'IN-B1BN2J3', ip: '192.168.0.101', os.name: 'Windows 10', os.arch: 'amd64', os.version: '10.0', java.version: '11.0.5'
Driver info: io.appium.java_client.android.AndroidDriver
Capabilities {app: C:\Users\aakashgaur\eclipse..., appActivity: com.hmh.api.ApiDemos, appPackage: com.hmh.api, appium-version: 1.15.1, avdArgs: -no-window, databaseEnabled: false, desired: {app: C:\Users\aakashgaur\eclipse..., appActivity: com.hmh.api.ApiDemos, appPackage: com.hmh.api, appium-version: 1.15.1, avdArgs: -no-window, deviceName: Android, isHeadless: true, platformName: android, platformVersion: 8.1}, deviceApiLevel: 27, deviceManufacturer: Google, deviceModel: Android SDK built for x86, deviceName: emulator-5554, deviceScreenDensity: 440, deviceScreenSize: 1080x2340, deviceUDID: emulator-5554, isHeadless: true, javascriptEnabled: true, locationContextEnabled: false, networkConnectionEnabled: true, pixelRatio: 2.75, platform: LINUX, platformName: Android, platformVersion: 8.1.0, statBarHeight: 66, takesScreenshot: true, viewportRect: {height: 2142, left: 0, top: 66, width: 1080}, warnings: {}, webStorageEnabled: false}
Session ID: 835c4fb4-cece-4e61-9263-e8802dc31146
</failure>
    <system-out><![CDATA[
@ThemeScreenTest
Scenario: Testing the functionality of Custom Theme # src/test/java/com/apidemo/feature/ThemeScreenFeature.feature:24
&amp#27;[35m[HTTP]&amp#27;[39m &amp#27;[37m-->&amp#27;[39m &amp#27;[37mPOST&amp#27;[39m &amp#27;[37m/wd/hub/session&amp#27;[39m
&amp#27;[35m[HTTP]&amp#27;[39m &amp#27;[90m{"desiredCapabilities":{"app":"C:\\Users\\aakashgaur\\eclipse-workspace\\Exit_Assginment\\resources\\App\\API Demos_4.0_apkcombo.com.apk","appActivity":"com.hmh.api.ApiDemos","appPackage":"com.hmh.api","isHeadless":true,"appium-version":"1.15.1","avdArgs":"-no-window","platformVersion":"8.1","platformName":"Android","deviceName":"Android"},"capabilities":{"alwaysMatch":{"appium:app":"C:\\Users\\aakashgaur\\eclipse-workspace\\Exit_Assginment\\resources\\App\\API Demos_4.0_apkcombo.com.apk","appium:appActivity":"com.hmh.api.ApiDemos","appium:appPackage":"com.hmh.api","appium-version":"1.15.1","appium:avdArgs":"-no-window","appium:deviceName":"Android","isHeadless":true,"platformName":"android","appium:platformVersion":"8.1"},"firstMatch":[{}]}}&amp#27;[39m
[debug] &amp#27;[35m[W3C]&amp#27;[39m Calling AppiumDriver.createSession() with args: [{"app":"C:\\Users\\aakashgaur\\eclipse-workspace\\Exit_Assginment\\resources\\App\\API Demos_4.0_apkcombo.com.apk","appActivity":"com.hmh.api.ApiDemos","appPackage":"com.hmh.api","isHeadless":true,"appium-version":"1.15.1","avdArgs":"-no-window","platformVersion":"8.1","platformName":"Android","deviceName":"Android"},null,{"alwaysMatch":{"appium:app":"C:\\Users\\aakashgaur\\eclipse-workspace\\Exit_Assginment\\resources\\App\\API Demos_4.0_apkcombo.com.apk","appium:appActivity":"com.hmh.api.ApiDemos","appium:appPackage":"com.hmh.api","appium-version":"1.15.1","appium:avdArgs":"-no-window","appium:deviceName":"Android","isHeadless":true,"platformName":"android","appium:platformVersion":"8.1"},"firstMatch":[{}]}]
[debug] &amp#27;[35m[BaseDriver]&amp#27;[39m Event 'newSessionRequested' logged at 1675329631282 (14:50:31 GMT+0530 (India Standard Time))
&amp#27;[35m[BaseDriver]&amp#27;[39m The following capabilities are not standard capabilities and should have an extension prefix:
&amp#27;[35m[BaseDriver]&amp#27;[39m   appium-version
&amp#27;[35m[BaseDriver]&amp#27;[39m   isHeadless
&amp#27;[35m[Appium]&amp#27;[39m 
&amp#27;[35m[Appium]&amp#27;[39m ======================================================================
&amp#27;[35m[Appium]&amp#27;[39m   DEPRECATION WARNING:
&amp#27;[35m[Appium]&amp#27;[39m 
&amp#27;[35m[Appium]&amp#27;[39m   The 'automationName' capability was not provided in the desired 
&amp#27;[35m[Appium]&amp#27;[39m   capabilities for this Android session
&amp#27;[35m[Appium]&amp#27;[39m 
&amp#27;[35m[Appium]&amp#27;[39m   Setting 'automationName=UiAutomator2' by default and using the 
&amp#27;[35m[Appium]&amp#27;[39m   UiAutomator2 Driver
&amp#27;[35m[Appium]&amp#27;[39m 
&amp#27;[35m[Appium]&amp#27;[39m   The next major version of Appium (2.x) will **require** the 
&amp#27;[35m[Appium]&amp#27;[39m   'automationName' capability to be set for all sessions on all 
&amp#27;[35m[Appium]&amp#27;[39m   platforms
&amp#27;[35m[Appium]&amp#27;[39m 
&amp#27;[35m[Appium]&amp#27;[39m   In previous versions (Appium <= 1.13.x), the default was 
&amp#27;[35m[Appium]&amp#27;[39m   'automationName=UiAutomator1'
&amp#27;[35m[Appium]&amp#27;[39m 
&amp#27;[35m[Appium]&amp#27;[39m   If you wish to use that automation instead of UiAutomator2, please 
&amp#27;[35m[Appium]&amp#27;[39m   add 'automationName=UiAutomator1' to your desired capabilities
&amp#27;[35m[Appium]&amp#27;[39m 
&amp#27;[35m[Appium]&amp#27;[39m   For more information about drivers, please visit 
&amp#27;[35m[Appium]&amp#27;[39m   http://appium.io/docs/en/about-appium/intro/ and explore the 
&amp#27;[35m[Appium]&amp#27;[39m   'Drivers' menu
&amp#27;[35m[Appium]&amp#27;[39m 
&amp#27;[35m[Appium]&amp#27;[39m ======================================================================
&amp#27;[35m[Appium]&amp#27;[39m 
&amp#27;[35m[Appium]&amp#27;[39m Appium v1.22.3 creating new AndroidUiautomator2Driver (v1.70.1) session
[debug] &amp#27;[35m[BaseDriver]&amp#27;[39m W3C capabilities and MJSONWP desired capabilities were provided
[debug] &amp#27;[35m[BaseDriver]&amp#27;[39m Creating session with W3C capabilities: {
[debug] &amp#27;[35m[BaseDriver]&amp#27;[39m   "alwaysMatch": {
[debug] &amp#27;[35m[BaseDriver]&amp#27;[39m     "appium:appium-version": "1.15.1",
[debug] &amp#27;[35m[BaseDriver]&amp#27;[39m     "appium:isHeadless": true,
[debug] &amp#27;[35m[BaseDriver]&amp#27;[39m     "platformName": "android",
[debug] &amp#27;[35m[BaseDriver]&amp#27;[39m     "appium:app": "C:\\Users\\aakashgaur\\eclipse-workspace\\Exit_Assginment\\resources\\App\\API Demos_4.0_apkcombo.com.apk",
[debug] &amp#27;[35m[BaseDriver]&amp#27;[39m     "appium:appActivity": "com.hmh.api.ApiDemos",
[debug] &amp#27;[35m[BaseDriver]&amp#27;[39m     "appium:appPackage": "com.hmh.api",
[debug] &amp#27;[35m[BaseDriver]&amp#27;[39m     "appium:avdArgs": "-no-window",
[debug] &amp#27;[35m[BaseDriver]&amp#27;[39m     "appium:deviceName": "Android",
[debug] &amp#27;[35m[BaseDriver]&amp#27;[39m     "appium:platformVersion": "8.1"
[debug] &amp#27;[35m[BaseDriver]&amp#27;[39m   },
[debug] &amp#27;[35m[BaseDriver]&amp#27;[39m   "firstMatch": [
[debug] &amp#27;[35m[BaseDriver]&amp#27;[39m     {}
[debug] &amp#27;[35m[BaseDriver]&amp#27;[39m   ]
[debug] &amp#27;[35m[BaseDriver]&amp#27;[39m }
&amp#27;[35m[BaseDriver]&amp#27;[39m The following capabilities were provided, but are not recognized by Appium:
&amp#27;[35m[BaseDriver]&amp#27;[39m   appium-version
&amp#27;[35m[BaseDriver]&amp#27;[39m Session created with session id: 835c4fb4-cece-4e61-9263-e8802dc31146
&amp#27;[35m[BaseDriver]&amp#27;[39m Using local app 'C:\Users\aakashgaur\eclipse-workspace\Exit_Assginment\resources\App\API Demos_4.0_apkcombo.com.apk'
[debug] &amp#27;[35m[UiAutomator2]&amp#27;[39m Checking whether app is actually present
&amp#27;[35m[ADB]&amp#27;[39m Using 'adb.exe' from 'C:\Users\aakashgaur\AppData\Local\Android\Sdk\platform-tools\adb.exe'
[debug] &amp#27;[35m[ADB]&amp#27;[39m Running 'C:\Users\aakashgaur\AppData\Local\Android\Sdk\platform-tools\adb.exe -P 5037 start-server'
&amp#27;[35m[AndroidDriver]&amp#27;[39m Retrieving device list
[debug] &amp#27;[35m[ADB]&amp#27;[39m Trying to find a connected android device
[debug] &amp#27;[35m[ADB]&amp#27;[39m Getting connected devices
[debug] &amp#27;[35m[ADB]&amp#27;[39m Connected devices: [{"udid":"emulator-5554","state":"device"}]
&amp#27;[35m[AndroidDriver]&amp#27;[39m Looking for a device with Android '8.1.0'
[debug] &amp#27;[35m[ADB]&amp#27;[39m Setting device id to emulator-5554
&amp#27;[35m[ADB]&amp#27;[39m Getting device platform version
[debug] &amp#27;[35m[ADB]&amp#27;[39m Running 'C:\Users\aakashgaur\AppData\Local\Android\Sdk\platform-tools\adb.exe -P 5037 -s emulator-5554 shell getprop ro.build.version.release'
[debug] &amp#27;[35m[ADB]&amp#27;[39m Current device property 'ro.build.version.release': 8.1.0
&amp#27;[35m[AndroidDriver]&amp#27;[39m Using device: emulator-5554
&amp#27;[35m[ADB]&amp#27;[39m Using 'adb.exe' from 'C:\Users\aakashgaur\AppData\Local\Android\Sdk\platform-tools\adb.exe'
[debug] &amp#27;[35m[ADB]&amp#27;[39m Running 'C:\Users\aakashgaur\AppData\Local\Android\Sdk\platform-tools\adb.exe -P 5037 start-server'
[debug] &amp#27;[35m[ADB]&amp#27;[39m Setting device id to emulator-5554
[debug] &amp#27;[35m[ADB]&amp#27;[39m Running 'C:\Users\aakashgaur\AppData\Local\Android\Sdk\platform-tools\adb.exe -P 5037 -s emulator-5554 shell getprop ro.build.version.sdk'
[debug] &amp#27;[35m[ADB]&amp#27;[39m Current device property 'ro.build.version.sdk': 27
[debug] &amp#27;[35m[ADB]&amp#27;[39m Device API level: 27
[debug] &amp#27;[35m[ADB]&amp#27;[39m Running 'C:\Users\aakashgaur\AppData\Local\Android\Sdk\platform-tools\adb.exe -P 5037 -s emulator-5554 wait-for-device'
[debug] &amp#27;[35m[ADB]&amp#27;[39m Running 'C:\Users\aakashgaur\AppData\Local\Android\Sdk\platform-tools\adb.exe -P 5037 -s emulator-5554 shell echo ping'
[debug] &amp#27;[35m[AndroidDriver]&amp#27;[39m Pushing settings apk to device...
[debug] &amp#27;[35m[ADB]&amp#27;[39m Getting install status for io.appium.settings
[debug] &amp#27;[35m[ADB]&amp#27;[39m Running 'C:\Users\aakashgaur\AppData\Local\Android\Sdk\platform-tools\adb.exe -P 5037 -s emulator-5554 shell dumpsys package io.appium.settings'
[debug] &amp#27;[35m[ADB]&amp#27;[39m 'io.appium.settings' is installed
[debug] &amp#27;[35m[ADB]&amp#27;[39m Getting package info for 'io.appium.settings'
[debug] &amp#27;[35m[ADB]&amp#27;[39m Running 'C:\Users\aakashgaur\AppData\Local\Android\Sdk\platform-tools\adb.exe -P 5037 -s emulator-5554 shell dumpsys package io.appium.settings'
[debug] &amp#27;[35m[ADB]&amp#27;[39m The version name of the installed 'io.appium.settings' is greater or equal to the application version name ('3.4.0' >= '3.4.0')
[debug] &amp#27;[35m[ADB]&amp#27;[39m There is no need to install/upgrade 'C:\Users\aakashgaur\AppData\Roaming\npm\node_modules\appium\node_modules\io.appium.settings\apks\settings_apk-debug.apk'
[debug] &amp#27;[35m[ADB]&amp#27;[39m Getting IDs of all 'io.appium.settings' processes
[debug] &amp#27;[35m[ADB]&amp#27;[39m Running 'C:\Users\aakashgaur\AppData\Local\Android\Sdk\platform-tools\adb.exe -P 5037 -s emulator-5554 shell 'pgrep --help; echo $?''
[debug] &amp#27;[35m[ADB]&amp#27;[39m Running 'C:\Users\aakashgaur\AppData\Local\Android\Sdk\platform-tools\adb.exe -P 5037 -s emulator-5554 shell pgrep -f \(\[\[:blank:\]\]\|\^\)io\.appium\.settings\(\[\[:blank:\]\]\|\$\)'
[debug] &amp#27;[35m[ADB]&amp#27;[39m Getting IDs of all 'io.appium.settings' processes
[debug] &amp#27;[35m[ADB]&amp#27;[39m Running 'C:\Users\aakashgaur\AppData\Local\Android\Sdk\platform-tools\adb.exe -P 5037 -s emulator-5554 shell pgrep -f \(\[\[:blank:\]\]\|\^\)io\.appium\.settings\(\[\[:blank:\]\]\|\$\)'
[debug] &amp#27;[35m[ADB]&amp#27;[39m Starting Appium Settings app
[debug] &amp#27;[35m[ADB]&amp#27;[39m Running 'C:\Users\aakashgaur\AppData\Local\Android\Sdk\platform-tools\adb.exe -P 5037 -s emulator-5554 shell am start -n io.appium.settings/.Settings -a android.intent.action.MAIN -c android.intent.category.LAUNCHER'
[debug] &amp#27;[35m[ADB]&amp#27;[39m Getting IDs of all 'io.appium.settings' processes
[debug] &amp#27;[35m[ADB]&amp#27;[39m Running 'C:\Users\aakashgaur\AppData\Local\Android\Sdk\platform-tools\adb.exe -P 5037 -s emulator-5554 shell pgrep -f \(\[\[:blank:\]\]\|\^\)io\.appium\.settings\(\[\[:blank:\]\]\|\$\)'
[debug] &amp#27;[35m[ADB]&amp#27;[39m Getting IDs of all 'io.appium.settings' processes
[debug] &amp#27;[35m[ADB]&amp#27;[39m Running 'C:\Users\aakashgaur\AppData\Local\Android\Sdk\platform-tools\adb.exe -P 5037 -s emulator-5554 shell pgrep -f \(\[\[:blank:\]\]\|\^\)io\.appium\.settings\(\[\[:blank:\]\]\|\$\)'
[debug] &amp#27;[35m[Logcat]&amp#27;[39m Starting logs capture with command: C:\\Users\\aakashgaur\\AppData\\Local\\Android\\Sdk\\platform-tools\\adb.exe -P 5037 -s emulator-5554 logcat -v threadtime
[debug] &amp#27;[35m[UiAutomator2]&amp#27;[39m Forwarding UiAutomator2 Server port 6790 to local port 8200
[debug] &amp#27;[35m[ADB]&amp#27;[39m Forwarding system: 8200 to device: 6790
[debug] &amp#27;[35m[ADB]&amp#27;[39m Running 'C:\Users\aakashgaur\AppData\Local\Android\Sdk\platform-tools\adb.exe -P 5037 -s emulator-5554 forward tcp:8200 tcp:6790'
[debug] &amp#27;[35m[ADB]&amp#27;[39m Getting install status for io.appium.uiautomator2.server
[debug] &amp#27;[35m[ADB]&amp#27;[39m Running 'C:\Users\aakashgaur\AppData\Local\Android\Sdk\platform-tools\adb.exe -P 5037 -s emulator-5554 shell dumpsys package io.appium.uiautomator2.server'
[debug] &amp#27;[35m[ADB]&amp#27;[39m 'io.appium.uiautomator2.server' is installed
[debug] &amp#27;[35m[ADB]&amp#27;[39m Getting package info for 'io.appium.uiautomator2.server'
[debug] &amp#27;[35m[ADB]&amp#27;[39m Running 'C:\Users\aakashgaur\AppData\Local\Android\Sdk\platform-tools\adb.exe -P 5037 -s emulator-5554 shell dumpsys package io.appium.uiautomator2.server'
[debug] &amp#27;[35m[ADB]&amp#27;[39m The version name of the installed 'io.appium.uiautomator2.server' is greater or equal to the application version name ('4.27.0' >= '4.27.0')
[debug] &amp#27;[35m[UiAutomator2]&amp#27;[39m io.appium.uiautomator2.server installation state: sameVersionInstalled
[debug] &amp#27;[35m[ADB]&amp#27;[39m Checking app cert for C:\Users\aakashgaur\AppData\Roaming\npm\node_modules\appium\node_modules\appium-uiautomator2-server\apks\appium-uiautomator2-server-v4.27.0.apk
[debug] &amp#27;[35m[ADB]&amp#27;[39m Using the previously cached signature entry for 'appium-uiautomator2-server-v4.27.0.apk'
[debug] &amp#27;[35m[ADB]&amp#27;[39m sha256 hash did match for 'appium-uiautomator2-server-v4.27.0.apk'
[debug] &amp#27;[35m[ADB]&amp#27;[39m Getting install status for io.appium.uiautomator2.server.test
[debug] &amp#27;[35m[ADB]&amp#27;[39m Running 'C:\Users\aakashgaur\AppData\Local\Android\Sdk\platform-tools\adb.exe -P 5037 -s emulator-5554 shell dumpsys package io.appium.uiautomator2.server.test'
[debug] &amp#27;[35m[ADB]&amp#27;[39m 'io.appium.uiautomator2.server.test' is installed
[debug] &amp#27;[35m[ADB]&amp#27;[39m Checking app cert for C:\Users\aakashgaur\AppData\Roaming\npm\node_modules\appium\node_modules\appium-uiautomator2-server\apks\appium-uiautomator2-server-debug-androidTest.apk
[debug] &amp#27;[35m[ADB]&amp#27;[39m Using the previously cached signature entry for 'appium-uiautomator2-server-debug-androidTest.apk'
[debug] &amp#27;[35m[ADB]&amp#27;[39m sha256 hash did match for 'appium-uiautomator2-server-debug-androidTest.apk'
&amp#27;[35m[UiAutomator2]&amp#27;[39m Server packages are not going to be (re)installed
[debug] &amp#27;[35m[UiAutomator2]&amp#27;[39m Waiting up to 30000ms for services to be available
[debug] &amp#27;[35m[ADB]&amp#27;[39m Running 'C:\Users\aakashgaur\AppData\Local\Android\Sdk\platform-tools\adb.exe -P 5037 -s emulator-5554 shell pm list instrumentation'
[debug] &amp#27;[35m[UiAutomator2]&amp#27;[39m Instrumentation target 'io.appium.uiautomator2.server.test/androidx.test.runner.AndroidJUnitRunner' is available
&amp#27;[35m[ADB]&amp#27;[39m Adding packages ["io.appium.settings","io.appium.uiautomator2.server","io.appium.uiautomator2.server.test"] to Doze whitelist
[debug] &amp#27;[35m[ADB]&amp#27;[39m Got the following command chunks to execute: [["dumpsys","deviceidle","whitelist","+io.appium.settings",";","dumpsys","deviceidle","whitelist","+io.appium.uiautomator2.server",";","dumpsys","deviceidle","whitelist","+io.appium.uiautomator2.server.test",";"]]
[debug] &amp#27;[35m[ADB]&amp#27;[39m Running 'C:\Users\aakashgaur\AppData\Local\Android\Sdk\platform-tools\adb.exe -P 5037 -s emulator-5554 shell dumpsys deviceidle whitelist +io.appium.settings ; dumpsys deviceidle whitelist +io.appium.uiautomator2.server ; dumpsys deviceidle whitelist +io.appium.uiautomator2.server.test ;'
[debug] &amp#27;[35m[ADB]&amp#27;[39m Checking app cert for C:\Users\aakashgaur\eclipse-workspace\Exit_Assginment\resources\App\API Demos_4.0_apkcombo.com.apk
[debug] &amp#27;[35m[ADB]&amp#27;[39m Using the previously cached signature entry for 'API Demos_4.0_apkcombo.com.apk'
[debug] &amp#27;[35m[ADB]&amp#27;[39m Getting install status for com.hmh.api
[debug] &amp#27;[35m[ADB]&amp#27;[39m Running 'C:\Users\aakashgaur\AppData\Local\Android\Sdk\platform-tools\adb.exe -P 5037 -s emulator-5554 shell dumpsys package com.hmh.api'
[debug] &amp#27;[35m[ADB]&amp#27;[39m 'com.hmh.api' is installed
[debug] &amp#27;[35m[ADB]&amp#27;[39m Getting package info for 'com.hmh.api'
[debug] &amp#27;[35m[ADB]&amp#27;[39m Running 'C:\Users\aakashgaur\AppData\Local\Android\Sdk\platform-tools\adb.exe -P 5037 -s emulator-5554 shell dumpsys package com.hmh.api'
[debug] &amp#27;[35m[ADB]&amp#27;[39m The version name of the installed 'com.hmh.api' is greater or equal to the application version name ('4.0.0' >= '4.0.0')
[debug] &amp#27;[35m[ADB]&amp#27;[39m There is no need to install/upgrade 'C:\Users\aakashgaur\eclipse-workspace\Exit_Assginment\resources\App\API Demos_4.0_apkcombo.com.apk'
&amp#27;[35m[AndroidDriver]&amp#27;[39m Performing fast reset on 'com.hmh.api'
[debug] &amp#27;[35m[ADB]&amp#27;[39m Getting install status for com.hmh.api
[debug] &amp#27;[35m[ADB]&amp#27;[39m Running 'C:\Users\aakashgaur\AppData\Local\Android\Sdk\platform-tools\adb.exe -P 5037 -s emulator-5554 shell dumpsys package com.hmh.api'
[debug] &amp#27;[35m[ADB]&amp#27;[39m 'com.hmh.api' is installed
[debug] &amp#27;[35m[ADB]&amp#27;[39m Running 'C:\Users\aakashgaur\AppData\Local\Android\Sdk\platform-tools\adb.exe -P 5037 -s emulator-5554 shell am force-stop com.hmh.api'
[debug] &amp#27;[35m[ADB]&amp#27;[39m Running 'C:\Users\aakashgaur\AppData\Local\Android\Sdk\platform-tools\adb.exe -P 5037 -s emulator-5554 shell pm clear com.hmh.api'
[debug] &amp#27;[35m[AndroidDriver]&amp#27;[39m Performed fast reset on the installed 'com.hmh.api' application (stop and clear)
[debug] &amp#27;[35m[UiAutomator2]&amp#27;[39m Performing shallow cleanup of automation leftovers
[debug] &amp#27;[35m[UiAutomator2]&amp#27;[39m No obsolete sessions have been detected (socket hang up)
[debug] &amp#27;[35m[ADB]&amp#27;[39m Running 'C:\Users\aakashgaur\AppData\Local\Android\Sdk\platform-tools\adb.exe -P 5037 -s emulator-5554 shell am force-stop io.appium.uiautomator2.server.test'
&amp#27;[35m[UiAutomator2]&amp#27;[39m Starting UIAutomator2 server 4.27.0
&amp#27;[35m[UiAutomator2]&amp#27;[39m Using UIAutomator2 server from 'C:\Users\aakashgaur\AppData\Roaming\npm\node_modules\appium\node_modules\appium-uiautomator2-server\apks\appium-uiautomator2-server-v4.27.0.apk' and test from 'C:\Users\aakashgaur\AppData\Roaming\npm\node_modules\appium\node_modules\appium-uiautomator2-server\apks\appium-uiautomator2-server-debug-androidTest.apk'
&amp#27;[35m[UiAutomator2]&amp#27;[39m Waiting up to 30000ms for UiAutomator2 to be online...
[debug] &amp#27;[35m[ADB]&amp#27;[39m Creating ADB subprocess with args: ["-P",5037,"-s","emulator-5554","shell","am","instrument","-w","-e","disableAnalytics",true,"io.appium.uiautomator2.server.test/androidx.test.runner.AndroidJUnitRunner"]
[debug] &amp#27;[35m[WD Proxy]&amp#27;[39m Matched '/status' to command name 'getStatus'
[debug] &amp#27;[35m[WD Proxy]&amp#27;[39m Proxying [GET /status] to [GET http://127.0.0.1:8200/wd/hub/status] with no body
&amp#27;[35m[WD Proxy]&amp#27;[39m socket hang up
[debug] &amp#27;[35m[WD Proxy]&amp#27;[39m Matched '/status' to command name 'getStatus'
[debug] &amp#27;[35m[WD Proxy]&amp#27;[39m Proxying [GET /status] to [GET http://127.0.0.1:8200/wd/hub/status] with no body
&amp#27;[35m[WD Proxy]&amp#27;[39m socket hang up
[debug] &amp#27;[35m[WD Proxy]&amp#27;[39m Matched '/status' to command name 'getStatus'
[debug] &amp#27;[35m[WD Proxy]&amp#27;[39m Proxying [GET /status] to [GET http://127.0.0.1:8200/wd/hub/status] with no body
&amp#27;[35m[WD Proxy]&amp#27;[39m socket hang up
[debug] &amp#27;[35m[WD Proxy]&amp#27;[39m Matched '/status' to command name 'getStatus'
[debug] &amp#27;[35m[WD Proxy]&amp#27;[39m Proxying [GET /status] to [GET http://127.0.0.1:8200/wd/hub/status] with no body
&amp#27;[35m[WD Proxy]&amp#27;[39m socket hang up
[debug] &amp#27;[35m[Instrumentation]&amp#27;[39m io.appium.uiautomator2.server.test.AppiumUiAutomator2Server:
[debug] &amp#27;[35m[WD Proxy]&amp#27;[39m Matched '/status' to command name 'getStatus'
[debug] &amp#27;[35m[WD Proxy]&amp#27;[39m Proxying [GET /status] to [GET http://127.0.0.1:8200/wd/hub/status] with no body
&amp#27;[35m[WD Proxy]&amp#27;[39m socket hang up
[debug] &amp#27;[35m[WD Proxy]&amp#27;[39m Matched '/status' to command name 'getStatus'
[debug] &amp#27;[35m[WD Proxy]&amp#27;[39m Proxying [GET /status] to [GET http://127.0.0.1:8200/wd/hub/status] with no body
&amp#27;[35m[WD Proxy]&amp#27;[39m socket hang up
[debug] &amp#27;[35m[WD Proxy]&amp#27;[39m Matched '/status' to command name 'getStatus'
[debug] &amp#27;[35m[WD Proxy]&amp#27;[39m Proxying [GET /status] to [GET http://127.0.0.1:8200/wd/hub/status] with no body
[debug] &amp#27;[35m[WD Proxy]&amp#27;[39m Got response with status 200: {"sessionId":"None","value":{"message":"UiAutomator2 Server is ready to accept commands","ready":true}}
[debug] &amp#27;[35m[UiAutomator2]&amp#27;[39m The initialization of the instrumentation process took 6374ms
[debug] &amp#27;[35m[WD Proxy]&amp#27;[39m Matched '/session' to command name 'createSession'
[debug] &amp#27;[35m[WD Proxy]&amp#27;[39m Proxying [POST /session] to [POST http://127.0.0.1:8200/wd/hub/session] with body: {"capabilities":{"firstMatch":[{"platform":"LINUX","webStorageEnabled":false,"takesScreenshot":true,"javascriptEnabled":true,"databaseEnabled":false,"networkConnectionEnabled":true,"locationContextEnabled":false,"warnings":{},"desired":{"platformName":"android","appium-version":"1.15.1","isHeadless":true,"app":"C:\\Users\\aakashgaur\\eclipse-workspace\\Exit_Assginment\\resources\\App\\API Demos_4.0_apkcombo.com.apk","appActivity":"com.hmh.api.ApiDemos","appPackage":"com.hmh.api","avdArgs":"-no-window","deviceName":"Android","platformVersion":"8.1"},"platformName":"android","appium-version":"1.15.1","isHeadless":true,"app":"C:\\Users\\aakashgaur\\eclipse-workspace\\Exit_Assginment\\resources\\App\\API Demos_4.0_apkcombo.com.apk","appActivity":"com.hmh.api.ApiDemos","appPackage":"com.hmh.api","avdArgs":"-no-window","deviceName":"emulator-5554","platformVersion":"8.1","deviceUDID":"emulator-5554"}],"alwaysMatch":{}}}
[debug] &amp#27;[35m[WD Proxy]&amp#27;[39m Got response with status 200: {"sessionId":"f488e895-7227-4b28-ad86-a76d0ccbfb70","value":{"capabilities":{"firstMatch":[{"platform":"LINUX","webStorageEnabled":false,"takesScreenshot":true,"javascriptEnabled":true,"databaseEnabled":false,"networkConnectionEnabled":true,"locationContextEnabled":false,"warnings":{},"desired":{"platformName":"android","appium-version":"1.15.1","isHeadless":true,"app":"C:\\Users\\aakashgaur\\eclipse-workspace\\Exit_Assginment\\resources\\App\\API Demos_4.0_apkcombo.com.apk","appActivity":"com.hmh.api.ApiDemos","appPackage":"com.hmh.api","avdArgs":"-no-window","deviceName":"Android","platformVersion":"8.1"},"platformName":"android","appium-version":"1.15.1","isHeadless":true,"app":"C:\\Users\\aakashgaur\\eclipse-workspace\\Exit_Assginment\\resources\\App\\API Demos_4.0_apkcombo.com.apk","appActivity":"com.hmh.api.ApiDemos","appPackage":"com.hmh.api","avdArgs":"-no-window","deviceName":"emulator-5554","platformVersion":"8.1","deviceUDID":"emulator-5554"}],"alwaysMatch":{}},"sessionId":"f488e895-7227-4b28-ad...
&amp#27;[35m[WD Proxy]&amp#27;[39m Determined the downstream protocol as 'W3C'
[debug] &amp#27;[35m[WD Proxy]&amp#27;[39m Proxying [GET /appium/device/info] to [GET http://127.0.0.1:8200/wd/hub/session/f488e895-7227-4b28-ad86-a76d0ccbfb70/appium/device/info] with no body
[debug] &amp#27;[35m[WD Proxy]&amp#27;[39m Got response with status 200: {"sessionId":"f488e895-7227-4b28-ad86-a76d0ccbfb70","value":{"androidId":"4209a1a90f967b0e","apiVersion":"27","bluetooth":null,"brand":"google","carrierName":"Android","displayDensity":440,"locale":"en_US","manufacturer":"Google","model":"Android SDK built for x86","networks":[{"capabilities":{"SSID":null,"linkDownBandwidthKbps":102400,"linkUpstreamBandwidthKbps":51200,"networkCapabilities":"NET_CAPABILITY_MMS,NET_CAPABILITY_SUPL,NET_CAPABILITY_DUN,NET_CAPABILITY_FOTA,NET_CAPABILITY_IMS,NET_CAPABILITY_CBS,NET_CAPABILITY_IA,NET_CAPABILITY_INTERNET,NET_CAPABILITY_NOT_RESTRICTED,NET_CAPABILITY_TRUSTED,NET_CAPABILITY_NOT_VPN,NET_CAPABILITY_VALIDATED","signalStrength":-2147483648,"transportTypes":"TRANSPORT_CELLULAR"},"detailedState":"CONNECTED","extraInfo":"epc.tmobile.com","isAvailable":true,"isConnected":true,"isFailover":false,"isRoaming":false,"state":"CONNECTED","subtype":13,"subtypeName":"LTE","type":0,"typeName":"MOBILE"},{"capabilities":{"SSID":null,"linkDownBandwidthKbps":1048576,"linkUpstreamBandwidt...
[debug] &amp#27;[35m[ADB]&amp#27;[39m Running 'C:\Users\aakashgaur\AppData\Local\Android\Sdk\platform-tools\adb.exe -P 5037 -s emulator-5554 shell dumpsys window'
&amp#27;[35m[AndroidDriver]&amp#27;[39m Screen already unlocked, doing nothing
&amp#27;[35m[UiAutomator2]&amp#27;[39m Starting 'com.hmh.api/com.hmh.api.ApiDemos and waiting for 'com.hmh.api/com.hmh.api.ApiDemos'
[debug] &amp#27;[35m[ADB]&amp#27;[39m Running 'C:\Users\aakashgaur\AppData\Local\Android\Sdk\platform-tools\adb.exe -P 5037 -s emulator-5554 shell am start -W -n com.hmh.api/com.hmh.api.ApiDemos -S -a android.intent.action.MAIN -c android.intent.category.LAUNCHER -f 0x10200000'
[debug] &amp#27;[35m[WD Proxy]&amp#27;[39m Proxying [GET /appium/device/pixel_ratio] to [GET http://127.0.0.1:8200/wd/hub/session/f488e895-7227-4b28-ad86-a76d0ccbfb70/appium/device/pixel_ratio] with no body
[debug] &amp#27;[35m[WD Proxy]&amp#27;[39m Got response with status 200: {"sessionId":"f488e895-7227-4b28-ad86-a76d0ccbfb70","value":2.75}
[debug] &amp#27;[35m[WD Proxy]&amp#27;[39m Matched '/appium/device/system_bars' to command name 'getSystemBars'
[debug] &amp#27;[35m[WD Proxy]&amp#27;[39m Proxying [GET /appium/device/system_bars] to [GET http://127.0.0.1:8200/wd/hub/session/f488e895-7227-4b28-ad86-a76d0ccbfb70/appium/device/system_bars] with no body
[debug] &amp#27;[35m[WD Proxy]&amp#27;[39m Got response with status 200: {"sessionId":"f488e895-7227-4b28-ad86-a76d0ccbfb70","value":{"statusBar":66}}
[debug] &amp#27;[35m[WD Proxy]&amp#27;[39m Matched '/window/current/size' to command name 'getWindowSize'
[debug] &amp#27;[35m[WD Proxy]&amp#27;[39m Proxying [GET /window/current/size] to [GET http://127.0.0.1:8200/wd/hub/session/f488e895-7227-4b28-ad86-a76d0ccbfb70/window/current/size] with no body
[debug] &amp#27;[35m[WD Proxy]&amp#27;[39m Got response with status 200: {"sessionId":"f488e895-7227-4b28-ad86-a76d0ccbfb70","value":{"height":2208,"width":1080}}
&amp#27;[35m[Appium]&amp#27;[39m New AndroidUiautomator2Driver session created successfully, session 835c4fb4-cece-4e61-9263-e8802dc31146 added to master session list
[debug] &amp#27;[35m[BaseDriver]&amp#27;[39m Event 'newSessionStarted' logged at 1675329652254 (14:50:52 GMT+0530 (India Standard Time))
[debug] &amp#27;[35m[W3C (835c4fb4)]&amp#27;[39m Cached the protocol value 'W3C' for the new session 835c4fb4-cece-4e61-9263-e8802dc31146
[debug] &amp#27;[35m[W3C (835c4fb4)]&amp#27;[39m Responding to client with driver.createSession() result: {"capabilities":{"platform":"LINUX","webStorageEnabled":false,"takesScreenshot":true,"javascriptEnabled":true,"databaseEnabled":false,"networkConnectionEnabled":true,"locationContextEnabled":false,"warnings":{},"desired":{"platformName":"android","appium-version":"1.15.1","isHeadless":true,"app":"C:\\Users\\aakashgaur\\eclipse-workspace\\Exit_Assginment\\resources\\App\\API Demos_4.0_apkcombo.com.apk","appActivity":"com.hmh.api.ApiDemos","appPackage":"com.hmh.api","avdArgs":"-no-window","deviceName":"Android","platformVersion":"8.1"},"platformName":"android","appium-version":"1.15.1","isHeadless":true,"app":"C:\\Users\\aakashgaur\\eclipse-workspace\\Exit_Assginment\\resources\\App\\API Demos_4.0_apkcombo.com.apk","appActivity":"com.hmh.api.ApiDemos","appPackage":"com.hmh.api","avdArgs":"-no-window","deviceName":"emulator-5554","platformVersion":"8.1.0","deviceUDID":"emulator-5554","deviceApiLevel":27,"deviceScreenSize":"1080x2340","deviceScreenDensity":440,"deviceModel":"Android SDK built for x86","deviceM...
&amp#27;[35m[HTTP]&amp#27;[39m &amp#27;[37m<-- POST /wd/hub/session &amp#27;[39m&amp#27;[32m200&amp#27;[39m &amp#27;[90m20977 ms - 1204&amp#27;[39m
&amp#27;[35m[HTTP]&amp#27;[39m &amp#27;[90m&amp#27;[39m
&amp#27;[35m[HTTP]&amp#27;[39m &amp#27;[37m-->&amp#27;[39m &amp#27;[37mGET&amp#27;[39m &amp#27;[37m/wd/hub/session/835c4fb4-cece-4e61-9263-e8802dc31146&amp#27;[39m
&amp#27;[35m[HTTP]&amp#27;[39m &amp#27;[90m{}&amp#27;[39m
[debug] &amp#27;[35m[W3C (835c4fb4)]&amp#27;[39m Calling AppiumDriver.getSession() with args: ["835c4fb4-cece-4e61-9263-e8802dc31146"]
[debug] &amp#27;[35m[UiAutomator2]&amp#27;[39m Getting session details from server to mix in
[debug] &amp#27;[35m[WD Proxy]&amp#27;[39m Matched '/' to command name 'getSession'
[debug] &amp#27;[35m[WD Proxy]&amp#27;[39m Proxying [GET /] to [GET http://127.0.0.1:8200/wd/hub/session/f488e895-7227-4b28-ad86-a76d0ccbfb70] with no body
[debug] &amp#27;[35m[WD Proxy]&amp#27;[39m Got response with status 200: {"sessionId":"f488e895-7227-4b28-ad86-a76d0ccbfb70","value":{"lastScrollData":null}}
[debug] &amp#27;[35m[W3C (835c4fb4)]&amp#27;[39m Responding to client with driver.getSession() result: {"platform":"LINUX","webStorageEnabled":false,"takesScreenshot":true,"javascriptEnabled":true,"databaseEnabled":false,"networkConnectionEnabled":true,"locationContextEnabled":false,"warnings":{},"desired":{"platformName":"android","appium-version":"1.15.1","isHeadless":true,"app":"C:\\Users\\aakashgaur\\eclipse-workspace\\Exit_Assginment\\resources\\App\\API Demos_4.0_apkcombo.com.apk","appActivity":"com.hmh.api.ApiDemos","appPackage":"com.hmh.api","avdArgs":"-no-window","deviceName":"Android","platformVersion":"8.1"},"platformName":"android","appium-version":"1.15.1","isHeadless":true,"app":"C:\\Users\\aakashgaur\\eclipse-workspace\\Exit_Assginment\\resources\\App\\API Demos_4.0_apkcombo.com.apk","appActivity":"com.hmh.api.ApiDemos","appPackage":"com.hmh.api","avdArgs":"-no-window","deviceName":"emulator-5554","platformVersion":"8.1.0","deviceUDID":"emulator-5554","deviceApiLevel":27,"deviceScreenSize":"1080x2340","deviceScreenDensity":440,"deviceModel":"Android SDK built for x86","deviceManufacturer":"Go...
&amp#27;[35m[HTTP]&amp#27;[39m &amp#27;[37m<-- GET /wd/hub/session/835c4fb4-cece-4e61-9263-e8802dc31146 &amp#27;[39m&amp#27;[32m200&amp#27;[39m &amp#27;[90m47 ms - 1158&amp#27;[39m
&amp#27;[35m[HTTP]&amp#27;[39m &amp#27;[90m&amp#27;[39m
&amp#27;[35m[HTTP]&amp#27;[39m &amp#27;[37m-->&amp#27;[39m &amp#27;[37mGET&amp#27;[39m &amp#27;[37m/wd/hub/session/835c4fb4-cece-4e61-9263-e8802dc31146&amp#27;[39m
&amp#27;[35m[HTTP]&amp#27;[39m &amp#27;[90m{}&amp#27;[39m
[debug] &amp#27;[35m[W3C (835c4fb4)]&amp#27;[39m Calling AppiumDriver.getSession() with args: ["835c4fb4-cece-4e61-9263-e8802dc31146"]
[debug] &amp#27;[35m[UiAutomator2]&amp#27;[39m Getting session details from server to mix in
[debug] &amp#27;[35m[WD Proxy]&amp#27;[39m Matched '/' to command name 'getSession'
[debug] &amp#27;[35m[WD Proxy]&amp#27;[39m Proxying [GET /] to [GET http://127.0.0.1:8200/wd/hub/session/f488e895-7227-4b28-ad86-a76d0ccbfb70] with no body
[debug] &amp#27;[35m[WD Proxy]&amp#27;[39m Got response with status 200: {"sessionId":"f488e895-7227-4b28-ad86-a76d0ccbfb70","value":{"lastScrollData":null}}
[debug] &amp#27;[35m[W3C (835c4fb4)]&amp#27;[39m Responding to client with driver.getSession() result: {"platform":"LINUX","webStorageEnabled":false,"takesScreenshot":true,"javascriptEnabled":true,"databaseEnabled":false,"networkConnectionEnabled":true,"locationContextEnabled":false,"warnings":{},"desired":{"platformName":"android","appium-version":"1.15.1","isHeadless":true,"app":"C:\\Users\\aakashgaur\\eclipse-workspace\\Exit_Assginment\\resources\\App\\API Demos_4.0_apkcombo.com.apk","appActivity":"com.hmh.api.ApiDemos","appPackage":"com.hmh.api","avdArgs":"-no-window","deviceName":"Android","platformVersion":"8.1"},"platformName":"android","appium-version":"1.15.1","isHeadless":true,"app":"C:\\Users\\aakashgaur\\eclipse-workspace\\Exit_Assginment\\resources\\App\\API Demos_4.0_apkcombo.com.apk","appActivity":"com.hmh.api.ApiDemos","appPackage":"com.hmh.api","avdArgs":"-no-window","deviceName":"emulator-5554","platformVersion":"8.1.0","deviceUDID":"emulator-5554","deviceApiLevel":27,"deviceScreenSize":"1080x2340","deviceScreenDensity":440,"deviceModel":"Android SDK built for x86","deviceManufacturer":"Go...
&amp#27;[35m[HTTP]&amp#27;[39m &amp#27;[37m<-- GET /wd/hub/session/835c4fb4-cece-4e61-9263-e8802dc31146 &amp#27;[39m&amp#27;[32m200&amp#27;[39m &amp#27;[90m44 ms - 1158&amp#27;[39m
&amp#27;[35m[HTTP]&amp#27;[39m &amp#27;[90m&amp#27;[39m
&amp#27;[35m[HTTP]&amp#27;[39m &amp#27;[37m-->&amp#27;[39m &amp#27;[37mGET&amp#27;[39m &amp#27;[37m/wd/hub/session/835c4fb4-cece-4e61-9263-e8802dc31146&amp#27;[39m
&amp#27;[35m[HTTP]&amp#27;[39m &amp#27;[90m{}&amp#27;[39m
[debug] &amp#27;[35m[W3C (835c4fb4)]&amp#27;[39m Calling AppiumDriver.getSession() with args: ["835c4fb4-cece-4e61-9263-e8802dc31146"]
[debug] &amp#27;[35m[UiAutomator2]&amp#27;[39m Getting session details from server to mix in
[debug] &amp#27;[35m[WD Proxy]&amp#27;[39m Matched '/' to command name 'getSession'
[debug] &amp#27;[35m[WD Proxy]&amp#27;[39m Proxying [GET /] to [GET http://127.0.0.1:8200/wd/hub/session/f488e895-7227-4b28-ad86-a76d0ccbfb70] with no body
[debug] &amp#27;[35m[WD Proxy]&amp#27;[39m Got response with status 200: {"sessionId":"f488e895-7227-4b28-ad86-a76d0ccbfb70","value":{"lastScrollData":null}}
[debug] &amp#27;[35m[W3C (835c4fb4)]&amp#27;[39m Responding to client with driver.getSession() result: {"platform":"LINUX","webStorageEnabled":false,"takesScreenshot":true,"javascriptEnabled":true,"databaseEnabled":false,"networkConnectionEnabled":true,"locationContextEnabled":false,"warnings":{},"desired":{"platformName":"android","appium-version":"1.15.1","isHeadless":true,"app":"C:\\Users\\aakashgaur\\eclipse-workspace\\Exit_Assginment\\resources\\App\\API Demos_4.0_apkcombo.com.apk","appActivity":"com.hmh.api.ApiDemos","appPackage":"com.hmh.api","avdArgs":"-no-window","deviceName":"Android","platformVersion":"8.1"},"platformName":"android","appium-version":"1.15.1","isHeadless":true,"app":"C:\\Users\\aakashgaur\\eclipse-workspace\\Exit_Assginment\\resources\\App\\API Demos_4.0_apkcombo.com.apk","appActivity":"com.hmh.api.ApiDemos","appPackage":"com.hmh.api","avdArgs":"-no-window","deviceName":"emulator-5554","platformVersion":"8.1.0","deviceUDID":"emulator-5554","deviceApiLevel":27,"deviceScreenSize":"1080x2340","deviceScreenDensity":440,"deviceModel":"Android SDK built for x86","deviceManufacturer":"Go...
&amp#27;[35m[HTTP]&amp#27;[39m &amp#27;[37m<-- GET /wd/hub/session/835c4fb4-cece-4e61-9263-e8802dc31146 &amp#27;[39m&amp#27;[32m200&amp#27;[39m &amp#27;[90m28 ms - 1158&amp#27;[39m
&amp#27;[35m[HTTP]&amp#27;[39m &amp#27;[90m&amp#27;[39m
&amp#27;[35m[HTTP]&amp#27;[39m &amp#27;[37m-->&amp#27;[39m &amp#27;[37mGET&amp#27;[39m &amp#27;[37m/wd/hub/session/835c4fb4-cece-4e61-9263-e8802dc31146&amp#27;[39m
&amp#27;[35m[HTTP]&amp#27;[39m &amp#27;[90m{}&amp#27;[39m
[debug] &amp#27;[35m[W3C (835c4fb4)]&amp#27;[39m Calling AppiumDriver.getSession() with args: ["835c4fb4-cece-4e61-9263-e8802dc31146"]
[debug] &amp#27;[35m[UiAutomator2]&amp#27;[39m Getting session details from server to mix in
[debug] &amp#27;[35m[WD Proxy]&amp#27;[39m Matched '/' to command name 'getSession'
[debug] &amp#27;[35m[WD Proxy]&amp#27;[39m Proxying [GET /] to [GET http://127.0.0.1:8200/wd/hub/session/f488e895-7227-4b28-ad86-a76d0ccbfb70] with no body
[debug] &amp#27;[35m[WD Proxy]&amp#27;[39m Got response with status 200: {"sessionId":"f488e895-7227-4b28-ad86-a76d0ccbfb70","value":{"lastScrollData":null}}
[debug] &amp#27;[35m[W3C (835c4fb4)]&amp#27;[39m Responding to client with driver.getSession() result: {"platform":"LINUX","webStorageEnabled":false,"takesScreenshot":true,"javascriptEnabled":true,"databaseEnabled":false,"networkConnectionEnabled":true,"locationContextEnabled":false,"warnings":{},"desired":{"platformName":"android","appium-version":"1.15.1","isHeadless":true,"app":"C:\\Users\\aakashgaur\\eclipse-workspace\\Exit_Assginment\\resources\\App\\API Demos_4.0_apkcombo.com.apk","appActivity":"com.hmh.api.ApiDemos","appPackage":"com.hmh.api","avdArgs":"-no-window","deviceName":"Android","platformVersion":"8.1"},"platformName":"android","appium-version":"1.15.1","isHeadless":true,"app":"C:\\Users\\aakashgaur\\eclipse-workspace\\Exit_Assginment\\resources\\App\\API Demos_4.0_apkcombo.com.apk","appActivity":"com.hmh.api.ApiDemos","appPackage":"com.hmh.api","avdArgs":"-no-window","deviceName":"emulator-5554","platformVersion":"8.1.0","deviceUDID":"emulator-5554","deviceApiLevel":27,"deviceScreenSize":"1080x2340","deviceScreenDensity":440,"deviceModel":"Android SDK built for x86","deviceManufacturer":"Go...
&amp#27;[35m[HTTP]&amp#27;[39m &amp#27;[37m<-- GET /wd/hub/session/835c4fb4-cece-4e61-9263-e8802dc31146 &amp#27;[39m&amp#27;[32m200&amp#27;[39m &amp#27;[90m28 ms - 1158&amp#27;[39m
&amp#27;[35m[HTTP]&amp#27;[39m &amp#27;[90m&amp#27;[39m
&amp#27;[35m[HTTP]&amp#27;[39m &amp#27;[37m-->&amp#27;[39m &amp#27;[37mGET&amp#27;[39m &amp#27;[37m/wd/hub/session/835c4fb4-cece-4e61-9263-e8802dc31146&amp#27;[39m
&amp#27;[35m[HTTP]&amp#27;[39m &amp#27;[90m{}&amp#27;[39m
[debug] &amp#27;[35m[W3C (835c4fb4)]&amp#27;[39m Calling AppiumDriver.getSession() with args: ["835c4fb4-cece-4e61-9263-e8802dc31146"]
[debug] &amp#27;[35m[UiAutomator2]&amp#27;[39m Getting session details from server to mix in
[debug] &amp#27;[35m[WD Proxy]&amp#27;[39m Matched '/' to command name 'getSession'
[debug] &amp#27;[35m[WD Proxy]&amp#27;[39m Proxying [GET /] to [GET http://127.0.0.1:8200/wd/hub/session/f488e895-7227-4b28-ad86-a76d0ccbfb70] with no body
[debug] &amp#27;[35m[WD Proxy]&amp#27;[39m Got response with status 200: {"sessionId":"f488e895-7227-4b28-ad86-a76d0ccbfb70","value":{"lastScrollData":null}}
[debug] &amp#27;[35m[W3C (835c4fb4)]&amp#27;[39m Responding to client with driver.getSession() result: {"platform":"LINUX","webStorageEnabled":false,"takesScreenshot":true,"javascriptEnabled":true,"databaseEnabled":false,"networkConnectionEnabled":true,"locationContextEnabled":false,"warnings":{},"desired":{"platformName":"android","appium-version":"1.15.1","isHeadless":true,"app":"C:\\Users\\aakashgaur\\eclipse-workspace\\Exit_Assginment\\resources\\App\\API Demos_4.0_apkcombo.com.apk","appActivity":"com.hmh.api.ApiDemos","appPackage":"com.hmh.api","avdArgs":"-no-window","deviceName":"Android","platformVersion":"8.1"},"platformName":"android","appium-version":"1.15.1","isHeadless":true,"app":"C:\\Users\\aakashgaur\\eclipse-workspace\\Exit_Assginment\\resources\\App\\API Demos_4.0_apkcombo.com.apk","appActivity":"com.hmh.api.ApiDemos","appPackage":"com.hmh.api","avdArgs":"-no-window","deviceName":"emulator-5554","platformVersion":"8.1.0","deviceUDID":"emulator-5554","deviceApiLevel":27,"deviceScreenSize":"1080x2340","deviceScreenDensity":440,"deviceModel":"Android SDK built for x86","deviceManufacturer":"Go...
&amp#27;[35m[HTTP]&amp#27;[39m &amp#27;[37m<-- GET /wd/hub/session/835c4fb4-cece-4e61-9263-e8802dc31146 &amp#27;[39m&amp#27;[32m200&amp#27;[39m &amp#27;[90m29 ms - 1158&amp#27;[39m
&amp#27;[35m[HTTP]&amp#27;[39m &amp#27;[90m&amp#27;[39m
&amp#27;[35m[HTTP]&amp#27;[39m &amp#27;[37m-->&amp#27;[39m &amp#27;[37mGET&amp#27;[39m &amp#27;[37m/wd/hub/session/835c4fb4-cece-4e61-9263-e8802dc31146&amp#27;[39m
&amp#27;[35m[HTTP]&amp#27;[39m &amp#27;[90m{}&amp#27;[39m
[debug] &amp#27;[35m[W3C (835c4fb4)]&amp#27;[39m Calling AppiumDriver.getSession() with args: ["835c4fb4-cece-4e61-9263-e8802dc31146"]
[debug] &amp#27;[35m[UiAutomator2]&amp#27;[39m Getting session details from server to mix in
[debug] &amp#27;[35m[WD Proxy]&amp#27;[39m Matched '/' to command name 'getSession'
[debug] &amp#27;[35m[WD Proxy]&amp#27;[39m Proxying [GET /] to [GET http://127.0.0.1:8200/wd/hub/session/f488e895-7227-4b28-ad86-a76d0ccbfb70] with no body
[debug] &amp#27;[35m[WD Proxy]&amp#27;[39m Got response with status 200: {"sessionId":"f488e895-7227-4b28-ad86-a76d0ccbfb70","value":{"lastScrollData":null}}
[debug] &amp#27;[35m[W3C (835c4fb4)]&amp#27;[39m Responding to client with driver.getSession() result: {"platform":"LINUX","webStorageEnabled":false,"takesScreenshot":true,"javascriptEnabled":true,"databaseEnabled":false,"networkConnectionEnabled":true,"locationContextEnabled":false,"warnings":{},"desired":{"platformName":"android","appium-version":"1.15.1","isHeadless":true,"app":"C:\\Users\\aakashgaur\\eclipse-workspace\\Exit_Assginment\\resources\\App\\API Demos_4.0_apkcombo.com.apk","appActivity":"com.hmh.api.ApiDemos","appPackage":"com.hmh.api","avdArgs":"-no-window","deviceName":"Android","platformVersion":"8.1"},"platformName":"android","appium-version":"1.15.1","isHeadless":true,"app":"C:\\Users\\aakashgaur\\eclipse-workspace\\Exit_Assginment\\resources\\App\\API Demos_4.0_apkcombo.com.apk","appActivity":"com.hmh.api.ApiDemos","appPackage":"com.hmh.api","avdArgs":"-no-window","deviceName":"emulator-5554","platformVersion":"8.1.0","deviceUDID":"emulator-5554","deviceApiLevel":27,"deviceScreenSize":"1080x2340","deviceScreenDensity":440,"deviceModel":"Android SDK built for x86","deviceManufacturer":"Go...
&amp#27;[35m[HTTP]&amp#27;[39m &amp#27;[37m<-- GET /wd/hub/session/835c4fb4-cece-4e61-9263-e8802dc31146 &amp#27;[39m&amp#27;[32m200&amp#27;[39m &amp#27;[90m22 ms - 1158&amp#27;[39m
&amp#27;[35m[HTTP]&amp#27;[39m &amp#27;[90m&amp#27;[39m
&amp#27;[35m[HTTP]&amp#27;[39m &amp#27;[37m-->&amp#27;[39m &amp#27;[37mGET&amp#27;[39m &amp#27;[37m/wd/hub/session/835c4fb4-cece-4e61-9263-e8802dc31146&amp#27;[39m
&amp#27;[35m[HTTP]&amp#27;[39m &amp#27;[90m{}&amp#27;[39m
[debug] &amp#27;[35m[W3C (835c4fb4)]&amp#27;[39m Calling AppiumDriver.getSession() with args: ["835c4fb4-cece-4e61-9263-e8802dc31146"]
[debug] &amp#27;[35m[UiAutomator2]&amp#27;[39m Getting session details from server to mix in
[debug] &amp#27;[35m[WD Proxy]&amp#27;[39m Matched '/' to command name 'getSession'
[debug] &amp#27;[35m[WD Proxy]&amp#27;[39m Proxying [GET /] to [GET http://127.0.0.1:8200/wd/hub/session/f488e895-7227-4b28-ad86-a76d0ccbfb70] with no body
[debug] &amp#27;[35m[WD Proxy]&amp#27;[39m Got response with status 200: {"sessionId":"f488e895-7227-4b28-ad86-a76d0ccbfb70","value":{"lastScrollData":null}}
[debug] &amp#27;[35m[W3C (835c4fb4)]&amp#27;[39m Responding to client with driver.getSession() result: {"platform":"LINUX","webStorageEnabled":false,"takesScreenshot":true,"javascriptEnabled":true,"databaseEnabled":false,"networkConnectionEnabled":true,"locationContextEnabled":false,"warnings":{},"desired":{"platformName":"android","appium-version":"1.15.1","isHeadless":true,"app":"C:\\Users\\aakashgaur\\eclipse-workspace\\Exit_Assginment\\resources\\App\\API Demos_4.0_apkcombo.com.apk","appActivity":"com.hmh.api.ApiDemos","appPackage":"com.hmh.api","avdArgs":"-no-window","deviceName":"Android","platformVersion":"8.1"},"platformName":"android","appium-version":"1.15.1","isHeadless":true,"app":"C:\\Users\\aakashgaur\\eclipse-workspace\\Exit_Assginment\\resources\\App\\API Demos_4.0_apkcombo.com.apk","appActivity":"com.hmh.api.ApiDemos","appPackage":"com.hmh.api","avdArgs":"-no-window","deviceName":"emulator-5554","platformVersion":"8.1.0","deviceUDID":"emulator-5554","deviceApiLevel":27,"deviceScreenSize":"1080x2340","deviceScreenDensity":440,"deviceModel":"Android SDK built for x86","deviceManufacturer":"Go...
&amp#27;[35m[HTTP]&amp#27;[39m &amp#27;[37m<-- GET /wd/hub/session/835c4fb4-cece-4e61-9263-e8802dc31146 &amp#27;[39m&amp#27;[32m200&amp#27;[39m &amp#27;[90m25 ms - 1158&amp#27;[39m
&amp#27;[35m[HTTP]&amp#27;[39m &amp#27;[90m&amp#27;[39m
&amp#27;[35m[HTTP]&amp#27;[39m &amp#27;[37m-->&amp#27;[39m &amp#27;[37mGET&amp#27;[39m &amp#27;[37m/wd/hub/session/835c4fb4-cece-4e61-9263-e8802dc31146&amp#27;[39m
&amp#27;[35m[HTTP]&amp#27;[39m &amp#27;[90m{}&amp#27;[39m
[debug] &amp#27;[35m[W3C (835c4fb4)]&amp#27;[39m Calling AppiumDriver.getSession() with args: ["835c4fb4-cece-4e61-9263-e8802dc31146"]
[debug] &amp#27;[35m[UiAutomator2]&amp#27;[39m Getting session details from server to mix in
[debug] &amp#27;[35m[WD Proxy]&amp#27;[39m Matched '/' to command name 'getSession'
[debug] &amp#27;[35m[WD Proxy]&amp#27;[39m Proxying [GET /] to [GET http://127.0.0.1:8200/wd/hub/session/f488e895-7227-4b28-ad86-a76d0ccbfb70] with no body
[debug] &amp#27;[35m[WD Proxy]&amp#27;[39m Got response with status 200: {"sessionId":"f488e895-7227-4b28-ad86-a76d0ccbfb70","value":{"lastScrollData":null}}
[debug] &amp#27;[35m[W3C (835c4fb4)]&amp#27;[39m Responding to client with driver.getSession() result: {"platform":"LINUX","webStorageEnabled":false,"takesScreenshot":true,"javascriptEnabled":true,"databaseEnabled":false,"networkConnectionEnabled":true,"locationContextEnabled":false,"warnings":{},"desired":{"platformName":"android","appium-version":"1.15.1","isHeadless":true,"app":"C:\\Users\\aakashgaur\\eclipse-workspace\\Exit_Assginment\\resources\\App\\API Demos_4.0_apkcombo.com.apk","appActivity":"com.hmh.api.ApiDemos","appPackage":"com.hmh.api","avdArgs":"-no-window","deviceName":"Android","platformVersion":"8.1"},"platformName":"android","appium-version":"1.15.1","isHeadless":true,"app":"C:\\Users\\aakashgaur\\eclipse-workspace\\Exit_Assginment\\resources\\App\\API Demos_4.0_apkcombo.com.apk","appActivity":"com.hmh.api.ApiDemos","appPackage":"com.hmh.api","avdArgs":"-no-window","deviceName":"emulator-5554","platformVersion":"8.1.0","deviceUDID":"emulator-5554","deviceApiLevel":27,"deviceScreenSize":"1080x2340","deviceScreenDensity":440,"deviceModel":"Android SDK built for x86","deviceManufacturer":"Go...
&amp#27;[35m[HTTP]&amp#27;[39m &amp#27;[37m<-- GET /wd/hub/session/835c4fb4-cece-4e61-9263-e8802dc31146 &amp#27;[39m&amp#27;[32m200&amp#27;[39m &amp#27;[90m18 ms - 1158&amp#27;[39m
&amp#27;[35m[HTTP]&amp#27;[39m &amp#27;[90m&amp#27;[39m
&amp#27;[35m[HTTP]&amp#27;[39m &amp#27;[37m-->&amp#27;[39m &amp#27;[37mGET&amp#27;[39m &amp#27;[37m/wd/hub/session/835c4fb4-cece-4e61-9263-e8802dc31146&amp#27;[39m
&amp#27;[35m[HTTP]&amp#27;[39m &amp#27;[90m{}&amp#27;[39m
[debug] &amp#27;[35m[W3C (835c4fb4)]&amp#27;[39m Calling AppiumDriver.getSession() with args: ["835c4fb4-cece-4e61-9263-e8802dc31146"]
[debug] &amp#27;[35m[UiAutomator2]&amp#27;[39m Getting session details from server to mix in
[debug] &amp#27;[35m[WD Proxy]&amp#27;[39m Matched '/' to command name 'getSession'
[debug] &amp#27;[35m[WD Proxy]&amp#27;[39m Proxying [GET /] to [GET http://127.0.0.1:8200/wd/hub/session/f488e895-7227-4b28-ad86-a76d0ccbfb70] with no body
[debug] &amp#27;[35m[WD Proxy]&amp#27;[39m Got response with status 200: {"sessionId":"f488e895-7227-4b28-ad86-a76d0ccbfb70","value":{"lastScrollData":null}}
[debug] &amp#27;[35m[W3C (835c4fb4)]&amp#27;[39m Responding to client with driver.getSession() result: {"platform":"LINUX","webStorageEnabled":false,"takesScreenshot":true,"javascriptEnabled":true,"databaseEnabled":false,"networkConnectionEnabled":true,"locationContextEnabled":false,"warnings":{},"desired":{"platformName":"android","appium-version":"1.15.1","isHeadless":true,"app":"C:\\Users\\aakashgaur\\eclipse-workspace\\Exit_Assginment\\resources\\App\\API Demos_4.0_apkcombo.com.apk","appActivity":"com.hmh.api.ApiDemos","appPackage":"com.hmh.api","avdArgs":"-no-window","deviceName":"Android","platformVersion":"8.1"},"platformName":"android","appium-version":"1.15.1","isHeadless":true,"app":"C:\\Users\\aakashgaur\\eclipse-workspace\\Exit_Assginment\\resources\\App\\API Demos_4.0_apkcombo.com.apk","appActivity":"com.hmh.api.ApiDemos","appPackage":"com.hmh.api","avdArgs":"-no-window","deviceName":"emulator-5554","platformVersion":"8.1.0","deviceUDID":"emulator-5554","deviceApiLevel":27,"deviceScreenSize":"1080x2340","deviceScreenDensity":440,"deviceModel":"Android SDK built for x86","deviceManufacturer":"Go...
&amp#27;[35m[HTTP]&amp#27;[39m &amp#27;[37m<-- GET /wd/hub/session/835c4fb4-cece-4e61-9263-e8802dc31146 &amp#27;[39m&amp#27;[32m200&amp#27;[39m &amp#27;[90m421 ms - 1158&amp#27;[39m
&amp#27;[35m[HTTP]&amp#27;[39m &amp#27;[90m&amp#27;[39m
&amp#27;[35m[HTTP]&amp#27;[39m &amp#27;[37m-->&amp#27;[39m &amp#27;[37mGET&amp#27;[39m &amp#27;[37m/wd/hub/session/835c4fb4-cece-4e61-9263-e8802dc31146&amp#27;[39m
&amp#27;[35m[HTTP]&amp#27;[39m &amp#27;[90m{}&amp#27;[39m
[debug] &amp#27;[35m[W3C (835c4fb4)]&amp#27;[39m Calling AppiumDriver.getSession() with args: ["835c4fb4-cece-4e61-9263-e8802dc31146"]
[debug] &amp#27;[35m[UiAutomator2]&amp#27;[39m Getting session details from server to mix in
[debug] &amp#27;[35m[WD Proxy]&amp#27;[39m Matched '/' to command name 'getSession'
[debug] &amp#27;[35m[WD Proxy]&amp#27;[39m Proxying [GET /] to [GET http://127.0.0.1:8200/wd/hub/session/f488e895-7227-4b28-ad86-a76d0ccbfb70] with no body
[debug] &amp#27;[35m[WD Proxy]&amp#27;[39m Got response with status 200: {"sessionId":"f488e895-7227-4b28-ad86-a76d0ccbfb70","value":{"lastScrollData":null}}
[debug] &amp#27;[35m[W3C (835c4fb4)]&amp#27;[39m Responding to client with driver.getSession() result: {"platform":"LINUX","webStorageEnabled":false,"takesScreenshot":true,"javascriptEnabled":true,"databaseEnabled":false,"networkConnectionEnabled":true,"locationContextEnabled":false,"warnings":{},"desired":{"platformName":"android","appium-version":"1.15.1","isHeadless":true,"app":"C:\\Users\\aakashgaur\\eclipse-workspace\\Exit_Assginment\\resources\\App\\API Demos_4.0_apkcombo.com.apk","appActivity":"com.hmh.api.ApiDemos","appPackage":"com.hmh.api","avdArgs":"-no-window","deviceName":"Android","platformVersion":"8.1"},"platformName":"android","appium-version":"1.15.1","isHeadless":true,"app":"C:\\Users\\aakashgaur\\eclipse-workspace\\Exit_Assginment\\resources\\App\\API Demos_4.0_apkcombo.com.apk","appActivity":"com.hmh.api.ApiDemos","appPackage":"com.hmh.api","avdArgs":"-no-window","deviceName":"emulator-5554","platformVersion":"8.1.0","deviceUDID":"emulator-5554","deviceApiLevel":27,"deviceScreenSize":"1080x2340","deviceScreenDensity":440,"deviceModel":"Android SDK built for x86","deviceManufacturer":"Go...
&amp#27;[35m[HTTP]&amp#27;[39m &amp#27;[37m<-- GET /wd/hub/session/835c4fb4-cece-4e61-9263-e8802dc31146 &amp#27;[39m&amp#27;[32m200&amp#27;[39m &amp#27;[90m20 ms - 1158&amp#27;[39m
&amp#27;[35m[HTTP]&amp#27;[39m &amp#27;[90m&amp#27;[39m
&amp#27;[35m[HTTP]&amp#27;[39m &amp#27;[37m-->&amp#27;[39m &amp#27;[37mGET&amp#27;[39m &amp#27;[37m/wd/hub/session/835c4fb4-cece-4e61-9263-e8802dc31146&amp#27;[39m
&amp#27;[35m[HTTP]&amp#27;[39m &amp#27;[90m{}&amp#27;[39m
[debug] &amp#27;[35m[W3C (835c4fb4)]&amp#27;[39m Calling AppiumDriver.getSession() with args: ["835c4fb4-cece-4e61-9263-e8802dc31146"]
[debug] &amp#27;[35m[UiAutomator2]&amp#27;[39m Getting session details from server to mix in
[debug] &amp#27;[35m[WD Proxy]&amp#27;[39m Matched '/' to command name 'getSession'
[debug] &amp#27;[35m[WD Proxy]&amp#27;[39m Proxying [GET /] to [GET http://127.0.0.1:8200/wd/hub/session/f488e895-7227-4b28-ad86-a76d0ccbfb70] with no body
[debug] &amp#27;[35m[WD Proxy]&amp#27;[39m Got response with status 200: {"sessionId":"f488e895-7227-4b28-ad86-a76d0ccbfb70","value":{"lastScrollData":null}}
[debug] &amp#27;[35m[W3C (835c4fb4)]&amp#27;[39m Responding to client with driver.getSession() result: {"platform":"LINUX","webStorageEnabled":false,"takesScreenshot":true,"javascriptEnabled":true,"databaseEnabled":false,"networkConnectionEnabled":true,"locationContextEnabled":false,"warnings":{},"desired":{"platformName":"android","appium-version":"1.15.1","isHeadless":true,"app":"C:\\Users\\aakashgaur\\eclipse-workspace\\Exit_Assginment\\resources\\App\\API Demos_4.0_apkcombo.com.apk","appActivity":"com.hmh.api.ApiDemos","appPackage":"com.hmh.api","avdArgs":"-no-window","deviceName":"Android","platformVersion":"8.1"},"platformName":"android","appium-version":"1.15.1","isHeadless":true,"app":"C:\\Users\\aakashgaur\\eclipse-workspace\\Exit_Assginment\\resources\\App\\API Demos_4.0_apkcombo.com.apk","appActivity":"com.hmh.api.ApiDemos","appPackage":"com.hmh.api","avdArgs":"-no-window","deviceName":"emulator-5554","platformVersion":"8.1.0","deviceUDID":"emulator-5554","deviceApiLevel":27,"deviceScreenSize":"1080x2340","deviceScreenDensity":440,"deviceModel":"Android SDK built for x86","deviceManufacturer":"Go...
&amp#27;[35m[HTTP]&amp#27;[39m &amp#27;[37m<-- GET /wd/hub/session/835c4fb4-cece-4e61-9263-e8802dc31146 &amp#27;[39m&amp#27;[32m200&amp#27;[39m &amp#27;[90m297 ms - 1158&amp#27;[39m
&amp#27;[35m[HTTP]&amp#27;[39m &amp#27;[90m&amp#27;[39m
&amp#27;[35m[HTTP]&amp#27;[39m &amp#27;[37m-->&amp#27;[39m &amp#27;[37mPOST&amp#27;[39m &amp#27;[37m/wd/hub/session/835c4fb4-cece-4e61-9263-e8802dc31146/element&amp#27;[39m
&amp#27;[35m[HTTP]&amp#27;[39m &amp#27;[90m{"using":"xpath","value":"//android.widget.TextView[@text = 'Views']"}&amp#27;[39m
[debug] &amp#27;[35m[W3C (835c4fb4)]&amp#27;[39m Calling AppiumDriver.findElement() with args: ["xpath","//android.widget.TextView[@text = 'Views']","835c4fb4-cece-4e61-9263-e8802dc31146"]
[debug] &amp#27;[35m[BaseDriver]&amp#27;[39m Valid locator strategies for this request: xpath, id, class name, accessibility id, css selector, -android uiautomator
[debug] &amp#27;[35m[BaseDriver]&amp#27;[39m Waiting up to 0 ms for condition
[debug] &amp#27;[35m[WD Proxy]&amp#27;[39m Matched '/element' to command name 'findElement'
[debug] &amp#27;[35m[WD Proxy]&amp#27;[39m Proxying [POST /element] to [POST http://127.0.0.1:8200/wd/hub/session/f488e895-7227-4b28-ad86-a76d0ccbfb70/element] with body: {"strategy":"xpath","selector":"//android.widget.TextView[@text = 'Views']","context":"","multiple":false}
[debug] &amp#27;[35m[WD Proxy]&amp#27;[39m Got response with status 200: {"sessionId":"f488e895-7227-4b28-ad86-a76d0ccbfb70","value":{"ELEMENT":"00000000-0000-0007-ffff-ffff00000011","element-6066-11e4-a52e-4f735466cecf":"00000000-0000-0007-ffff-ffff00000011"}}
[debug] &amp#27;[35m[W3C (835c4fb4)]&amp#27;[39m Responding to client with driver.findElement() result: {"element-6066-11e4-a52e-4f735466cecf":"00000000-0000-0007-ffff-ffff00000011","ELEMENT":"00000000-0000-0007-ffff-ffff00000011"}
&amp#27;[35m[HTTP]&amp#27;[39m &amp#27;[37m<-- POST /wd/hub/session/835c4fb4-cece-4e61-9263-e8802dc31146/element &amp#27;[39m&amp#27;[32m200&amp#27;[39m &amp#27;[90m2003 ms - 137&amp#27;[39m
&amp#27;[35m[HTTP]&amp#27;[39m &amp#27;[90m&amp#27;[39m
&amp#27;[35m[HTTP]&amp#27;[39m &amp#27;[37m-->&amp#27;[39m &amp#27;[37mGET&amp#27;[39m &amp#27;[37m/wd/hub/session/835c4fb4-cece-4e61-9263-e8802dc31146/element/00000000-0000-0007-ffff-ffff00000011/displayed&amp#27;[39m
&amp#27;[35m[HTTP]&amp#27;[39m &amp#27;[90m{}&amp#27;[39m
[debug] &amp#27;[35m[W3C (835c4fb4)]&amp#27;[39m Calling AppiumDriver.elementDisplayed() with args: ["00000000-0000-0007-ffff-ffff00000011","835c4fb4-cece-4e61-9263-e8802dc31146"]
[debug] &amp#27;[35m[WD Proxy]&amp#27;[39m Matched '/element/00000000-0000-0007-ffff-ffff00000011/attribute/displayed' to command name 'getAttribute'
[debug] &amp#27;[35m[WD Proxy]&amp#27;[39m Proxying [GET /element/00000000-0000-0007-ffff-ffff00000011/attribute/displayed] to [GET http://127.0.0.1:8200/wd/hub/session/f488e895-7227-4b28-ad86-a76d0ccbfb70/element/00000000-0000-0007-ffff-ffff00000011/attribute/displayed] with no body
[debug] &amp#27;[35m[WD Proxy]&amp#27;[39m Got response with status 200: {"sessionId":"f488e895-7227-4b28-ad86-a76d0ccbfb70","value":"true"}
[debug] &amp#27;[35m[W3C (835c4fb4)]&amp#27;[39m Responding to client with driver.elementDisplayed() result: true
&amp#27;[35m[HTTP]&amp#27;[39m &amp#27;[37m<-- GET /wd/hub/session/835c4fb4-cece-4e61-9263-e8802dc31146/element/00000000-0000-0007-ffff-ffff00000011/displayed &amp#27;[39m&amp#27;[32m200&amp#27;[39m &amp#27;[90m35 ms - 14&amp#27;[39m
&amp#27;[35m[HTTP]&amp#27;[39m &amp#27;[90m&amp#27;[39m
&amp#27;[35m[HTTP]&amp#27;[39m &amp#27;[37m-->&amp#27;[39m &amp#27;[37mGET&amp#27;[39m &amp#27;[37m/wd/hub/session/835c4fb4-cece-4e61-9263-e8802dc31146&amp#27;[39m
&amp#27;[35m[HTTP]&amp#27;[39m &amp#27;[90m{}&amp#27;[39m
[debug] &amp#27;[35m[W3C (835c4fb4)]&amp#27;[39m Calling AppiumDriver.getSession() with args: ["835c4fb4-cece-4e61-9263-e8802dc31146"]
[debug] &amp#27;[35m[UiAutomator2]&amp#27;[39m Getting session details from server to mix in
[debug] &amp#27;[35m[WD Proxy]&amp#27;[39m Matched '/' to command name 'getSession'
[debug] &amp#27;[35m[WD Proxy]&amp#27;[39m Proxying [GET /] to [GET http://127.0.0.1:8200/wd/hub/session/f488e895-7227-4b28-ad86-a76d0ccbfb70] with no body
[debug] &amp#27;[35m[WD Proxy]&amp#27;[39m Got response with status 200: {"sessionId":"f488e895-7227-4b28-ad86-a76d0ccbfb70","value":{"lastScrollData":null}}
[debug] &amp#27;[35m[W3C (835c4fb4)]&amp#27;[39m Responding to client with driver.getSession() result: {"platform":"LINUX","webStorageEnabled":false,"takesScreenshot":true,"javascriptEnabled":true,"databaseEnabled":false,"networkConnectionEnabled":true,"locationContextEnabled":false,"warnings":{},"desired":{"platformName":"android","appium-version":"1.15.1","isHeadless":true,"app":"C:\\Users\\aakashgaur\\eclipse-workspace\\Exit_Assginment\\resources\\App\\API Demos_4.0_apkcombo.com.apk","appActivity":"com.hmh.api.ApiDemos","appPackage":"com.hmh.api","avdArgs":"-no-window","deviceName":"Android","platformVersion":"8.1"},"platformName":"android","appium-version":"1.15.1","isHeadless":true,"app":"C:\\Users\\aakashgaur\\eclipse-workspace\\Exit_Assginment\\resources\\App\\API Demos_4.0_apkcombo.com.apk","appActivity":"com.hmh.api.ApiDemos","appPackage":"com.hmh.api","avdArgs":"-no-window","deviceName":"emulator-5554","platformVersion":"8.1.0","deviceUDID":"emulator-5554","deviceApiLevel":27,"deviceScreenSize":"1080x2340","deviceScreenDensity":440,"deviceModel":"Android SDK built for x86","deviceManufacturer":"Go...
&amp#27;[35m[HTTP]&amp#27;[39m &amp#27;[37m<-- GET /wd/hub/session/835c4fb4-cece-4e61-9263-e8802dc31146 &amp#27;[39m&amp#27;[32m200&amp#27;[39m &amp#27;[90m18 ms - 1158&amp#27;[39m
&amp#27;[35m[HTTP]&amp#27;[39m &amp#27;[90m&amp#27;[39m
&amp#27;[35m[HTTP]&amp#27;[39m &amp#27;[37m-->&amp#27;[39m &amp#27;[37mPOST&amp#27;[39m &amp#27;[37m/wd/hub/session/835c4fb4-cece-4e61-9263-e8802dc31146/element&amp#27;[39m
&amp#27;[35m[HTTP]&amp#27;[39m &amp#27;[90m{"using":"xpath","value":"//android.widget.TextView[@text = 'Views']"}&amp#27;[39m
[debug] &amp#27;[35m[W3C (835c4fb4)]&amp#27;[39m Calling AppiumDriver.findElement() with args: ["xpath","//android.widget.TextView[@text = 'Views']","835c4fb4-cece-4e61-9263-e8802dc31146"]
[debug] &amp#27;[35m[BaseDriver]&amp#27;[39m Valid locator strategies for this request: xpath, id, class name, accessibility id, css selector, -android uiautomator
[debug] &amp#27;[35m[BaseDriver]&amp#27;[39m Waiting up to 0 ms for condition
[debug] &amp#27;[35m[WD Proxy]&amp#27;[39m Matched '/element' to command name 'findElement'
[debug] &amp#27;[35m[WD Proxy]&amp#27;[39m Proxying [POST /element] to [POST http://127.0.0.1:8200/wd/hub/session/f488e895-7227-4b28-ad86-a76d0ccbfb70/element] with body: {"strategy":"xpath","selector":"//android.widget.TextView[@text = 'Views']","context":"","multiple":false}
[debug] &amp#27;[35m[WD Proxy]&amp#27;[39m Got response with status 200: {"sessionId":"f488e895-7227-4b28-ad86-a76d0ccbfb70","value":{"ELEMENT":"00000000-0000-0007-ffff-ffff00000011","element-6066-11e4-a52e-4f735466cecf":"00000000-0000-0007-ffff-ffff00000011"}}
[debug] &amp#27;[35m[W3C (835c4fb4)]&amp#27;[39m Responding to client with driver.findElement() result: {"element-6066-11e4-a52e-4f735466cecf":"00000000-0000-0007-ffff-ffff00000011","ELEMENT":"00000000-0000-0007-ffff-ffff00000011"}
&amp#27;[35m[HTTP]&amp#27;[39m &amp#27;[37m<-- POST /wd/hub/session/835c4fb4-cece-4e61-9263-e8802dc31146/element &amp#27;[39m&amp#27;[32m200&amp#27;[39m &amp#27;[90m168 ms - 137&amp#27;[39m
&amp#27;[35m[HTTP]&amp#27;[39m &amp#27;[90m&amp#27;[39m
&amp#27;[35m[HTTP]&amp#27;[39m &amp#27;[37m-->&amp#27;[39m &amp#27;[37mPOST&amp#27;[39m &amp#27;[37m/wd/hub/session/835c4fb4-cece-4e61-9263-e8802dc31146/touch/perform&amp#27;[39m
&amp#27;[35m[HTTP]&amp#27;[39m &amp#27;[90m{"actions":[{"action":"tap","options":{"element":"00000000-0000-0007-ffff-ffff00000011"}}]}&amp#27;[39m
[debug] &amp#27;[35m[W3C (835c4fb4)]&amp#27;[39m Calling AppiumDriver.performTouch() with args: [[{"action":"tap","options":{"element":"00000000-0000-0007-ffff-ffff00000011"}}],"835c4fb4-cece-4e61-9263-e8802dc31146"]
&amp#27;[35m[UiAutomator2]&amp#27;[39m calling get location: 00000000-0000-0007-ffff-ffff00000011
[debug] &amp#27;[35m[WD Proxy]&amp#27;[39m Matched '/element/00000000-0000-0007-ffff-ffff00000011/location' to command name 'getLocation'
[debug] &amp#27;[35m[WD Proxy]&amp#27;[39m Proxying [GET /element/00000000-0000-0007-ffff-ffff00000011/location] to [GET http://127.0.0.1:8200/wd/hub/session/f488e895-7227-4b28-ad86-a76d0ccbfb70/element/00000000-0000-0007-ffff-ffff00000011/location] with no body
[debug] &amp#27;[35m[WD Proxy]&amp#27;[39m Got response with status 200: {"sessionId":"f488e895-7227-4b28-ad86-a76d0ccbfb70","value":{"x":0,"y":1570}}
[debug] &amp#27;[35m[WD Proxy]&amp#27;[39m Matched '/element/00000000-0000-0007-ffff-ffff00000011/size' to command name 'getSize'
[debug] &amp#27;[35m[WD Proxy]&amp#27;[39m Proxying [GET /element/00000000-0000-0007-ffff-ffff00000011/size] to [GET http://127.0.0.1:8200/wd/hub/session/f488e895-7227-4b28-ad86-a76d0ccbfb70/element/00000000-0000-0007-ffff-ffff00000011/size] with no body
[debug] &amp#27;[35m[WD Proxy]&amp#27;[39m Got response with status 200: {"sessionId":"f488e895-7227-4b28-ad86-a76d0ccbfb70","value":{"height":132,"width":1080}}
[debug] &amp#27;[35m[WD Proxy]&amp#27;[39m Proxying [POST /appium/tap] to [POST http://127.0.0.1:8200/wd/hub/session/f488e895-7227-4b28-ad86-a76d0ccbfb70/appium/tap] with body: {"x":540,"y":1636,"undefined":null}
[debug] &amp#27;[35m[WD Proxy]&amp#27;[39m Got response with status 200: {"sessionId":"f488e895-7227-4b28-ad86-a76d0ccbfb70","value":null}
[debug] &amp#27;[35m[W3C (835c4fb4)]&amp#27;[39m Responding to client with driver.performTouch() result: null
&amp#27;[35m[HTTP]&amp#27;[39m &amp#27;[37m<-- POST /wd/hub/session/835c4fb4-cece-4e61-9263-e8802dc31146/touch/perform &amp#27;[39m&amp#27;[32m200&amp#27;[39m &amp#27;[90m744 ms - 14&amp#27;[39m
&amp#27;[  When User Tap on Views                            # com.apidemo.stepdefinition.WhenStepDefinition.user_Tap_on_views()
35m[HTTP]&amp#27;[39m &amp#27;[90m&amp#27;[39m
&amp#27;[35m[HTTP]&amp#27;[39m &amp#27;[37m-->&amp#27;[39m &amp#27;[37mGET&amp#27;[39m &amp#27;[37m/wd/hub/session/835c4fb4-cece-4e61-9263-e8802dc31146&amp#27;[39m
&amp#27;[35m[HTTP]&amp#27;[39m &amp#27;[90m{}&amp#27;[39m
[debug] &amp#27;[35m[W3C (835c4fb4)]&amp#27;[39m Calling AppiumDriver.getSession() with args: ["835c4fb4-cece-4e61-9263-e8802dc31146"]
[debug] &amp#27;[35m[UiAutomator2]&amp#27;[39m Getting session details from server to mix in
[debug] &amp#27;[35m[WD Proxy]&amp#27;[39m Matched '/' to command name 'getSession'
[debug] &amp#27;[35m[WD Proxy]&amp#27;[39m Proxying [GET /] to [GET http://127.0.0.1:8200/wd/hub/session/f488e895-7227-4b28-ad86-a76d0ccbfb70] with no body
[debug] &amp#27;[35m[WD Proxy]&amp#27;[39m Got response with status 200: {"sessionId":"f488e895-7227-4b28-ad86-a76d0ccbfb70","value":{"lastScrollData":null}}
[debug] &amp#27;[35m[W3C (835c4fb4)]&amp#27;[39m Responding to client with driver.getSession() result: {"platform":"LINUX","webStorageEnabled":false,"takesScreenshot":true,"javascriptEnabled":true,"databaseEnabled":false,"networkConnectionEnabled":true,"locationContextEnabled":false,"warnings":{},"desired":{"platformName":"android","appium-version":"1.15.1","isHeadless":true,"app":"C:\\Users\\aakashgaur\\eclipse-workspace\\Exit_Assginment\\resources\\App\\API Demos_4.0_apkcombo.com.apk","appActivity":"com.hmh.api.ApiDemos","appPackage":"com.hmh.api","avdArgs":"-no-window","deviceName":"Android","platformVersion":"8.1"},"platformName":"android","appium-version":"1.15.1","isHeadless":true,"app":"C:\\Users\\aakashgaur\\eclipse-workspace\\Exit_Assginment\\resources\\App\\API Demos_4.0_apkcombo.com.apk","appActivity":"com.hmh.api.ApiDemos","appPackage":"com.hmh.api","avdArgs":"-no-window","deviceName":"emulator-5554","platformVersion":"8.1.0","deviceUDID":"emulator-5554","deviceApiLevel":27,"deviceScreenSize":"1080x2340","deviceScreenDensity":440,"deviceModel":"Android SDK built for x86","deviceManufacturer":"Go...
&amp#27;[35m[HTTP]&amp#27;[39m &amp#27;[37m<-- GET /wd/hub/session/835c4fb4-cece-4e61-9263-e8802dc31146 &amp#27;[39m&amp#27;[32m200&amp#27;[39m &amp#27;[90m23 ms - 1158&amp#27;[39m
&amp#27;[35m[HTTP]&amp#27;[39m &amp#27;[90m&amp#27;[39m
&amp#27;[35m[HTTP]&amp#27;[39m &amp#27;[37m-->&amp#27;[39m &amp#27;[37mPOST&amp#27;[39m &amp#27;[37m/wd/hub/session/835c4fb4-cece-4e61-9263-e8802dc31146/element&amp#27;[39m
&amp#27;[35m[HTTP]&amp#27;[39m &amp#27;[90m{"using":"xpath","value":"//android.widget.TextView[@text = 'Controls']"}&amp#27;[39m
[debug] &amp#27;[35m[W3C (835c4fb4)]&amp#27;[39m Calling AppiumDriver.findElement() with args: ["xpath","//android.widget.TextView[@text = 'Controls']","835c4fb4-cece-4e61-9263-e8802dc31146"]
[debug] &amp#27;[35m[BaseDriver]&amp#27;[39m Valid locator strategies for this request: xpath, id, class name, accessibility id, css selector, -android uiautomator
[debug] &amp#27;[35m[BaseDriver]&amp#27;[39m Waiting up to 0 ms for condition
[debug] &amp#27;[35m[WD Proxy]&amp#27;[39m Matched '/element' to command name 'findElement'
[debug] &amp#27;[35m[WD Proxy]&amp#27;[39m Proxying [POST /element] to [POST http://127.0.0.1:8200/wd/hub/session/f488e895-7227-4b28-ad86-a76d0ccbfb70/element] with body: {"strategy":"xpath","selector":"//android.widget.TextView[@text = 'Controls']","context":"","multiple":false}
&amp#27;[35m[WD Proxy]&amp#27;[39m Got response with status 404: {"sessionId":"f488e895-7227-4b28-ad86-a76d0ccbfb70","value":{"error":"no such element","message":"An element could not be located on the page using the given search parameters","stacktrace":"io.appium.uiautomator2.common.exceptions.ElementNotFoundException: An element could not be located on the page using the given search parameters\n\tat io.appium.uiautomator2.handler.FindElement.findElement(FindElement.java:90)\n\tat io.appium.uiautomator2.handler.FindElement.safeHandle(FindElement.java:67)\n\tat io.appium.uiautomator2.handler.request.SafeRequestHandler.handle(SafeRequestHandler.java:59)\n\tat io.appium.uiautomator2.server.AppiumServlet.handleRequest(AppiumServlet.java:266)\n\tat io.appium.uiautomator2.server.AppiumServlet.handleHttpRequest(AppiumServlet.java:260)\n\tat io.appium.uiautomator2.http.ServerHandler.channelRead(ServerHandler.java:68)\n\tat io.netty.channel.AbstractChannelHandlerContext.invokeChannelRead(AbstractChannelHandlerContext.java:366)\n\tat io.netty.channel.AbstractChannelHandlerCont...
[debug] &amp#27;[35m[W3C]&amp#27;[39m Matched W3C error code 'no such element' to NoSuchElementError
[debug] &amp#27;[35m[W3C (835c4fb4)]&amp#27;[39m Encountered internal error running command: NoSuchElementError: An element could not be located on the page using the given search parameters.
[debug] &amp#27;[35m[W3C (835c4fb4)]&amp#27;[39m     at AndroidUiautomator2Driver.findElOrEls (C:\Users\aakashgaur\AppData\Roaming\npm\node_modules\appium\node_modules\appium-android-driver\lib\commands\find.js:75:11)
[debug] &amp#27;[35m[W3C (835c4fb4)]&amp#27;[39m     at runMicrotasks (<anonymous>)
[debug] &amp#27;[35m[W3C (835c4fb4)]&amp#27;[39m     at processTicksAndRejections (internal/process/task_queues.js:93:5)
[debug] &amp#27;[35m[W3C (835c4fb4)]&amp#27;[39m     at AndroidUiautomator2Driver.findElOrElsWithProcessing (C:\Users\aakashgaur\AppData\Roaming\npm\node_modules\appium\node_modules\appium-base-driver\lib\basedriver\commands\find.js:33:12)
[debug] &amp#27;[35m[W3C (835c4fb4)]&amp#27;[39m     at AndroidUiautomator2Driver.findElement (C:\Users\aakashgaur\AppData\Roaming\npm\node_modules\appium\node_modules\appium-base-driver\lib\basedriver\commands\find.js:53:10)
&amp#27;[35m[HTTP]&amp#27;[39m &amp#27;[37m<-- POST /wd/hub/session/835c4fb4-cece-4e61-9263-e8802dc31146/element &amp#27;[39m&amp#27;[33m404&amp#27;[39m &amp#27;[90m460 ms - 929&amp#27;[39m
&amp#27;[35m[HTTP]&amp#27;[39m &amp#27;[90m&amp#27;[39m
&amp#27;[35m[HTTP]&amp#27;[39m &amp#27;[37m-->&amp#27;[39m &amp#27;[37mPOST&amp#27;[39m &amp#27;[37m/wd/hub/session/835c4fb4-cece-4e61-9263-e8802dc31146/element&amp#27;[39m
&amp#27;[35m[HTTP]&amp#27;[39m &amp#27;[90m{"using":"xpath","value":"//android.widget.TextView[@text = 'Controls']"}&amp#27;[39m
[debug] &amp#27;[35m[W3C (835c4fb4)]&amp#27;[39m Calling AppiumDriver.findElement() with args: ["xpath","//android.widget.TextView[@text = 'Controls']","835c4fb4-cece-4e61-9263-e8802dc31146"]
[debug] &amp#27;[35m[BaseDriver]&amp#27;[39m Valid locator strategies for this request: xpath, id, class name, accessibility id, css selector, -android uiautomator
[debug] &amp#27;[35m[BaseDriver]&amp#27;[39m Waiting up to 0 ms for condition
[debug] &amp#27;[35m[WD Proxy]&amp#27;[39m Matched '/element' to command name 'findElement'
[debug] &amp#27;[35m[WD Proxy]&amp#27;[39m Proxying [POST /element] to [POST http://127.0.0.1:8200/wd/hub/session/f488e895-7227-4b28-ad86-a76d0ccbfb70/element] with body: {"strategy":"xpath","selector":"//android.widget.TextView[@text = 'Controls']","context":"","multiple":false}
[debug] &amp#27;[35m[WD Proxy]&amp#27;[39m Got response with status 200: {"sessionId":"f488e895-7227-4b28-ad86-a76d0ccbfb70","value":{"ELEMENT":"00000000-0000-0008-ffff-ffff0000001d","element-6066-11e4-a52e-4f735466cecf":"00000000-0000-0008-ffff-ffff0000001d"}}
[debug] &amp#27;[35m[W3C (835c4fb4)]&amp#27;[39m Responding to client with driver.findElement() result: {"element-6066-11e4-a52e-4f735466cecf":"00000000-0000-0008-ffff-ffff0000001d","ELEMENT":"00000000-0000-0008-ffff-ffff0000001d"}
&amp#27;[35m[HTTP]&amp#27;[39m &amp#27;[37m<-- POST /wd/hub/session/835c4fb4-cece-4e61-9263-e8802dc31146/element &amp#27;[39m&amp#27;[32m200&amp#27;[39m &amp#27;[90m269 ms - 137&amp#27;[39m
&amp#27;[35m[HTTP]&amp#27;[39m &amp#27;[90m&amp#27;[39m
&amp#27;[35m[HTTP]&amp#27;[39m &amp#27;[37m-->&amp#27;[39m &amp#27;[37mGET&amp#27;[39m &amp#27;[37m/wd/hub/session/835c4fb4-cece-4e61-9263-e8802dc31146/element/00000000-0000-0008-ffff-ffff0000001d/displayed&amp#27;[39m
&amp#27;[35m[HTTP]&amp#27;[39m &amp#27;[90m{}&amp#27;[39m
[debug] &amp#27;[35m[W3C (835c4fb4)]&amp#27;[39m Calling AppiumDriver.elementDisplayed() with args: ["00000000-0000-0008-ffff-ffff0000001d","835c4fb4-cece-4e61-9263-e8802dc31146"]
[debug] &amp#27;[35m[WD Proxy]&amp#27;[39m Matched '/element/00000000-0000-0008-ffff-ffff0000001d/attribute/displayed' to command name 'getAttribute'
[debug] &amp#27;[35m[WD Proxy]&amp#27;[39m Proxying [GET /element/00000000-0000-0008-ffff-ffff0000001d/attribute/displayed] to [GET http://127.0.0.1:8200/wd/hub/session/f488e895-7227-4b28-ad86-a76d0ccbfb70/element/00000000-0000-0008-ffff-ffff0000001d/attribute/displayed] with no body
[debug] &amp#27;[35m[WD Proxy]&amp#27;[39m Got response with status 200: {"sessionId":"f488e895-7227-4b28-ad86-a76d0ccbfb70","value":"true"}
[debug] &amp#27;[35m[W3C (835c4fb4)]&amp#27;[39m Responding to client with driver.elementDisplayed() result: true
&amp#27;[35m[HTTP]&amp#27;[39m &amp#27;[37m<-- GET /wd/hub/session/835c4fb4-cece-4e61-9263-e8802dc31146/element/00000000-0000-0008-ffff-ffff0000001d/displayed &amp#27;[39m&amp#27;[32m200&amp#27;[39m &amp#27;[90m27 ms - 14&amp#27;[39m
&amp#27;[35m[HTTP]&amp#27;[39m &amp#27;[90m&amp#27;[39m
&amp#27;[35m[HTTP]&amp#27;[39m &amp#27;[37m-->&amp#27;[39m &amp#27;[37mGET&amp#27;[39m &amp#27;[37m/wd/hub/session/835c4fb4-cece-4e61-9263-e8802dc31146&amp#27;[39m
&amp#27;[35m[HTTP]&amp#27;[39m &amp#27;[90m{}&amp#27;[39m
[debug] &amp#27;[35m[W3C (835c4fb4)]&amp#27;[39m Calling AppiumDriver.getSession() with args: ["835c4fb4-cece-4e61-9263-e8802dc31146"]
[debug] &amp#27;[35m[UiAutomator2]&amp#27;[39m Getting session details from server to mix in
[debug] &amp#27;[35m[WD Proxy]&amp#27;[39m Matched '/' to command name 'getSession'
[debug] &amp#27;[35m[WD Proxy]&amp#27;[39m Proxying [GET /] to [GET http://127.0.0.1:8200/wd/hub/session/f488e895-7227-4b28-ad86-a76d0ccbfb70] with no body
[debug] &amp#27;[35m[WD Proxy]&amp#27;[39m Got response with status 200: {"sessionId":"f488e895-7227-4b28-ad86-a76d0ccbfb70","value":{"lastScrollData":null}}
[debug] &amp#27;[35m[W3C (835c4fb4)]&amp#27;[39m Responding to client with driver.getSession() result: {"platform":"LINUX","webStorageEnabled":false,"takesScreenshot":true,"javascriptEnabled":true,"databaseEnabled":false,"networkConnectionEnabled":true,"locationContextEnabled":false,"warnings":{},"desired":{"platformName":"android","appium-version":"1.15.1","isHeadless":true,"app":"C:\\Users\\aakashgaur\\eclipse-workspace\\Exit_Assginment\\resources\\App\\API Demos_4.0_apkcombo.com.apk","appActivity":"com.hmh.api.ApiDemos","appPackage":"com.hmh.api","avdArgs":"-no-window","deviceName":"Android","platformVersion":"8.1"},"platformName":"android","appium-version":"1.15.1","isHeadless":true,"app":"C:\\Users\\aakashgaur\\eclipse-workspace\\Exit_Assginment\\resources\\App\\API Demos_4.0_apkcombo.com.apk","appActivity":"com.hmh.api.ApiDemos","appPackage":"com.hmh.api","avdArgs":"-no-window","deviceName":"emulator-5554","platformVersion":"8.1.0","deviceUDID":"emulator-5554","deviceApiLevel":27,"deviceScreenSize":"1080x2340","deviceScreenDensity":440,"deviceModel":"Android SDK built for x86","deviceManufacturer":"Go...
&amp#27;[35m[HTTP]&amp#27;[39m &amp#27;[37m<-- GET /wd/hub/session/835c4fb4-cece-4e61-9263-e8802dc31146 &amp#27;[39m&amp#27;[32m200&amp#27;[39m &amp#27;[90m18 ms - 1158&amp#27;[39m
&amp#27;[35m[HTTP]&amp#27;[39m &amp#27;[90m&amp#27;[39m
&amp#27;[35m[HTTP]&amp#27;[39m &amp#27;[37m-->&amp#27;[39m &amp#27;[37mPOST&amp#27;[39m &amp#27;[37m/wd/hub/session/835c4fb4-cece-4e61-9263-e8802dc31146/element&amp#27;[39m
&amp#27;[35m[HTTP]&amp#27;[39m &amp#27;[90m{"using":"xpath","value":"//android.widget.TextView[@text = 'Controls']"}&amp#27;[39m
[debug] &amp#27;[35m[W3C (835c4fb4)]&amp#27;[39m Calling AppiumDriver.findElement() with args: ["xpath","//android.widget.TextView[@text = 'Controls']","835c4fb4-cece-4e61-9263-e8802dc31146"]
[debug] &amp#27;[35m[BaseDriver]&amp#27;[39m Valid locator strategies for this request: xpath, id, class name, accessibility id, css selector, -android uiautomator
[debug] &amp#27;[35m[BaseDriver]&amp#27;[39m Waiting up to 0 ms for condition
[debug] &amp#27;[35m[WD Proxy]&amp#27;[39m Matched '/element' to command name 'findElement'
[debug] &amp#27;[35m[WD Proxy]&amp#27;[39m Proxying [POST /element] to [POST http://127.0.0.1:8200/wd/hub/session/f488e895-7227-4b28-ad86-a76d0ccbfb70/element] with body: {"strategy":"xpath","selector":"//android.widget.TextView[@text = 'Controls']","context":"","multiple":false}
[debug] &amp#27;[35m[WD Proxy]&amp#27;[39m Got response with status 200: {"sessionId":"f488e895-7227-4b28-ad86-a76d0ccbfb70","value":{"ELEMENT":"00000000-0000-0008-ffff-ffff0000001d","element-6066-11e4-a52e-4f735466cecf":"00000000-0000-0008-ffff-ffff0000001d"}}
[debug] &amp#27;[35m[W3C (835c4fb4)]&amp#27;[39m Responding to client with driver.findElement() result: {"element-6066-11e4-a52e-4f735466cecf":"00000000-0000-0008-ffff-ffff0000001d","ELEMENT":"00000000-0000-0008-ffff-ffff0000001d"}
&amp#27;[35m[HTTP]&amp#27;[39m &amp#27;[37m<-- POST /wd/hub/session/835c4fb4-cece-4e61-9263-e8802dc31146/element &amp#27;[39m&amp#27;[32m200&amp#27;[39m &amp#27;[90m260 ms - 137&amp#27;[39m
&amp#27;[35m[HTTP]&amp#27;[39m &amp#27;[90m&amp#27;[39m
&amp#27;[35m[HTTP]&amp#27;[39m &amp#27;[37m-->&amp#27;[39m &amp#27;[37mPOST&amp#27;[39m &amp#27;[37m/wd/hub/session/835c4fb4-cece-4e61-9263-e8802dc31146/touch/perform&amp#27;[39m
&amp#27;[35m[HTTP]&amp#27;[39m &amp#27;[90m{"actions":[{"action":"tap","options":{"element":"00000000-0000-0008-ffff-ffff0000001d"}}]}&amp#27;[39m
[debug] &amp#27;[35m[W3C (835c4fb4)]&amp#27;[39m Calling AppiumDriver.performTouch() with args: [[{"action":"tap","options":{"element":"00000000-0000-0008-ffff-ffff0000001d"}}],"835c4fb4-cece-4e61-9263-e8802dc31146"]
&amp#27;[35m[UiAutomator2]&amp#27;[39m calling get location: 00000000-0000-0008-ffff-ffff0000001d
[debug] &amp#27;[35m[WD Proxy]&amp#27;[39m Matched '/element/00000000-0000-0008-ffff-ffff0000001d/location' to command name 'getLocation'
[debug] &amp#27;[35m[WD Proxy]&amp#27;[39m Proxying [GET /element/00000000-0000-0008-ffff-ffff0000001d/location] to [GET http://127.0.0.1:8200/wd/hub/session/f488e895-7227-4b28-ad86-a76d0ccbfb70/element/00000000-0000-0008-ffff-ffff0000001d/location] with no body
[debug] &amp#27;[35m[WD Proxy]&amp#27;[39m Got response with status 200: {"sessionId":"f488e895-7227-4b28-ad86-a76d0ccbfb70","value":{"x":0,"y":760}}
[debug] &amp#27;[35m[WD Proxy]&amp#27;[39m Matched '/element/00000000-0000-0008-ffff-ffff0000001d/size' to command name 'getSize'
[debug] &amp#27;[35m[WD Proxy]&amp#27;[39m Proxying [GET /element/00000000-0000-0008-ffff-ffff0000001d/size] to [GET http://127.0.0.1:8200/wd/hub/session/f488e895-7227-4b28-ad86-a76d0ccbfb70/element/00000000-0000-0008-ffff-ffff0000001d/size] with no body
[debug] &amp#27;[35m[WD Proxy]&amp#27;[39m Got response with status 200: {"sessionId":"f488e895-7227-4b28-ad86-a76d0ccbfb70","value":{"height":132,"width":1080}}
[debug] &amp#27;[35m[WD Proxy]&amp#27;[39m Proxying [POST /appium/tap] to [POST http://127.0.0.1:8200/wd/hub/session/f488e895-7227-4b28-ad86-a76d0ccbfb70/appium/tap] with body: {"x":540,"y":826,"undefined":null}
[debug] &amp#27;[35m[WD Proxy]&amp#27;[39m Got response with status 200: {"sessionId":"f488e895-7227-4b28-ad86-a76d0ccbfb70","value":null}
[debug] &amp#27;[35m[W3C (835c4fb4)]&amp#27;[39m Responding to client with driver.performTouch() result: null
&amp#27;[35m[HTTP]&amp#27;[39m &amp#27;[37m<-- POST /wd/hub/session/835c4fb4-cece-4e61-9263-e8802dc31146/touch/perform &amp#27;[39m&amp#27;[32m200&amp#27;[39m &amp#27;  And Tap on Controls                               # com.apidemo.stepdefinition.WhenStepDefinition.Tap_on_controls()
[90m214 ms - 14&amp#27;[39m
&amp#27;[35m[HTTP]&amp#27;[39m &amp#27;[90m&amp#27;[39m
&amp#27;[35m[HTTP]&amp#27;[39m &amp#27;[37m-->&amp#27;[39m &amp#27;[37mGET&amp#27;[39m &amp#27;[37m/wd/hub/session/835c4fb4-cece-4e61-9263-e8802dc31146&amp#27;[39m
&amp#27;[35m[HTTP]&amp#27;[39m &amp#27;[90m{}&amp#27;[39m
[debug] &amp#27;[35m[W3C (835c4fb4)]&amp#27;[39m Calling AppiumDriver.getSession() with args: ["835c4fb4-cece-4e61-9263-e8802dc31146"]
[debug] &amp#27;[35m[UiAutomator2]&amp#27;[39m Getting session details from server to mix in
[debug] &amp#27;[35m[WD Proxy]&amp#27;[39m Matched '/' to command name 'getSession'
[debug] &amp#27;[35m[WD Proxy]&amp#27;[39m Proxying [GET /] to [GET http://127.0.0.1:8200/wd/hub/session/f488e895-7227-4b28-ad86-a76d0ccbfb70] with no body
[debug] &amp#27;[35m[WD Proxy]&amp#27;[39m Got response with status 200: {"sessionId":"f488e895-7227-4b28-ad86-a76d0ccbfb70","value":{"lastScrollData":null}}
[debug] &amp#27;[35m[W3C (835c4fb4)]&amp#27;[39m Responding to client with driver.getSession() result: {"platform":"LINUX","webStorageEnabled":false,"takesScreenshot":true,"javascriptEnabled":true,"databaseEnabled":false,"networkConnectionEnabled":true,"locationContextEnabled":false,"warnings":{},"desired":{"platformName":"android","appium-version":"1.15.1","isHeadless":true,"app":"C:\\Users\\aakashgaur\\eclipse-workspace\\Exit_Assginment\\resources\\App\\API Demos_4.0_apkcombo.com.apk","appActivity":"com.hmh.api.ApiDemos","appPackage":"com.hmh.api","avdArgs":"-no-window","deviceName":"Android","platformVersion":"8.1"},"platformName":"android","appium-version":"1.15.1","isHeadless":true,"app":"C:\\Users\\aakashgaur\\eclipse-workspace\\Exit_Assginment\\resources\\App\\API Demos_4.0_apkcombo.com.apk","appActivity":"com.hmh.api.ApiDemos","appPackage":"com.hmh.api","avdArgs":"-no-window","deviceName":"emulator-5554","platformVersion":"8.1.0","deviceUDID":"emulator-5554","deviceApiLevel":27,"deviceScreenSize":"1080x2340","deviceScreenDensity":440,"deviceModel":"Android SDK built for x86","deviceManufacturer":"Go...
&amp#27;[35m[HTTP]&amp#27;[39m &amp#27;[37m<-- GET /wd/hub/session/835c4fb4-cece-4e61-9263-e8802dc31146 &amp#27;[39m&amp#27;[32m200&amp#27;[39m &amp#27;[90m38 ms - 1158&amp#27;[39m
&amp#27;[35m[HTTP]&amp#27;[39m &amp#27;[90m&amp#27;[39m
&amp#27;[35m[HTTP]&amp#27;[39m &amp#27;[37m-->&amp#27;[39m &amp#27;[37mGET&amp#27;[39m &amp#27;[37m/wd/hub/session/835c4fb4-cece-4e61-9263-e8802dc31146&amp#27;[39m
&amp#27;[35m[HTTP]&amp#27;[39m &amp#27;[90m{}&amp#27;[39m
[debug] &amp#27;[35m[W3C (835c4fb4)]&amp#27;[39m Calling AppiumDriver.getSession() with args: ["835c4fb4-cece-4e61-9263-e8802dc31146"]
[debug] &amp#27;[35m[UiAutomator2]&amp#27;[39m Getting session details from server to mix in
[debug] &amp#27;[35m[WD Proxy]&amp#27;[39m Matched '/' to command name 'getSession'
[debug] &amp#27;[35m[WD Proxy]&amp#27;[39m Proxying [GET /] to [GET http://127.0.0.1:8200/wd/hub/session/f488e895-7227-4b28-ad86-a76d0ccbfb70] with no body
[debug] &amp#27;[35m[WD Proxy]&amp#27;[39m Got response with status 200: {"sessionId":"f488e895-7227-4b28-ad86-a76d0ccbfb70","value":{"lastScrollData":null}}
[debug] &amp#27;[35m[W3C (835c4fb4)]&amp#27;[39m Responding to client with driver.getSession() result: {"platform":"LINUX","webStorageEnabled":false,"takesScreenshot":true,"javascriptEnabled":true,"databaseEnabled":false,"networkConnectionEnabled":true,"locationContextEnabled":false,"warnings":{},"desired":{"platformName":"android","appium-version":"1.15.1","isHeadless":true,"app":"C:\\Users\\aakashgaur\\eclipse-workspace\\Exit_Assginment\\resources\\App\\API Demos_4.0_apkcombo.com.apk","appActivity":"com.hmh.api.ApiDemos","appPackage":"com.hmh.api","avdArgs":"-no-window","deviceName":"Android","platformVersion":"8.1"},"platformName":"android","appium-version":"1.15.1","isHeadless":true,"app":"C:\\Users\\aakashgaur\\eclipse-workspace\\Exit_Assginment\\resources\\App\\API Demos_4.0_apkcombo.com.apk","appActivity":"com.hmh.api.ApiDemos","appPackage":"com.hmh.api","avdArgs":"-no-window","deviceName":"emulator-5554","platformVersion":"8.1.0","deviceUDID":"emulator-5554","deviceApiLevel":27,"deviceScreenSize":"1080x2340","deviceScreenDensity":440,"deviceModel":"Android SDK built for x86","deviceManufacturer":"Go...
&amp#27;[35m[HTTP]&amp#27;[39m &amp#27;[37m<-- GET /wd/hub/session/835c4fb4-cece-4e61-9263-e8802dc31146 &amp#27;[39m&amp#27;[32m200&amp#27;[39m &amp#27;[90m23 ms - 1158&amp#27;[39m
&amp#27;[35m[HTTP]&amp#27;[39m &amp#27;[90m&amp#27;[39m
&amp#27;[35m[HTTP]&amp#27;[39m &amp#27;[37m-->&amp#27;[39m &amp#27;[37mGET&amp#27;[39m &amp#27;[37m/wd/hub/session/835c4fb4-cece-4e61-9263-e8802dc31146&amp#27;[39m
&amp#27;[35m[HTTP]&amp#27;[39m &amp#27;[90m{}&amp#27;[39m
[debug] &amp#27;[35m[W3C (835c4fb4)]&amp#27;[39m Calling AppiumDriver.getSession() with args: ["835c4fb4-cece-4e61-9263-e8802dc31146"]
[debug] &amp#27;[35m[UiAutomator2]&amp#27;[39m Getting session details from server to mix in
[debug] &amp#27;[35m[WD Proxy]&amp#27;[39m Matched '/' to command name 'getSession'
[debug] &amp#27;[35m[WD Proxy]&amp#27;[39m Proxying [GET /] to [GET http://127.0.0.1:8200/wd/hub/session/f488e895-7227-4b28-ad86-a76d0ccbfb70] with no body
[debug] &amp#27;[35m[WD Proxy]&amp#27;[39m Got response with status 200: {"sessionId":"f488e895-7227-4b28-ad86-a76d0ccbfb70","value":{"lastScrollData":null}}
[debug] &amp#27;[35m[W3C (835c4fb4)]&amp#27;[39m Responding to client with driver.getSession() result: {"platform":"LINUX","webStorageEnabled":false,"takesScreenshot":true,"javascriptEnabled":true,"databaseEnabled":false,"networkConnectionEnabled":true,"locationContextEnabled":false,"warnings":{},"desired":{"platformName":"android","appium-version":"1.15.1","isHeadless":true,"app":"C:\\Users\\aakashgaur\\eclipse-workspace\\Exit_Assginment\\resources\\App\\API Demos_4.0_apkcombo.com.apk","appActivity":"com.hmh.api.ApiDemos","appPackage":"com.hmh.api","avdArgs":"-no-window","deviceName":"Android","platformVersion":"8.1"},"platformName":"android","appium-version":"1.15.1","isHeadless":true,"app":"C:\\Users\\aakashgaur\\eclipse-workspace\\Exit_Assginment\\resources\\App\\API Demos_4.0_apkcombo.com.apk","appActivity":"com.hmh.api.ApiDemos","appPackage":"com.hmh.api","avdArgs":"-no-window","deviceName":"emulator-5554","platformVersion":"8.1.0","deviceUDID":"emulator-5554","deviceApiLevel":27,"deviceScreenSize":"1080x2340","deviceScreenDensity":440,"deviceModel":"Android SDK built for x86","deviceManufacturer":"Go...
&amp#27;[35m[HTTP]&amp#27;[39m &amp#27;[37m<-- GET /wd/hub/session/835c4fb4-cece-4e61-9263-e8802dc31146 &amp#27;[39m&amp#27;[32m200&amp#27;[39m &amp#27;[90m33 ms - 1158&amp#27;[39m
&amp#27;[35m[HTTP]&amp#27;[39m &amp#27;[90m&amp#27;[39m
&amp#27;[35m[HTTP]&amp#27;[39m &amp#27;[37m-->&amp#27;[39m &amp#27;[37mPOST&amp#27;[39m &amp#27;[37m/wd/hub/session/835c4fb4-cece-4e61-9263-e8802dc31146/element&amp#27;[39m
&amp#27;[35m[HTTP]&amp#27;[39m &amp#27;[90m{"using":"xpath","value":"/hierarchy/android.widget.FrameLayout/android.view.ViewGroup/android.widget.FrameLayout[2]/android.widget.ListView/android.widget.TextView[5]"}&amp#27;[39m
[debug] &amp#27;[35m[W3C (835c4fb4)]&amp#27;[39m Calling AppiumDriver.findElement() with args: ["xpath","/hierarchy/android.widget.FrameLayout/android.view.ViewGroup/android.widget.FrameLayout[2]/android.widget.ListView/android.widget.TextView[5]","835c4fb4-cece-4e61-9263-e8802dc31146"]
[debug] &amp#27;[35m[BaseDriver]&amp#27;[39m Valid locator strategies for this request: xpath, id, class name, accessibility id, css selector, -android uiautomator
[debug] &amp#27;[35m[BaseDriver]&amp#27;[39m Waiting up to 0 ms for condition
[debug] &amp#27;[35m[WD Proxy]&amp#27;[39m Matched '/element' to command name 'findElement'
[debug] &amp#27;[35m[WD Proxy]&amp#27;[39m Proxying [POST /element] to [POST http://127.0.0.1:8200/wd/hub/session/f488e895-7227-4b28-ad86-a76d0ccbfb70/element] with body: {"strategy":"xpath","selector":"/hierarchy/android.widget.FrameLayout/android.view.ViewGroup/android.widget.FrameLayout[2]/android.widget.ListView/android.widget.TextView[5]","context":"","multiple":false}
[debug] &amp#27;[35m[WD Proxy]&amp#27;[39m Got response with status 200: {"sessionId":"f488e895-7227-4b28-ad86-a76d0ccbfb70","value":{"ELEMENT":"00000000-0000-0008-ffff-ffff0000001d","element-6066-11e4-a52e-4f735466cecf":"00000000-0000-0008-ffff-ffff0000001d"}}
[debug] &amp#27;[35m[W3C (835c4fb4)]&amp#27;[39m Responding to client with driver.findElement() result: {"element-6066-11e4-a52e-4f735466cecf":"00000000-0000-0008-ffff-ffff0000001d","ELEMENT":"00000000-0000-0008-ffff-ffff0000001d"}
&amp#27;[35m[HTTP]&amp#27;[39m &amp#27;[37m<-- POST /wd/hub/session/835c4fb4-cece-4e61-9263-e8802dc31146/element &amp#27;[39m&amp#27;[32m200&amp#27;[39m &amp#27;[90m858 ms - 137&amp#27;[39m
&amp#27;[35m[HTTP]&amp#27;[39m &amp#27;[90m&amp#27;[39m
&amp#27;[35m[HTTP]&amp#27;[39m &amp#27;[37m-->&amp#27;[39m &amp#27;[37mGET&amp#27;[39m &amp#27;[37m/wd/hub/session/835c4fb4-cece-4e61-9263-e8802dc31146/element/00000000-0000-0008-ffff-ffff0000001d/displayed&amp#27;[39m
&amp#27;[35m[HTTP]&amp#27;[39m &amp#27;[90m{}&amp#27;[39m
[debug] &amp#27;[35m[W3C (835c4fb4)]&amp#27;[39m Calling AppiumDriver.elementDisplayed() with args: ["00000000-0000-0008-ffff-ffff0000001d","835c4fb4-cece-4e61-9263-e8802dc31146"]
[debug] &amp#27;[35m[WD Proxy]&amp#27;[39m Matched '/element/00000000-0000-0008-ffff-ffff0000001d/attribute/displayed' to command name 'getAttribute'
[debug] &amp#27;[35m[WD Proxy]&amp#27;[39m Proxying [GET /element/00000000-0000-0008-ffff-ffff0000001d/attribute/displayed] to [GET http://127.0.0.1:8200/wd/hub/session/f488e895-7227-4b28-ad86-a76d0ccbfb70/element/00000000-0000-0008-ffff-ffff0000001d/attribute/displayed] with no body
&amp#27;[35m[WD Proxy]&amp#27;[39m Got response with status 404: {"sessionId":"f488e895-7227-4b28-ad86-a76d0ccbfb70","value":{"error":"stale element reference","message":"The element 'By.xpath: /hierarchy/android.widget.FrameLayout/android.view.ViewGroup/android.widget.FrameLayout[2]/android.widget.ListView/android.widget.TextView[5]' does not exist in DOM anymore","stacktrace":"io.appium.uiautomator2.common.exceptions.StaleElementReferenceException: The element 'By.xpath: /hierarchy/android.widget.FrameLayout/android.view.ViewGroup/android.widget.FrameLayout[2]/android.widget.ListView/android.widget.TextView[5]' does not exist in DOM anymore\n\tat io.appium.uiautomator2.model.ElementsCache.restore(ElementsCache.java:117)\n\tat io.appium.uiautomator2.model.ElementsCache.get(ElementsCache.java:153)\n\tat io.appium.uiautomator2.handler.GetElementAttribute.safeHandle(GetElementAttribute.java:23)\n\tat io.appium.uiautomator2.handler.request.SafeRequestHandler.handle(SafeRequestHandler.java:59)\n\tat io.appium.uiautomator2.server.AppiumServlet.handleRequest(AppiumServlet.jav...
[debug] &amp#27;[35m[W3C]&amp#27;[39m Matched W3C error code 'stale element reference' to StaleElementReferenceError
[debug] &amp#27;[35m[W3C (835c4fb4)]&amp#27;[39m Encountered internal error running command: io.appium.uiautomator2.common.exceptions.StaleElementReferenceException: The element 'By.xpath: /hierarchy/android.widget.FrameLayout/android.view.ViewGroup/android.widget.FrameLayout[2]/android.widget.ListView/android.widget.TextView[5]' does not exist in DOM anymore
[debug] &amp#27;[35m[W3C (835c4fb4)]&amp#27;[39m 	at io.appium.uiautomator2.model.ElementsCache.restore(ElementsCache.java:117)
[debug] &amp#27;[35m[W3C (835c4fb4)]&amp#27;[39m 	at io.appium.uiautomator2.model.ElementsCache.get(ElementsCache.java:153)
[debug] &amp#27;[35m[W3C (835c4fb4)]&amp#27;[39m 	at io.appium.uiautomator2.handler.GetElementAttribute.safeHandle(GetElementAttribute.java:23)
[debug] &amp#27;[35m[W3C (835c4fb4)]&amp#27;[39m 	at io.appium.uiautomator2.handler.request.SafeRequestHandler.handle(SafeRequestHandler.java:59)
[debug] &amp#27;[35m[W3C (835c4fb4)]&amp#27;[39m 	at io.appium.uiautomator2.server.AppiumServlet.handleRequest(AppiumServlet.java:266)
[debug] &amp#27;[35m[W3C (835c4fb4)]&amp#27;[39m 	at io.appium.uiautomator2.server.AppiumServlet.handleHttpRequest(AppiumServlet.java:260)
[debug] &amp#27;[35m[W3C (835c4fb4)]&amp#27;[39m 	at io.appium.uiautomator2.http.ServerHandler.channelRead(ServerHandler.java:68)
[debug] &amp#27;[35m[W3C (835c4fb4)]&amp#27;[39m 	at io.netty.channel.AbstractChannelHandlerContext.invokeChannelRead(AbstractChannelHandlerContext.java:366)
[debug] &amp#27;[35m[W3C (835c4fb4)]&amp#27;[39m 	at io.netty.channel.AbstractChannelHandlerContext.invokeChannelRead(AbstractChannelHandlerContext.java:352)
[debug] &amp#27;[35m[W3C (835c4fb4)]&amp#27;[39m 	at io.netty.channel.AbstractChannelHandlerContext.fireChannelRead(AbstractChannelHandlerContext.java:345)
[debug] &amp#27;[35m[W3C (835c4fb4)]&amp#27;[39m 	at io.netty.handler.codec.MessageToMessageDecoder.channelRead(MessageToMessageDecoder.java:102)
[debug] &amp#27;[35m[W3C (835c4fb4)]&amp#27;[39m 	at io.netty.channel.AbstractChannelHandlerContext.invokeChannelRead(AbstractChannelHandlerContext.java:366)
[debug] &amp#27;[35m[W3C (835c4fb4)]&amp#27;[39m 	at io.netty.channel.AbstractChannelHandlerContext.invokeChannelRead(AbstractChannelHandlerContext.java:352)
[debug] &amp#27;[35m[W3C (835c4fb4)]&amp#27;[39m 	at io.netty.channel.AbstractChannelHandlerContext.fireChannelRead(AbstractChannelHandlerContext.java:345)
[debug] &amp#27;[35m[W3C (835c4fb4)]&amp#27;[39m 	at io.netty.channel.CombinedChannelDuplexHandler$DelegatingChannelHandlerContext.fireChannelRead(CombinedChannelDuplexHandler.java:435)
[debug] &amp#27;[35m[W3C (835c4fb4)]&amp#27;[39m 	at io.netty.handler.codec.ByteToMessageDecoder.fireChannelRead(ByteToMessageDecoder.java:293)
[debug] &amp#27;[35m[W3C (835c4fb4)]&amp#27;[39m 	at io.netty.handler.codec.ByteToMessageDecoder.channelRead(ByteToMessageDecoder.java:267)
[debug] &amp#27;[35m[W3C (835c4fb4)]&amp#27;[39m 	at io.netty.channel.CombinedChannelDuplexHandler.channelRead(CombinedChannelDuplexHandler.java:250)
[debug] &amp#27;[35m[W3C (835c4fb4)]&amp#27;[39m 	at io.netty.channel.AbstractChannelHandlerContext.invokeChannelRead(AbstractChannelHandlerContext.java:366)
[debug] &amp#27;[35m[W3C (835c4fb4)]&amp#27;[39m 	at io.netty.channel.AbstractChannelHandlerContext.invokeChannelRead(AbstractChannelHandlerCon  When User Tap on Custom Theme                     # com.apidemo.stepdefinition.ThemeScreenStepDefinition.user_Tap_on_custom_theme()
      org.openqa.selenium.StaleElementReferenceException: The element 'By.xpath: /hierarchy/android.widget.FrameLayout/android.view.ViewGroup/android.widget.FrameLayout[2]/android.widget.ListView/android.widget.TextView[5]' does not exist in DOM anymore
For documentation on this error, please visit: http://seleniumhq.org/exceptions/stale_element_reference.html
Build info: version: '3.12.0', revision: '7c6e0b3', time: '2018-05-08T14:04:26.12Z'
System info: host: 'IN-B1BN2J3', ip: '192.168.0.101', os.name: 'Windows 10', os.arch: 'amd64', os.version: '10.0', java.version: '11.0.5'
Driver info: io.appium.java_client.android.AndroidDriver
Capabilities {app: C:\Users\aakashgaur\eclipse..., appActivity: com.hmh.api.ApiDemos, appPackage: com.hmh.api, appium-version: 1.15.1, avdArgs: -no-window, databaseEnabled: false, desired: {app: C:\Users\aakashgaur\eclipse..., appActivity: com.hmh.api.ApiDemos, appPackage: com.hmh.api, appium-version: 1.15.1, avdArgs: -no-window, deviceName: Android, isHeadless: true, platformName: android, platformVersion: 8.1}, deviceApiLevel: 27, deviceManufacturer: Google, deviceModel: Android SDK built for x86, deviceName: emulator-5554, deviceScreenDensity: 440, deviceScreenSize: 1080x2340, deviceUDID: emulator-5554, isHeadless: true, javascriptEnabled: true, locationContextEnabled: false, networkConnectionEnabled: true, pixelRatio: 2.75, platform: LINUX, platformName: Android, platformVersion: 8.1.0, statBarHeight: 66, takesScreenshot: true, viewportRect: {height: 2142, left: 0, top: 66, width: 1080}, warnings: {}, webStorageEnabled: false}
Session ID: 835c4fb4-cece-4e61-9263-e8802dc31146
	at java.base/jdk.internal.reflect.NativeConstructorAccessorImpl.newInstance0(Native Method)
	at java.base/jdk.internal.reflect.NativeConstructorAccessorImpl.newInstance(NativeConstructorAccessorImpl.java:62)
	at java.base/jdk.internal.reflect.DelegatingConstructorAccessorImpl.newInstance(DelegatingConstructorAccessorImpl.java:45)
	at java.base/java.lang.reflect.Constructor.newInstance(Constructor.java:490)
	at org.openqa.selenium.remote.http.W3CHttpResponseCodec.createException(W3CHttpResponseCodec.java:187)
	at org.openqa.selenium.remote.http.W3CHttpResponseCodec.decode(W3CHttpResponseCodec.java:122)
	at org.openqa.selenium.remote.http.W3CHttpResponseCodec.decode(W3CHttpResponseCodec.java:49)
	at org.openqa.selenium.remote.HttpCommandExecutor.execute(HttpCommandExecutor.java:158)
	at io.appium.java_client.remote.AppiumCommandExecutor.execute(AppiumCommandExecutor.java:231)
	at org.openqa.selenium.remote.RemoteWebDriver.execute(RemoteWebDriver.java:543)
	at io.appium.java_client.DefaultGenericMobileDriver.execute(DefaultGenericMobileDriver.java:42)
	at io.appium.java_client.AppiumDriver.execute(AppiumDriver.java:1)
	at io.appium.java_client.android.AndroidDriver.execute(AndroidDriver.java:1)
	at org.openqa.selenium.remote.RemoteWebElement.execute(RemoteWebElement.java:276)
	at io.appium.java_client.DefaultGenericMobileElement.execute(DefaultGenericMobileElement.java:45)
	at io.appium.java_client.MobileElement.execute(MobileElement.java:1)
	at io.appium.java_client.android.AndroidElement.execute(AndroidElement.java:1)
	at org.openqa.selenium.remote.RemoteWebElement.isDisplayed(RemoteWebElement.java:317)
	at jdk.internal.reflect.GeneratedMethodAccessor65.invoke(Unknown Source)
	at java.base/jdk.internal.reflect.DelegatingMethodAccessorImpl.invoke(DelegatingMethodAccessorImpl.java:43)
	at java.base/java.lang.reflect.Method.invoke(Method.java:566)
	at io.appium.java_client.pagefactory.ElementInterceptor.getObject(ElementInterceptor.java:40)
	at io.appium.java_client.pagefactory.interceptors.InterceptorOfASingleElement.intercept(InterceptorOfASingleElement.java:61)
	at io.appium.java_client.android.AndroidElement$$EnhancerByCGLIB$$b598166c.isDisplayed(<generated>)
	at org.openqa.selenium.support.ui.ExpectedConditions.elementIfVisible(ExpectedConditions.java:315)
	at org.openqa.selenium.support.ui.ExpectedConditions.access$100(ExpectedConditions.java:44)
	at org.openqa.selenium.support.ui.ExpectedConditions$10.apply(ExpectedConditions.java:301)
	at org.openqa.selenium.support.ui.ExpectedConditions$10.apply(ExpectedConditions.java:298)
	at org.openqa.selenium.support.ui.FluentWait.until(FluentWait.java:248)
	at com.apidemo.utils.CommonUtils.explicitWait(CommonUtils.java:39)
	at com.apidemo.stepdefinition.ThemeScreenStepDefinition.user_Tap_on_custom_theme(ThemeScreenStepDefinition.java:50)
	at âœ½.User Tap on Custom Theme(file:///C:/Users/aakashgaur/eclipse-workspace/Exit_Assginment/src/test/java/com/apidemo/feature/ThemeScreenFeature.feature:25)

text.java:352)
[debug] &amp#27;[35m[W3C (835c4fb4)]&amp#27;[39m 	at io.netty.channel.AbstractChannelHandlerContext.fireChannelRead(AbstractChannelHandlerContext.java:345)
[debug] &amp#27;[35m[W3C (835c4fb4)]&amp#27;[39m 	at io.netty.handler.timeout.IdleStateHandler.channelRead(IdleStateHandler.java:266)
[debug] &amp#27;[35m[W3C (835c4fb4)]&amp#27;[39m 	at io.netty.channel.AbstractChannelHandlerContext.invokeChannelRead(AbstractChannelHandlerContext.java:366)
[debug] &amp#27;[35m[W3C (835c4fb4)]&amp#27;[39m 	at io.netty.channel.AbstractChannelHandlerContext.invokeChannelRead(AbstractChannelHandlerContext.java:352)
[debug] &amp#27;[35m[W3C (835c4fb4)]&amp#27;[39m 	at io.netty.  Then Custom Theme is Visible                      # com.apidemo.stepdefinition.ThemeScreenStepDefinition.custom_theme_is_visible()
channel.AbstractChannelHandlerContext.fireChannelRead(AbstractChannelHandlerContext.java:345)
[debug] &amp#27;[35m[W3C (835c4fb4)]&amp#27;[39m 	at io.netty.channel.DefaultChannelPipeline$HeadContext.channelRead(DefaultChannelPipeline.java:1294)
[debug] &amp#27;[35m[W3C (835c4fb4)]&amp#27;[39m 	at io.netty.channel.AbstractChannelHandlerContext.invokeChannelRead(AbstractChannelHandlerContext.java:366)
[debug] &amp#27;[35m[W3C (835c4fb4)]&amp#27;[39m 	at io.netty.channel.AbstractChannelHandlerContext.invokeChannelRead(AbstractChannelHandlerContext.java:352)
[debug] &amp#27;[35m[W3C (835c4fb4)]&amp#27;[39m 	at io.netty.channel.DefaultChannelPipeline.fireChannelRead(DefaultChannelPipeline.java:911)
[debug] &amp#27;[35m[W3C (835c4fb4)]&amp#27;[39m 	at io.netty.channel.nio.AbstractNioByteChannel$NioByteUnsafe.read(AbstractNioByteChannel.java:131)
[debug] &amp#27;[35m[W3C (835c4fb4)]&amp#27;[39m 	at io.netty.channel.nio.NioEventLoop.processSelectedKey(NioEventLoop.java:611)
[debug] &amp#27;[35m[W3C (835c4fb4)]&amp#27;[39m 	at io.netty.channel.nio.NioEventLoop.processSelectedKeysOptimized(NioEventLoop.java:552)
[debug] &amp#27;[35m[W3C (835c4fb4)]&amp#27;[39m 	at io.netty.channel.nio.NioEventLoop.processSelectedKeys(NioEventLoop.java:466)
[debug] &amp#27;[35m[W3C (835c4fb4)]&amp#27;[39m 	at io.netty.channel.nio.NioEventLoop.run(NioEventLoop.java:438)
[debug] &amp#27;[35m[W3C (835c4fb4)]&amp#27;[39m 	at io.netty.util.concurrent.SingleThreadEventExecutor$2.run(SingleThreadEventExecutor.java:140)
[debug] &amp#27;[35m[W3C (835c4fb4)]&amp#27;[39m 	at io.netty.util.concurrent.DefaultThreadFactory$DefaultRunnableDecorator.run(DefaultThreadFactory.java:144)
[debug] &amp#27;[35m[W3C (835c4fb4)]&amp#27;[39m 	at java.lang.Thread.run(Thread.java:764)
[debug] &amp#27;[35m[W3C (835c4fb4)]&amp#27;[39m 
&amp#27;[35m[HTTP]&amp#27;[39m &amp#27;[37m<-- GET /wd/hub/session/835c4fb4-cece-4e61-9263-e8802dc31146/element/00000000-0000-0008-ffff-ffff0000001d/displayed &amp#27;[39m&amp#27;[33m404&amp#27;[39m &amp#27;[90m1215 ms - 4200&amp#27;[39m
&amp#27;[35m[HTTP]&amp#27;[39m &amp#27;[90m&amp#27;[39m
&amp#27;[35m[HTTP]&amp#27;[39m &amp#27;[37m-->&amp#27;[39m &amp#27;[37mGET&amp#27;[39m &amp#27;[37m/wd/hub/session/835c4fb4-cece-4e61-9263-e8802dc31146/screenshot&amp#27;[39m
&amp#27;[35m[HTTP]&amp#27;[39m &amp#27;[90m{}&amp#27;[39m
[debug] &amp#27;[35m[W3C (835c4fb4)]&amp#27;[39m Calling AppiumDriver.getScreenshot() with args: ["835c4fb4-cece-4e61-9263-e8802dc31146"]
[debug] &amp#27;[35m[WD Proxy]&amp#27;[39m Matched '/screenshot' to command name 'getScreenshot'
[debug] &amp#27;[35m[WD Proxy]&amp#27;[39m Proxying [GET /screenshot] to [GET http://127.0.0.1:8200/wd/hub/session/f488e895-7227-4b28-ad86-a76d0ccbfb70/screenshot] with no body
[debug] &amp#27;[35m[WD Proxy]&amp#27;[39m Got response with status 200: {"sessionId":"f488e895-7227-4b28-ad86-a76d0ccbfb70","value":"iVBORw0KGgoAAAANSUhEUgAABDgAAAkkCAYAAAD508+vAAAABHNCSVQICAgIfAhkiAAAIABJREFU\neJzs3XtclGX+//H3DAwDM4AgByEPqHko0QxTS9O0zNWs1FKxsjQttyzrq/XbrC1LO+12sMO2tZ5y\nNdsyzc1KSztZaWplurlhmmYlKYgchIGB4TDz+8Mv8xWZQU4CN76ej0eP5Lru+7ovDh3uN9f1uUyS\nPAIAAAAAADAwc2NPAAAAAAAAoK4IOAAAAAAAgOERcAAAAAAAAMMj4AAAAAAAAIZHwAEAAAAAAAyP\ngAMAAAAAABgeAQcAAAAAADA8Ag4AAAAAAGB4BBwAAAAAAMDwAht7Ao0pMDBQCQkJuuaaa3TTTTcp\nOjpakuTxeGQymSpce2LbsWPH9Prrr+vf//63Dhw4oNLSUnk8ngafPwAAAAAAOM4k6Yx6MzeZTLJY\nLJowYYJmzZqlsLAwb3tNlAcaTqdTzz//vF599VUVFxcTdAAAAAAA0AjOqIDDZDJpypQpmj17tiwW\nS41DDX88Ho9KSkrUs2dP5ebm1suYaDoCAgIkSWVlZY08EwAAAACAP2fMFpVWrVpp/fr1io2Nrbdg\no5zJZFJQUJCuv/56LViwwNCrOOx2u/r27auePXt6X+xro6CgQCkpKdq1a5dhQh+z2Syr1SqbzSab\nzSar1Sqz2Vwh4HC73XK5XHI6nXI6nXK5XHK73Y08cwAAgDNHYmKiwsPD1a9fP0lS//79/V67ZcsW\nSdLWrVuVl5enlJSUBpkjpMzMzGpfW14qAKirZr+Cw2QyaeLEiXrssccUGHh685yysjIlJCTI7XZ7\nQxQjhR2BgYEaOHCgpk+frj59+tTp61UecKxcuVLr169XdnZ2Pc60flksFoWGhqpFixYKDw+X3W5X\nSEiIgoODFRQU5N3GlJ+fL5fL...
[debug] &amp#27;[35m[W3C (835c4fb4)]&amp#27;[39m Responding to client with driver.getScreenshot() result: "iVBORw0KGgoAAAANSUhEUgAABDgAAAkkCAYAAAD508+vAAAABHNCSVQICAgIfAhkiAAAIABJREFU\neJzs3XtclGX+//H3DAwDM4AgByEPqHko0QxTS9O0zNWs1FKxsjQttyzrq/XbrC1LO+12sMO2tZ5y\nNdsyzc1KSztZaWplurlhmmYlKYgchIGB4TDz+8Mv8xWZQU4CN76ej0eP5Lru+7ovDh3uN9f1uUyS\nPAIAAAAAADAwc2NPAAAAAAAAoK4IOAAAAAAAgOERcAAAAAAAAMMj4AAAAAAAAIZHwAEAAAAAAAyP\ngAMAAAAAABgeAQcAAAAAADA8Ag4AAAAAAGB4BBwAAAAAAMDwAht7Ao0pMDBQCQkJuuaaa3TTTTcp\nOjpakuTxeGQymSpce2LbsWPH9Prrr+vf//63Dhw4oNLSUnk8ngafPwAAAAAAOM4k6Yx6MzeZTLJY\nLJowYYJmzZqlsLAwb3tNlAcaTqdTzz//vF599VUVFxcTdAAAAAAA0AjOqIDDZDJpypQpmj17tiwW\nS41DDX88Ho9KSkrUs2dP5ebm1suYaDoCAgIkSWVlZY08EwAAAACAP2fMFpVWrVpp/fr1io2Nrbdg\no5zJZFJQUJCuv/56LViwwNCrOOx2u/r27auePXt6X+xro6CgQCkpKdq1a5dhQh+z2Syr1SqbzSab\nzSar1Sqz2Vwh4HC73XK5XHI6nXI6nXK5XHK73Y08cwAAgDNHYmKiwsPD1a9fP0lS//79/V67ZcsW\nSdLWrVuVl5enlJSUBpkjpMzMzGpfW14qAKirZr+Cw2QyaeLEiXrssccUGHh685yysjIlJCTI7XZ7\nQxQjhR2BgYEaOHCgpk+frj59+tTp61UecKxcuVLr169XdnZ2Pc60flksFoWGhqpFixYKDw+X3W5X\nSEiIgoODFRQU5N3GlJ+fL5fLpaKiIhUWFqqgoEB5eXnKzc1Vfn6+SkpKGvkzAQAAaH4SExM1bNgw\n9e/f3x...
&amp#27;[35m[HTTP]&amp#27;[39m &amp#27;[37m<-- GET /wd/hub/session/835c4fb4-cece-4e61-9263-e8802dc31146/screenshot &amp#27;[39m&amp#27;[32m200&amp#27;[39m &amp#27;[90m880 ms - 94852&amp#27;[39m
&amp#27;[35m[HTTP]&amp#27;[39m &amp#27;[90m&amp#27;[39m
&amp#27;[35m[HTTP]&amp#27;[39m &amp#27;[37m-->&amp#27;[39m &amp#27;[37mGET&amp#27;[39m &amp#27;[37m/wd/hub/session/835c4fb4-cece-4e61-9263-e8802dc31146/screenshot&amp#27;[39m
&amp#27;[35m[HTTP]&amp#27;[39m &amp#27;[90m{}&amp#27;[39m
[debug] &amp#27;[35m[W3C (835c4fb4)]&amp#27;[39m Calling AppiumDriver.getScreenshot() with args: ["835c4fb4-cece-4e61-9263-e8802dc31146"]
[debug] &amp#27;[35m[WD Proxy]&amp#27;[39m Matched '/screenshot' to command name 'getScreenshot'
[debug] &amp#27;[35m[WD Proxy]&amp#27;[39m Proxying [GET /screenshot] to [GET http://127.0.0.1:8200/wd/hub/session/f488e895-7227-4b28-ad86-a76d0ccbfb70/screenshot] with no body
[debug] &amp#27;[35m[WD Proxy]&amp#27;[39m Got response with status 200: {"sessionId":"f488e895-7227-4b28-ad86-a76d0ccbfb70","value":"iVBORw0KGgoAAAANSUhEUgAABDgAAAkkCAYAAAD508+vAAAABHNCSVQICAgIfAhkiAAAIABJREFU\neJzs3XtclGX+//H3DAwDM4AgByEPqHko0QxTS9O0zNWs1FKxsjQttyzrq/XbrC1LO+12sMO2tZ5y\nNdsyzc1KSztZaWplurlhmmYlKYgchIGB4TDz+8Mv8xWZQU4CN76ej0eP5Lru+7ovDh3uN9f1uUyS\nPAIAAAAAADAwc2NPAAAAAAAAoK4IOAAAAAAAgOERcAAAAAAAAMMj4AAAAAAAAIZHwAEAAAAAAAyP\ngAMAAAAAABgeAQcAAAAAADA8Ag4AAAAAAGB4BBwAAAAAAMDwAht7Ao0pMDBQCQkJuuaaa3TTTTcp\nOjpakuTxeGQymSpce2LbsWPH9Prrr+vf//63Dhw4oNLSUnk8ngafPwAAAAAAOM4k6Yx6MzeZTLJY\nLJowYYJmzZqlsLAwb3tNlAcaTqdTzz//vF599VUVFxcTdAAAAAAA0AjOqIDDZDJpypQpmj17tiwW\nS41DDX88Ho9KSkrUs2dP5ebm1suYaDoCAgIkSWVlZY08EwAAAACAP2fMFpVWrVpp/fr1io2Nrbdg\no5zJZFJQUJCuv/56LViwwNCrOOx2u/r27auePXt6X+xro6CgQCkpKdq1a5dhQh+z2Syr1SqbzSab\nzSar1Sqz2Vwh4HC73XK5XHI6nXI6nXK5XHK73Y08cwAAgDNHYmKiwsPD1a9fP0lS//79/V67ZcsW\nSdLWrVuVl5enlJSUBpkjpMzMzGpfW14qAKirZr+Cw2QyaeLEiXrssccUGHh685yysjIlJCTI7XZ7\nQxQjhR2BgYEaOHCgpk+frj59+tTp61UecKxcuVLr169XdnZ2Pc60flksFoWGhqpFixYKDw+X3W5X\nSEiIgoODFRQU5N3GlJ+fL5fL...
[debug] &amp#27;[35m[W3C (835c4fb4)]&amp#27;[39m Responding to client with driver.getScreenshot() result: "iVBORw0KGgoAAAANSUhEUgAABDgAAAkkCAYAAAD508+vAAAABHNCSVQICAgIfAhkiAAAIABJREFU\neJzs3XtclGX+//H3DAwDM4AgByEPqHko0QxTS9O0zNWs1FKxsjQttyzrq/XbrC1LO+12sMO2tZ5y\nNdsyzc1KSztZaWplurlhmmYlKYgchIGB4TDz+8Mv8xWZQU4CN76ej0eP5Lru+7ovDh3uN9f1uUyS\nPAIAAAAAADAwc2NPAAAAAAAAoK4IOAAAAAAAgOERcAAAAAAAAMMj4AAAAAAAAIZHwAEAAAAAAAyP\ngAMAAAAAABgeAQcAAAAAADA8Ag4AAAAAAGB4BBwAAAAAAMDwAht7Ao0pMDBQCQkJuuaaa3TTTTcp\nOjpakuTxeGQymSpce2LbsWPH9Prrr+vf//63Dhw4oNLSUnk8ngafPwAAAAAAOM4k6Yx6MzeZTLJY\nLJowYYJmzZqlsLAwb3tNlAcaTqdTzz//vF599VUVFxcTdAAAAAAA0AjOqIDDZDJpypQpmj17tiwW\nS41DDX88Ho9KSkrUs2dP5ebm1suYaDoCAgIkSWVlZY08EwAAAACAP2fMFpVWrVpp/fr1io2Nrbdg\no5zJZFJQUJCuv/56LViwwNCrOOx2u/r27auePXt6X+xro6CgQCkpKdq1a5dhQh+z2Syr1SqbzSab\nzSar1Sqz2Vwh4HC73XK5XHI6nXI6nXK5XHK73Y08cwAAgDNHYmKiwsPD1a9fP0lS//79/V67ZcsW\nSdLWrVuVl5enlJSUBpkjpMzMzGpfW14qAKirZr+Cw2QyaeLEiXrssccUGHh685yysjIlJCTI7XZ7\nQxQjhR2BgYEaOHCgpk+frj59+tTp61UecKxcuVLr169XdnZ2Pc60flksFoWGhqpFixYKDw+X3W5X\nSEiIgoODFRQU5N3GlJ+fL5fLpaKiIhUWFqqgoEB5eXnKzc1Vfn6+SkpKGvkzAQAAaH4SExM1bNgw\n9e/f3x...
&amp#27;[35m[HTTP]&amp#27;[39m &amp#27;[37m<-- GET /wd/hub/session/835c4fb4-cece-4e61-9263-e8802dc31146/screenshot &amp#27;[39m&amp#27;[32m200&amp#27;[39m &amp#27;[90m558 ms - 94852&amp#27;[39m
&amp#27;[35m[HTTP]&amp#27;[39m &amp#27;[90m&amp#27;[39m

    Embedding Testing the functionality of Custom Theme [image/jpg 69304 bytes]

&amp#27;[35m[HTTP]&amp#27;[39m &amp#27;[37m-->&amp#27;[39m &amp#27;[37mDELETE&amp#27;[39m &amp#27;[37m/wd/hub/session/835c4fb4-cece-4e61-9263-e8802dc31146&amp#27;[39m
&amp#27;[35m[HTTP]&amp#27;[39m &amp#27;[90m{}&amp#27;[39m
[debug] &amp#27;[35m[W3C (835c4fb4)]&amp#27;[39m Calling AppiumDriver.deleteSession() with args: ["835c4fb4-cece-4e61-9263-e8802dc31146"]
[debug] &amp#27;[35m[BaseDriver]&amp#27;[39m Event 'quitSessionRequested' logged at 1675329662323 (14:51:02 GMT+0530 (India Standard Time))
&amp#27;[35m[Appium]&amp#27;[39m Removing session 835c4fb4-cece-4e61-9263-e8802dc31146 from our master session list
[debug] &amp#27;[35m[UiAutomator2]&amp#27;[39m Deleting UiAutomator2 session
[debug] &amp#27;[35m[UiAutomator2]&amp#27;[39m Deleting UiAutomator2 server session
[debug] &amp#27;[35m[WD Proxy]&amp#27;[39m Matched '/' to command name 'deleteSession'
[debug] &amp#27;[35m[WD Proxy]&amp#27;[39m Proxying [DELETE /] to [DELETE http://127.0.0.1:8200/wd/hub/session/f488e895-7227-4b28-ad86-a76d0ccbfb70] with no body
[debug] &amp#27;[35m[WD Proxy]&amp#27;[39m Got response with status 200: {"sessionId":"f488e895-7227-4b28-ad86-a76d0ccbfb70","value":null}
[debug] &amp#27;[35m[ADB]&amp#27;[39m Running 'C:\Users\aakashgaur\AppData\Local\Android\Sdk\platform-tools\adb.exe -P 5037 -s emulator-5554 shell am force-stop com.hmh.api'
[debug] &amp#27;[35m[Logcat]&amp#27;[39m Stopping logcat capture
[debug] &amp#27;[35m[ADB]&amp#27;[39m Removing forwarded port socket connection: 8200 
[debug] &amp#27;[35m[ADB]&amp#27;[39m Running 'C:\Users\aakashgaur\AppData\Local\Android\Sdk\platform-tools\adb.exe -P 5037 -s emulator-5554 forward --remove tcp:8200'
[debug] &amp#27;[35m[BaseDriver]&amp#27;[39m Event 'quitSessionFinished' logged]]></system-out>
    <system-err><![CDATA[Feb 02, 2023 2:50:52 PM io.appium.java_client.remote.AppiumCommandExecutor$1 lambda$0
INFO: Detected dialect: W3C
]]></system-err>
  </testcase>
  <testcase name="runScenario" classname="com.apidemo.runner.Run" time="20.876"/>
  <testcase name="runScenario" classname="com.apidemo.runner.Run" time="22.562">
    <failure message="Expected condition failed: waiting for visibility of Located by By.chained({By.xpath: //android.widget.TextView[@text = &apos;Visibility&apos;]}) (tried for 5 second(s) with 500 milliseconds interval)" type="org.openqa.selenium.TimeoutException">org.openqa.selenium.TimeoutException: Expected condition failed: waiting for visibility of Located by By.chained({By.xpath: //android.widget.TextView[@text = 'Visibility']}) (tried for 5 second(s) with 500 milliseconds interval)
Caused by: org.openqa.selenium.NoSuchElementException: Can't locate an element by this strategy: By.chained({By.xpath: //android.widget.TextView[@text = 'Visibility']})
Caused by: org.openqa.selenium.TimeoutException: Expected condition failed: waiting for io.appium.java_client.pagefactory.AppiumElementLocator$WaitingFunction@5aac9d67 (tried for 1 second(s) with 500 milliseconds interval)
Caused by: org.openqa.selenium.NoSuchElementException: 
Cannot locate an element using By.chained({By.xpath: //android.widget.TextView[@text = 'Visibility']})
For documentation on this error, please visit: http://seleniumhq.org/exceptions/no_such_element.html
Build info: version: '3.12.0', revision: '7c6e0b3', time: '2018-05-08T14:04:26.12Z'
System info: host: 'IN-B1BN2J3', ip: '192.168.0.101', os.name: 'Windows 10', os.arch: 'amd64', os.version: '10.0', java.version: '11.0.5'
Driver info: driver.version: AndroidDriver
</failure>
    <system-out><![CDATA[
@VisibilityScreenTest
Scenario: Element is Invisible or not after Tap on INVIS button # src/test/java/com/apidemo/feature/VisibilityScreenFeature.feature:9
&amp#27;[35m[HTTP]&amp#27;[39m &amp#27;[37m-->&amp#27;[39m &amp#27;[37mPOST&amp#27;[39m &amp#27;[37m/wd/hub/session&amp#27;[39m
&amp#27;[35m[HTTP]&amp#27;[39m &amp#27;[90m{"desiredCapabilities":{"app":"C:\\Users\\aakashgaur\\eclipse-workspace\\Exit_Assginment\\resources\\App\\API Demos_4.0_apkcombo.com.apk","appActivity":"com.hmh.api.ApiDemos","appPackage":"com.hmh.api","isHeadless":true,"appium-version":"1.15.1","avdArgs":"-no-window","platformVersion":"8.1","platformName":"Android","deviceName":"Android"},"capabilities":{"alwaysMatch":{"appium:app":"C:\\Users\\aakashgaur\\eclipse-workspace\\Exit_Assginment\\resources\\App\\API Demos_4.0_apkcombo.com.apk","appium:appActivity":"com.hmh.api.ApiDemos","appium:appPackage":"com.hmh.api","appium-version":"1.15.1","appium:avdArgs":"-no-window","appium:deviceName":"Android","isHeadless":true,"platformName":"android","appium:platformVersion":"8.1"},"firstMatch":[{}]}}&amp#27;[39m
[debug] &amp#27;[35m[W3C]&amp#27;[39m Calling AppiumDriver.createSession() with args: [{"app":"C:\\Users\\aakashgaur\\eclipse-workspace\\Exit_Assginment\\resources\\App\\API Demos_4.0_apkcombo.com.apk","appActivity":"com.hmh.api.ApiDemos","appPackage":"com.hmh.api","isHeadless":true,"appium-version":"1.15.1","avdArgs":"-no-window","platformVersion":"8.1","platformName":"Android","deviceName":"Android"},null,{"alwaysMatch":{"appium:app":"C:\\Users\\aakashgaur\\eclipse-workspace\\Exit_Assginment\\resources\\App\\API Demos_4.0_apkcombo.com.apk","appium:appActivity":"com.hmh.api.ApiDemos","appium:appPackage":"com.hmh.api","appium-version":"1.15.1","appium:avdArgs":"-no-window","appium:deviceName":"Android","isHeadless":true,"platformName":"android","appium:platformVersion":"8.1"},"firstMatch":[{}]}]
[debug] &amp#27;[35m[BaseDriver]&amp#27;[39m Event 'newSessionRequested' logged at 1675329683768 (14:51:23 GMT+0530 (India Standard Time))
&amp#27;[35m[BaseDriver]&amp#27;[39m The following capabilities are not standard capabilities and should have an extension prefix:
&amp#27;[35m[BaseDriver]&amp#27;[39m   appium-version
&amp#27;[35m[BaseDriver]&amp#27;[39m   isHeadless
&amp#27;[35m[Appium]&amp#27;[39m 
&amp#27;[35m[Appium]&amp#27;[39m ======================================================================
&amp#27;[35m[Appium]&amp#27;[39m   DEPRECATION WARNING:
&amp#27;[35m[Appium]&amp#27;[39m 
&amp#27;[35m[Appium]&amp#27;[39m   The 'automationName' capability was not provided in the desired 
&amp#27;[35m[Appium]&amp#27;[39m   capabilities for this Android session
&amp#27;[35m[Appium]&amp#27;[39m 
&amp#27;[35m[Appium]&amp#27;[39m   Setting 'automationName=UiAutomator2' by default and using the 
&amp#27;[35m[Appium]&amp#27;[39m   UiAutomator2 Driver
&amp#27;[35m[Appium]&amp#27;[39m 
&amp#27;[35m[Appium]&amp#27;[39m   The next major version of Appium (2.x) will **require** the 
&amp#27;[35m[Appium]&amp#27;[39m   'automationName' capability to be set for all sessions on all 
&amp#27;[35m[Appium]&amp#27;[39m   platforms
&amp#27;[35m[Appium]&amp#27;[39m 
&amp#27;[35m[Appium]&amp#27;[39m   In previous versions (Appium <= 1.13.x), the default was 
&amp#27;[35m[Appium]&amp#27;[39m   'automationName=UiAutomator1'
&amp#27;[35m[Appium]&amp#27;[39m 
&amp#27;[35m[Appium]&amp#27;[39m   If you wish to use that automation instead of UiAutomator2, please 
&amp#27;[35m[Appium]&amp#27;[39m   add 'automationName=UiAutomator1' to your desired capabilities
&amp#27;[35m[Appium]&amp#27;[39m 
&amp#27;[35m[Appium]&amp#27;[39m   For more information about drivers, please visit 
&amp#27;[35m[Appium]&amp#27;[39m   http://appium.io/docs/en/about-appium/intro/ and explore the 
&amp#27;[35m[Appium]&amp#27;[39m   'Drivers' menu
&amp#27;[35m[Appium]&amp#27;[39m 
&amp#27;[35m[Appium]&amp#27;[39m ======================================================================
&amp#27;[35m[Appium]&amp#27;[39m 
&amp#27;[35m[Appium]&amp#27;[39m Appium v1.22.3 creating new AndroidUiautomator2Driver (v1.70.1) session
[debug] &amp#27;[35m[BaseDriver]&amp#27;[39m W3C capabilities and MJSONWP desired capabilities were provided
[debug] &amp#27;[35m[BaseDriver]&amp#27;[39m Creating session with W3C capabilities: {
[debug] &amp#27;[35m[BaseDriver]&amp#27;[39m   "alwaysMatch": {
[debug] &amp#27;[35m[BaseDriver]&amp#27;[39m     "appium:appium-version": "1.15.1",
[debug] &amp#27;[35m[BaseDriver]&amp#27;[39m     "appium:isHeadless": true,
[debug] &amp#27;[35m[BaseDriver]&amp#27;[39m     "platformName": "android",
[debug] &amp#27;[35m[BaseDriver]&amp#27;[39m     "appium:app": "C:\\Users\\aakashgaur\\eclipse-workspace\\Exit_Assginment\\resources\\App\\API Demos_4.0_apkcombo.com.apk",
[debug] &amp#27;[35m[BaseDriver]&amp#27;[39m     "appium:appActivity": "com.hmh.api.ApiDemos",
[debug] &amp#27;[35m[BaseDriver]&amp#27;[39m     "appium:appPackage": "com.hmh.api",
[debug] &amp#27;[35m[BaseDriver]&amp#27;[39m     "appium:avdArgs": "-no-window",
[debug] &amp#27;[35m[BaseDriver]&amp#27;[39m     "appium:deviceName": "Android",
[debug] &amp#27;[35m[BaseDriver]&amp#27;[39m     "appium:platformVersion": "8.1"
[debug] &amp#27;[35m[BaseDriver]&amp#27;[39m   },
[debug] &amp#27;[35m[BaseDriver]&amp#27;[39m   "firstMatch": [
[debug] &amp#27;[35m[BaseDriver]&amp#27;[39m     {}
[debug] &amp#27;[35m[BaseDriver]&amp#27;[39m   ]
[debug] &amp#27;[35m[BaseDriver]&amp#27;[39m }
&amp#27;[35m[BaseDriver]&amp#27;[39m The following capabilities were provided, but are not recognized by Appium:
&amp#27;[35m[BaseDriver]&amp#27;[39m   appium-version
&amp#27;[35m[BaseDriver]&amp#27;[39m Session created with session id: f616daab-aab0-425e-8801-66cbf7dc4cc8
&amp#27;[35m[BaseDriver]&amp#27;[39m Using local app 'C:\Users\aakashgaur\eclipse-workspace\Exit_Assginment\resources\App\API Demos_4.0_apkcombo.com.apk'
[debug] &amp#27;[35m[UiAutomator2]&amp#27;[39m Checking whether app is actually present
&amp#27;[35m[ADB]&amp#27;[39m Using 'adb.exe' from 'C:\Users\aakashgaur\AppData\Local\Android\Sdk\platform-tools\adb.exe'
[debug] &amp#27;[35m[ADB]&amp#27;[39m Running 'C:\Users\aakashgaur\AppData\Local\Android\Sdk\platform-tools\adb.exe -P 5037 start-server'
&amp#27;[35m[AndroidDriver]&amp#27;[39m Retrieving device list
[debug] &amp#27;[35m[ADB]&amp#27;[39m Trying to find a connected android device
[debug] &amp#27;[35m[ADB]&amp#27;[39m Getting connected devices
[debug] &amp#27;[35m[ADB]&amp#27;[39m Connected devices: [{"udid":"emulator-5554","state":"device"}]
&amp#27;[35m[AndroidDriver]&amp#27;[39m Looking for a device with Android '8.1.0'
[debug] &amp#27;[35m[ADB]&amp#27;[39m Setting device id to emulator-5554
&amp#27;[35m[ADB]&amp#27;[39m Getting device platform version
[debug] &amp#27;[35m[ADB]&amp#27;[39m Running 'C:\Users\aakashgaur\AppData\Local\Android\Sdk\platform-tools\adb.exe -P 5037 -s emulator-5554 shell getprop ro.build.version.release'
[debug] &amp#27;[35m[ADB]&amp#27;[39m Current device property 'ro.build.version.release': 8.1.0
&amp#27;[35m[AndroidDriver]&amp#27;[39m Using device: emulator-5554
&amp#27;[35m[ADB]&amp#27;[39m Using 'adb.exe' from 'C:\Users\aakashgaur\AppData\Local\Android\Sdk\platform-tools\adb.exe'
[debug] &amp#27;[35m[ADB]&amp#27;[39m Running 'C:\Users\aakashgaur\AppData\Local\Android\Sdk\platform-tools\adb.exe -P 5037 start-server'
[debug] &amp#27;[35m[ADB]&amp#27;[39m Setting device id to emulator-5554
[debug] &amp#27;[35m[ADB]&amp#27;[39m Running 'C:\Users\aakashgaur\AppData\Local\Android\Sdk\platform-tools\adb.exe -P 5037 -s emulator-5554 shell getprop ro.build.version.sdk'
[debug] &amp#27;[35m[ADB]&amp#27;[39m Current device property 'ro.build.version.sdk': 27
[debug] &amp#27;[35m[ADB]&amp#27;[39m Device API level: 27
[debug] &amp#27;[35m[ADB]&amp#27;[39m Running 'C:\Users\aakashgaur\AppData\Local\Android\Sdk\platform-tools\adb.exe -P 5037 -s emulator-5554 wait-for-device'
[debug] &amp#27;[35m[ADB]&amp#27;[39m Running 'C:\Users\aakashgaur\AppData\Local\Android\Sdk\platform-tools\adb.exe -P 5037 -s emulator-5554 shell echo ping'
[debug] &amp#27;[35m[AndroidDriver]&amp#27;[39m Pushing settings apk to device...
[debug] &amp#27;[35m[ADB]&amp#27;[39m Getting install status for io.appium.settings
[debug] &amp#27;[35m[ADB]&amp#27;[39m Running 'C:\Users\aakashgaur\AppData\Local\Android\Sdk\platform-tools\adb.exe -P 5037 -s emulator-5554 shell dumpsys package io.appium.settings'
[debug] &amp#27;[35m[ADB]&amp#27;[39m 'io.appium.settings' is installed
[debug] &amp#27;[35m[ADB]&amp#27;[39m Getting package info for 'io.appium.settings'
[debug] &amp#27;[35m[ADB]&amp#27;[39m Running 'C:\Users\aakashgaur\AppData\Local\Android\Sdk\platform-tools\adb.exe -P 5037 -s emulator-5554 shell dumpsys package io.appium.settings'
[debug] &amp#27;[35m[ADB]&amp#27;[39m The version name of the installed 'io.appium.settings' is greater or equal to the application version name ('3.4.0' >= '3.4.0')
[debug] &amp#27;[35m[ADB]&amp#27;[39m There is no need to install/upgrade 'C:\Users\aakashgaur\AppData\Roaming\npm\node_modules\appium\node_modules\io.appium.settings\apks\settings_apk-debug.apk'
[debug] &amp#27;[35m[ADB]&amp#27;[39m Getting IDs of all 'io.appium.settings' processes
[debug] &amp#27;[35m[ADB]&amp#27;[39m Running 'C:\Users\aakashgaur\AppData\Local\Android\Sdk\platform-tools\adb.exe -P 5037 -s emulator-5554 shell 'pgrep --help; echo $?''
[debug] &amp#27;[35m[ADB]&amp#27;[39m Running 'C:\Users\aakashgaur\AppData\Local\Android\Sdk\platform-tools\adb.exe -P 5037 -s emulator-5554 shell pgrep -f \(\[\[:blank:\]\]\|\^\)io\.appium\.settings\(\[\[:blank:\]\]\|\$\)'
[debug] &amp#27;[35m[AndroidDriver]&amp#27;[39m io.appium.settings is already running. There is no need to reset its permissions.
[debug] &amp#27;[35m[Logcat]&amp#27;[39m Starting logs capture with command: C:\\Users\\aakashgaur\\AppData\\Local\\Android\\Sdk\\platform-tools\\adb.exe -P 5037 -s emulator-5554 logcat -v threadtime
[debug] &amp#27;[35m[UiAutomator2]&amp#27;[39m Forwarding UiAutomator2 Server port 6790 to local port 8200
[debug] &amp#27;[35m[ADB]&amp#27;[39m Forwarding system: 8200 to device: 6790
[debug] &amp#27;[35m[ADB]&amp#27;[39m Running 'C:\Users\aakashgaur\AppData\Local\Android\Sdk\platform-tools\adb.exe -P 5037 -s emulator-5554 forward tcp:8200 tcp:6790'
[debug] &amp#27;[35m[ADB]&amp#27;[39m Getting install status for io.appium.uiautomator2.server
[debug] &amp#27;[35m[ADB]&amp#27;[39m Running 'C:\Users\aakashgaur\AppData\Local\Android\Sdk\platform-tools\adb.exe -P 5037 -s emulator-5554 shell dumpsys package io.appium.uiautomator2.server'
[debug] &amp#27;[35m[ADB]&amp#27;[39m 'io.appium.uiautomator2.server' is installed
[debug] &amp#27;[35m[ADB]&amp#27;[39m Getting package info for 'io.appium.uiautomator2.server'
[debug] &amp#27;[35m[ADB]&amp#27;[39m Running 'C:\Users\aakashgaur\AppData\Local\Android\Sdk\platform-tools\adb.exe -P 5037 -s emulator-5554 shell dumpsys package io.appium.uiautomator2.server'
[debug] &amp#27;[35m[ADB]&amp#27;[39m The version name of the installed 'io.appium.uiautomator2.server' is greater or equal to the application version name ('4.27.0' >= '4.27.0')
[debug] &amp#27;[35m[UiAutomator2]&amp#27;[39m io.appium.uiautomator2.server installation state: sameVersionInstalled
[debug] &amp#27;[35m[ADB]&amp#27;[39m Checking app cert for C:\Users\aakashgaur\AppData\Roaming\npm\node_modules\appium\node_modules\appium-uiautomator2-server\apks\appium-uiautomator2-server-v4.27.0.apk
[debug] &amp#27;[35m[ADB]&amp#27;[39m Using the previously cached signature entry for 'appium-uiautomator2-server-v4.27.0.apk'
[debug] &amp#27;[35m[ADB]&amp#27;[39m sha256 hash did match for 'appium-uiautomator2-server-v4.27.0.apk'
[debug] &amp#27;[35m[ADB]&amp#27;[39m Getting install status for io.appium.uiautomator2.server.test
[debug] &amp#27;[35m[ADB]&amp#27;[39m Running 'C:\Users\aakashgaur\AppData\Local\Android\Sdk\platform-tools\adb.exe -P 5037 -s emulator-5554 shell dumpsys package io.appium.uiautomator2.server.test'
[debug] &amp#27;[35m[ADB]&amp#27;[39m 'io.appium.uiautomator2.server.test' is installed
[debug] &amp#27;[35m[ADB]&amp#27;[39m Checking app cert for C:\Users\aakashgaur\AppData\Roaming\npm\node_modules\appium\node_modules\appium-uiautomator2-server\apks\appium-uiautomator2-server-debug-androidTest.apk
[debug] &amp#27;[35m[ADB]&amp#27;[39m Using the previously cached signature entry for 'appium-uiautomator2-server-debug-androidTest.apk'
[debug] &amp#27;[35m[ADB]&amp#27;[39m sha256 hash did match for 'appium-uiautomator2-server-debug-androidTest.apk'
&amp#27;[35m[UiAutomator2]&amp#27;[39m Server packages are not going to be (re)installed
[debug] &amp#27;[35m[UiAutomator2]&amp#27;[39m Waiting up to 30000ms for services to be available
[debug] &amp#27;[35m[ADB]&amp#27;[39m Running 'C:\Users\aakashgaur\AppData\Local\Android\Sdk\platform-tools\adb.exe -P 5037 -s emulator-5554 shell pm list instrumentation'
[debug] &amp#27;[35m[UiAutomator2]&amp#27;[39m Instrumentation target 'io.appium.uiautomator2.server.test/androidx.test.runner.AndroidJUnitRunner' is available
&amp#27;[35m[ADB]&amp#27;[39m Adding packages ["io.appium.settings","io.appium.uiautomator2.server","io.appium.uiautomator2.server.test"] to Doze whitelist
[debug] &amp#27;[35m[ADB]&amp#27;[39m Got the following command chunks to execute: [["dumpsys","deviceidle","whitelist","+io.appium.settings",";","dumpsys","deviceidle","whitelist","+io.appium.uiautomator2.server",";","dumpsys","deviceidle","whitelist","+io.appium.uiautomator2.server.test",";"]]
[debug] &amp#27;[35m[ADB]&amp#27;[39m Running 'C:\Users\aakashgaur\AppData\Local\Android\Sdk\platform-tools\adb.exe -P 5037 -s emulator-5554 shell dumpsys deviceidle whitelist +io.appium.settings ; dumpsys deviceidle whitelist +io.appium.uiautomator2.server ; dumpsys deviceidle whitelist +io.appium.uiautomator2.server.test ;'
[debug] &amp#27;[35m[ADB]&amp#27;[39m Checking app cert for C:\Users\aakashgaur\eclipse-workspace\Exit_Assginment\resources\App\API Demos_4.0_apkcombo.com.apk
[debug] &amp#27;[35m[ADB]&amp#27;[39m Using the previously cached signature entry for 'API Demos_4.0_apkcombo.com.apk'
[debug] &amp#27;[35m[ADB]&amp#27;[39m Getting install status for com.hmh.api
[debug] &amp#27;[35m[ADB]&amp#27;[39m Running 'C:\Users\aakashgaur\AppData\Local\Android\Sdk\platform-tools\adb.exe -P 5037 -s emulator-5554 shell dumpsys package com.hmh.api'
[debug] &amp#27;[35m[ADB]&amp#27;[39m 'com.hmh.api' is installed
[debug] &amp#27;[35m[ADB]&amp#27;[39m Getting package info for 'com.hmh.api'
[debug] &amp#27;[35m[ADB]&amp#27;[39m Running 'C:\Users\aakashgaur\AppData\Local\Android\Sdk\platform-tools\adb.exe -P 5037 -s emulator-5554 shell dumpsys package com.hmh.api'
[debug] &amp#27;[35m[ADB]&amp#27;[39m The version name of the installed 'com.hmh.api' is greater or equal to the application version name ('4.0.0' >= '4.0.0')
[debug] &amp#27;[35m[ADB]&amp#27;[39m There is no need to install/upgrade 'C:\Users\aakashgaur\eclipse-workspace\Exit_Assginment\resources\App\API Demos_4.0_apkcombo.com.apk'
&amp#27;[35m[AndroidDriver]&amp#27;[39m Performing fast reset on 'com.hmh.api'
[debug] &amp#27;[35m[ADB]&amp#27;[39m Getting install status for com.hmh.api
[debug] &amp#27;[35m[ADB]&amp#27;[39m Running 'C:\Users\aakashgaur\AppData\Local\Android\Sdk\platform-tools\adb.exe -P 5037 -s emulator-5554 shell dumpsys package com.hmh.api'
[debug] &amp#27;[35m[ADB]&amp#27;[39m 'com.hmh.api' is installed
[debug] &amp#27;[35m[ADB]&amp#27;[39m Running 'C:\Users\aakashgaur\AppData\Local\Android\Sdk\platform-tools\adb.exe -P 5037 -s emulator-5554 shell am force-stop com.hmh.api'
[debug] &amp#27;[35m[ADB]&amp#27;[39m Running 'C:\Users\aakashgaur\AppData\Local\Android\Sdk\platform-tools\adb.exe -P 5037 -s emulator-5554 shell pm clear com.hmh.api'
[debug] &amp#27;[35m[AndroidDriver]&amp#27;[39m Performed fast reset on the installed 'com.hmh.api' application (stop and clear)
[debug] &amp#27;[35m[UiAutomator2]&amp#27;[39m Performing shallow cleanup of automation leftovers
[debug] &amp#27;[35m[UiAutomator2]&amp#27;[39m No obsolete sessions have been detected (socket hang up)
[debug] &amp#27;[35m[ADB]&amp#27;[39m Running 'C:\Users\aakashgaur\AppData\Local\Android\Sdk\platform-tools\adb.exe -P 5037 -s emulator-5554 shell am force-stop io.appium.uiautomator2.server.test'
&amp#27;[35m[UiAutomator2]&amp#27;[39m Starting UIAutomator2 server 4.27.0
&amp#27;[35m[UiAutomator2]&amp#27;[39m Using UIAutomator2 server from 'C:\Users\aakashgaur\AppData\Roaming\npm\node_modules\appium\node_modules\appium-uiautomator2-server\apks\appium-uiautomator2-server-v4.27.0.apk' and test from 'C:\Users\aakashgaur\AppData\Roaming\npm\node_modules\appium\node_modules\appium-uiautomator2-server\apks\appium-uiautomator2-server-debug-androidTest.apk'
&amp#27;[35m[UiAutomator2]&amp#27;[39m Waiting up to 30000ms for UiAutomator2 to be online...
[debug] &amp#27;[35m[ADB]&amp#27;[39m Creating ADB subprocess with args: ["-P",5037,"-s","emulator-5554","shell","am","instrument","-w","-e","disableAnalytics",true,"io.appium.uiautomator2.server.test/androidx.test.runner.AndroidJUnitRunner"]
[debug] &amp#27;[35m[WD Proxy]&amp#27;[39m Matched '/status' to command name 'getStatus'
[debug] &amp#27;[35m[WD Proxy]&amp#27;[39m Proxying [GET /status] to [GET http://127.0.0.1:8200/wd/hub/status] with no body
&amp#27;[35m[WD Proxy]&amp#27;[39m socket hang up
[debug] &amp#27;[35m[WD Proxy]&amp#27;[39m Matched '/status' to command name 'getStatus'
[debug] &amp#27;[35m[WD Proxy]&amp#27;[39m Proxying [GET /status] to [GET http://127.0.0.1:8200/wd/hub/status] with no body
&amp#27;[35m[WD Proxy]&amp#27;[39m socket hang up
[debug] &amp#27;[35m[Instrumentation]&amp#27;[39m io.appium.uiautomator2.server.test.AppiumUiAutomator2Server:
[debug] &amp#27;[35m[WD Proxy]&amp#27;[39m Matched '/status' to command name 'getStatus'
[debug] &amp#27;[35m[WD Proxy]&amp#27;[39m Proxying [GET /status] to [GET http://127.0.0.1:8200/wd/hub/status] with no body
&amp#27;[35m[WD Proxy]&amp#27;[39m socket hang up
[debug] &amp#27;[35m[WD Proxy]&amp#27;[39m Matched '/status' to command name 'getStatus'
[debug] &amp#27;[35m[WD Proxy]&amp#27;[39m Proxying [GET /status] to [GET http://127.0.0.1:8200/wd/hub/status] with no body
[debug] &amp#27;[35m[WD Proxy]&amp#27;[39m Got response with status 200: {"sessionId":"None","value":{"message":"UiAutomator2 Server is ready to accept commands","ready":true}}
[debug] &amp#27;[35m[UiAutomator2]&amp#27;[39m The initialization of the instrumentation process took 3286ms
[debug] &amp#27;[35m[WD Proxy]&amp#27;[39m Matched '/session' to command name 'createSession'
[debug] &amp#27;[35m[WD Proxy]&amp#27;[39m Proxying [POST /session] to [POST http://127.0.0.1:8200/wd/hub/session] with body: {"capabilities":{"firstMatch":[{"platform":"LINUX","webStorageEnabled":false,"takesScreenshot":true,"javascriptEnabled":true,"databaseEnabled":false,"networkConnectionEnabled":true,"locationContextEnabled":false,"warnings":{},"desired":{"platformName":"android","appium-version":"1.15.1","isHeadless":true,"app":"C:\\Users\\aakashgaur\\eclipse-workspace\\Exit_Assginment\\resources\\App\\API Demos_4.0_apkcombo.com.apk","appActivity":"com.hmh.api.ApiDemos","appPackage":"com.hmh.api","avdArgs":"-no-window","deviceName":"Android","platformVersion":"8.1"},"platformName":"android","appium-version":"1.15.1","isHeadless":true,"app":"C:\\Users\\aakashgaur\\eclipse-workspace\\Exit_Assginment\\resources\\App\\API Demos_4.0_apkcombo.com.apk","appActivity":"com.hmh.api.ApiDemos","appPackage":"com.hmh.api","avdArgs":"-no-window","deviceName":"emulator-5554","platformVersion":"8.1","deviceUDID":"emulator-5554"}],"alwaysMatch":{}}}
[debug] &amp#27;[35m[WD Proxy]&amp#27;[39m Got response with status 200: {"sessionId":"0aef57b4-f14a-4acc-9aab-0e690ff17f0d","value":{"capabilities":{"firstMatch":[{"platform":"LINUX","webStorageEnabled":false,"takesScreenshot":true,"javascriptEnabled":true,"databaseEnabled":false,"networkConnectionEnabled":true,"locationContextEnabled":false,"warnings":{},"desired":{"platformName":"android","appium-version":"1.15.1","isHeadless":true,"app":"C:\\Users\\aakashgaur\\eclipse-workspace\\Exit_Assginment\\resources\\App\\API Demos_4.0_apkcombo.com.apk","appActivity":"com.hmh.api.ApiDemos","appPackage":"com.hmh.api","avdArgs":"-no-window","deviceName":"Android","platformVersion":"8.1"},"platformName":"android","appium-version":"1.15.1","isHeadless":true,"app":"C:\\Users\\aakashgaur\\eclipse-workspace\\Exit_Assginment\\resources\\App\\API Demos_4.0_apkcombo.com.apk","appActivity":"com.hmh.api.ApiDemos","appPackage":"com.hmh.api","avdArgs":"-no-window","deviceName":"emulator-5554","platformVersion":"8.1","deviceUDID":"emulator-5554"}],"alwaysMatch":{}},"sessionId":"0aef57b4-f14a-4acc-9a...
&amp#27;[35m[WD Proxy]&amp#27;[39m Determined the downstream protocol as 'W3C'
[debug] &amp#27;[35m[WD Proxy]&amp#27;[39m Proxying [GET /appium/device/info] to [GET http://127.0.0.1:8200/wd/hub/session/0aef57b4-f14a-4acc-9aab-0e690ff17f0d/appium/device/info] with no body
[debug] &amp#27;[35m[WD Proxy]&amp#27;[39m Got response with status 200: {"sessionId":"0aef57b4-f14a-4acc-9aab-0e690ff17f0d","value":{"androidId":"4209a1a90f967b0e","apiVersion":"27","bluetooth":null,"brand":"google","carrierName":"Android","displayDensity":440,"locale":"en_US","manufacturer":"Google","model":"Android SDK built for x86","networks":[{"capabilities":{"SSID":null,"linkDownBandwidthKbps":102400,"linkUpstreamBandwidthKbps":51200,"networkCapabilities":"NET_CAPABILITY_MMS,NET_CAPABILITY_SUPL,NET_CAPABILITY_DUN,NET_CAPABILITY_FOTA,NET_CAPABILITY_IMS,NET_CAPABILITY_CBS,NET_CAPABILITY_IA,NET_CAPABILITY_INTERNET,NET_CAPABILITY_NOT_RESTRICTED,NET_CAPABILITY_TRUSTED,NET_CAPABILITY_NOT_VPN,NET_CAPABILITY_VALIDATED","signalStrength":-2147483648,"transportTypes":"TRANSPORT_CELLULAR"},"detailedState":"CONNECTED","extraInfo":"epc.tmobile.com","isAvailable":true,"isConnected":true,"isFailover":false,"isRoaming":false,"state":"CONNECTED","subtype":13,"subtypeName":"LTE","type":0,"typeName":"MOBILE"},{"capabilities":{"SSID":null,"linkDownBandwidthKbps":1048576,"linkUpstreamBandwidt...
[debug] &amp#27;[35m[ADB]&amp#27;[39m Running 'C:\Users\aakashgaur\AppData\Local\Android\Sdk\platform-tools\adb.exe -P 5037 -s emulator-5554 shell dumpsys window'
&amp#27;[35m[AndroidDriver]&amp#27;[39m Screen already unlocked, doing nothing
&amp#27;[35m[UiAutomator2]&amp#27;[39m Starting 'com.hmh.api/com.hmh.api.ApiDemos and waiting for 'com.hmh.api/com.hmh.api.ApiDemos'
[debug] &amp#27;[35m[ADB]&amp#27;[39m Running 'C:\Users\aakashgaur\AppData\Local\Android\Sdk\platform-tools\adb.exe -P 5037 -s emulator-5554 shell am start -W -n com.hmh.api/com.hmh.api.ApiDemos -S -a android.intent.action.MAIN -c android.intent.category.LAUNCHER -f 0x10200000'
[debug] &amp#27;[35m[WD Proxy]&amp#27;[39m Proxying [GET /appium/device/pixel_ratio] to [GET http://127.0.0.1:8200/wd/hub/session/0aef57b4-f14a-4acc-9aab-0e690ff17f0d/appium/device/pixel_ratio] with no body
[debug] &amp#27;[35m[WD Proxy]&amp#27;[39m Got response with status 200: {"sessionId":"0aef57b4-f14a-4acc-9aab-0e690ff17f0d","value":2.75}
[debug] &amp#27;[35m[WD Proxy]&amp#27;[39m Matched '/appium/device/system_bars' to command name 'getSystemBars'
[debug] &amp#27;[35m[WD Proxy]&amp#27;[39m Proxying [GET /appium/device/system_bars] to [GET http://127.0.0.1:8200/wd/hub/session/0aef57b4-f14a-4acc-9aab-0e690ff17f0d/appium/device/system_bars] with no body
[debug] &amp#27;[35m[WD Proxy]&amp#27;[39m Got response with status 200: {"sessionId":"0aef57b4-f14a-4acc-9aab-0e690ff17f0d","value":{"statusBar":66}}
[debug] &amp#27;[35m[WD Proxy]&amp#27;[39m Matched '/window/current/size' to command name 'getWindowSize'
[debug] &amp#27;[35m[WD Proxy]&amp#27;[39m Proxying [GET /window/current/size] to [GET http://127.0.0.1:8200/wd/hub/session/0aef57b4-f14a-4acc-9aab-0e690ff17f0d/window/current/size] with no body
[debug] &amp#27;[35m[WD Proxy]&amp#27;[39m Got response with status 200: {"sessionId":"0aef57b4-f14a-4acc-9aab-0e690ff17f0d","value":{"height":2208,"width":1080}}
&amp#27;[35m[Appium]&amp#27;[39m New AndroidUiautomator2Driver session created successfully, session f616daab-aab0-425e-8801-66cbf7dc4cc8 added to master session list
[debug] &amp#27;[35m[BaseDriver]&amp#27;[39m Event 'newSessionStarted' logged at 1675329693763 (14:51:33 GMT+0530 (India Standard Time))
[debug] &amp#27;[35m[W3C (f616daab)]&amp#27;[39m Cached the protocol value 'W3C' for the new session f616daab-aab0-425e-8801-66cbf7dc4cc8
[debug] &amp#27;[35m[W3C (f616daab)]&amp#27;[39m Responding to client with driver.createSession() result: {"capabilities":{"platform":"LINUX","webStorageEnabled":false,"takesScreenshot":true,"javascriptEnabled":true,"databaseEnabled":false,"networkConnectionEnabled":true,"locationContextEnabled":false,"warnings":{},"desired":{"platformName":"android","appium-version":"1.15.1","isHeadless":true,"app":"C:\\Users\\aakashgaur\\eclipse-workspace\\Exit_Assginment\\resources\\App\\API Demos_4.0_apkcombo.com.apk","appActivity":"com.hmh.api.ApiDemos","appPackage":"com.hmh.api","avdArgs":"-no-window","deviceName":"Android","platformVersion":"8.1"},"platformName":"android","appium-version":"1.15.1","isHeadless":true,"app":"C:\\Users\\aakashgaur\\eclipse-workspace\\Exit_Assginment\\resources\\App\\API Demos_4.0_apkcombo.com.apk","appActivity":"com.hmh.api.ApiDemos","appPackage":"com.hmh.api","avdArgs":"-no-window","deviceName":"emulator-5554","platformVersion":"8.1.0","deviceUDID":"emulator-5554","deviceApiLevel":27,"deviceScreenSize":"1080x2340","deviceScreenDensity":440,"deviceModel":"Android SDK built for x86","deviceM...
&amp#27;[35m[HTTP]&amp#27;[39m &amp#27;[37m<-- POST /wd/hub/session &amp#27;[39m&amp#27;[32m200&amp#27;[39m &amp#27;[90m9999 ms - 1204&amp#27;[39m
&amp#27;[35m[HTTP]&amp#27;[39m &amp#27;[90m&amp#27;[39m
&amp#27;[35m[HTTP]&amp#27;[39m &amp#27;[37m-->&amp#27;[39m &amp#27;[37mGET&amp#27;[39m &amp#27;[37m/wd/hub/session/f616daab-aab0-425e-8801-66cbf7dc4cc8&amp#27;[39m
&amp#27;[35m[HTTP]&amp#27;[39m &amp#27;[90m{}&amp#27;[39m
[debug] &amp#27;[35m[W3C (f616daab)]&amp#27;[39m Calling AppiumDriver.getSession() with args: ["f616daab-aab0-425e-8801-66cbf7dc4cc8"]
[debug] &amp#27;[35m[UiAutomator2]&amp#27;[39m Getting session details from server to mix in
[debug] &amp#27;[35m[WD Proxy]&amp#27;[39m Matched '/' to command name 'getSession'
[debug] &amp#27;[35m[WD Proxy]&amp#27;[39m Proxying [GET /] to [GET http://127.0.0.1:8200/wd/hub/session/0aef57b4-f14a-4acc-9aab-0e690ff17f0d] with no body
[debug] &amp#27;[35m[WD Proxy]&amp#27;[39m Got response with status 200: {"sessionId":"0aef57b4-f14a-4acc-9aab-0e690ff17f0d","value":{"lastScrollData":null}}
[debug] &amp#27;[35m[W3C (f616daab)]&amp#27;[39m Responding to client with driver.getSession() result: {"platform":"LINUX","webStorageEnabled":false,"takesScreenshot":true,"javascriptEnabled":true,"databaseEnabled":false,"networkConnectionEnabled":true,"locationContextEnabled":false,"warnings":{},"desired":{"platformName":"android","appium-version":"1.15.1","isHeadless":true,"app":"C:\\Users\\aakashgaur\\eclipse-workspace\\Exit_Assginment\\resources\\App\\API Demos_4.0_apkcombo.com.apk","appActivity":"com.hmh.api.ApiDemos","appPackage":"com.hmh.api","avdArgs":"-no-window","deviceName":"Android","platformVersion":"8.1"},"platformName":"android","appium-version":"1.15.1","isHeadless":true,"app":"C:\\Users\\aakashgaur\\eclipse-workspace\\Exit_Assginment\\resources\\App\\API Demos_4.0_apkcombo.com.apk","appActivity":"com.hmh.api.ApiDemos","appPackage":"com.hmh.api","avdArgs":"-no-window","deviceName":"emulator-5554","platformVersion":"8.1.0","deviceUDID":"emulator-5554","deviceApiLevel":27,"deviceScreenSize":"1080x2340","deviceScreenDensity":440,"deviceModel":"Android SDK built for x86","deviceManufacturer":"Go...
&amp#27;[35m[HTTP]&amp#27;[39m &amp#27;[37m<-- GET /wd/hub/session/f616daab-aab0-425e-8801-66cbf7dc4cc8 &amp#27;[39m&amp#27;[32m200&amp#27;[39m &amp#27;[90m37 ms - 1158&amp#27;[39m
&amp#27;[35m[HTTP]&amp#27;[39m &amp#27;[90m&amp#27;[39m
&amp#27;[35m[HTTP]&amp#27;[39m &amp#27;[37m-->&amp#27;[39m &amp#27;[37mGET&amp#27;[39m &amp#27;[37m/wd/hub/session/f616daab-aab0-425e-8801-66cbf7dc4cc8&amp#27;[39m
&amp#27;[35m[HTTP]&amp#27;[39m &amp#27;[90m{}&amp#27;[39m
[debug] &amp#27;[35m[W3C (f616daab)]&amp#27;[39m Calling AppiumDriver.getSession() with args: ["f616daab-aab0-425e-8801-66cbf7dc4cc8"]
[debug] &amp#27;[35m[UiAutomator2]&amp#27;[39m Getting session details from server to mix in
[debug] &amp#27;[35m[WD Proxy]&amp#27;[39m Matched '/' to command name 'getSession'
[debug] &amp#27;[35m[WD Proxy]&amp#27;[39m Proxying [GET /] to [GET http://127.0.0.1:8200/wd/hub/session/0aef57b4-f14a-4acc-9aab-0e690ff17f0d] with no body
[debug] &amp#27;[35m[WD Proxy]&amp#27;[39m Got response with status 200: {"sessionId":"0aef57b4-f14a-4acc-9aab-0e690ff17f0d","value":{"lastScrollData":null}}
[debug] &amp#27;[35m[W3C (f616daab)]&amp#27;[39m Responding to client with driver.getSession() result: {"platform":"LINUX","webStorageEnabled":false,"takesScreenshot":true,"javascriptEnabled":true,"databaseEnabled":false,"networkConnectionEnabled":true,"locationContextEnabled":false,"warnings":{},"desired":{"platformName":"android","appium-version":"1.15.1","isHeadless":true,"app":"C:\\Users\\aakashgaur\\eclipse-workspace\\Exit_Assginment\\resources\\App\\API Demos_4.0_apkcombo.com.apk","appActivity":"com.hmh.api.ApiDemos","appPackage":"com.hmh.api","avdArgs":"-no-window","deviceName":"Android","platformVersion":"8.1"},"platformName":"android","appium-version":"1.15.1","isHeadless":true,"app":"C:\\Users\\aakashgaur\\eclipse-workspace\\Exit_Assginment\\resources\\App\\API Demos_4.0_apkcombo.com.apk","appActivity":"com.hmh.api.ApiDemos","appPackage":"com.hmh.api","avdArgs":"-no-window","deviceName":"emulator-5554","platformVersion":"8.1.0","deviceUDID":"emulator-5554","deviceApiLevel":27,"deviceScreenSize":"1080x2340","deviceScreenDensity":440,"deviceModel":"Android SDK built for x86","deviceManufacturer":"Go...
&amp#27;[35m[HTTP]&amp#27;[39m &amp#27;[37m<-- GET /wd/hub/session/f616daab-aab0-425e-8801-66cbf7dc4cc8 &amp#27;[39m&amp#27;[32m200&amp#27;[39m &amp#27;[90m32 ms - 1158&amp#27;[39m
&amp#27;[35m[HTTP]&amp#27;[39m &amp#27;[90m&amp#27;[39m
&amp#27;[35m[HTTP]&amp#27;[39m &amp#27;[37m-->&amp#27;[39m &amp#27;[37mGET&amp#27;[39m &amp#27;[37m/wd/hub/session/f616daab-aab0-425e-8801-66cbf7dc4cc8&amp#27;[39m
&amp#27;[35m[HTTP]&amp#27;[39m &amp#27;[90m{}&amp#27;[39m
[debug] &amp#27;[35m[W3C (f616daab)]&amp#27;[39m Calling AppiumDriver.getSession() with args: ["f616daab-aab0-425e-8801-66cbf7dc4cc8"]
[debug] &amp#27;[35m[UiAutomator2]&amp#27;[39m Getting session details from server to mix in
[debug] &amp#27;[35m[WD Proxy]&amp#27;[39m Matched '/' to command name 'getSession'
[debug] &amp#27;[35m[WD Proxy]&amp#27;[39m Proxying [GET /] to [GET http://127.0.0.1:8200/wd/hub/session/0aef57b4-f14a-4acc-9aab-0e690ff17f0d] with no body
[debug] &amp#27;[35m[WD Proxy]&amp#27;[39m Got response with status 200: {"sessionId":"0aef57b4-f14a-4acc-9aab-0e690ff17f0d","value":{"lastScrollData":null}}
[debug] &amp#27;[35m[W3C (f616daab)]&amp#27;[39m Responding to client with driver.getSession() result: {"platform":"LINUX","webStorageEnabled":false,"takesScreenshot":true,"javascriptEnabled":true,"databaseEnabled":false,"networkConnectionEnabled":true,"locationContextEnabled":false,"warnings":{},"desired":{"platformName":"android","appium-version":"1.15.1","isHeadless":true,"app":"C:\\Users\\aakashgaur\\eclipse-workspace\\Exit_Assginment\\resources\\App\\API Demos_4.0_apkcombo.com.apk","appActivity":"com.hmh.api.ApiDemos","appPackage":"com.hmh.api","avdArgs":"-no-window","deviceName":"Android","platformVersion":"8.1"},"platformName":"android","appium-version":"1.15.1","isHeadless":true,"app":"C:\\Users\\aakashgaur\\eclipse-workspace\\Exit_Assginment\\resources\\App\\API Demos_4.0_apkcombo.com.apk","appActivity":"com.hmh.api.ApiDemos","appPackage":"com.hmh.api","avdArgs":"-no-window","deviceName":"emulator-5554","platformVersion":"8.1.0","deviceUDID":"emulator-5554","deviceApiLevel":27,"deviceScreenSize":"1080x2340","deviceScreenDensity":440,"deviceModel":"Android SDK built for x86","deviceManufacturer":"Go...
&amp#27;[35m[HTTP]&amp#27;[39m &amp#27;[37m<-- GET /wd/hub/session/f616daab-aab0-425e-8801-66cbf7dc4cc8 &amp#27;[39m&amp#27;[32m200&amp#27;[39m &amp#27;[90m29 ms - 1158&amp#27;[39m
&amp#27;[35m[HTTP]&amp#27;[39m &amp#27;[90m&amp#27;[39m
&amp#27;[35m[HTTP]&amp#27;[39m &amp#27;[37m-->&amp#27;[39m &amp#27;[37mGET&amp#27;[39m &amp#27;[37m/wd/hub/session/f616daab-aab0-425e-8801-66cbf7dc4cc8&amp#27;[39m
&amp#27;[35m[HTTP]&amp#27;[39m &amp#27;[90m{}&amp#27;[39m
[debug] &amp#27;[35m[W3C (f616daab)]&amp#27;[39m Calling AppiumDriver.getSession() with args: ["f616daab-aab0-425e-8801-66cbf7dc4cc8"]
[debug] &amp#27;[35m[UiAutomator2]&amp#27;[39m Getting session details from server to mix in
[debug] &amp#27;[35m[WD Proxy]&amp#27;[39m Matched '/' to command name 'getSession'
[debug] &amp#27;[35m[WD Proxy]&amp#27;[39m Proxying [GET /] to [GET http://127.0.0.1:8200/wd/hub/session/0aef57b4-f14a-4acc-9aab-0e690ff17f0d] with no body
[debug] &amp#27;[35m[WD Proxy]&amp#27;[39m Got response with status 200: {"sessionId":"0aef57b4-f14a-4acc-9aab-0e690ff17f0d","value":{"lastScrollData":null}}
[debug] &amp#27;[35m[W3C (f616daab)]&amp#27;[39m Responding to client with driver.getSession() result: {"platform":"LINUX","webStorageEnabled":false,"takesScreenshot":true,"javascriptEnabled":true,"databaseEnabled":false,"networkConnectionEnabled":true,"locationContextEnabled":false,"warnings":{},"desired":{"platformName":"android","appium-version":"1.15.1","isHeadless":true,"app":"C:\\Users\\aakashgaur\\eclipse-workspace\\Exit_Assginment\\resources\\App\\API Demos_4.0_apkcombo.com.apk","appActivity":"com.hmh.api.ApiDemos","appPackage":"com.hmh.api","avdArgs":"-no-window","deviceName":"Android","platformVersion":"8.1"},"platformName":"android","appium-version":"1.15.1","isHeadless":true,"app":"C:\\Users\\aakashgaur\\eclipse-workspace\\Exit_Assginment\\resources\\App\\API Demos_4.0_apkcombo.com.apk","appActivity":"com.hmh.api.ApiDemos","appPackage":"com.hmh.api","avdArgs":"-no-window","deviceName":"emulator-5554","platformVersion":"8.1.0","deviceUDID":"emulator-5554","deviceApiLevel":27,"deviceScreenSize":"1080x2340","deviceScreenDensity":440,"deviceModel":"Android SDK built for x86","deviceManufacturer":"Go...
&amp#27;[35m[HTTP]&amp#27;[39m &amp#27;[37m<-- GET /wd/hub/session/f616daab-aab0-425e-8801-66cbf7dc4cc8 &amp#27;[39m&amp#27;[32m200&amp#27;[39m &amp#27;[90m24 ms - 1158&amp#27;[39m
&amp#27;[35m[HTTP]&amp#27;[39m &amp#27;[90m&amp#27;[39m
&amp#27;[35m[HTTP]&amp#27;[39m &amp#27;[37m-->&amp#27;[39m &amp#27;[37mGET&amp#27;[39m &amp#27;[37m/wd/hub/session/f616daab-aab0-425e-8801-66cbf7dc4cc8&amp#27;[39m
&amp#27;[35m[HTTP]&amp#27;[39m &amp#27;[90m{}&amp#27;[39m
[debug] &amp#27;[35m[W3C (f616daab)]&amp#27;[39m Calling AppiumDriver.getSession() with args: ["f616daab-aab0-425e-8801-66cbf7dc4cc8"]
[debug] &amp#27;[35m[UiAutomator2]&amp#27;[39m Getting session details from server to mix in
[debug] &amp#27;[35m[WD Proxy]&amp#27;[39m Matched '/' to command name 'getSession'
[debug] &amp#27;[35m[WD Proxy]&amp#27;[39m Proxying [GET /] to [GET http://127.0.0.1:8200/wd/hub/session/0aef57b4-f14a-4acc-9aab-0e690ff17f0d] with no body
[debug] &amp#27;[35m[WD Proxy]&amp#27;[39m Got response with status 200: {"sessionId":"0aef57b4-f14a-4acc-9aab-0e690ff17f0d","value":{"lastScrollData":null}}
[debug] &amp#27;[35m[W3C (f616daab)]&amp#27;[39m Responding to client with driver.getSession() result: {"platform":"LINUX","webStorageEnabled":false,"takesScreenshot":true,"javascriptEnabled":true,"databaseEnabled":false,"networkConnectionEnabled":true,"locationContextEnabled":false,"warnings":{},"desired":{"platformName":"android","appium-version":"1.15.1","isHeadless":true,"app":"C:\\Users\\aakashgaur\\eclipse-workspace\\Exit_Assginment\\resources\\App\\API Demos_4.0_apkcombo.com.apk","appActivity":"com.hmh.api.ApiDemos","appPackage":"com.hmh.api","avdArgs":"-no-window","deviceName":"Android","platformVersion":"8.1"},"platformName":"android","appium-version":"1.15.1","isHeadless":true,"app":"C:\\Users\\aakashgaur\\eclipse-workspace\\Exit_Assginment\\resources\\App\\API Demos_4.0_apkcombo.com.apk","appActivity":"com.hmh.api.ApiDemos","appPackage":"com.hmh.api","avdArgs":"-no-window","deviceName":"emulator-5554","platformVersion":"8.1.0","deviceUDID":"emulator-5554","deviceApiLevel":27,"deviceScreenSize":"1080x2340","deviceScreenDensity":440,"deviceModel":"Android SDK built for x86","deviceManufacturer":"Go...
&amp#27;[35m[HTTP]&amp#27;[39m &amp#27;[37m<-- GET /wd/hub/session/f616daab-aab0-425e-8801-66cbf7dc4cc8 &amp#27;[39m&amp#27;[32m200&amp#27;[39m &amp#27;[90m34 ms - 1158&amp#27;[39m
&amp#27;[35m[HTTP]&amp#27;[39m &amp#27;[90m&amp#27;[39m
&amp#27;[35m[HTTP]&amp#27;[39m &amp#27;[37m-->&amp#27;[39m &amp#27;[37mGET&amp#27;[39m &amp#27;[37m/wd/hub/session/f616daab-aab0-425e-8801-66cbf7dc4cc8&amp#27;[39m
&amp#27;[35m[HTTP]&amp#27;[39m &amp#27;[90m{}&amp#27;[39m
[debug] &amp#27;[35m[W3C (f616daab)]&amp#27;[39m Calling AppiumDriver.getSession() with args: ["f616daab-aab0-425e-8801-66cbf7dc4cc8"]
[debug] &amp#27;[35m[UiAutomator2]&amp#27;[39m Getting session details from server to mix in
[debug] &amp#27;[35m[WD Proxy]&amp#27;[39m Matched '/' to command name 'getSession'
[debug] &amp#27;[35m[WD Proxy]&amp#27;[39m Proxying [GET /] to [GET http://127.0.0.1:8200/wd/hub/session/0aef57b4-f14a-4acc-9aab-0e690ff17f0d] with no body
[debug] &amp#27;[35m[WD Proxy]&amp#27;[39m Got response with status 200: {"sessionId":"0aef57b4-f14a-4acc-9aab-0e690ff17f0d","value":{"lastScrollData":null}}
[debug] &amp#27;[35m[W3C (f616daab)]&amp#27;[39m Responding to client with driver.getSession() result: {"platform":"LINUX","webStorageEnabled":false,"takesScreenshot":true,"javascriptEnabled":true,"databaseEnabled":false,"networkConnectionEnabled":true,"locationContextEnabled":false,"warnings":{},"desired":{"platformName":"android","appium-version":"1.15.1","isHeadless":true,"app":"C:\\Users\\aakashgaur\\eclipse-workspace\\Exit_Assginment\\resources\\App\\API Demos_4.0_apkcombo.com.apk","appActivity":"com.hmh.api.ApiDemos","appPackage":"com.hmh.api","avdArgs":"-no-window","deviceName":"Android","platformVersion":"8.1"},"platformName":"android","appium-version":"1.15.1","isHeadless":true,"app":"C:\\Users\\aakashgaur\\eclipse-workspace\\Exit_Assginment\\resources\\App\\API Demos_4.0_apkcombo.com.apk","appActivity":"com.hmh.api.ApiDemos","appPackage":"com.hmh.api","avdArgs":"-no-window","deviceName":"emulator-5554","platformVersion":"8.1.0","deviceUDID":"emulator-5554","deviceApiLevel":27,"deviceScreenSize":"1080x2340","deviceScreenDensity":440,"deviceModel":"Android SDK built for x86","deviceManufacturer":"Go...
&amp#27;[35m[HTTP]&amp#27;[39m &amp#27;[37m<-- GET /wd/hub/session/f616daab-aab0-425e-8801-66cbf7dc4cc8 &amp#27;[39m&amp#27;[32m200&amp#27;[39m &amp#27;[90m35 ms - 1158&amp#27;[39m
&amp#27;[35m[HTTP]&amp#27;[39m &amp#27;[90m&amp#27;[39m
&amp#27;[35m[HTTP]&amp#27;[39m &amp#27;[37m-->&amp#27;[39m &amp#27;[37mGET&amp#27;[39m &amp#27;[37m/wd/hub/session/f616daab-aab0-425e-8801-66cbf7dc4cc8&amp#27;[39m
&amp#27;[35m[HTTP]&amp#27;[39m &amp#27;[90m{}&amp#27;[39m
[debug] &amp#27;[35m[W3C (f616daab)]&amp#27;[39m Calling AppiumDriver.getSession() with args: ["f616daab-aab0-425e-8801-66cbf7dc4cc8"]
[debug] &amp#27;[35m[UiAutomator2]&amp#27;[39m Getting session details from server to mix in
[debug] &amp#27;[35m[WD Proxy]&amp#27;[39m Matched '/' to command name 'getSession'
[debug] &amp#27;[35m[WD Proxy]&amp#27;[39m Proxying [GET /] to [GET http://127.0.0.1:8200/wd/hub/session/0aef57b4-f14a-4acc-9aab-0e690ff17f0d] with no body
[debug] &amp#27;[35m[WD Proxy]&amp#27;[39m Got response with status 200: {"sessionId":"0aef57b4-f14a-4acc-9aab-0e690ff17f0d","value":{"lastScrollData":null}}
[debug] &amp#27;[35m[W3C (f616daab)]&amp#27;[39m Responding to client with driver.getSession() result: {"platform":"LINUX","webStorageEnabled":false,"takesScreenshot":true,"javascriptEnabled":true,"databaseEnabled":false,"networkConnectionEnabled":true,"locationContextEnabled":false,"warnings":{},"desired":{"platformName":"android","appium-version":"1.15.1","isHeadless":true,"app":"C:\\Users\\aakashgaur\\eclipse-workspace\\Exit_Assginment\\resources\\App\\API Demos_4.0_apkcombo.com.apk","appActivity":"com.hmh.api.ApiDemos","appPackage":"com.hmh.api","avdArgs":"-no-window","deviceName":"Android","platformVersion":"8.1"},"platformName":"android","appium-version":"1.15.1","isHeadless":true,"app":"C:\\Users\\aakashgaur\\eclipse-workspace\\Exit_Assginment\\resources\\App\\API Demos_4.0_apkcombo.com.apk","appActivity":"com.hmh.api.ApiDemos","appPackage":"com.hmh.api","avdArgs":"-no-window","deviceName":"emulator-5554","platformVersion":"8.1.0","deviceUDID":"emulator-5554","deviceApiLevel":27,"deviceScreenSize":"1080x2340","deviceScreenDensity":440,"deviceModel":"Android SDK built for x86","deviceManufacturer":"Go...
&amp#27;[35m[HTTP]&amp#27;[39m &amp#27;[37m<-- GET /wd/hub/session/f616daab-aab0-425e-8801-66cbf7dc4cc8 &amp#27;[39m&amp#27;[32m200&amp#27;[39m &amp#27;[90m24 ms - 1158&amp#27;[39m
&amp#27;[35m[HTTP]&amp#27;[39m &amp#27;[90m&amp#27;[39m
&amp#27;[35m[HTTP]&amp#27;[39m &amp#27;[37m-->&amp#27;[39m &amp#27;[37mGET&amp#27;[39m &amp#27;[37m/wd/hub/session/f616daab-aab0-425e-8801-66cbf7dc4cc8&amp#27;[39m
&amp#27;[35m[HTTP]&amp#27;[39m &amp#27;[90m{}&amp#27;[39m
[debug] &amp#27;[35m[W3C (f616daab)]&amp#27;[39m Calling AppiumDriver.getSession() with args: ["f616daab-aab0-425e-8801-66cbf7dc4cc8"]
[debug] &amp#27;[35m[UiAutomator2]&amp#27;[39m Getting session details from server to mix in
[debug] &amp#27;[35m[WD Proxy]&amp#27;[39m Matched '/' to command name 'getSession'
[debug] &amp#27;[35m[WD Proxy]&amp#27;[39m Proxying [GET /] to [GET http://127.0.0.1:8200/wd/hub/session/0aef57b4-f14a-4acc-9aab-0e690ff17f0d] with no body
[debug] &amp#27;[35m[WD Proxy]&amp#27;[39m Got response with status 200: {"sessionId":"0aef57b4-f14a-4acc-9aab-0e690ff17f0d","value":{"lastScrollData":null}}
[debug] &amp#27;[35m[W3C (f616daab)]&amp#27;[39m Responding to client with driver.getSession() result: {"platform":"LINUX","webStorageEnabled":false,"takesScreenshot":true,"javascriptEnabled":true,"databaseEnabled":false,"networkConnectionEnabled":true,"locationContextEnabled":false,"warnings":{},"desired":{"platformName":"android","appium-version":"1.15.1","isHeadless":true,"app":"C:\\Users\\aakashgaur\\eclipse-workspace\\Exit_Assginment\\resources\\App\\API Demos_4.0_apkcombo.com.apk","appActivity":"com.hmh.api.ApiDemos","appPackage":"com.hmh.api","avdArgs":"-no-window","deviceName":"Android","platformVersion":"8.1"},"platformName":"android","appium-version":"1.15.1","isHeadless":true,"app":"C:\\Users\\aakashgaur\\eclipse-workspace\\Exit_Assginment\\resources\\App\\API Demos_4.0_apkcombo.com.apk","appActivity":"com.hmh.api.ApiDemos","appPackage":"com.hmh.api","avdArgs":"-no-window","deviceName":"emulator-5554","platformVersion":"8.1.0","deviceUDID":"emulator-5554","deviceApiLevel":27,"deviceScreenSize":"1080x2340","deviceScreenDensity":440,"deviceModel":"Android SDK built for x86","deviceManufacturer":"Go...
&amp#27;[35m[HTTP]&amp#27;[39m &amp#27;[37m<-- GET /wd/hub/session/f616daab-aab0-425e-8801-66cbf7dc4cc8 &amp#27;[39m&amp#27;[32m200&amp#27;[39m &amp#27;[90m23 ms - 1158&amp#27;[39m
&amp#27;[35m[HTTP]&amp#27;[39m &amp#27;[90m&amp#27;[39m
&amp#27;[35m[HTTP]&amp#27;[39m &amp#27;[37m-->&amp#27;[39m &amp#27;[37mGET&amp#27;[39m &amp#27;[37m/wd/hub/session/f616daab-aab0-425e-8801-66cbf7dc4cc8&amp#27;[39m
&amp#27;[35m[HTTP]&amp#27;[39m &amp#27;[90m{}&amp#27;[39m
[debug] &amp#27;[35m[W3C (f616daab)]&amp#27;[39m Calling AppiumDriver.getSession() with args: ["f616daab-aab0-425e-8801-66cbf7dc4cc8"]
[debug] &amp#27;[35m[UiAutomator2]&amp#27;[39m Getting session details from server to mix in
[debug] &amp#27;[35m[WD Proxy]&amp#27;[39m Matched '/' to command name 'getSession'
[debug] &amp#27;[35m[WD Proxy]&amp#27;[39m Proxying [GET /] to [GET http://127.0.0.1:8200/wd/hub/session/0aef57b4-f14a-4acc-9aab-0e690ff17f0d] with no body
[debug] &amp#27;[35m[WD Proxy]&amp#27;[39m Got response with status 200: {"sessionId":"0aef57b4-f14a-4acc-9aab-0e690ff17f0d","value":{"lastScrollData":null}}
[debug] &amp#27;[35m[W3C (f616daab)]&amp#27;[39m Responding to client with driver.getSession() result: {"platform":"LINUX","webStorageEnabled":false,"takesScreenshot":true,"javascriptEnabled":true,"databaseEnabled":false,"networkConnectionEnabled":true,"locationContextEnabled":false,"warnings":{},"desired":{"platformName":"android","appium-version":"1.15.1","isHeadless":true,"app":"C:\\Users\\aakashgaur\\eclipse-workspace\\Exit_Assginment\\resources\\App\\API Demos_4.0_apkcombo.com.apk","appActivity":"com.hmh.api.ApiDemos","appPackage":"com.hmh.api","avdArgs":"-no-window","deviceName":"Android","platformVersion":"8.1"},"platformName":"android","appium-version":"1.15.1","isHeadless":true,"app":"C:\\Users\\aakashgaur\\eclipse-workspace\\Exit_Assginment\\resources\\App\\API Demos_4.0_apkcombo.com.apk","appActivity":"com.hmh.api.ApiDemos","appPackage":"com.hmh.api","avdArgs":"-no-window","deviceName":"emulator-5554","platformVersion":"8.1.0","deviceUDID":"emulator-5554","deviceApiLevel":27,"deviceScreenSize":"1080x2340","deviceScreenDensity":440,"deviceModel":"Android SDK built for x86","deviceManufacturer":"Go...
&amp#27;[35m[HTTP]&amp#27;[39m &amp#27;[37m<-- GET /wd/hub/session/f616daab-aab0-425e-8801-66cbf7dc4cc8 &amp#27;[39m&amp#27;[32m200&amp#27;[39m &amp#27;[90m27 ms - 1158&amp#27;[39m
&amp#27;[35m[HTTP]&amp#27;[39m &amp#27;[90m&amp#27;[39m
&amp#27;[35m[HTTP]&amp#27;[39m &amp#27;[37m-->&amp#27;[39m &amp#27;[37mGET&amp#27;[39m &amp#27;[37m/wd/hub/session/f616daab-aab0-425e-8801-66cbf7dc4cc8&amp#27;[39m
&amp#27;[35m[HTTP]&amp#27;[39m &amp#27;[90m{}&amp#27;[39m
[debug] &amp#27;[35m[W3C (f616daab)]&amp#27;[39m Calling AppiumDriver.getSession() with args: ["f616daab-aab0-425e-8801-66cbf7dc4cc8"]
[debug] &amp#27;[35m[UiAutomator2]&amp#27;[39m Getting session details from server to mix in
[debug] &amp#27;[35m[WD Proxy]&amp#27;[39m Matched '/' to command name 'getSession'
[debug] &amp#27;[35m[WD Proxy]&amp#27;[39m Proxying [GET /] to [GET http://127.0.0.1:8200/wd/hub/session/0aef57b4-f14a-4acc-9aab-0e690ff17f0d] with no body
[debug] &amp#27;[35m[WD Proxy]&amp#27;[39m Got response with status 200: {"sessionId":"0aef57b4-f14a-4acc-9aab-0e690ff17f0d","value":{"lastScrollData":null}}
[debug] &amp#27;[35m[W3C (f616daab)]&amp#27;[39m Responding to client with driver.getSession() result: {"platform":"LINUX","webStorageEnabled":false,"takesScreenshot":true,"javascriptEnabled":true,"databaseEnabled":false,"networkConnectionEnabled":true,"locationContextEnabled":false,"warnings":{},"desired":{"platformName":"android","appium-version":"1.15.1","isHeadless":true,"app":"C:\\Users\\aakashgaur\\eclipse-workspace\\Exit_Assginment\\resources\\App\\API Demos_4.0_apkcombo.com.apk","appActivity":"com.hmh.api.ApiDemos","appPackage":"com.hmh.api","avdArgs":"-no-window","deviceName":"Android","platformVersion":"8.1"},"platformName":"android","appium-version":"1.15.1","isHeadless":true,"app":"C:\\Users\\aakashgaur\\eclipse-workspace\\Exit_Assginment\\resources\\App\\API Demos_4.0_apkcombo.com.apk","appActivity":"com.hmh.api.ApiDemos","appPackage":"com.hmh.api","avdArgs":"-no-window","deviceName":"emulator-5554","platformVersion":"8.1.0","deviceUDID":"emulator-5554","deviceApiLevel":27,"deviceScreenSize":"1080x2340","deviceScreenDensity":440,"deviceModel":"Android SDK built for x86","deviceManufacturer":"Go...
&amp#27;[35m[HTTP]&amp#27;[39m &amp#27;[37m<-- GET /wd/hub/session/f616daab-aab0-425e-8801-66cbf7dc4cc8 &amp#27;[39m&amp#27;[32m200&amp#27;[39m &amp#27;[90m23 ms - 1158&amp#27;[39m
&amp#27;[35m[HTTP]&amp#27;[39m &amp#27;[90m&amp#27;[39m
&amp#27;[35m[HTTP]&amp#27;[39m &amp#27;[37m-->&amp#27;[39m &amp#27;[37mGET&amp#27;[39m &amp#27;[37m/wd/hub/session/f616daab-aab0-425e-8801-66cbf7dc4cc8&amp#27;[39m
&amp#27;[35m[HTTP]&amp#27;[39m &amp#27;[90m{}&amp#27;[39m
[debug] &amp#27;[35m[W3C (f616daab)]&amp#27;[39m Calling AppiumDriver.getSession() with args: ["f616daab-aab0-425e-8801-66cbf7dc4cc8"]
[debug] &amp#27;[35m[UiAutomator2]&amp#27;[39m Getting session details from server to mix in
[debug] &amp#27;[35m[WD Proxy]&amp#27;[39m Matched '/' to command name 'getSession'
[debug] &amp#27;[35m[WD Proxy]&amp#27;[39m Proxying [GET /] to [GET http://127.0.0.1:8200/wd/hub/session/0aef57b4-f14a-4acc-9aab-0e690ff17f0d] with no body
[debug] &amp#27;[35m[WD Proxy]&amp#27;[39m Got response with status 200: {"sessionId":"0aef57b4-f14a-4acc-9aab-0e690ff17f0d","value":{"lastScrollData":null}}
[debug] &amp#27;[35m[W3C (f616daab)]&amp#27;[39m Responding to client with driver.getSession() result: {"platform":"LINUX","webStorageEnabled":false,"takesScreenshot":true,"javascriptEnabled":true,"databaseEnabled":false,"networkConnectionEnabled":true,"locationContextEnabled":false,"warnings":{},"desired":{"platformName":"android","appium-version":"1.15.1","isHeadless":true,"app":"C:\\Users\\aakashgaur\\eclipse-workspace\\Exit_Assginment\\resources\\App\\API Demos_4.0_apkcombo.com.apk","appActivity":"com.hmh.api.ApiDemos","appPackage":"com.hmh.api","avdArgs":"-no-window","deviceName":"Android","platformVersion":"8.1"},"platformName":"android","appium-version":"1.15.1","isHeadless":true,"app":"C:\\Users\\aakashgaur\\eclipse-workspace\\Exit_Assginment\\resources\\App\\API Demos_4.0_apkcombo.com.apk","appActivity":"com.hmh.api.ApiDemos","appPackage":"com.hmh.api","avdArgs":"-no-window","deviceName":"emulator-5554","platformVersion":"8.1.0","deviceUDID":"emulator-5554","deviceApiLevel":27,"deviceScreenSize":"1080x2340","deviceScreenDensity":440,"deviceModel":"Android SDK built for x86","deviceManufacturer":"Go...
&amp#27;[35m[HTTP]&amp#27;[39m &amp#27;[37m<-- GET /wd/hub/session/f616daab-aab0-425e-8801-66cbf7dc4cc8 &amp#27;[39m&amp#27;[32m200&amp#27;[39m &amp#27;[90m32 ms - 1158&amp#27;[39m
&amp#27;[35m[HTTP]&amp#27;[39m &amp#27;[90m&amp#27;[39m
&amp#27;[35m[HTTP]&amp#27;[39m &amp#27;[37m-->&amp#27;[39m &amp#27;[37mPOST&amp#27;[39m &amp#27;[37m/wd/hub/session/f616daab-aab0-425e-8801-66cbf7dc4cc8/element&amp#27;[39m
&amp#27;[35m[HTTP]&amp#27;[39m &amp#27;[90m{"using":"xpath","value":"//android.widget.TextView[@text = 'Views']"}&amp#27;[39m
[debug] &amp#27;[35m[W3C (f616daab)]&amp#27;[39m Calling AppiumDriver.findElement() with args: ["xpath","//android.widget.TextView[@text = 'Views']","f616daab-aab0-425e-8801-66cbf7dc4cc8"]
[debug] &amp#27;[35m[BaseDriver]&amp#27;[39m Valid locator strategies for this request: xpath, id, class name, accessibility id, css selector, -android uiautomator
[debug] &amp#27;[35m[BaseDriver]&amp#27;[39m Waiting up to 0 ms for condition
[debug] &amp#27;[35m[WD Proxy]&amp#27;[39m Matched '/element' to command name 'findElement'
[debug] &amp#27;[35m[WD Proxy]&amp#27;[39m Proxying [POST /element] to [POST http://127.0.0.1:8200/wd/hub/session/0aef57b4-f14a-4acc-9aab-0e690ff17f0d/element] with body: {"strategy":"xpath","selector":"//android.widget.TextView[@text = 'Views']","context":"","multiple":false}
[debug] &amp#27;[35m[WD Proxy]&amp#27;[39m Got response with status 200: {"sessionId":"0aef57b4-f14a-4acc-9aab-0e690ff17f0d","value":{"ELEMENT":"00000000-0000-0022-ffff-ffff00000011","element-6066-11e4-a52e-4f735466cecf":"00000000-0000-0022-ffff-ffff00000011"}}
[debug] &amp#27;[35m[W3C (f616daab)]&amp#27;[39m Responding to client with driver.findElement() result: {"element-6066-11e4-a52e-4f735466cecf":"00000000-0000-0022-ffff-ffff00000011","ELEMENT":"00000000-0000-0022-ffff-ffff00000011"}
&amp#27;[35m[HTTP]&amp#27;[39m &amp#27;[37m<-- POST /wd/hub/session/f616daab-aab0-425e-8801-66cbf7dc4cc8/element &amp#27;[39m&amp#27;[32m200&amp#27;[39m &amp#27;[90m1479 ms - 137&amp#27;[39m
&amp#27;[35m[HTTP]&amp#27;[39m &amp#27;[90m&amp#27;[39m
&amp#27;[35m[HTTP]&amp#27;[39m &amp#27;[37m-->&amp#27;[39m &amp#27;[37mGET&amp#27;[39m &amp#27;[37m/wd/hub/session/f616daab-aab0-425e-8801-66cbf7dc4cc8/element/00000000-0000-0022-ffff-ffff00000011/displayed&amp#27;[39m
&amp#27;[35m[HTTP]&amp#27;[39m &amp#27;[90m{}&amp#27;[39m
[debug] &amp#27;[35m[W3C (f616daab)]&amp#27;[39m Calling AppiumDriver.elementDisplayed() with args: ["00000000-0000-0022-ffff-ffff00000011","f616daab-aab0-425e-8801-66cbf7dc4cc8"]
[debug] &amp#27;[35m[WD Proxy]&amp#27;[39m Matched '/element/00000000-0000-0022-ffff-ffff00000011/attribute/displayed' to command name 'getAttribute'
[debug] &amp#27;[35m[WD Proxy]&amp#27;[39m Proxying [GET /element/00000000-0000-0022-ffff-ffff00000011/attribute/displayed] to [GET http://127.0.0.1:8200/wd/hub/session/0aef57b4-f14a-4acc-9aab-0e690ff17f0d/element/00000000-0000-0022-ffff-ffff00000011/attribute/displayed] with no body
[debug] &amp#27;[35m[WD Proxy]&amp#27;[39m Got response with status 200: {"sessionId":"0aef57b4-f14a-4acc-9aab-0e690ff17f0d","value":"true"}
[debug] &amp#27;[35m[W3C (f616daab)]&amp#27;[39m Responding to client with driver.elementDisplayed() result: true
&amp#27;[35m[HTTP]&amp#27;[39m &amp#27;[37m<-- GET /wd/hub/session/f616daab-aab0-425e-8801-66cbf7dc4cc8/element/00000000-0000-0022-ffff-ffff00000011/displayed &amp#27;[39m&amp#27;[32m200&amp#27;[39m &amp#27;[90m19 ms - 14&amp#27;[39m
&amp#27;[35m[HTTP]&amp#27;[39m &amp#27;[90m&amp#27;[39m
&amp#27;[35m[HTTP]&amp#27;[39m &amp#27;[37m-->&amp#27;[39m &amp#27;[37mGET&amp#27;[39m &amp#27;[37m/wd/hub/session/f616daab-aab0-425e-8801-66cbf7dc4cc8&amp#27;[39m
&amp#27;[35m[HTTP]&amp#27;[39m &amp#27;[90m{}&amp#27;[39m
[debug] &amp#27;[35m[W3C (f616daab)]&amp#27;[39m Calling AppiumDriver.getSession() with args: ["f616daab-aab0-425e-8801-66cbf7dc4cc8"]
[debug] &amp#27;[35m[UiAutomator2]&amp#27;[39m Getting session details from server to mix in
[debug] &amp#27;[35m[WD Proxy]&amp#27;[39m Matched '/' to command name 'getSession'
[debug] &amp#27;[35m[WD Proxy]&amp#27;[39m Proxying [GET /] to [GET http://127.0.0.1:8200/wd/hub/session/0aef57b4-f14a-4acc-9aab-0e690ff17f0d] with no body
[debug] &amp#27;[35m[WD Proxy]&amp#27;[39m Got response with status 200: {"sessionId":"0aef57b4-f14a-4acc-9aab-0e690ff17f0d","value":{"lastScrollData":null}}
[debug] &amp#27;[35m[W3C (f616daab)]&amp#27;[39m Responding to client with driver.getSession() result: {"platform":"LINUX","webStorageEnabled":false,"takesScreenshot":true,"javascriptEnabled":true,"databaseEnabled":false,"networkConnectionEnabled":true,"locationContextEnabled":false,"warnings":{},"desired":{"platformName":"android","appium-version":"1.15.1","isHeadless":true,"app":"C:\\Users\\aakashgaur\\eclipse-workspace\\Exit_Assginment\\resources\\App\\API Demos_4.0_apkcombo.com.apk","appActivity":"com.hmh.api.ApiDemos","appPackage":"com.hmh.api","avdArgs":"-no-window","deviceName":"Android","platformVersion":"8.1"},"platformName":"android","appium-version":"1.15.1","isHeadless":true,"app":"C:\\Users\\aakashgaur\\eclipse-workspace\\Exit_Assginment\\resources\\App\\API Demos_4.0_apkcombo.com.apk","appActivity":"com.hmh.api.ApiDemos","appPackage":"com.hmh.api","avdArgs":"-no-window","deviceName":"emulator-5554","platformVersion":"8.1.0","deviceUDID":"emulator-5554","deviceApiLevel":27,"deviceScreenSize":"1080x2340","deviceScreenDensity":440,"deviceModel":"Android SDK built for x86","deviceManufacturer":"Go...
&amp#27;[35m[HTTP]&amp#27;[39m &amp#27;[37m<-- GET /wd/hub/session/f616daab-aab0-425e-8801-66cbf7dc4cc8 &amp#27;[39m&amp#27;[32m200&amp#27;[39m &amp#27;[90m16 ms - 1158&amp#27;[39m
&amp#27;[35m[HTTP]&amp#27;[39m &amp#27;[90m&amp#27;[39m
&amp#27;[35m[HTTP]&amp#27;[39m &amp#27;[37m-->&amp#27;[39m &amp#27;[37mPOST&amp#27;[39m &amp#27;[37m/wd/hub/session/f616daab-aab0-425e-8801-66cbf7dc4cc8/element&amp#27;[39m
&amp#27;[35m[HTTP]&amp#27;[39m &amp#27;[90m{"using":"xpath","value":"//android.widget.TextView[@text = 'Views']"}&amp#27;[39m
[debug] &amp#27;[35m[W3C (f616daab)]&amp#27;[39m Calling AppiumDriver.findElement() with args: ["xpath","//android.widget.TextView[@text = 'Views']","f616daab-aab0-425e-8801-66cbf7dc4cc8"]
[debug] &amp#27;[35m[BaseDriver]&amp#27;[39m Valid locator strategies for this request: xpath, id, class name, accessibility id, css selector, -android uiautomator
[debug] &amp#27;[35m[BaseDriver]&amp#27;[39m Waiting up to 0 ms for condition
[debug] &amp#27;[35m[WD Proxy]&amp#27;[39m Matched '/element' to command name 'findElement'
[debug] &amp#27;[35m[WD Proxy]&amp#27;[39m Proxying [POST /element] to [POST http://127.0.0.1:8200/wd/hub/session/0aef57b4-f14a-4acc-9aab-0e690ff17f0d/element] with body: {"strategy":"xpath","selector":"//android.widget.TextView[@text = 'Views']","context":"","multiple":false}
[debug] &amp#27;[35m[WD Proxy]&amp#27;[39m Got response with status 200: {"sessionId":"0aef57b4-f14a-4acc-9aab-0e690ff17f0d","value":{"ELEMENT":"00000000-0000-0022-ffff-ffff00000011","element-6066-11e4-a52e-4f735466cecf":"00000000-0000-0022-ffff-ffff00000011"}}
[debug] &amp#27;[35m[W3C (f616daab)]&amp#27;[39m Responding to client with driver.findElement() result: {"element-6066-11e4-a52e-4f735466cecf":"00000000-0000-0022-ffff-ffff00000011","ELEMENT":"00000000-0000-0022-ffff-ffff00000011"}
&amp#27;[35m[HTTP]&amp#27;[39m &amp#27;[37m<-- POST /wd/hub/session/f616daab-aab0-425e-8801-66cbf7dc4cc8/element &amp#27;[39m&amp#27;[32m200&amp#27;[39m &amp#27;[90m177 ms - 137&amp#27;[39m
&amp#27;[35m[HTTP]&amp#27;[39m &amp#27;[90m&amp#27;[39m
&amp#27;[35m[HTTP]&amp#27;[39m &amp#27;[37m-->&amp#27;[39m &amp#27;[37mPOST&amp#27;[39m &amp#27;[37m/wd/hub/session/f616daab-aab0-425e-8801-66cbf7dc4cc8/touch/perform&amp#27;[39m
&amp#27;[35m[HTTP]&amp#27;[39m &amp#27;[90m{"actions":[{"action":"tap","options":{"element":"00000000-0000-0022-ffff-ffff00000011"}}]}&amp#27;[39m
[debug] &amp#27;[35m[W3C (f616daab)]&amp#27;[39m Calling AppiumDriver.performTouch() with args: [[{"action":"tap","options":{"element":"00000000-0000-0022-ffff-ffff00000011"}}],"f616daab-aab0-425e-8801-66cbf7dc4cc8"]
&amp#27;[35m[UiAutomator2]&amp#27;[39m calling get location: 00000000-0000-0022-ffff-ffff00000011
[debug] &amp#27;[35m[WD Proxy]&amp#27;[39m Matched '/element/00000000-0000-0022-ffff-ffff00000011/location' to command name 'getLocation'
[debug] &amp#27;[35m[WD Proxy]&amp#27;[39m Proxying [GET /element/00000000-0000-0022-ffff-ffff00000011/location] to [GET http://127.0.0.1:8200/wd/hub/session/0aef57b4-f14a-4acc-9aab-0e690ff17f0d/element/00000000-0000-0022-ffff-ffff00000011/location] with no body
[debug] &amp#27;[35m[WD Proxy]&amp#27;[39m Got response with status 200: {"sessionId":"0aef57b4-f14a-4acc-9aab-0e690ff17f0d","value":{"x":0,"y":1570}}
[debug] &amp#27;[35m[WD Proxy]&amp#27;[39m Matched '/element/00000000-0000-0022-ffff-ffff00000011/size' to command name 'getSize'
[debug] &amp#27;[35m[WD Proxy]&amp#27;[39m Proxying [GET /element/00000000-0000-0022-ffff-ffff00000011/size] to [GET http://127.0.0.1:8200/wd/hub/session/0aef57b4-f14a-4acc-9aab-0e690ff17f0d/element/00000000-0000-0022-ffff-ffff00000011/size] with no body
[debug] &amp#27;[35m[WD Proxy]&amp#27;[39m Got response with status 200: {"sessionId":"0aef57b4-f14a-4acc-9aab-0e690ff17f0d","value":{"height":132,"width":1080}}
[debug] &amp#27;[35m[WD Proxy]&amp#27;[39m Proxying [POST /appium/tap] to [POST http://127.0.0.1:8200/wd/hub/session/0aef57b4-f14a-4acc-9aab-0e690ff17f0d/appium/tap] with body: {"x":540,"y":1636,"undefined":null}
[debug] &amp#27;[35m[WD Proxy]&amp#27;[39m Got response with status 200: {"sessionId":"0aef57b4-f14a-4acc-9aab-0e690ff17f0d","value":null}
[debug] &amp#27;[35m[W3C (f616daab)]&amp#27;[39m Responding to client with driver.performTouch() result: null
&amp#27;[35m[HTTP]&amp#27;[39m &amp#27;[37m<-- POST /wd/hub/session/f616daab-aab0-425e-8801-66cbf7dc4cc8/touch/perform &amp#27;[39m&amp#27;[32m200&amp#27;[39m &amp#27;[90m1354 ms - 14&amp#27;[39m
&amp#27;[35m[HTTP]&amp#27;[39m &amp#27;[90m&amp#27;[39m
  When User Tap on Views                                        # com.apidemo.stepdefinition.WhenStepDefinition.user_Tap_on_views()
swipeScreen(): dir: 'UP'
&amp#27;[35m[HTTP]&amp#27;[39m &amp#27;[37m-->&amp#27;[39m &amp#27;[37mGET&amp#27;[39m &amp#27;[37m/wd/hub/session/f616daab-aab0-425e-8801-66cbf7dc4cc8/window/rect&amp#27;[39m
&amp#27;[35m[HTTP]&amp#27;[39m &amp#27;[90m{}&amp#27;[39m
[debug] &amp#27;[35m[W3C (f616daab)]&amp#27;[39m Calling AppiumDriver.getWindowRect() with args: ["f616daab-aab0-425e-8801-66cbf7dc4cc8"]
[debug] &amp#27;[35m[WD Proxy]&amp#27;[39m Matched '/window/current/size' to command name 'getWindowSize'
[debug] &amp#27;[35m[WD Proxy]&amp#27;[39m Proxying [GET /window/current/size] to [GET http://127.0.0.1:8200/wd/hub/session/0aef57b4-f14a-4acc-9aab-0e690ff17f0d/window/current/size] with no body
[debug] &amp#27;[35m[WD Proxy]&amp#27;[39m Got response with status 200: {"sessionId":"0aef57b4-f14a-4acc-9aab-0e690ff17f0d","value":{"height":2208,"width":1080}}
[debug] &amp#27;[35m[W3C (f616daab)]&amp#27;[39m Responding to client with driver.getWindowRect() result: {"width":1080,"height":2208,"x":0,"y":0}
&amp#27;[35m[HTTP]&amp#27;[39m &amp#27;[37m<-- GET /wd/hub/session/f616daab-aab0-425e-8801-66cbf7dc4cc8/window/rect &amp#27;[39m&amp#27;[32m200&amp#27;[39m &amp#27;[90m14 ms - 50&amp#27;[39m
&amp#27;[35m[HTTP]&amp#27;[39m &amp#27;[90m&amp#27;[39m
&amp#27;[35m[HTTP]&amp#27;[39m &amp#27;[37m-->&amp#27;[39m &amp#27;[37mPOST&amp#27;[39m &amp#27;[37m/wd/hub/session/f616daab-aab0-425e-8801-66cbf7dc4cc8/touch/perform&amp#27;[39m
&amp#27;[35m[HTTP]&amp#27;[39m &amp#27;[90m{"actions":[{"action":"press","options":{"x":540,"y":1104}},{"action":"wait","options":{"ms":200}},{"action":"moveTo","options":{"x":540,"y":10}},{"action":"release","options":{}}]}&amp#27;[39m
[debug] &amp#27;[35m[W3C (f616daab)]&amp#27;[39m Calling AppiumDriver.performTouch() with args: [[{"action":"press","options":{"x":540,"y":1104}},{"action":"wait","options":{"ms":200}},{"action":"moveTo","options":{"x":540,"y":10}},{"action":"release","options":{}}],"f616daab-aab0-425e-8801-66cbf7dc4cc8"]
[debug] &amp#27;[35m[WD Proxy]&amp#27;[39m Matched '/touch/perform' to command name 'performTouch'
[debug] &amp#27;[35m[WD Proxy]&amp#27;[39m Proxying [POST /touch/perform] to [POST http://127.0.0.1:8200/wd/hub/session/0aef57b4-f14a-4acc-9aab-0e690ff17f0d/touch/perform] with body: {"startX":540,"startY":1104,"endX":540,"endY":10,"steps":6}
[debug] &amp#27;[35m[WD Proxy]&amp#27;[39m Got response with status 200: {"sessionId":"0aef57b4-f14a-4acc-9aab-0e690ff17f0d","value":null}
[debug] &amp#27;[35m[W3C (f616daab)]&amp#27;[39m Responding to client with driver.performTouch() result: null
&amp#27;[35m[HTTP]&amp#27;[39m &amp#27;[37m<-- POST /wd/hub/session/f616daab-aab0-425e-8801-66cbf7dc4cc8/touch/perform &amp#27;[39m&amp#27;[32m200&amp#27;[39m &amp#27;[90m894 ms - 14&amp#27;[39m
&amp#27;[35m[HTTP]&amp#27;[39m &amp#27;[90m&amp#27;[39m
  And User Scroll Up the Screen                                 # com.apidemo.stepdefinition.WhenStepDefinition.scroll_down_the_screen()
&amp#27;[35m[HTTP]&amp#27;[39m &amp#27;[37m-->&amp#27;[39m &amp#27;[37mGET&amp#27;[39m &amp#27;[37m/wd/hub/session/f616daab-aab0-425e-8801-66cbf7dc4cc8&amp#27;[39m
&amp#27;[35m[HTTP]&amp#27;[39m &amp#27;[90m{}&amp#27;[39m
[debug] &amp#27;[35m[W3C (f616daab)]&amp#27;[39m Calling AppiumDriver.getSession() with args: ["f616daab-aab0-425e-8801-66cbf7dc4cc8"]
[debug] &amp#27;[35m[UiAutomator2]&amp#27;[39m Getting session details from server to mix in
[debug] &amp#27;[35m[WD Proxy]&amp#27;[39m Matched '/' to command name 'getSession'
[debug] &amp#27;[35m[WD Proxy]&amp#27;[39m Proxying [GET /] to [GET http://127.0.0.1:8200/wd/hub/session/0aef57b4-f14a-4acc-9aab-0e690ff17f0d] with no body
[debug] &amp#27;[35m[WD Proxy]&amp#27;[39m Got response with status 200: {"sessionId":"0aef57b4-f14a-4acc-9aab-0e690ff17f0d","value":{"lastScrollData":{"toIndex":31,"maxScrollY":-1,"maxScrollX":-1,"scrollY":-1,"scrollX":-1,"fromIndex":18,"itemCount":37}}}
[debug] &amp#27;[35m[W3C (f616daab)]&amp#27;[39m Responding to client with driver.getSession() result: {"platform":"LINUX","webStorageEnabled":false,"takesScreenshot":true,"javascriptEnabled":true,"databaseEnabled":false,"networkConnectionEnabled":true,"locationContextEnabled":false,"warnings":{},"desired":{"platformName":"android","appium-version":"1.15.1","isHeadless":true,"app":"C:\\Users\\aakashgaur\\eclipse-workspace\\Exit_Assginment\\resources\\App\\API Demos_4.0_apkcombo.com.apk","appActivity":"com.hmh.api.ApiDemos","appPackage":"com.hmh.api","avdArgs":"-no-window","deviceName":"Android","platformVersion":"8.1"},"platformName":"android","appium-version":"1.15.1","isHeadless":true,"app":"C:\\Users\\aakashgaur\\eclipse-workspace\\Exit_Assginment\\resources\\App\\API Demos_4.0_apkcombo.com.apk","appActivity":"com.hmh.api.ApiDemos","appPackage":"com.hmh.api","avdArgs":"-no-window","deviceName":"emulator-5554","platformVersion":"8.1.0","deviceUDID":"emulator-5554","deviceApiLevel":27,"deviceScreenSize":"1080x2340","deviceScreenDensity":440,"deviceModel":"Android SDK built for x86","deviceManufacturer":"Go...
&amp#27;[35m[HTTP]&amp#27;[39m &amp#27;[37m<-- GET /wd/hub/session/f616daab-aab0-425e-8801-66cbf7dc4cc8 &amp#27;[39m&amp#27;[32m200&amp#27;[39m &amp#27;[90m13 ms - 1256&amp#27;[39m
&amp#27;[35m[HTTP]&amp#27;[39m &amp#27;[90m&amp#27;[39m
&amp#27;[35m[HTTP]&amp#27;[39m &amp#27;[37m-->&amp#27;[39m &amp#27;[37mPOST&amp#27;[39m &amp#27;[37m/wd/hub/session/f616daab-aab0-425e-8801-66cbf7dc4cc8/element&amp#27;[39m
&amp#27;[35m[HTTP]&amp#27;[39m &amp#27;[90m{"using":"xpath","value":"//android.widget.TextView[@text = 'Visibility']"}&amp#27;[39m
[debug] &amp#27;[35m[W3C (f616daab)]&amp#27;[39m Calling AppiumDriver.findElement() with args: ["xpath","//android.widget.TextView[@text = 'Visibility']","f616daab-aab0-425e-8801-66cbf7dc4cc8"]
[debug] &amp#27;[35m[BaseDriver]&amp#27;[39m Valid locator strategies for this request: xpath, id, class name, accessibility id, css selector, -android uiautomator
[debug] &amp#27;[35m[BaseDriver]&amp#27;[39m Waiting up to 0 ms for condition
[debug] &amp#27;[35m[WD Proxy]&amp#27;[39m Matched '/element' to command name 'findElement'
[debug] &amp#27;[35m[WD Proxy]&amp#27;[39m Proxying [POST /element] to [POST http://127.0.0.1:8200/wd/hub/session/0aef57b4-f14a-4acc-9aab-0e690ff17f0d/element] with body: {"strategy":"xpath","selector":"//android.widget.TextView[@text = 'Visibility']","context":"","multiple":false}
&amp#27;[35m[WD Proxy]&amp#27;[39m Got response with status 404: {"sessionId":"0aef57b4-f14a-4acc-9aab-0e690ff17f0d","value":{"error":"no such element","message":"An element could not be located on the page using the given search parameters","stacktrace":"io.appium.uiautomator2.common.exceptions.ElementNotFoundException: An element could not be located on the page using the given search parameters\n\tat io.appium.uiautomator2.handler.FindElement.findElement(FindElement.java:90)\n\tat io.appium.uiautomator2.handler.FindElement.safeHandle(FindElement.java:67)\n\tat io.appium.uiautomator2.handler.request.SafeRequestHandler.handle(SafeRequestHandler.java:59)\n\tat io.appium.uiautomator2.server.AppiumServlet.handleRequest(AppiumServlet.java:266)\n\tat io.appium.uiautomator2.server.AppiumServlet.handleHttpRequest(AppiumServlet.java:260)\n\tat io.appium.uiautomator2.http.ServerHandler.channelRead(ServerHandler.java:68)\n\tat io.netty.channel.AbstractChannelHandlerContext.invokeChannelRead(AbstractChannelHandlerContext.java:366)\n\tat io.netty.channel.AbstractChannelHandlerCont...
[debug] &amp#27;[35m[W3C]&amp#27;[39m Matched W3C error code 'no such element' to NoSuchElementError
[debug] &amp#27;[35m[W3C (f616daab)]&amp#27;[39m Encountered internal error running command: NoSuchElementError: An element could not be located on the page using the given search parameters.
[debug] &amp#27;[35m[W3C (f616daab)]&amp#27;[39m     at AndroidUiautomator2Driver.findElOrEls (C:\Users\aakashgaur\AppData\Roaming\npm\node_modules\appium\node_modules\appium-android-driver\lib\commands\find.js:75:11)
[debug] &amp#27;[35m[W3C (f616daab)]&amp#27;[39m     at runMicrotasks (<anonymous>)
[debug] &amp#27;[35m[W3C (f616daab)]&amp#27;[39m     at processTicksAndRejections (internal/process/task_queues.js:93:5)
[debug] &amp#27;[35m[W3C (f616daab)]&amp#27;[39m     at AndroidUiautomator2Driver.findElOrElsWithProcessing (C:\Users\aakashgaur\AppData\Roaming\npm\node_modules\appium\node_modules\appium-base-driver\lib\basedriver\commands\find.js:33:12)
[debug] &amp#27;[35m[W3C (f616daab)]&amp#27;[39m     at AndroidUiautomator2Driver.findElement (C:\Users\aakashgaur\AppData\Roaming\npm\node_modules\appium\node_modules\appium-base-driver\lib\basedriver\commands\find.js:53:10)
&amp#27;[35m[HTTP]&amp#27;[39m &amp#27;[37m<-- POST /wd/hub/session/f616daab-aab0-425e-8801-66cbf7dc4cc8/element &amp#27;[39m&amp#27;[33m404&amp#27;[39m &amp#27;[90m593 ms - 929&amp#27;[39m
&amp#27;[35m[HTTP]&amp#27;[39m &amp#27;[90m&amp#27;[39m
&amp#27;[35m[HTTP]&amp#27;[39m &amp#27;[37m-->&amp#27;[39m &amp#27;[37mPOST&amp#27;[39m &amp#27;[37m/wd/hub/session/f616daab-aab0-425e-8801-66cbf7dc4cc8/element&amp#27;[39m
&amp#27;[35m[HTTP]&amp#27;[39m &amp#27;[90m{"using":"xpath","value":"//android.widget.TextView[@text = 'Visibility']"}&amp#27;[39m
[debug] &amp#27;[35m[W3C (f616daab)]&amp#27;[39m Calling AppiumDriver.findElement() with args: ["xpath","//android.widget.TextView[@text = 'Visibility']","f616daab-aab0-425e-8801-66cbf7dc4cc8"]
[debug] &amp#27;[35m[BaseDriver]&amp#27;[39m Valid locator strategies for this request: xpath, id, class name, accessibility id, css selector, -android uiautomator
[debug] &amp#27;[35m[BaseDriver]&amp#27;[39m Waiting up to 0 ms for condition
[debug] &amp#27;[35m[WD Proxy]&amp#27;[39m Matched '/element' to command name 'findElement'
[debug] &amp#27;[35m[WD Proxy]&amp#27;[39m Proxying [POST /element] to [POST http://127.0.0.1:8200/wd/hub/session/0aef57b4-f14a-4acc-9aab-0e690ff17f0d/element] with body: {"strategy":"xpath","selector":"//android.widget.TextView[@text = 'Visibility']","context":"","multiple":false}
&amp#27;[35m[WD Proxy]&amp#27;[39m Got response with status 404: {"sessionId":"0aef57b4-f14a-4acc-9aab-0e690ff17f0d","value":{"error":"no such element","message":"An element could not be located on the page using the given search parameters","stacktrace":"io.appium.uiautomator2.common.exceptions.ElementNotFoundException: An element could not be located on the page using the given search parameters\n\tat io.appium.uiautomator2.handler.FindElement.findElement(FindElement.java:90)\n\tat io.appium.uiautomator2.handler.FindElement.safeHandle(FindElement.java:67)\n\tat io.appium.uiautomator2.handler.request.SafeRequestHandler.handle(SafeRequestHandler.java:59)\n\tat io.appium.uiautomator2.server.AppiumServlet.handleRequest(AppiumServlet.java:266)\n\tat io.appium.uiautomator2.server.AppiumServlet.handleHttpRequest(AppiumServlet.java:260)\n\tat io.appium.uiautomator2.http.ServerHandler.channelRead(ServerHandler.java:68)\n\tat io.netty.channel.AbstractChannelHandlerContext.invokeChannelRead(AbstractChannelHandlerContext.java:366)\n\tat io.netty.channel.AbstractChannelHandlerCont...
[debug] &amp#27;[35m[W3C]&amp#27;[39m Matched W3C error code 'no such element' to NoSuchElementError
[debug] &amp#27;[35m[W3C (f616daab)]&amp#27;[39m Encountered internal error running command: NoSuchElementError: An element could not be located on the page using the given search parameters.
[debug] &amp#27;[35m[W3C (f616daab)]&amp#27;[39m     at AndroidUiautomator2Driver.findElOrEls (C:\Users\aakashgaur\AppData\Roaming\npm\node_modules\appium\node_modules\appium-android-driver\lib\commands\find.js:75:11)
[debug] &amp#27;[35m[W3C (f616daab)]&amp#27;[39m     at runMicrotasks (<anonymous>)
[debug] &amp#27;[35m[W3C (f616daab)]&amp#27;[39m     at processTicksAndRejections (internal/process/task_queues.js:93:5)
[debug] &amp#27;[35m[W3C (f616daab)]&amp#27;[39m     at AndroidUiautomator2Driver.findElOrElsWithProcessing (C:\Users\aakashgaur\AppData\Roaming\npm\node_modules\appium\node_modules\appium-base-driver\lib\basedriver\commands\find.js:33:12)
[debug] &amp#27;[35m[W3C (f616daab)]&amp#27;[39m     at AndroidUiautomator2Driver.findElement (C:\Users\aakashgaur\AppData\Roaming\npm\node_modules\appium\node_modules\appium-base-driver\lib\basedriver\commands\find.js:53:10)
&amp#27;[35m[HTTP]&amp#27;[39m &amp#27;[37m<-- POST /wd/hub/session/f616daab-aab0-425e-8801-66cbf7dc4cc8/element &amp#27;[39m&amp#27;[33m404&amp#27;[39m &amp#27;[90m80 ms - 929&amp#27;[39m
&amp#27;[35m[HTTP]&amp#27;[39m &amp#27;[90m&amp#27;[39m
&amp#27;[35m[HTTP]&amp#27;[39m &amp#27;[37m-->&amp#27;[39m &amp#27;[37mPOST&amp#27;[39m &amp#27;[37m/wd/hub/session/f616daab-aab0-425e-8801-66cbf7dc4cc8/element&amp#27;[39m
&amp#27;[35m[HTTP]&amp#27;[39m &amp#27;[90m{"using":"xpath","value":"//android.widget.TextView[@text = 'Visibility']"}&amp#27;[39m
[debug] &amp#27;[35m[W3C (f616daab)]&amp#27;[39m Calling AppiumDriver.findElement() with args: ["xpath","//android.widget.TextView[@text = 'Visibility']","f616daab-aab0-425e-8801-66cbf7dc4cc8"]
[debug] &amp#27;[35m[BaseDriver]&amp#27;[39m Valid locator strategies for this request: xpath, id, class name, accessibility id, css selector, -android uiautomator
[debug] &amp#27;[35m[BaseDriver]&amp#27;[39m Waiting up to 0 ms for condition
[debug] &amp#27;[35m[WD Proxy]&amp#27;[39m Matched '/element' to command name 'findElement'
[debug] &amp#27;[35m[WD Proxy]&amp#27;[39m Proxying [POST /element] to [POST http://127.0.0.1:8200/wd/hub/session/0aef57b4-f14a-4acc-9aab-0e690ff17f0d/element] with body: {"strategy":"xpath","selector":"//android.widget.TextView[@text = 'Visibility']","context":"","multiple":false}
&amp#27;[35m[WD Proxy]&amp#27;[39m Got response with status 404: {"sessionId":"0aef57b4-f14a-4acc-9aab-0e690ff17f0d","value":{"error":"no such element","message":"An element could not be located on the page using the given search parameters","stacktrace":"io.appium.uiautomator2.common.exceptions.ElementNotFoundException: An element could not be located on the page using the given search parameters\n\tat io.appium.uiautomator2.handler.FindElement.findElement(FindElement.java:90)\n\tat io.appium.uiautomator2.handler.FindElement.safeHandle(FindElement.java:67)\n\tat io.appium.uiautomator2.handler.request.SafeRequestHandler.handle(SafeRequestHandler.java:59)\n\tat io.appium.uiautomator2.server.AppiumServlet.handleRequest(AppiumServlet.java:266)\n\tat io.appium.uiautomator2.server.AppiumServlet.handleHttpRequest(AppiumServlet.java:260)\n\tat io.appium.uiautomator2.http.ServerHandler.channelRead(ServerHandler.java:68)\n\tat io.netty.channel.AbstractChannelHandlerContext.invokeChannelRead(AbstractChannelHandlerContext.java:366)\n\tat io.netty.channel.AbstractChannelHandlerCont...
[debug] &amp#27;[35m[W3C]&amp#27;[39m Matched W3C error code 'no such element' to NoSuchElementError
[debug] &amp#27;[35m[W3C (f616daab)]&amp#27;[39m Encountered internal error running command: NoSuchElementError: An element could not be located on the page using the given search parameters.
[debug] &amp#27;[35m[W3C (f616daab)]&amp#27;[39m     at AndroidUiautomator2Driver.findElOrEls (C:\Users\aakashgaur\AppData\Roaming\npm\node_modules\appium\node_modules\appium-android-driver\lib\commands\find.js:75:11)
[debug] &amp#27;[35m[W3C (f616daab)]&amp#27;[39m     at runMicrotasks (<anonymous>)
[debug] &amp#27;[35m[W3C (f616daab)]&amp#27;[39m     at processTicksAndRejections (internal/process/task_queues.js:93:5)
[debug] &amp#27;[35m[W3C (f616daab)]&amp#27;[39m     at AndroidUiautomator2Driver.findElOrElsWithProcessing (C:\Users\aakashgaur\AppData\Roaming\npm\node_modules\appium\node_modules\appium-base-driver\lib\basedriver\commands\find.js:33:12)
[debug] &amp#27;[35m[W3C (f616daab)]&amp#27;[39m     at AndroidUiautomator2Driver.findElement (C:\Users\aakashgaur\AppData\Roaming\npm\node_modules\appium\node_modules\appium-base-driver\lib\basedriver\commands\find.js:53:10)
&amp#27;[35m[HTTP]&amp#27;[39m &amp#27;[37m<-- POST /wd/hub/session/f616daab-aab0-425e-8801-66cbf7dc4cc8/element &amp#27;[39m&amp#27;[33m404&amp#27;[39m &amp#27;[90m85 ms - 929&amp#27;[39m
&amp#27;[35m[HTTP]&amp#27;[39m &amp#27;[90m&amp#27;[39m
&amp#27;[35m[HTTP]&amp#27;[39m &amp#27;[37m-->&amp#27;[39m &amp#27;[37mGET&amp#27;[39m &amp#27;[37m/wd/hub/session/f616daab-aab0-425e-8801-66cbf7dc4cc8&amp#27;[39m
&amp#27;[35m[HTTP]&amp#27;[39m &amp#27;[90m{}&amp#27;[39m
[debug] &amp#27;[35m[W3C (f616daab)]&amp#27;[39m Calling AppiumDriver.getSession() with args: ["f616daab-aab0-425e-8801-66cbf7dc4cc8"]
[debug] &amp#27;[35m[UiAutomator2]&amp#27;[39m Getting session details from server to mix in
[debug] &amp#27;[35m[WD Proxy]&amp#27;[39m Matched '/' to command name 'getSession'
[debug] &amp#27;[35m[WD Proxy]&amp#27;[39m Proxying [GET /] to [GET http://127.0.0.1:8200/wd/hub/session/0aef57b4-f14a-4acc-9aab-0e690ff17f0d] with no body
[debug] &amp#27;[35m[WD Proxy]&amp#27;[39m Got response with status 200: {"sessionId":"0aef57b4-f14a-4acc-9aab-0e690ff17f0d","value":{"lastScrollData":{"toIndex":31,"maxScrollY":-1,"maxScrollX":-1,"scrollY":-1,"scrollX":-1,"fromIndex":18,"itemCount":37}}}
[debug] &amp#27;[35m[W3C (f616daab)]&amp#27;[39m Responding to client with driver.getSession() result: {"platform":"LINUX","webStorageEnabled":false,"takesScreenshot":true,"javascriptEnabled":true,"databaseEnabled":false,"networkConnectionEnabled":true,"locationContextEnabled":false,"warnings":{},"desired":{"platformName":"android","appium-version":"1.15.1","isHeadless":true,"app":"C:\\Users\\aakashgaur\\eclipse-workspace\\Exit_Assginment\\resources\\App\\API Demos_4.0_apkcombo.com.apk","appActivity":"com.hmh.api.ApiDemos","appPackage":"com.hmh.api","avdArgs":"-no-window","deviceName":"Android","platformVersion":"8.1"},"platformName":"android","appium-version":"1.15.1","isHeadless":true,"app":"C:\\Users\\aakashgaur\\eclipse-workspace\\Exit_Assginment\\resources\\App\\API Demos_4.0_apkcombo.com.apk","appActivity":"com.hmh.api.ApiDemos","appPackage":"com.hmh.api","avdArgs":"-no-window","deviceName":"emulator-5554","platformVersion":"8.1.0","deviceUDID":"emulator-5554","deviceApiLevel":27,"deviceScreenSize":"1080x2340","deviceScreenDensity":440,"deviceModel":"Android SDK built for x86","deviceManufacturer":"Go...
&amp#27;[35m[HTTP]&amp#27;[39m &amp#27;[37m<-- GET /wd/hub/session/f616daab-aab0-425e-8801-66cbf7dc4cc8 &amp#27;[39m&amp#27;[32m200&amp#27;[39m &amp#27;[90m11 ms - 1256&amp#27;[39m
&amp#27;[35m[HTTP]&amp#27;[39m &amp#27;[90m&amp#27;[39m
&amp#27;[35m[HTTP]&amp#27;[39m &amp#27;[37m-->&amp#27;[39m &amp#27;[37mPOST&amp#27;[39m &amp#27;[37m/wd/hub/session/f616daab-aab0-425e-8801-66cbf7dc4cc8/element&amp#27;[39m
&amp#27;[35m[HTTP]&amp#27;[39m &amp#27;[90m{"using":"xpath","value":"//android.widget.TextView[@text = 'Visibility']"}&amp#27;[39m
[debug] &amp#27;[35m[W3C (f616daab)]&amp#27;[39m Calling AppiumDriver.findElement() with args: ["xpath","//android.widget.TextView[@text = 'Visibility']","f616daab-aab0-425e-8801-66cbf7dc4cc8"]
[debug] &amp#27;[35m[BaseDriver]&amp#27;[39m Valid locator strategies for this request: xpath, id, class name, accessibility id, css selector, -android uiautomator
[debug] &amp#27;[35m[BaseDriver]&amp#27;[39m Waiting up to 0 ms for condition
[debug] &amp#27;[35m[WD Proxy]&amp#27;[39m Matched '/element' to command name 'findElement'
[debug] &amp#27;[35m[WD Proxy]&amp#27;[39m Proxying [POST /element] to [POST http://127.0.0.1:8200/wd/hub/session/0aef57b4-f14a-4acc-9aab-0e690ff17f0d/element] with body: {"strategy":"xpath","selector":"//android.widget.TextView[@text = 'Visibility']","context":"","multiple":false}
&amp#27;[35m[WD Proxy]&amp#27;[39m Got response with status 404: {"sessionId":"0aef57b4-f14a-4acc-9aab-0e690ff17f0d","value":{"error":"no such element","message":"An element could not be located on the page using the given search parameters","stacktrace":"io.appium.uiautomator2.common.exceptions.ElementNotFoundException: An element could not be located on the page using the given search parameters\n\tat io.appium.uiautomator2.handler.FindElement.findElement(FindElement.java:90)\n\tat io.appium.uiautomator2.handler.FindElement.safeHandle(FindElement.java:67)\n\tat io.appium.uiautomator2.handler.request.SafeRequestHandler.handle(SafeRequestHandler.java:59)\n\tat io.appium.uiautomator2.server.AppiumServlet.handleRequest(AppiumServlet.java:266)\n\tat io.appium.uiautomator2.server.AppiumServlet.handleHttpRequest(AppiumServlet.java:260)\n\tat io.appium.uiautomator2.http.ServerHandler.channelRead(ServerHandler.java:68)\n\tat io.netty.channel.AbstractChannelHandlerContext.invokeChannelRead(AbstractChannelHandlerContext.java:366)\n\tat io.netty.channel.AbstractChannelHandlerCont...
[debug] &amp#27;[35m[W3C]&amp#27;[39m Matched W3C error code 'no such element' to NoSuchElementError
[debug] &amp#27;[35m[W3C (f616daab)]&amp#27;[39m Encountered internal error running command: NoSuchElementError: An element could not be located on the page using the given search parameters.
[debug] &amp#27;[35m[W3C (f616daab)]&amp#27;[39m     at AndroidUiautomator2Driver.findElOrEls (C:\Users\aakashgaur\AppData\Roaming\npm\node_modules\appium\node_modules\appium-android-driver\lib\commands\find.js:75:11)
[debug] &amp#27;[35m[W3C (f616daab)]&amp#27;[39m     at runMicrotasks (<anonymous>)
[debug] &amp#27;[35m[W3C (f616daab)]&amp#27;[39m     at processTicksAndRejections (internal/process/task_queues.js:93:5)
[debug] &amp#27;[35m[W3C (f616daab)]&amp#27;[39m     at AndroidUiautomator2Driver.findElOrElsWithProcessing (C:\Users\aakashgaur\AppData\Roaming\npm\node_modules\appium\node_modules\appium-base-driver\lib\basedriver\commands\find.js:33:12)
[debug] &amp#27;[35m[W3C (f616daab)]&amp#27;[39m     at AndroidUiautomator2Driver.findElement (C:\Users\aakashgaur\AppData\Roaming\npm\node_modules\appium\node_modules\appium-base-driver\lib\basedriver\commands\find.js:53:10)
&amp#27;[35m[HTTP]&amp#27;[39m &amp#27;[37m<-- POST /wd/hub/session/f616daab-aab0-425e-8801-66cbf7dc4cc8/element &amp#27;[39m&amp#27;[33m404&amp#27;[39m &amp#27;[90m73 ms - 929&amp#27;[39m
&amp#27;[35m[HTTP]&amp#27;[39m &amp#27;[90m&amp#27;[39m
&amp#27;[35m[HTTP]&amp#27;[39m &amp#27;[37m-->&amp#27;[39m &amp#27;[37mPOST&amp#27;[39m &amp#27;[37m/wd/hub/session/f616daab-aab0-425e-8801-66cbf7dc4cc8/element&amp#27;[39m
&amp#27;[35m[HTTP]&amp#27;[39m &amp#27;[90m{"using":"xpath","value":"//android.widget.TextView[@text = 'Visibility']"}&amp#27;[39m
[debug] &amp#27;[35m[W3C (f616daab)]&amp#27;[39m Calling AppiumDriver.findElement() with args: ["xpath","//android.widget.TextView[@text = 'Visibility']","f616daab-aab0-425e-8801-66cbf7dc4cc8"]
[debug] &amp#27;[35m[BaseDriver]&amp#27;[39m Valid locator strategies for this request: xpath, id, class name, accessibility id, css selector, -android uiautomator
[debug] &amp#27;[35m[BaseDriver]&amp#27;[39m Waiting up to 0 ms for condition
[debug] &amp#27;[35m[WD Proxy]&amp#27;[39m Matched '/element' to command name 'findElement'
[debug] &amp#27;[35m[WD Proxy]&amp#27;[39m Proxying [POST /element] to [POST http://127.0.0.1:8200/wd/hub/session/0aef57b4-f14a-4acc-9aab-0e690ff17f0d/element] with body: {"strategy":"xpath","selector":"//android.widget.TextView[@text = 'Visibility']","context":"","multiple":false}
&amp#27;[35m[WD Proxy]&amp#27;[39m Got response with status 404: {"sessionId":"0aef57b4-f14a-4acc-9aab-0e690ff17f0d","value":{"error":"no such element","message":"An element could not be located on the page using the given search parameters","stacktrace":"io.appium.uiautomator2.common.exceptions.ElementNotFoundException: An element could not be located on the page using the given search parameters\n\tat io.appium.uiautomator2.handler.FindElement.findElement(FindElement.java:90)\n\tat io.appium.uiautomator2.handler.FindElement.safeHandle(FindElement.java:67)\n\tat io.appium.uiautomator2.handler.request.SafeRequestHandler.handle(SafeRequestHandler.java:59)\n\tat io.appium.uiautomator2.server.AppiumServlet.handleRequest(AppiumServlet.java:266)\n\tat io.appium.uiautomator2.server.AppiumServlet.handleHttpRequest(AppiumServlet.java:260)\n\tat io.appium.uiautomator2.http.ServerHandler.channelRead(ServerHandler.java:68)\n\tat io.netty.channel.AbstractChannelHandlerContext.invokeChannelRead(AbstractChannelHandlerContext.java:366)\n\tat io.netty.channel.AbstractChannelHandlerCont...
[debug] &amp#27;[35m[W3C]&amp#27;[39m Matched W3C error code 'no such element' to NoSuchElementError
[debug] &amp#27;[35m[W3C (f616daab)]&amp#27;[39m Encountered internal error running command: NoSuchElementError: An element could not be located on the page using the given search parameters.
[debug] &amp#27;[35m[W3C (f616daab)]&amp#27;[39m     at AndroidUiautomator2Driver.findElOrEls (C:\Users\aakashgaur\AppData\Roaming\npm\node_modules\appium\node_modules\appium-android-driver\lib\commands\find.js:75:11)
[debug] &amp#27;[35m[W3C (f616daab)]&amp#27;[39m     at runMicrotasks (<anonymous>)
[debug] &amp#27;[35m[W3C (f616daab)]&amp#27;[39m     at processTicksAndRejections (internal/process/task_queues.js:93:5)
[debug] &amp#27;[35m[W3C (f616daab)]&amp#27;[39m     at AndroidUiautomator2Driver.findElOrElsWithProcessing (C:\Users\aakashgaur\AppData\Roaming\npm\node_modules\appium\node_modules\appium-base-driver\lib\basedriver\commands\find.js:33:12)
[debug] &amp#27;[35m[W3C (f616daab)]&amp#27;[39m     at AndroidUiautomator2Driver.findElement (C:\Users\aakashgaur\AppData\Roaming\npm\node_modules\appium\node_modules\appium-base-driver\lib\basedriver\commands\find.js:53:10)
&amp#27;[35m[HTTP]&amp#27;[39m &amp#27;[37m<-- POST /wd/hub/session/f616daab-aab0-425e-8801-66cbf7dc4cc8/element &amp#27;[39m&amp#27;[33m404&amp#27;[39m &amp#27;[90m77 ms - 929&amp#27;[39m
&amp#27;[35m[HTTP]&amp#27;[39m &amp#27;[90m&amp#27;[39m
&amp#27;[35m[HTTP]&amp#27;[39m &amp#27;[37m-->&amp#27;[39m &amp#27;[37mPOST&amp#27;[39m &amp#27;[37m/wd/hub/session/f616daab-aab0-425e-8801-66cbf7dc4cc8/element&amp#27;[39m
&amp#27;[35m[HTTP]&amp#27;[39m &amp#27;[90m{"using":"xpath","value":"//android.widget.TextView[@text = 'Visibility']"}&amp#27;[39m
[debug] &amp#27;[35m[W3C (f616daab)]&amp#27;[39m Calling AppiumDriver.findElement() with args: ["xpath","//android.widget.TextView[@text = 'Visibility']","f616daab-aab0-425e-8801-66cbf7dc4cc8"]
[debug] &amp#27;[35m[BaseDriver]&amp#27;[39m Valid locator strategies for this request: xpath, id, class name, accessibility id, css selector, -android uiautomator
[debug] &amp#27;[35m[BaseDriver]&amp#27;[39m Waiting up to 0 ms for condition
[debug] &amp#27;[35m[WD Proxy]&amp#27;[39m Matched '/element' to command name 'findElement'
[debug] &amp#27;[35m[WD Proxy]&amp#27;[39m Proxying [POST /element] to [POST http://127.0.0.1:8200/wd/hub/session/0aef57b4-f14a-4acc-9aab-0e690ff17f0d/element] with body: {"strategy":"xpath","selector":"//android.widget.TextView[@text = 'Visibility']","context":"","multiple":false}
&amp#27;[35m[WD Proxy]&amp#27;[39m Got response with status 404: {"sessionId":"0aef57b4-f14a-4acc-9aab-0e690ff17f0d","value":{"error":"no such element","message":"An element could not be located on the page using the given search parameters","stacktrace":"io.appium.uiautomator2.common.exceptions.ElementNotFoundException: An element could not be located on the page using the given search parameters\n\tat io.appium.uiautomator2.handler.FindElement.findElement(FindElement.java:90)\n\tat io.appium.uiautomator2.handler.FindElement.safeHandle(FindElement.java:67)\n\tat io.appium.uiautomator2.handler.request.SafeRequestHandler.handle(SafeRequestHandler.java:59)\n\tat io.appium.uiautomator2.server.AppiumServlet.handleRequest(AppiumServlet.java:266)\n\tat io.appium.uiautomator2.server.AppiumServlet.handleHttpRequest(AppiumServlet.java:260)\n\tat io.appium.uiautomator2.http.ServerHandler.channelRead(ServerHandler.java:68)\n\tat io.netty.channel.AbstractChannelHandlerContext.invokeChannelRead(AbstractChannelHandlerContext.java:366)\n\tat io.netty.channel.AbstractChannelHandlerCont...
[debug] &amp#27;[35m[W3C]&amp#27;[39m Matched W3C error code 'no such element' to NoSuchElementError
[debug] &amp#27;[35m[W3C (f616daab)]&amp#27;[39m Encountered internal error running command: NoSuchElementError: An element could not be located on the page using the given search parameters.
[debug] &amp#27;[35m[W3C (f616daab)]&amp#27;[39m     at AndroidUiautomator2Driver.findElOrEls (C:\Users\aakashgaur\AppData\Roaming\npm\node_modules\appium\node_modules\appium-android-driver\lib\commands\find.js:75:11)
[debug] &amp#27;[35m[W3C (f616daab)]&amp#27;[39m     at processTicksAndRejections (internal/process/task_queues.js:93:5)
[debug] &amp#27;[35m[W3C (f616daab)]&amp#27;[39m     at AndroidUiautomator2Driver.findElOrElsWithProcessing (C:\Users\aakashgaur\AppData\Roaming\npm\node_modules\appium\node_modules\appium-base-driver\lib\basedriver\commands\find.js:33:12)
[debug] &amp#27;[35m[W3C (f616daab)]&amp#27;[39m     at AndroidUiautomator2Driver.findElement (C:\Users\aakashgaur\AppData\Roaming\npm\node_modules\appium\node_modules\appium-base-driver\lib\basedriver\commands\find.js:53:10)
&amp#27;[35m[HTTP]&amp#27;[39m &amp#27;[37m<-- POST /wd/hub/session/f616daab-aab0-425e-8801-66cbf7dc4cc8/element &amp#27;[39m&amp#27;[33m404&amp#27;[39m &amp#27;[90m90 ms - 893&amp#27;[39m
&amp#27;[35m[HTTP]&amp#27;[39m &amp#27;[90m&amp#27;[39m
&amp#27;[35m[HTTP]&amp#27;[39m &amp#27;[37m-->&amp#27;[39m &amp#27;[37mPOST&amp#27;[39m &amp#27;[37m/wd/hub/session/f616daab-aab0-425e-8801-66cbf7dc4cc8/element&amp#27;[39m
&amp#27;[35m[HTTP]&amp#27;[39m &amp#27;[90m{"using":"xpath","value":"//android.widget.TextView[@text = 'Visibility']"}&amp#27;[39m
[debug] &amp#27;[35m[W3C (f616daab)]&amp#27;[39m Calling AppiumDriver.findElement() with args: ["xpath","//android.widget.TextView[@text = 'Visibility']","f616daab-aab0-425e-8801-66cbf7dc4cc8"]
[debug] &amp#27;[35m[BaseDriver]&amp#27;[39m Valid locator strategies for this request: xpath, id, class name, accessibility id, css selector, -android uiautomator
[debug] &amp#27;[35m[BaseDriver]&amp#27;[39m Waiting up to 0 ms for condition
[debug] &amp#27;[35m[WD Proxy]&amp#27;[39m Matched '/element' to command name 'findElement'
[debug] &amp#27;[35m[WD Proxy]&amp#27;[39m Proxying [POST /element] to [POST http://127.0.0.1:8200/wd/hub/session/0aef57b4-f14a-4acc-9aab-0e690ff17f0d/element] with body: {"strategy":"xpath","selector":"//android.widget.TextView[@text = 'Visibility']","context":"","multiple":false}
&amp#27;[35m[WD Proxy]&amp#27;[39m Got response with status 404: {"sessionId":"0aef57b4-f14a-4acc-9aab-0e690ff17f0d","value":{"error":"no such element","message":"An element could not be located on the page using the given search parameters","stacktrace":"io.appium.uiautomator2.common.exceptions.ElementNotFoundException: An element could not be located on the page using the given search parameters\n\tat io.appium.uiautomator2.handler.FindElement.findElement(FindElement.java:90)\n\tat io.appium.uiautomator2.handler.FindElement.safeHandle(FindElement.java:67)\n\tat io.appium.uiautomator2.handler.request.SafeRequestHandler.handle(SafeRequestHandler.java:59)\n\tat io.appium.uiautomator2.server.AppiumServlet.handleRequest(AppiumServlet.java:266)\n\tat io.appium.uiautomator2.server.AppiumServlet.handleHttpRequest(AppiumServlet.java:260)\n\tat io.appium.uiautomator2.http.ServerHandler.channelRead(ServerHandler.java:68)\n\tat io.netty.channel.AbstractChannelHandlerContext.invokeChannelRead(AbstractChannelHandlerContext.java:366)\n\tat io.netty.channel.AbstractChannelHandlerCont...
[debug] &amp#27;[35m[W3C]&amp#27;[39m Matched W3C error code 'no such element' to NoSuchElementError
[debug] &amp#27;[35m[W3C (f616daab)]&amp#27;[39m Encountered internal error running command: NoSuchElementError: An element could not be located on the page using the given search parameters.
[debug] &amp#27;[35m[W3C (f616daab)]&amp#27;[39m     at AndroidUiautomator2Driver.findElOrEls (C:\Users\aakashgaur\AppData\Roaming\npm\node_modules\appium\node_modules\appium-android-driver\lib\commands\find.js:75:11)
[debug] &amp#27;[35m[W3C (f616daab)]&amp#27;[39m     at processTicksAndRejections (internal/process/task_queues.js:93:5)
[debug] &amp#27;[35m[W3C (f616daab)]&amp#27;[39m     at AndroidUiautomator2Driver.findElOrElsWithProcessing (C:\Users\aakashgaur\AppData\Roaming\npm\node_modules\appium\node_modules\appium-base-driver\lib\basedriver\commands\find.js:33:12)
[debug] &amp#27;[35m[W3C (f616daab)]&amp#27;[39m     at AndroidUiautomator2Driver.findElement (C:\Users\aakashgaur\AppData\Roaming\npm\node_modules\appium\node_modules\appium-base-driver\lib\basedriver\commands\find.js:53:10)
&amp#27;[35m[HTTP]&amp#27;[39m &amp#27;[37m<-- POST /wd/hub/session/f616daab-aab0-425e-8801-66cbf7dc4cc8/element &amp#27;[39m&amp#27;[33m404&amp#27;[39m &amp#27;[90m79 ms - 893&amp#27;[39m
&amp#27;[35m[HTTP]&amp#27;[39m &amp#27;[90m&amp#27;[39m
&amp#27;[35m[HTTP]&amp#27;[39m &amp#27;[37m-->&amp#27;[39m &amp#27;[37mGET&amp#27;[39m &amp#27;[37m/wd/hub/session/f616daab-aab0-425e-8801-66cbf7dc4cc8&amp#27;[39m
&amp#27;[35m[HTTP]&amp#27;[39m &amp#27;[90m{}&amp#27;[39m
[debug] &amp#27;[35m[W3C (f616daab)]&amp#27;[39m Calling AppiumDriver.getSession() with args: ["f616daab-aab0-425e-8801-66cbf7dc4cc8"]
[debug] &amp#27;[35m[UiAutomator2]&amp#27;[39m Getting session details from server to mix in
[debug] &amp#27;[35m[WD Proxy]&amp#27;[39m Matched '/' to command name 'getSession'
[debug] &amp#27;[35m[WD Proxy]&amp#27;[39m Proxying [GET /] to [GET http://127.0.0.1:8200/wd/hub/session/0aef57b4-f14a-4acc-9aab-0e690ff17f0d] with no body
[debug] &amp#27;[35m[WD Proxy]&amp#27;[39m Got response with status 200: {"sessionId":"0aef57b4-f14a-4acc-9aab-0e690ff17f0d","value":{"lastScrollData":{"toIndex":31,"maxScrollY":-1,"maxScrollX":-1,"scrollY":-1,"scrollX":-1,"fromIndex":18,"itemCount":37}}}
[debug] &amp#27;[35m[W3C (f616daab)]&amp#27;[39m Responding to client with driver.getSession() result: {"platform":"LINUX","webStorageEnabled":false,"takesScreenshot":true,"javascriptEnabled":true,"databaseEnabled":false,"networkConnectionEnabled":true,"locationContextEnabled":false,"warnings":{},"desired":{"platformName":"android","appium-version":"1.15.1","isHeadless":true,"app":"C:\\Users\\aakashgaur\\eclipse-workspace\\Exit_Assginment\\resources\\App\\API Demos_4.0_apkcombo.com.apk","appActivity":"com.hmh.api.ApiDemos","appPackage":"com.hmh.api","avdArgs":"-no-window","deviceName":"Android","platformVersion":"8.1"},"platformName":"android","appium-version":"1.15.1","isHeadless":true,"app":"C:\\Users\\aakashgaur\\eclipse-workspace\\Exit_Assginment\\resources\\App\\API Demos_4.0_apkcombo.com.apk","appActivity":"com.hmh.api.ApiDemos","appPackage":"com.hmh.api","avdArgs":"-no-window","deviceName":"emulator-5554","platformVersion":"8.1.0","deviceUDID":"emulator-5554","deviceApiLevel":27,"deviceScreenSize":"1080x2340","deviceScreenDensity":440,"deviceModel":"Android SDK built for x86","deviceManufacturer":"Go...
&amp#27;[35m[HTTP]&amp#27;[39m &amp#27;[37m<-- GET /wd/hub/session/f616daab-aab0-425e-8801-66cbf7dc4cc8 &amp#27;[39m&amp#27;[32m200&amp#27;[39m &amp#27;[90m12 ms - 1256&amp#27;[39m
&amp#27;[35m[HTTP]&amp#27;[39m &amp#27;[90m&amp#27;[39m
&amp#27;[35m[HTTP]&amp#27;[39m &amp#27;[37m-->&amp#27;[39m &amp#27;[37mPOST&amp#27;[39m &amp#27;[37m/wd/hub/session/f616daab-aab0-425e-8801-66cbf7dc4cc8/element&amp#27;[39m
&amp#27;[35m[HTTP]&amp#27;[39m &amp#27;[90m{"using":"xpath","value":"//android.widget.TextView[@text = 'Visibility']"}&amp#27;[39m
[debug] &amp#27;[35m[W3C (f616daab)]&amp#27;[39m Calling AppiumDriver.findElement() with args: ["xpath","//android.widget.TextView[@text = 'Visibility']","f616daab-aab0-425e-8801-66cbf7dc4cc8"]
[debug] &amp#27;[35m[BaseDriver]&amp#27;[39m Valid locator strategies for this request: xpath, id, class name, accessibility id, css selector, -android uiautomator
[debug] &amp#27;[35m[BaseDriver]&amp#27;[39m Waiting up to 0 ms for condition
[debug] &amp#27;[35m[WD Proxy]&amp#27;[39m Matched '/element' to command name 'findElement'
[debug] &amp#27;[35m[WD Proxy]&amp#27;[39m Proxying [POST /element] to [POST http://127.0.0.1:8200/wd/hub/session/0aef57b4-f14a-4acc-9aab-0e690ff17f0d/element] with body: {"strategy":"xpath","selector":"//android.widget.TextView[@text = 'Visibility']","context":"","multiple":false}
&amp#27;[35m[WD Proxy]&amp#27;[39m Got response with status 404: {"sessionId":"0aef57b4-f14a-4acc-9aab-0e690ff17f0d","value":{"error":"no such element","message":"An element could not be located on the page using the given search parameters","stacktrace":"io.appium.uiautomator2.common.exceptions.ElementNotFoundException: An element could not be located on the page using the given search parameters\n\tat io.appium.uiautomator2.handler.FindElement.findElement(FindElement.java:90)\n\tat io.appium.uiautomator2.handler.FindElement.safeHandle(FindElement.java:67)\n\tat io.appium.uiautomator2.handler.request.SafeRequestHandler.handle(SafeRequestHandler.java:59)\n\tat io.appium.uiautomator2.server.AppiumServlet.handleRequest(AppiumServlet.java:266)\n\tat io.appium.uiautomator2.server.AppiumServlet.handleHttpRequest(AppiumServlet.java:260)\n\tat io.appium.uiautomator2.http.ServerHandler.channelRead(ServerHandler.java:68)\n\tat io.netty.channel.AbstractChannelHandlerContext.invokeChannelRead(AbstractChannelHandlerContext.java:366)\n\tat io.netty.channel.AbstractChannelHandlerCont...
[debug] &amp#27;[35m[W3C]&amp#27;[39m Matched W3C error code 'no such element' to NoSuchElementError
[debug] &amp#27;[35m[W3C (f616daab)]&amp#27;[39m Encountered internal error running command: NoSuchElementError: An element could not be located on the page using the given search parameters.
[debug] &amp#27;[35m[W3C (f616daab)]&amp#27;[39m     at AndroidUiautomator2Driver.findElOrEls (C:\Users\aakashgaur\AppData\Roaming\npm\node_modules\appium\node_modules\appium-android-driver\lib\commands\find.js:75:11)
[debug] &amp#27;[35m[W3C (f616daab)]&amp#27;[39m     at processTicksAndRejections (internal/process/task_queues.js:93:5)
[debug] &amp#27;[35m[W3C (f616daab)]&amp#27;[39m     at AndroidUiautomator2Driver.findElOrElsWithProcessing (C:\Users\aakashgaur\AppData\Roaming\npm\node_modules\appium\node_modules\appium-base-driver\lib\basedriver\commands\find.js:33:12)
[debug] &amp#27;[35m[W3C (f616daab)]&amp#27;[39m     at AndroidUiautomator2Driver.findElement (C:\Users\aakashgaur\AppData\Roaming\npm\node_modules\appium\node_modules\appium-base-driver\lib\basedriver\commands\find.js:53:10)
&amp#27;[35m[HTTP]&amp#27;[39m &amp#27;[37m<-- POST /wd/hub/session/f616daab-aab0-425e-8801-66cbf7dc4cc8/element &amp#27;[39m&amp#27;[33m404&amp#27;[39m &amp#27;[90m98 ms - 893&amp#27;[39m
&amp#27;[35m[HTTP]&amp#27;[39m &amp#27;[90m&amp#27;[39m
&amp#27;[35m[HTTP]&amp#27;[39m &amp#27;[37m-->&amp#27;[39m &amp#27;[37mPOST&amp#27;[39m &amp#27;[37m/wd/hub/session/f616daab-aab0-425e-8801-66cbf7dc4cc8/element&amp#27;[39m
&amp#27;[35m[HTTP]&amp#27;[39m &amp#27;[90m{"using":"xpath","value":"//android.widget.TextView[@text = 'Visibility']"}&amp#27;[39m
[debug] &amp#27;[35m[W3C (f616daab)]&amp#27;[39m Calling AppiumDriver.findElement() with args: ["xpath","//android.widget.TextView[@text = 'Visibility']","f616daab-aab0-425e-8801-66cbf7dc4cc8"]
[debug] &amp#27;[35m[BaseDriver]&amp#27;[39m Valid locator strategies for this request: xpath, id, class name, accessibility id, css selector, -android uiautomator
[debug] &amp#27;[35m[BaseDriver]&amp#27;[39m Waiting up to 0 ms for condition
[debug] &amp#27;[35m[WD Proxy]&amp#27;[39m Matched '/element' to command name 'findElement'
[debug] &amp#27;[35m[WD Proxy]&amp#27;[39m Proxying [POST /element] to [POST http://127.0.0.1:8200/wd/hub/session/0aef57b4-f14a-4acc-9aab-0e690ff17f0d/element] with body: {"strategy":"xpath","selector":"//android.widget.TextView[@text = 'Visibility']","context":"","multiple":false}
&amp#27;[35m[WD Proxy]&amp#27;[39m Got response with status 404: {"sessionId":"0aef57b4-f14a-4acc-9aab-0e690ff17f0d","value":{"error":"no such element","message":"An element could not be located on the page using the given search parameters","stacktrace":"io.appium.uiautomator2.common.exceptions.ElementNotFoundException: An element could not be located on the page using the given search parameters\n\tat io.appium.uiautomator2.handler.FindElement.findElement(FindElement.java:90)\n\tat io.appium.uiautomator2.handler.FindElement.safeHandle(FindElement.java:67)\n\tat io.appium.uiautomator2.handler.request.SafeRequestHandler.handle(SafeRequestHandler.java:59)\n\tat io.appium.uiautomator2.server.AppiumServlet.handleRequest(AppiumServlet.java:266)\n\tat io.appium.uiautomator2.server.AppiumServlet.handleHttpRequest(AppiumServlet.java:260)\n\tat io.appium.uiautomator2.http.ServerHandler.channelRead(ServerHandler.java:68)\n\tat io.netty.channel.AbstractChannelHandlerContext.invokeChannelRead(AbstractChannelHandlerContext.java:366)\n\tat io.netty.channel.AbstractChannelHandlerCont...
[debug] &amp#27;[35m[W3C]&amp#27;[39m Matched W3C error code 'no such element' to NoSuchElementError
[debug] &amp#27;[35m[W3C (f616daab)]&amp#27;[39m Encountered internal error running command: NoSuchElementError: An element could not be located on the page using the given search parameters.
[debug] &amp#27;[35m[W3C (f616daab)]&amp#27;[39m     at AndroidUiautomator2Driver.findElOrEls (C:\Users\aakashgaur\AppData\Roaming\npm\node_modules\appium\node_modules\appium-android-driver\lib\commands\find.js:75:11)
[debug] &amp#27;[35m[W3C (f616daab)]&amp#27;[39m     at processTicksAndRejections (internal/process/task_queues.js:93:5)
[debug] &amp#27;[35m[W3C (f616daab)]&amp#27;[39m     at AndroidUiautomator2Driver.findElOrElsWithProcessing (C:\Users\aakashgaur\AppData\Roaming\npm\node_modules\appium\node_modules\appium-base-driver\lib\basedriver\commands\find.js:33:12)
[debug] &amp#27;[35m[W3C (f616daab)]&amp#27;[39m     at AndroidUiautomator2Driver.findElement (C:\Users\aakashgaur\AppData\Roaming\npm\node_modules\appium\node_modules\appium-base-driver\lib\basedriver\commands\find.js:53:10)
&amp#27;[35m[HTTP]&amp#27;[39m &amp#27;[37m<-- POST /wd/hub/session/f616daab-aab0-425e-8801-66cbf7dc4cc8/element &amp#27;[39m&amp#27;[33m404&amp#27;[39m &amp#27;[90m71 ms - 893&amp#27;[39m
&amp#27;[35m[HTTP]&amp#27;[39m &amp#27;[90m&amp#27;[39m
&amp#27;[35m[HTTP]&amp#27;[39m &amp#27;[37m-->&amp#27;[39m &amp#27;[37mPOST&amp#27;[39m &amp#27;[37m/wd/hub/session/f616daab-aab0-425e-8801-66cbf7dc4cc8/element&amp#27;[39m
&amp#27;[35m[HTTP]&amp#27;[39m &amp#27;[90m{"using":"xpath","value":"//android.widget.TextView[@text = 'Visibility']"}&amp#27;[39m
[debug] &amp#27;[35m[W3C (f616daab)]&amp#27;[39m Calling AppiumDriver.findElement() with args: ["xpath","//android.widget.TextView[@text = 'Visibility']","f616daab-aab0-425e-8801-66cbf7dc4cc8"]
[debug] &amp#27;[35m[BaseDriver]&amp#27;[39m Valid locator strategies for this request: xpath, id, class name, accessibility id, css selector, -android uiautomator
[debug] &amp#27;[35m[BaseDriver]&amp#27;[39m Waiting up to 0 ms for condition
[debug] &amp#27;[35m[WD Proxy]&amp#27;[39m Matched '/element' to command name 'findElement'
[debug] &amp#27;[35m[WD Proxy]&amp#27;[39m Proxying [POST /element] to [POST http://127.0.0.1:8200/wd/hub/session/0aef57b4-f14a-4acc-9aab-0e690ff17f0d/element] with body: {"strategy":"xpath","selector":"//android.widget.TextView[@text = 'Visibility']","context":"","multiple":false}
&amp#27;[35m[WD Proxy]&amp#27;[39m Got response with status 404: {"sessionId":"0aef57b4-f14a-4acc-9aab-0e690ff17f0d","value":{"error":"no such element","message":"An element could not be located on the page using the given search parameters","stacktrace":"io.appium.uiautomator2.common.exceptions.ElementNotFoundException: An element could not be located on the page using the given search parameters\n\tat io.appium.uiautomator2.handler.FindElement.findElement(FindElement.java:90)\n\tat io.appium.uiautomator2.handler.FindElement.safeHandle(FindElement.java:67)\n\tat io.appium.uiautomator2.handler.request.SafeRequestHandler.handle(SafeRequestHandler.java:59)\n\tat io.appium.uiautomator2.server.AppiumServlet.handleRequest(AppiumServlet.java:266)\n\tat io.appium.uiautomator2.server.AppiumServlet.handleHttpRequest(AppiumServlet.java:260)\n\tat io.appium.uiautomator2.http.ServerHandler.channelRead(ServerHandler.java:68)\n\tat io.netty.channel.AbstractChannelHandlerContext.invokeChannelRead(AbstractChannelHandlerContext.java:366)\n\tat io.netty.channel.AbstractChannelHandlerCont...
[debug] &amp#27;[35m[W3C]&amp#27;[39m Matched W3C error code 'no such element' to NoSuchElementError
[debug] &amp#27;[35m[W3C (f616daab)]&amp#27;[39m Encountered internal error running command: NoSuchElementError: An element could not be located on the page using the given search parameters.
[debug] &amp#27;[35m[W3C (f616daab)]&amp#27;[39m     at AndroidUiautomator2Driver.findElOrEls (C:\Users\aakashgaur\AppData\Roaming\npm\node_modules\appium\node_modules\appium-android-driver\lib\commands\find.js:75:11)
[debug] &amp#27;[35m[W3C (f616daab)]&amp#27;[39m     at processTicksAndRejections (internal/process/task_queues.js:93:5)
[debug] &amp#27;[35m[W3C (f616daab)]&amp#27;[39m     at AndroidUiautomator2Driver.findElOrElsWithProcessing (C:\Users\aakashgaur\AppData\Roaming\npm\node_modules\appium\node_modules\appium-base-driver\lib\basedriver\commands\find.js:33:12)
[debug] &amp#27;[35m[W3C (f616daab)]&amp#27;[39m     at AndroidUiautomator2Driver.findElement (C:\Users\aakashgaur\AppData\Roaming\npm\node_modules\appium\node_modules\appium-base-driver\lib\basedriver\commands\find.js:53:10)
&amp#27;[35m[HTTP]&amp#27;[39m &amp#27;[37m<-- POST /wd/hub/session/f616daab-aab0-425e-8801-66cbf7dc4cc8/element &amp#27;[39m&amp#27;[33m404&amp#27;[39m &amp#27;[90m58 ms - 893&amp#27;[39m
&amp#27;[35m[HTTP]&amp#27;[39m &amp#27;[90m&amp#27;[39m
&amp#27;[35m[HTTP]&amp#27;[39m &amp#27;[37m-->&amp#27;[39m &amp#27;[37mPOST&amp#27;[39m &amp#27;[37m/wd/hub/session/f616daab-aab0-425e-8801-66cbf7dc4cc8/element&amp#27;[39m
&amp#27;[35m[HTTP]&amp#27;[39m &amp#27;[90m{"using":"xpath","value":"//android.widget.TextView[@text = 'Visibility']"}&amp#27;[39m
[debug] &amp#27;[35m[W3C (f616daab)]&amp#27;[39m Calling AppiumDriver.findElement() with args: ["xpath","//android.widget.TextView[@text = 'Visibility']","f616daab-aab0-425e-8801-66cbf7dc4cc8"]
[debug] &amp#27;[35m[BaseDriver]&amp#27;[39m Valid locator strategies for this request: xpath, id, class name, accessibility id, css selector, -android uiautomator
[debug] &amp#27;[35m[BaseDriver]&amp#27;[39m Waiting up to 0 ms for condition
[debug] &amp#27;[35m[WD Proxy]&amp#27;[39m Matched '/element' to command name 'findElement'
[debug] &amp#27;[35m[WD Proxy]&amp#27;[39m Proxying [POST /element] to [POST http://127.0.0.1:8200/wd/hub/session/0aef57b4-f14a-4acc-9aab-0e690ff17f0d/element] with body: {"strategy":"xpath","selector":"//android.widget.TextView[@text = 'Visibility']","context":"","multiple":false}
&amp#27;[35m[WD Proxy]&amp#27;[39m Got response with status 404: {"sessionId":"0aef57b4-f14a-4acc-9aab-0e690ff17f0d","value":{"error":"no such element","message":"An element could not be located on the page using the given search parameters","stacktrace":"io.appium.uiautomator2.common.exceptions.ElementNotFoundException: An element could not be located on the page using the given search parameters\n\tat io.appium.uiautomator2.handler.FindElement.findElement(FindElement.java:90)\n\tat io.appium.uiautomator2.handler.FindElement.safeHandle(FindElement.java:67)\n\tat io.appium.uiautomator2.handler.request.SafeRequestHandler.handle(SafeRequestHandler.java:59)\n\tat io.appium.uiautomator2.server.AppiumServlet.handleRequest(AppiumServlet.java:266)\n\tat io.appium.uiautomator2.server.AppiumServlet.handleHttpRequest(AppiumServlet.java:260)\n\tat io.appium.uiautomator2.http.ServerHandler.channelRead(ServerHandler.java:68)\n\tat io.netty.channel.AbstractChannelHandlerContext.invokeChannelRead(AbstractChannelHandlerContext.java:366)\n\tat io.netty.channel.AbstractChannelHandlerCont...
[debug] &amp#27;[35m[W3C]&amp#27;[39m Matched W3C error code 'no such element' to NoSuchElementError
[debug] &amp#27;[35m[W3C (f616daab)]&amp#27;[39m Encountered internal error running command: NoSuchElementError: An element could not be located on the page using the given search parameters.
[debug] &amp#27;[35m[W3C (f616daab)]&amp#27;[39m     at AndroidUiautomator2Driver.findElOrEls (C:\Users\aakashgaur\AppData\Roaming\npm\node_modules\appium\node_modules\appium-android-driver\lib\commands\find.js:75:11)
[debug] &amp#27;[35m[W3C (f616daab)]&amp#27;[39m     at processTicksAndRejections (internal/process/task_queues.js:93:5)
[debug] &amp#27;[35m[W3C (f616daab)]&amp#27;[39m     at AndroidUiautomator2Driver.findElOrElsWithProcessing (C:\Users\aakashgaur\AppData\Roaming\npm\node_modules\appium\node_modules\appium-base-driver\lib\basedriver\commands\find.js:33:12)
[debug] &amp#27;[35m[W3C (f616daab)]&amp#27;[39m     at AndroidUiautomator2Driver.findElement (C:\Users\aakashgaur\AppData\Roaming\npm\node_modules\appium\node_modules\appium-base-driver\lib\basedriver\commands\find.js:53:10)
&amp#27;[35m[HTTP]&amp#27;[39m &amp#27;[37m<-- POST /wd/hub/session/f616daab-aab0-425e-8801-66cbf7dc4cc8/element &amp#27;[39m&amp#27;[33m404&amp#27;[39m &amp#27;[90m82 ms - 893&amp#27;[39m
&amp#27;  And User Tap on Visibility Option                             # com.apidemo.stepdefinition.WhenStepDefinition.user_tap_on_visibility_option()
      org.openqa.selenium.TimeoutException: Expected condition failed: waiting for visibility of Located by By.chained({By.xpath: //android.widget.TextView[@text = 'Visibility']}) (tried for 5 second(s) with 500 milliseconds interval)
	at org.openqa.selenium.support.ui.WebDriverWait.timeoutException(WebDriverWait.java:81)
	at org.openqa.selenium.support.ui.FluentWait.until(FluentWait.java:271)
	at com.apidemo.utils.CommonUtils.explicitWait(CommonUtils.java:39)
	at com.apidemo.stepdefinition.WhenStepDefinition.user_tap_on_visibility_option(WhenStepDefinition.java:67)
	at âœ½.User Tap on Visibility Option(file:///C:/Users/aakashgaur/eclipse-workspace/Exit_Assginment/src/test/java/com/apidemo/feature/VisibilityScreenFeature.feature:7)
Caused by: org.openqa.selenium.NoSuchElementException: Can't locate an element by this strategy: By.chained({By.xpath: //android.widget.TextView[@text = 'Visibility']})
	at io.appium.java_client.pagefactory.AppiumElementLocator.findElement(AppiumElementLocator.java:126)
	at io.appium.java_client.pagefactory.interceptors.InterceptorOfASingleElement.intercept(InterceptorOfASingleElement.java:60)
	at io.appium.java_client.android.AndroidElement$$EnhancerByCGLIB$$b598166c.isDisplayed(<generated>)
	at org.openqa.selenium.support.ui.ExpectedConditions.elementIfVisible(ExpectedConditions.java:315)
	at org.openqa.selenium.support.ui.ExpectedConditions.access$100(ExpectedConditions.java:44)
	at org.openqa.selenium.support.ui.ExpectedConditions$10.apply(ExpectedConditions.java:301)
	at org.openqa.selenium.support.ui.ExpectedConditions$10.apply(ExpectedConditions.java:298)
	at org.openqa.selenium.support.ui.FluentWait.until(FluentWait.java:248)
	at com.apidemo.utils.CommonUtils.explicitWait(CommonUtils.java:39)
	at com.apidemo.stepdefinition.WhenStepDefinition.user_tap_on_visibility_option(WhenStepDefinition.java:67)
	at java.base/jdk.internal.reflect.NativeMethodAccessorImpl.invoke0(Native Method)
	at java.base/jdk.internal.reflect.NativeMethodAccessorImpl.invoke(NativeMethodAccessorImpl.java:62)
	at java.base/jdk.internal.reflect.DelegatingMethodAccessorImpl.invoke(DelegatingMethodAccessorImpl.java:43)
	at java.base/java.lang.reflect.Method.invoke(Method.java:566)
	at io.cucumber.java.Invoker.doInvoke(Invoker.java:66)
	at io.cucumber.java.Invoker.invoke(Invoker.java:24)
	at io.cucumber.java.AbstractGlueDefinition.invokeMethod(AbstractGlueDefinition.java:47)
	at io.cucumber.java.JavaStepDefinition.execute(JavaStepDefinition.java:29)
	at io.cucumber.core.runner.CoreStepDefinition.execute(CoreStepDefinition.java:66)
	at io.cucumber.core.runner.PickleStepDefinitionMatch.runStep(PickleStepDefinitionMatch.java:63)
	at io.cucumber.core.runner.ExecutionMode$1.execute(ExecutionMode.java:10)
	at io.cucumber.core.runner.TestStep.executeStep(TestStep.java:85)
	at io.cucumber.core.runner.TestStep.run(TestStep.java:57)
	at io.cucumber.core.runner.PickleStepTestStep.run(PickleStepTestStep.java:51)
	at io.cucumber.core.runner.TestCase.run(TestCase.java:84)
	at io.cucumber.core.runner.Runner.runPickle(Runner.java:75)
	at io.cucumber.testng.TestNGCucumberRunner.lambda$runScenario$1(TestNGCucumberRunner.java:132)
	at io.cucumber.core.runtime.CucumberExecutionContext.lambda$runTestCase$5(CucumberExecutionContext.java:129)
	at io.cucumber.core.runtime.RethrowingThrowableCollector.executeAndThrow(RethrowingThrowableCollector.java:23)
	at io.cucumber.core.runtime.CucumberExecutionContext.runTestCase(CucumberExecutionContext.java:129)
	at io.cucumber.testng.TestNGCucumberRunner.runScenario(TestNGCucumberRunner.java:129)
	at io.cucumber.testng.AbstractTestNGCucumberTests.runScenario(AbstractTestNGCucumberTests.java:35)
	at java.base/jdk.internal.reflect.NativeMethodAccessorImpl.invoke0(Native Method)
	at java.base/jdk.internal.reflect.NativeMethodAccessorImpl.invoke(NativeMethodAccessorImpl.java:62)
	at java.base/jdk.internal.reflect.DelegatingMethodAccessorImpl.invoke(DelegatingMethodAccessorImpl.java:43)
	at java.base/java.lang.reflect.Method.invoke(Method.java:566)
	at org.testng.internal.MethodInvocationHelper.invokeMethod(MethodInvocationHelper.java:133)
	at org.testng.internal.TestInvoker.invokeMethod(TestInvoker.java:598)
	at org.testng.internal.TestInvoker.invokeTestMethod(TestInvoker.java:173)
	at org.testng.internal.MethodRunner.runInSequence(MethodRunner.java:46)
	at org.testng.internal.TestInvoker$MethodInvocationAgent.invoke(TestInvoker.java:824)
	at org.testng.internal.TestInvoker.invokeTestMethods(TestInvoker.java:146)
	at org.testng.internal.TestMethodWorker.invokeTestMethods(TestMethodWorker.java:146)
	at org.testng.internal.TestMethodWorker.run(TestMethodWorker.java:128)
	at java.base/java.util.ArrayList.forEach(ArrayList.java:1540)
	at org.testng.TestRunner.privateRun(TestRunner.java:794)
	at org.testng.TestRunner.run(TestRunner.java:596)
	at org.testng.SuiteRunner.runTest(SuiteRunner.java:377)
	at org.testng.SuiteRunner.runSequentially(SuiteRunner.java:371)
	at org.testng.SuiteRunner.privateRun(SuiteRunner.java:332)
	at org.testng.SuiteRunner.run(SuiteRunner.java:276)
	at org.testng.SuiteRunnerWorker.runSuite(SuiteRunnerWorker.java:53)
	at org.testng.SuiteRunnerWorker.run(SuiteRunnerWorker.java:96)
	at org.testng.TestNG.runSuitesSequentially(TestNG.java:1212)
	at org.testng.TestNG.runSuitesLocally(TestNG.java:1134)
	at org.testng.TestNG.runSuites(TestNG.java:1063)
	at org.testng.TestNG.run(TestNG.java:1031)
	at org.apache.maven.surefire.testng.TestNGExecutor.run(TestNGExecutor.java:283)
	at org.apache.maven.surefire.testng.TestNGXmlTestSuite.execute(TestNGXmlTestSuite.java:75)
	at org.apache.maven.surefire.testng.TestNGProvider.invoke(TestNGProvider.java:120)
	at org.apache.maven.surefire.booter.ForkedBooter.invokeProviderInSameClassLoader(ForkedBooter.java:384)
	at org.apache.maven.surefire.booter.ForkedBooter.runSuitesInProcess(ForkedBooter.java:345)
	at org.apache.maven.surefire.booter.ForkedBooter.execute(ForkedBooter.java:126)
	at org.apache.maven.surefire.booter.ForkedBooter.main(ForkedBooter.java:418)
Caused by: org.openqa.selenium.TimeoutException: Expected condition failed: waiting for io.appium.java_client.pagefactory.AppiumElementLocator$WaitingFunction@5aac9d67 (tried for 1 second(s) with 500 milliseconds interval)
	at org.openqa.selenium.support.ui.FluentWait.timeoutException(FluentWait.java:303)
	at org.openqa.selenium.support.ui.FluentWait.until(FluentWait.java:271)
	at io.appium.java_client.pagefactory.AppiumElementLocator.waitFor(AppiumElementLocator.java:99)
	at io.appium.java_client.pagefactory.AppiumElementLocator.findElement(AppiumElementLocator.java:119)
	... 63 more
Caused by: org.openqa.selenium.NoSuchElementException: Cannot locate an element using By.chained({By.xpath: //android.widget.TextView[@text = 'Visibility']})
For documentation on this error, please visit: http://seleniumhq.org/exceptions/no_such_element.html
Build info: version: '3.12.0', revision: '7c6e0b3', time: '2018-05-08T14:04:26.12Z'
System info: host: 'IN-B1BN2J3', ip: '192.168.0.101', os.name: 'Windows 10', os.arch: 'amd64', os.version: '10.0', java.version: '11.0.5'
Driver info: driver.version: AndroidDriver
	at io.appium.java_client.pagefactory.bys.builder.ByChained.findElement(ByChained.java:74)
	at org.openqa.selenium.remote.RemoteWebDriver.findElement(RemoteWebDriver.java:309)
	at io.appium.java_client.DefaultGenericMobileDriver.findElement(DefaultGenericMobileDriver.java:58)
	at io.appium.java_client.AppiumDriver.findElement(AppiumDriver.java:1)
	at io.appium.java_client.android.AndroidDriver.findElement(AndroidDriver.java:1)
	at io.appium.java_client.pagefactory.bys.ContentMappedBy.findElement(ContentMappedBy.java:50)
	at org.openqa.selenium.remote.RemoteWebDriver.findElement(RemoteWebDriver.java:309)
	at io.appium.java_client.DefaultGenericMobileDriver.findElement(DefaultGenericMobileDriver.java:58)
	at io.appium.java_client.AppiumDriver.findElement(AppiumDriver.java:1)
	at io.appium.java_clien[t.android.AndroidDriver.findElement(AndroidDriver.java:1)
	at io.appium.java_client.pagefactory.AppiumElementLocator.lambda$0(AppiumElementLocator.java:120)
	at io.appium.java_client.pagefactory.AppiumElementLocator$WaitingFunction.apply(AppiumElementLocator.java:172)
	at io.appium.java_client.pagefactory.AppiumElementLocator$WaitingFunction.apply(AppiumElementLocator.java:1)
	at org.openqa.selenium.support.ui.FluentWait.until(FluentWait.java:248)
	... 65 more

35m[HTTP]&amp#27;[39m &amp#27;[90m&amp#27;[39m
  When Views B is Visible                                       # com.apidemo.stepdefinition.VisibilityScreenStepDefinition.views_b_is_visible()
  And User Tap on INVIS button                                  # com.apidemo.stepdefinition.VisibilityScreenStepDefinition.user_tap_on_invis_button()
  Then Views B Should be Invisible                              # com.apidemo.stepdefinition.VisibilityScreenStepDefinition.views_b_should_be_invisible()
&amp#27;[35m[HTTP]&amp#27;[39m &amp#27;[37m-->&amp#27;[39m &amp#27;[37mGET&amp#27;[39m &amp#27;[37m/wd/hub/session/f616daab-aab0-425e-8801-66cbf7dc4cc8/screenshot&amp#27;[39m
&amp#27;[35m[HTTP]&amp#27;[39m &amp#27;[90m{}&amp#27;[39m
[debug] &amp#27;[35m[W3C (f616daab)]&amp#27;[39m Calling AppiumDriver.getScreenshot() with args: ["f616daab-aab0-425e-8801-66cbf7dc4cc8"]
[debug] &amp#27;[35m[WD Proxy]&amp#27;[39m Matched '/screenshot' to command name 'getScreenshot'
[debug] &amp#27;[35m[WD Proxy]&amp#27;[39m Proxying [GET /screenshot] to [GET http://127.0.0.1:8200/wd/hub/session/0aef57b4-f14a-4acc-9aab-0e690ff17f0d/screenshot] with no body
[debug] &amp#27;[35m[WD Proxy]&amp#27;[39m Got response with status 200: {"sessionId":"0aef57b4-f14a-4acc-9aab-0e690ff17f0d","value":"iVBORw0KGgoAAAANSUhEUgAABDgAAAkkCAYAAAD508+vAAAABHNCSVQICAgIfAhkiAAAIABJREFU\neJzs3XtclGX+//H3DAwDM4AgByEPqHko0QxTS9O0zNWs1FKxsjQttyzrq/XbrC1LO+12sMO2tZ5y\nNdsyzc1KSztZaWplurlhmmYlKYgchIGB4TDz+8Mv8xWZQU4CN76ej0eP5Lru+7ovDh3uN9f1uUyS\nPAIAAAAAADAwc2NPAAAAAAAAoK4IOAAAAAAAgOERcAAAAAAAAMMj4AAAAAAAAIZHwAEAAAAAAAyP\ngAMAAAAAABgeAQcAAAAAADA8Ag4AAAAAAGB4BBwAAAAAAMDwAht7Ao0pMDBQCQkJuuaaa3TTTTcp\nOjpakuTxeGQymSpce2LbsWPH9Prrr+vf//63Dhw4oNLSUnk8ngafPwAAAAAAOM4k6Yx6MzeZTLJY\nLJowYYJmzZqlsLAwb3tNlAcaTqdTzz//vF599VUVFxcTdAAAAAAA0AjOqIDDZDJpypQpmj17tiwW\nS41DDX88Ho9KSkrUs2dP5ebm1suYaDoCAgIkSWVlZY08EwAAAACAP2fMFpVWrVpp/fr1io2Nrbdg\no5zJZFJQUJCuv/56LViwwNCrOOx2u/r27auePXt6X+xro6CgQCkpKdq1a5dhQh+z2Syr1SqbzSab\nzSar1Sqz2Vwh4HC73XK5XHI6nXI6nXK5XHK73Y08cwAAgDNHYmKiwsPD1a9fP0lS//79/V67ZcsW\nSdLWrVuVl5enlJSUBpkjpMzMzGpfW14qAKirZr+Cw2QyaeLEiXrssccUGHh685yysjIlJCTI7XZ7\nQxQjhR2BgYEaOHCgpk+frj59+tTp61UecKxcuVLr169XdnZ2Pc60flksFoWGhqpFixYKDw+X3W5X\nSEiIgoODFRQU5N3GlJ+fL5fL...
[debug] &amp#27;[35m[W3C (f616daab)]&amp#27;[39m Responding to client with driver.getScreenshot() result: "iVBORw0KGgoAAAANSUhEUgAABDgAAAkkCAYAAAD508+vAAAABHNCSVQICAgIfAhkiAAAIABJREFU\neJzs3XtclGX+//H3DAwDM4AgByEPqHko0QxTS9O0zNWs1FKxsjQttyzrq/XbrC1LO+12sMO2tZ5y\nNdsyzc1KSztZaWplurlhmmYlKYgchIGB4TDz+8Mv8xWZQU4CN76ej0eP5Lru+7ovDh3uN9f1uUyS\nPAIAAAAAADAwc2NPAAAAAAAAoK4IOAAAAAAAgOERcAAAAAAAAMMj4AAAAAAAAIZHwAEAAAAAAAyP\ngAMAAAAAABgeAQcAAAAAADA8Ag4AAAAAAGB4BBwAAAAAAMDwAht7Ao0pMDBQCQkJuuaaa3TTTTcp\nOjpakuTxeGQymSpce2LbsWPH9Prrr+vf//63Dhw4oNLSUnk8ngafPwAAAAAAOM4k6Yx6MzeZTLJY\nLJowYYJmzZqlsLAwb3tNlAcaTqdTzz//vF599VUVFxcTdAAAAAAA0AjOqIDDZDJpypQpmj17tiwW\nS41DDX88Ho9KSkrUs2dP5ebm1suYaDoCAgIkSWVlZY08EwAAAACAP2fMFpVWrVpp/fr1io2Nrbdg\no5zJZFJQUJCuv/56LViwwNCrOOx2u/r27auePXt6X+xro6CgQCkpKdq1a5dhQh+z2Syr1SqbzSab\nzSar1Sqz2Vwh4HC73XK5XHI6nXI6nXK5XHK73Y08cwAAgDNHYmKiwsPD1a9fP0lS//79/V67ZcsW\nSdLWrVuVl5enlJSUBpkjpMzMzGpfW14qAKirZr+Cw2QyaeLEiXrssccUGHh685yysjIlJCTI7XZ7\nQxQjhR2BgYEaOHCgpk+frj59+tTp61UecKxcuVLr169XdnZ2Pc60flksFoWGhqpFixYKDw+X3W5X\nSEiIgoODFRQU5N3GlJ+fL5fLpaKiIhUWFqqgoEB5eXnKzc1Vfn6+SkpKGvkzAQAAaH4SExM1bNgw\n9e/f3x...
&amp#27;[35m[HTTP]&amp#27;[39m &amp#27;[37m<-- GET /wd/hub/session/f616daab-aab0-425e-8801-66cbf7dc4cc8/screenshot &amp#27;[39m&amp#27;[32m200&amp#27;[39m &amp#27;[90m315 ms - 143376&amp#27;[39m
&amp#27;[35m[HTTP]&amp#27;[39m &amp#27;[90m&amp#27;[39m
&amp#27;[35m[HTTP]&amp#27;[39m &amp#27;[37m-->&amp#27;[39m &amp#27;[37mGET&amp#27;[39m &amp#27;[37m/wd/hub/session/f616daab-aab0-425e-8801-66cbf7dc4cc8/screenshot&amp#27;[39m
&amp#27;[35m[HTTP]&amp#27;[39m &amp#27;[90m{}&amp#27;[39m
[debug] &amp#27;[35m[W3C (f616daab)]&amp#27;[39m Calling AppiumDriver.getScreenshot() with args: ["f616daab-aab0-425e-8801-66cbf7dc4cc8"]
[debug] &amp#27;[35m[WD Proxy]&amp#27;[39m Matched '/screenshot' to command name 'getScreenshot'
[debug] &amp#27;[35m[WD Proxy]&amp#27;[39m Proxying [GET /screenshot] to [GET http://127.0.0.1:8200/wd/hub/session/0aef57b4-f14a-4acc-9aab-0e690ff17f0d/screenshot] with no body
[debug] &amp#27;[35m[WD Proxy]&amp#27;[39m Got response with status 200: {"sessionId":"0aef57b4-f14a-4acc-9aab-0e690ff17f0d","value":"iVBORw0KGgoAAAANSUhEUgAABDgAAAkkCAYAAAD508+vAAAABHNCSVQICAgIfAhkiAAAIABJREFU\neJzs3XtclGX+//H3DAwDM4AgByEPqHko0QxTS9O0zNWs1FKxsjQttyzrq/XbrC1LO+12sMO2tZ5y\nNdsyzc1KSztZaWplurlhmmYlKYgchIGB4TDz+8Mv8xWZQU4CN76ej0eP5Lru+7ovDh3uN9f1uUyS\nPAIAAAAAADAwc2NPAAAAAAAAoK4IOAAAAAAAgOERcAAAAAAAAMMj4AAAAAAAAIZHwAEAAAAAAAyP\ngAMAAAAAABgeAQcAAAAAADA8Ag4AAAAAAGB4BBwAAAAAAMDwAht7Ao0pMDBQCQkJuuaaa3TTTTcp\nOjpakuTxeGQymSpce2LbsWPH9Prrr+vf//63Dhw4oNLSUnk8ngafPwAAAAAAOM4k6Yx6MzeZTLJY\nLJowYYJmzZqlsLAwb3tNlAcaTqdTzz//vF599VUVFxcTdAAAAAAA0AjOqIDDZDJpypQpmj17tiwW\nS41DDX88Ho9KSkrUs2dP5ebm1suYaDoCAgIkSWVlZY08EwAAAACAP2fMFpVWrVpp/fr1io2Nrbdg\no5zJZFJQUJCuv/56LViwwNCrOOx2u/r27auePXt6X+xro6CgQCkpKdq1a5dhQh+z2Syr1SqbzSab\nzSar1Sqz2Vwh4HC73XK5XHI6nXI6nXK5XHK73Y08cwAAgDNHYmKiwsPD1a9fP0lS//79/V67ZcsW\nSdLWrVuVl5enlJSUBpkjpMzMzGpfW14qAKirZr+Cw2QyaeLEiXrssccUGHh685yysjIlJCTI7XZ7\nQxQjhR2BgYEaOHCgpk+frj59+tTp61UecKxcuVLr169XdnZ2Pc60flksFoWGhqpFixYKDw+X3W5X\nSEiIgoODFRQU5N3GlJ+fL5fL...
[debug] &amp#27;[35m[W3C (f616daab)]&amp#27;[39m Responding to client with driver.getScreenshot() result: "iVBORw0KGgoAAAANSUhEUgAABDgAAAkkCAYAAAD508+vAAAABHNCSVQICAgIfAhkiAAAIABJREFU\neJzs3XtclGX+//H3DAwDM4AgByEPqHko0QxTS9O0zNWs1FKxsjQttyzrq/XbrC1LO+12sMO2tZ5y\nNdsyzc1KSztZaWplurlhmmYlKYgchIGB4TDz+8Mv8xWZQU4CN76ej0eP5Lru+7ovDh3uN9f1uUyS\nPAIAAAAAADAwc2NPAAAAAAAAoK4IOAAAAAAAgOERcAAAAAAAAMMj4AAAAAAAAIZHwAEAAAAAAAyP\ngAMAAAAAABgeAQcAAAAAADA8Ag4AAAAAAGB4BBwAAAAAAMDwAht7Ao0pMDBQCQkJuuaaa3TTTTcp\nOjpakuTxeGQymSpce2LbsWPH9Prrr+vf//63Dhw4oNLSUnk8ngafPwAAAAAAOM4k6Yx6MzeZTLJY\nLJowYYJmzZqlsLAwb3tNlAcaTqdTzz//vF599VUVFxcTdAAAAAAA0AjOqIDDZDJpypQpmj17tiwW\nS41DDX88Ho9KSkrUs2dP5ebm1suYaDoCAgIkSWVlZY08EwAAAACAP2fMFpVWrVpp/fr1io2Nrbdg\no5zJZFJQUJCuv/56LViwwNCrOOx2u/r27auePXt6X+xro6CgQCkpKdq1a5dhQh+z2Syr1SqbzSab\nzSar1Sqz2Vwh4HC73XK5XHI6nXI6nXK5XHK73Y08cwAAgDNHYmKiwsPD1a9fP0lS//79/V67ZcsW\nSdLWrVuVl5enlJSUBpkjpMzMzGpfW14qAKirZr+Cw2QyaeLEiXrssccUGHh685yysjIlJCTI7XZ7\nQxQjhR2BgYEaOHCgpk+frj59+tTp61UecKxcuVLr169XdnZ2Pc60flksFoWGhqpFixYKDw+X3W5X\nSEiIgoODFRQU5N3GlJ+fL5fLpaKiIhUWFqqgoEB5eXnKzc1Vfn6+SkpKGvkzAQAAaH4SExM1bNgw\n9e/f3x...
&amp#27;[35m[HTTP]&amp#27;[39m &amp#27;[37m<-- GET /wd/hub/session/f616daab-aab0-425e-8801-66cbf7dc4cc8/screenshot &amp#27;[39m&amp#27;[32m200&amp#27;[39m &amp#27;[90m299 ms - 143376&amp#27;[39m
&amp#27;[35m[HTTP]&amp#27;[39m &amp#27;[90m&amp#27;[39m

    Embedding Element is Invisible or not after Tap on INVIS button [image/jpg 104765 bytes]

&amp#27;[35m[HTTP]&amp#27;[39m &amp#27;[37m-->&amp#27;[39m &amp#27;[37mDELETE&amp#27;[39m &amp#27;[37m/wd/hub/session/f616daab-aab0-425e-8801-66cbf7dc4cc8&amp#27;[39m
&amp#27;[35m[HTTP]&amp#27;[39m &amp#27;[90m{}&amp#27;[39m
[debug] &amp#27;[35m[W3C (f616daab)]&amp#27;[39m Calling AppiumDriver.deleteSession() with args: ["f616daab-aab0-425e-8801-66cbf7dc4cc8"]
[debug] &amp#27;[35m[BaseDriver]&amp#27;[39m Event 'quitSessionRequested' logged at 1675329705958 (14:51:45 GMT+0530 (India Standard Time))
&amp#27;[35m[Appium]&amp#27;[39m Removing session f616daab-aab0-425e-8801-66cbf7dc4cc8 from our master session list
[debug] &amp#27;[35m[UiAutomator2]&amp#27;[39m Deleting UiAutomator2 session
[debug] &amp#27;[35m[UiAutomator2]&amp#27;[39m Deleting UiAutomator2 server session
[debug] &amp#27;[35m[WD Proxy]&amp#27;[39m Matched '/' to command name 'deleteSession'
[debug] &amp#27;[35m[WD Proxy]&amp#27;[39m Proxying [DELETE /] to [DELETE http://127.0.0.1:8200/wd/hub/session/0aef57b4-f14a-4acc-9aab-0e690ff17f0d] with no body
[debug] &amp#27;[35m[WD Proxy]&amp#27;[39m Got response with status 200: {"sessionId":"0aef57b4-f14a-4acc-9aab-0e690ff17f0d","value":null}
[debug] &amp#27;[35m[ADB]&amp#27;[39m Running 'C:\Users\aakashgaur\AppData\Local\Android\Sdk\platform-tools\adb.exe -P 5037 -s emulator-5554 shell am force-stop com.hmh.api'
[debug] &amp#27;[35m[Logcat]&amp#27;[39m Stopping logcat capture
[debug] &amp#27;[35m[ADB]&amp#27;[39m Removing forwarded port socket connection: 8200 
[debug] &amp#27;[35m[ADB]&amp#27;[39m Running 'C:\Users\aakashgaur\AppData\Local\Android\Sdk\platform-tools\adb.exe -P 5037 -s emulator-5554 forward --remove tcp:8200'
[debug] &amp#27;[35m[BaseDriver]&amp#27;[39m Event 'quitSessionFinished' logged at 1675329706249 (14:51:46 GMT+0530 (India Standard Time))
[debug] &amp#27;[35m[W3C (f616daab)]&amp#27;[39m Received response: null
[debug] &amp#27;[35m[W3C (f616daab)]&amp#27;[39m But deleting session, so not returning
[debug] &amp#27;[35m[W3C (f616daab)]&amp#27;[39m Responding to client with driver.deleteSession() result: null
&amp#27;[35m[HTTP]&amp#27;[39m &amp#27;[37m<-- DELETE /wd/hub/session/f616daab-aab0-425e-8801-66cbf7dc4cc8 &amp#27;[39m&amp#27;[32m200&amp#27;[39m &amp#27;[90m295 ms - 14&amp#27;[39m
&amp#27;[35m[HTTP]&amp#27;[39m &amp#27;[90m&amp#27;[39m
]]></system-out>
    <system-err><![CDATA[Feb 02, 2023 2:51:33 PM io.appium.java_client.remote.AppiumCommandExecutor$1 lambda$0
INFO: Detected dialect: W3C
]]></system-err>
  </testcase>
  <testcase name="runScenario" classname="com.apidemo.runner.Run" time="20.911"/>
</testsuite>